Index,Message,Description,Message Abstract,Description Abstract
1,Update CHANGELOG,,Update CHANGELOG,
2,Allow dusk attribute selectors to be chained (#1034),  Allow dusk attribute selectors to be chained   Add test ,Allow dusk attribute selectors to be chained (#1034),Allow dusk attribute selectors to be chained Add test
3,Update 1_Bug_report.yml,,Update 1_Bug_report.yml,
4,Apply fixes from StyleCI,,Apply fixes from StyleCI,
5,Update and rename 1_Bug_report.md to 1_Bug_report.yml,,Update and rename 1_Bug_report.md to 1_Bug_report.yml,
6,[7.x] Adds type checking (#1028),  Adds type checking   Update .gitattributes   Update static-analysis.yml ,[7.x] Adds type checking (#1028),Adds type checking Update .gitattributes Update static-analysis.yml
7,Update CHANGELOG,,Update CHANGELOG,
8,use --headless=new (#1027),,use --headless=new (#1027),
9,Test PHPUnit 10 (#1026),,Test PHPUnit 10 (#1026),
10,Update 1_Bug_report.md,,Update 1_Bug_report.md,
11,Update CHANGELOG,,Update CHANGELOG,
12,Update tests.yml,,Update tests.yml,
13,[7.x] Fix tests (#1024),  Use PHP 8.2 in stub tests   Use PHPUnit v10 xml for Laravel v10   Update src/Console/DuskCommand.php   Co-authored-by: Mior Muhammad Zaki crynobone@gmail.com  Update src/Console/DuskCommand.php  Co-authored-by: Mior Muhammad Zaki crynobone@gmail.com  Co-authored-by: Mior Muhammad Zaki crynobone@gmail.com,[7.x] Fix tests (#1024),Use PHP 8.2 in stub tests Use PHPUnit v10 xml for Laravel v10 Update src/Console/DuskCommand.php Co-authored-by: Mior Muhammad Zaki crynobone@gmail.com Update src/Console/DuskCommand.php Co-authored-by: Mior Muhammad Zaki crynobone@gmail.com Co-authored-by: Mior Muhammad Zaki crynobone@gmail.com
14,Update CHANGELOG,,Update CHANGELOG,
15,Adds PHPUnit 10 support  (#1023), PHPUnit 10 Supports  Signed-off-by: Mior Muhammad Zaki crynobone@gmail.com  wip  Signed-off-by: Mior Muhammad Zaki crynobone@gmail.com  wip  Signed-off-by: Mior Muhammad Zaki crynobone@gmail.com   wip   Re-use GHA job   wip    Signed-off-by: Mior Muhammad Zaki crynobone@gmail.com Co-authored-by: Dries Vints dries@vints.io,Adds PHPUnit 10 support  (#1023),PHPUnit 10 Supports Signed-off-by: Mior Muhammad Zaki crynobone@gmail.com wip Signed-off-by: Mior Muhammad Zaki crynobone@gmail.com wip Signed-off-by: Mior Muhammad Zaki crynobone@gmail.com wip Re-use GHA job wip Signed-off-by: Mior Muhammad Zaki crynobone@gmail.com Co-authored-by: Dries Vints dries@vints.io
16,Update CHANGELOG,,Update CHANGELOG,
17,allow custom dusk selector,,allow custom dusk selector,
18,Fix tests (#1021),  Update tests.yml   Update tests.yml   Update tests.yml ,Fix tests (#1021),Update tests.yml Update tests.yml Update tests.yml
19,Update tests.yml,,Update tests.yml,
20,Update CHANGELOG,,Update CHANGELOG,
21,[7.x] Laravel v10 support (#1015),  Update tests.yml   Update composer.json   Update tests.yml   Update tests.yml ,[7.x] Laravel v10 support (#1015),Update tests.yml Update composer.json Update tests.yml Update tests.yml
22,Update CHANGELOG,,Update CHANGELOG,
23,Adds types to stubs (#1004),,Adds types to stubs (#1004),
24,Added .env file existence check (#1014),Co-authored-by: Kravets Vadim kravets@kazinsys.kz,Added .env file existence check (#1014),Co-authored-by: Kravets Vadim kravets@kazinsys.kz
25,Update tests.yml,,Update tests.yml,
26,Update CHANGELOG,,Update CHANGELOG,
27,"Revert ""feat: add alternative tag for element selection (#1012)"" (#1013)",This reverts commit eedf08c80106ac4983b77ec23197528bf90aaec2.,"Revert ""feat: add alternative tag for element selection (#1012)"" (#1013)",This reverts commit eedf08c80106ac4983b77ec23197528bf90aaec2.
28,Update CHANGELOG,,Update CHANGELOG,
29,feat: add alternative tag for element selection (#1012),  feat: add alternative tag for element selection   formatting   Co-authored-by: Taylor Otwell taylor@laravel.com,feat: add alternative tag for element selection (#1012),feat: add alternative tag for element selection formatting Co-authored-by: Taylor Otwell taylor@laravel.com
30,Use same chrome driver as system chrome (#1010),,Use same chrome driver as system chrome (#1010),
31,Create issues.yml,,Create issues.yml,
32,Add Stub Test (#1009), Add Stub Test  Signed-off-by: Mior Muhammad Zaki crynobone@gmail.com  wip  Signed-off-by: Mior Muhammad Zaki crynobone@gmail.com  wip  Signed-off-by: Mior Muhammad Zaki crynobone@gmail.com  wip  Signed-off-by: Mior Muhammad Zaki crynobone@gmail.com  wip  Signed-off-by: Mior Muhammad Zaki crynobone@gmail.com  wip  Signed-off-by: Mior Muhammad Zaki crynobone@gmail.com Signed-off-by: Mior Muhammad Zaki crynobone@gmail.com,Add Stub Test (#1009),Add Stub Test Signed-off-by: Mior Muhammad Zaki crynobone@gmail.com wip Signed-off-by: Mior Muhammad Zaki crynobone@gmail.com wip Signed-off-by: Mior Muhammad Zaki crynobone@gmail.com wip Signed-off-by: Mior Muhammad Zaki crynobone@gmail.com wip Signed-off-by: Mior Muhammad Zaki crynobone@gmail.com wip Signed-off-by: Mior Muhammad Zaki crynobone@gmail.com Signed-off-by: Mior Muhammad Zaki crynobone@gmail.com
33,"Revert ""Allow custom chromedriver install path (#1007)"" (#1008)",This reverts commit b9857c7f8bb87250e5230fd098ee9e0700c9a269.,"Revert ""Allow custom chromedriver install path (#1007)"" (#1008)",This reverts commit b9857c7f8bb87250e5230fd098ee9e0700c9a269.
34,Allow custom chromedriver install path (#1007),"  Adds config file dusk.php   Use configuration for install and exec path   Fix test   It seems PHPUnit\Framework\TestCase is not booting the Laravel app, so it doesn't find the config class. This solves it.   Fix directory separator   Create the chrome install directory if doesn't exists   Delete dusk.php   Update DuskServiceProvider.php   Update ChromeProcess.php   Update ChromeDriverCommand.php   Co-authored-by: Taylor Otwell taylor@laravel.com",Allow custom chromedriver install path (#1007),"Adds config file dusk.php Use configuration for install and exec path Fix test It seems PHPUnit\Framework\TestCase is not booting the Laravel app, so it doesn't find the config class. This solves it. Fix directory separator Create the chrome install directory if doesn't exists Delete dusk.php Update DuskServiceProvider.php Update ChromeProcess.php Update ChromeDriverCommand.php Co-authored-by: Taylor Otwell taylor@laravel.com"
35,Test on PHP 8.2 (#1003),,Test on PHP 8.2 (#1003),
36,Update CHANGELOG,,Update CHANGELOG,
37,Merge branch '6.x' into 7.x,,Merge branch '6.x' into 7.x,
38,Fix updated Mac image name (#1001),,Fix updated Mac image name (#1001),
39,Update CHANGELOG,,Update CHANGELOG,
40,Add pauseIf() / pauseUnless() (#999),  Add pauseIf()   Add pauseUnless() ,Add pauseIf() / pauseUnless() (#999),Add pauseIf() Add pauseUnless()
41,Update CHANGELOG,,Update CHANGELOG,
42,Allow to click and wait [N] seconds for reload (#998),,Allow to click and wait [N] seconds for reload (#998),
43,Update CHANGELOG,,Update CHANGELOG,
44,Remove extra Directory Separator from ChromeProcess (#995),,Remove extra Directory Separator from ChromeProcess (#995),
45,Update CHANGELOG,,Update CHANGELOG,
46,Upgrade guide for 7.x (#994),  Upgrade guide for 7.x   Update UPGRADE.md   Co-authored-by: Taylor Otwell taylor@laravel.com,Upgrade guide for 7.x (#994),Upgrade guide for 7.x Update UPGRADE.md Co-authored-by: Taylor Otwell taylor@laravel.com
47,[7.x] Drop old PHP and Laravel versions (#993),  Drop old PHP and Laravel versions   wip ,[7.x] Drop old PHP and Laravel versions (#993),Drop old PHP and Laravel versions wip
48,wip,,wip,
49,Merge branch '6.x',Conflicts: CHANGELOG.md,Merge branch '6.x',Conflicts: CHANGELOG.md
50,Update CHANGELOG,,Update CHANGELOG,
51,[6.x] Try clicking all elements before throwing ElementClickInterceptedException (#989),  attempt to click all elements before failing   remove unused import   Update InteractsWithMouse.php   Co-authored-by: Taylor Otwell taylor@laravel.com,[6.x] Try clicking all elements before throwing ElementClickInterceptedException (#989),attempt to click all elements before failing remove unused import Update InteractsWithMouse.php Co-authored-by: Taylor Otwell taylor@laravel.com
52,Update CHANGELOG,,Update CHANGELOG,
53,Add assertIndeterminate assertion for checkbox. (#986), Add assertIndeterminate assertion for checkbox.  Reference: https://developer.mozilla.org/en-US/docs/Web/HTML/Element/input/checkbox#indeterminate_state_checkboxes Signed-off-by: Mior Muhammad Zaki crynobone@gmail.com  wip  Signed-off-by: Mior Muhammad Zaki crynobone@gmail.com  Update MakesAssertions.php  Co-authored-by: Taylor Otwell taylor@laravel.com,Add assertIndeterminate assertion for checkbox. (#986),Add assertIndeterminate assertion for checkbox. Reference: link Signed-off-by: Mior Muhammad Zaki crynobone@gmail.com wip Signed-off-by: Mior Muhammad Zaki crynobone@gmail.com Update MakesAssertions.php Co-authored-by: Taylor Otwell taylor@laravel.com
54,formatting,,formatting,
55,Added responsiveScreenShots method,Method uses some default screen sizes which can be altered,Added responsiveScreenShots method,Method uses some default screen sizes which can be altered
56,Update update-changelog.yml,,Update update-changelog.yml,
57,Update pull-requests.yml,,Update pull-requests.yml,
58,Update CHANGELOG,,Update CHANGELOG,
59,Add hasStartMaximizedEnabled method. (#978),  Add hasStartMaximizedEnabled method.   Fix formatting.   Update DuskTestCase.stub   Co-authored-by: Taylor Otwell taylor@laravel.com,Add hasStartMaximizedEnabled method. (#978),Add hasStartMaximizedEnabled method. Fix formatting. Update DuskTestCase.stub Co-authored-by: Taylor Otwell taylor@laravel.com
60,Update CHANGELOG,,Update CHANGELOG,
61,Fix storing page source to disk when source assertions fail. (#976),,Fix storing page source to disk when source assertions fail. (#976),
62,Update CHANGELOG,,Update CHANGELOG,
63,Add waitForEvent() method (#972)," Add waitForEvent  This commit adds a waitForEvent() method to the WaitsForElements trait, making it available to the Browser class. The waitForEvent() method pauses the test execution until a given event type occurs on a target element or object. It also adds a corresponding test case to WaitsForElementsTest.   Fix syntax in exception message   formatting   Co-authored-by: Taylor Otwell taylor@laravel.com",Add waitForEvent() method (#972),"Add waitForEvent This commit adds a waitForEvent() method to the WaitsForElements trait, making it available to the Browser class. The waitForEvent() method pauses the test execution until a given event type occurs on a target element or object. It also adds a corresponding test case to WaitsForElementsTest. Fix syntax in exception message formatting Co-authored-by: Taylor Otwell taylor@laravel.com"
64,Update tests.yml (#973),,Update tests.yml (#973),
65,Create pull-requests.yml,,Create pull-requests.yml,
66,Update CHANGELOG,,Update CHANGELOG,
67,[6.x] Fixed vueAttribute for older Vue 2.x projects (#970),  Fixed vueAttribute for older Vue 2.X projects   Update MakesAssertionsTest.php ,[6.x] Fixed vueAttribute for older Vue 2.x projects (#970),Fixed vueAttribute for older Vue 2.X projects Update MakesAssertionsTest.php
68,Update CHANGELOG,,Update CHANGELOG,
69,assertVue*() methods support Vue 3 composition API (#969),"If Vue's composition API used, reactive data and computed props cannot be inspected through these methods. When fetching a component prop, attempt these paths:  el.vue.key Vue 2 el.__vueParentComponent.ctx.key Vue 3 options API Vue 3 composition API for definedProps() el.__vueParentComponent.setupState.key Vue 3 composition API reactive(), computed(), or any other      ",assertVue*() methods support Vue 3 composition API (#969),"If Vue's composition API used, reactive data and computed props cannot be inspected through these methods. When fetching a component prop, attempt these paths: el.vue.key Vue 2 el.__vueParentComponent.ctx.key Vue 3 options API Vue 3 composition API for definedProps() el.__vueParentComponent.setupState.key Vue 3 composition API reactive(), computed(), or any other"
70,Update update-changelog.yml,,Update update-changelog.yml,
71,Update .styleci.yml,,Update .styleci.yml,
72,Update .styleci.yml,,Update .styleci.yml,
73,Update CHANGELOG.md,,Update CHANGELOG.md,
74,Fixes link assertion with single or double quote (#965), Fixes link assertion with single or double quote  Signed-off-by: Mior Muhammad Zaki crynobone@gmail.com  wip  Signed-off-by: Mior Muhammad Zaki crynobone@gmail.com  wip  Signed-off-by: Mior Muhammad Zaki crynobone@gmail.com  wip  Signed-off-by: Mior Muhammad Zaki crynobone@gmail.com   Update InteractsWithElements.php   Update MakesAssertions.php   Co-authored-by: Taylor Otwell taylor@laravel.com,Fixes link assertion with single or double quote (#965),Fixes link assertion with single or double quote Signed-off-by: Mior Muhammad Zaki crynobone@gmail.com wip Signed-off-by: Mior Muhammad Zaki crynobone@gmail.com wip Signed-off-by: Mior Muhammad Zaki crynobone@gmail.com wip Signed-off-by: Mior Muhammad Zaki crynobone@gmail.com Update InteractsWithElements.php Update MakesAssertions.php Co-authored-by: Taylor Otwell taylor@laravel.com
75,Merge pull request #962 from stefanzweifel/patch-1,[6.x] Use release target branch in changelog compare URL,Merge pull request #962 from stefanzweifel/patch-1,[6.x] Use release target branch in changelog compare URL
76,Use release target branch in changelog compare URL,,Use release target branch in changelog compare URL,
77,Update CHANGELOG.md,,Update CHANGELOG.md,
78,Create update-changelog.yml,,Create update-changelog.yml,
79,[6.x] Add waitForInput (#960),  add waitForInput   Update WaitsForElements.php   Co-authored-by: Taylor Otwell taylor@laravel.com,[6.x] Add waitForInput (#960),add waitForInput Update WaitsForElements.php Co-authored-by: Taylor Otwell taylor@laravel.com
80,Update composer.json,,Update composer.json,
81,Merge pull request #957 from laravel/6.x,Merge into master,Merge pull request #957 from laravel/6.x,Merge into master
82,Update composer.json,,Update composer.json,
83,Merge branch 'master' into 6.x,,Merge branch 'master' into 6.x,
84,Update CHANGELOG.md,,Update CHANGELOG.md,
85,Laravel 9 (#956),  Laravel 9   wip ,Laravel 9 (#956),Laravel 9 wip
86,Update CHANGELOG.md,,Update CHANGELOG.md,
87,add clickAndWaitForReload (#953),,add clickAndWaitForReload (#953),
88,Merge branch '6.x',Conflicts: CHANGELOG.md,Merge branch '6.x',Conflicts: CHANGELOG.md
89,Merge pull request #943 from laravel/driesvints-patch-1,Update phpunit.xml.dist,Merge pull request #943 from laravel/driesvints-patch-1,Update phpunit.xml.dist
90,Update phpunit.xml.dist,,Update phpunit.xml.dist,
91,Update CHANGELOG.md,,Update CHANGELOG.md,
92,Merge pull request #942 from laravel/fix-assert-value-select,Fix assertValue for select elements,Merge pull request #942 from laravel/fix-assert-value-select,Fix assertValue for select elements
93,Fix assertValue for select elements,,Fix assertValue for select elements,
94,[6.x] Tweak cookie() and plainCookie() return types (#941),  Fix return types   Update InteractsWithCookies.php   Co-authored-by: Steve Bauman 6421846+stevebauman@users.noreply.github.com Co-authored-by: Taylor Otwell taylor@laravel.com,[6.x] Tweak cookie() and plainCookie() return types (#941),Fix return types Update InteractsWithCookies.php Co-authored-by: Steve Bauman 6421846+stevebauman@users.noreply.github.com Co-authored-by: Taylor Otwell taylor@laravel.com
95,Merge branch '6.x',Conflicts: .github/workflows/tests.yml CHANGELOG.md,Merge branch '6.x',Conflicts: .github/workflows/tests.yml CHANGELOG.md
96,Update CHANGELOG.md,,Update CHANGELOG.md,
97,[6.x] Fix logout() when using AuthenticateSession and default guard (#939)," [6.x] Fix logout() when using AuthenticateSession and default guard  Fix was attempted by #826, but the string concatenation is wrong and it never uses the default guard.  Use local variable instead",[6.x] Fix logout() when using AuthenticateSession and default guard (#939),"[6.x] Fix logout() when using AuthenticateSession and default guard Fix was attempted by #826, but the string concatenation is wrong and it never uses the default guard. Use local variable instead"
98,Formatting (#938),Docblocks,Formatting (#938),Docblocks
99,Update CHANGELOG.md,,Update CHANGELOG.md,
100,Improve test coverage (#937),  Provide test coverage for waitUntilMissing()   Provide test coverage for waitForTextIn()   Provide test coverage for waitForLink()   Provide test coverage for waitUntilVue() / waitUntilVueIsNot()   Provide test coverage for waitForDialog()   Provide test coverage for waitForReload() ,Improve test coverage (#937),Provide test coverage for waitUntilMissing() Provide test coverage for waitForTextIn() Provide test coverage for waitForLink() Provide test coverage for waitUntilVue() / waitUntilVueIsNot() Provide test coverage for waitForDialog() Provide test coverage for waitForReload()
101,Merge branch 'u01jmg3/6.x' into 6.x,,Merge branch 'u01jmg3/6.x' into 6.x,
102,formatting,,formatting,
103,Update CHANGELOG.md,,Update CHANGELOG.md,
104,934 - throw an error if assertValue() / assertValueIsNot() are used with an element that does not support the value attribute,,934 - throw an error if assertValue() / assertValueIsNot() are used with an element that does not support the value attribute,
105,Merge pull request #932 from laravel/php81,Add PHP 8.1 support,Merge pull request #932 from laravel/php81,Add PHP 8.1 support
106,Add PHP 8.1 support,,Add PHP 8.1 support,
107,Add new assertion assertValueIsNot() (#929),  Correct docblocks   Add new assertion assertValueIsNot() ,Add new assertion assertValueIsNot() (#929),Correct docblocks Add new assertion assertValueIsNot()
108,Apply fixes from StyleCI,,Apply fixes from StyleCI,
109,Merge branch 'assert-attribute-contains' into 6.x,,Merge branch 'assert-attribute-contains' into 6.x,
110,formatting,,formatting,
111,Provide test coverage for whenAvailable() (#930),,Provide test coverage for whenAvailable() (#930),
112,Add new assertion assertAttributeContains(),,Add new assertion assertAttributeContains(),
113,Fix logo for GitHub Dark Theme (#928),  Fix logo for GitHub Dark Theme   minor fix ,Fix logo for GitHub Dark Theme (#928),Fix logo for GitHub Dark Theme minor fix
114,Apply fixes from StyleCI,,Apply fixes from StyleCI,
115,Add Missing Type Hints and Fix Some Typos (#927),  Add Missing Type Hints and Fix some typos   Add StyleCI Fixes ,Add Missing Type Hints and Fix Some Typos (#927),Add Missing Type Hints and Fix some typos Add StyleCI Fixes
116,Merge branch '6.x',Conflicts: CHANGELOG.md,Merge branch '6.x',Conflicts: CHANGELOG.md
117,Update CHANGELOG.md,,Update CHANGELOG.md,
118,fix: check if userId is an object (#922),,fix: check if userId is an object (#922),
119,"Fix ""pest"" option does not exist on dusk:fails command (#921)",,"Fix ""pest"" option does not exist on dusk:fails command (#921)",
120,Merge branch '6.x',Conflicts: CHANGELOG.md,Merge branch '6.x',Conflicts: CHANGELOG.md
121,Update CHANGELOG.md,,Update CHANGELOG.md,
122,[6.x] Add waitUntilEnabled and waitUntilDisabled (#918),  add waitUntilEnabled and waitUntilDisabled   Update WaitsForElements.php   Co-authored-by: Taylor Otwell taylor@laravel.com,[6.x] Add waitUntilEnabled and waitUntilDisabled (#918),add waitUntilEnabled and waitUntilDisabled Update WaitsForElements.php Co-authored-by: Taylor Otwell taylor@laravel.com
123,"[6.x] Set Component as possible variable type to phpdoc of methods with, within, elsewhere (#919)","  Set Component as possible variable type to phpdoc of methods with, within,elsewhere   FQN ","[6.x] Set Component as possible variable type to phpdoc of methods with, within, elsewhere (#919)","Set Component as possible variable type to phpdoc of methods with, within,elsewhere FQN"
124,Merge branch '6.x',Conflicts: CHANGELOG.md,Merge branch '6.x',Conflicts: CHANGELOG.md
125,Update CHANGELOG.md,,Update CHANGELOG.md,
126,allow waiting for full URL location (#916),,allow waiting for full URL location (#916),
127,Update CHANGELOG.md,,Update CHANGELOG.md,
128,Add source directory creation on install (#915),,Add source directory creation on install (#915),
129,[6.x] Add assertInputPresent and assertInputMissing assertions (#914),  add assertInputPresent and assertInputMissing assertions   wip ,[6.x] Add assertInputPresent and assertInputMissing assertions (#914),add assertInputPresent and assertInputMissing assertions wip
130,Merge branch '6.x',Conflicts: CHANGELOG.md src/Console/DuskCommand.php,Merge branch '6.x',Conflicts: CHANGELOG.md src/Console/DuskCommand.php
131,Update CHANGELOG.md,,Update CHANGELOG.md,
132,Make DuskCommand compatible with Pest (#913),  Update DuskCommand.php   Update DuskCommand.php   Update DuskCommand.php   Co-authored-by: Taylor Otwell taylor@laravel.com,Make DuskCommand compatible with Pest (#913),Update DuskCommand.php Update DuskCommand.php Update DuskCommand.php Co-authored-by: Taylor Otwell taylor@laravel.com
133,Redirect page to previous URL after asserting authentication (#912),"Authentication assert will require the browser to navigate to /_dusk/user/:id, if user visit a page and then use assertGuest() they need to remember to navigate back to previous page. Signed-off-by: Mior Muhammad Zaki crynobone@gmail.com",Redirect page to previous URL after asserting authentication (#912),"Authentication assert will require the browser to navigate to /_dusk/user/:id, if user visit a page and then use assertGuest() they need to remember to navigate back to previous page. Signed-off-by: Mior Muhammad Zaki crynobone@gmail.com"
134,Fix unicode support in slowly send keys methods (#907),Replace str_split with preg_split for support unicode,Fix unicode support in slowly send keys methods (#907),Replace str_split with preg_split for support unicode
135,Do not test PHPUnit on PHP 7.4,,Do not test PHPUnit on PHP 7.4,
136,Merge branch '6.x',Conflicts: CHANGELOG.md,Merge branch '6.x',Conflicts: CHANGELOG.md
137,Update CHANGELOG.md,,Update CHANGELOG.md,
138,Allow to pass array for select multiple. (#904), Allow to pass array for select multiple.  Signed-off-by: Mior Muhammad Zaki crynobone@gmail.com  Apply fixes from StyleCI  Signed-off-by: Mior Muhammad Zaki crynobone@gmail.com  Update InteractsWithElements.php  Co-authored-by: Taylor Otwell taylor@laravel.com,Allow to pass array for select multiple. (#904),Allow to pass array for select multiple. Signed-off-by: Mior Muhammad Zaki crynobone@gmail.com Apply fixes from StyleCI Signed-off-by: Mior Muhammad Zaki crynobone@gmail.com Update InteractsWithElements.php Co-authored-by: Taylor Otwell taylor@laravel.com
139,Fixes for class imports (#905),  Fixes for page import   Update page.stub   Co-authored-by: Taylor Otwell taylor@laravel.com,Fixes for class imports (#905),Fixes for page import Update page.stub Co-authored-by: Taylor Otwell taylor@laravel.com
140,dark mode logo,,dark mode logo,
141,Apply fixes from StyleCI (#902),,Apply fixes from StyleCI (#902),
142,Update 1_Bug_report.md,,Update 1_Bug_report.md,
143,Merge branch '6.x',Conflicts: CHANGELOG.md,Merge branch '6.x',Conflicts: CHANGELOG.md
144,Update CHANGELOG.md,,Update CHANGELOG.md,
145,Add middleware configuration (#888),,Add middleware configuration (#888),
146,Merge branch '6.x',Conflicts: CHANGELOG.md,Merge branch '6.x',Conflicts: CHANGELOG.md
147,Update CHANGELOG.md,,Update CHANGELOG.md,
148,[6.x] Add purge console command (#887), [6.x] Add purge console command  Signed-off-by: Mior Muhammad Zaki crynobone@gmail.com  Fixes CS  Signed-off-by: Mior Muhammad Zaki crynobone@gmail.com   Improve warn message on folder doesn't exists.   Update PurgeCommand.php   Co-authored-by: Derek derekmd@hotmail.com Co-authored-by: Taylor Otwell taylor@laravel.com,[6.x] Add purge console command (#887),[6.x] Add purge console command Signed-off-by: Mior Muhammad Zaki crynobone@gmail.com Fixes CS Signed-off-by: Mior Muhammad Zaki crynobone@gmail.com Improve warn message on folder doesn't exists. Update PurgeCommand.php Co-authored-by: Derek derekmd@hotmail.com Co-authored-by: Taylor Otwell taylor@laravel.com
149,[6.x] Refactor redundant purging methods. (#886), [6.x] Refactor redundant purging methods.  Signed-off-by: Mior Muhammad Zaki crynobone@gmail.com  Fixes indent.  Signed-off-by: Mior Muhammad Zaki crynobone@gmail.com,[6.x] Refactor redundant purging methods. (#886),[6.x] Refactor redundant purging methods. Signed-off-by: Mior Muhammad Zaki crynobone@gmail.com Fixes indent. Signed-off-by: Mior Muhammad Zaki crynobone@gmail.com
150,Move commands to boot method (#884),,Move commands to boot method (#884),
151,Update tests.yml,,Update tests.yml,
152,Update tests.yml,,Update tests.yml,
153,Merge branch '6.x',,Merge branch '6.x',
154,Merge pull request #882 from laravel/ubuntu,Use ubuntu-18.04,Merge pull request #882 from laravel/ubuntu,Use ubuntu-18.04
155,Use ubuntu-18.04,,Use ubuntu-18.04,
156,Merge branch '6.x',Conflicts: CHANGELOG.md,Merge branch '6.x',Conflicts: CHANGELOG.md
157,Update CHANGELOG.md,,Update CHANGELOG.md,
158,update doc block,,update doc block,
159,[6.x] Add assertNotPresent() assertion (#879),  add assertNotPresent()   Fix code styling ,[6.x] Add assertNotPresent() assertion (#879),add assertNotPresent() Fix code styling
160,Merge branch '6.x',Conflicts: CHANGELOG.md,Merge branch '6.x',Conflicts: CHANGELOG.md
161,Update CHANGELOG.md,,Update CHANGELOG.md,
162,Merge branch '6.x',,Merge branch '6.x',
163,[6.x] Add support for Mac ARM64 architecture (#876), Add support for Mac ARM64 architecture.  Signed-off-by: Mior Muhammad Zaki crynobone@gmail.com  Allow tests on Laravel 6.  Signed-off-by: Mior Muhammad Zaki crynobone@gmail.com  Fixes phpunit 7 support.  Signed-off-by: Mior Muhammad Zaki crynobone@gmail.com  Use include instead of exclude.  Signed-off-by: Mior Muhammad Zaki crynobone@gmail.com,[6.x] Add support for Mac ARM64 architecture (#876),Add support for Mac ARM64 architecture. Signed-off-by: Mior Muhammad Zaki crynobone@gmail.com Allow tests on Laravel 6. Signed-off-by: Mior Muhammad Zaki crynobone@gmail.com Fixes phpunit 7 support. Signed-off-by: Mior Muhammad Zaki crynobone@gmail.com Use include instead of exclude. Signed-off-by: Mior Muhammad Zaki crynobone@gmail.com
164,[7.x] Refactor PR to match changes to PR #876 (#877), Refactor PR to match changes to 6.x  Signed-off-by: Mior Muhammad Zaki crynobone@gmail.com  Allow tests on phpunit 10.  Signed-off-by: Mior Muhammad Zaki crynobone@gmail.com  Skip testbench 5.  Signed-off-by: Mior Muhammad Zaki crynobone@gmail.com,[7.x] Refactor PR to match changes to PR #876 (#877),Refactor PR to match changes to 6.x Signed-off-by: Mior Muhammad Zaki crynobone@gmail.com Allow tests on phpunit 10. Signed-off-by: Mior Muhammad Zaki crynobone@gmail.com Skip testbench 5. Signed-off-by: Mior Muhammad Zaki crynobone@gmail.com
165,[7.x] Add support for arm64 macOS (#869),  Add support for arm64 macOS   Fix ChromeProcess::chromeEnvironment() ,[7.x] Add support for arm64 macOS (#869),Add support for arm64 macOS Fix ChromeProcess::chromeEnvironment()
166,[7.x] Remove chrome binaries (#873),  Remove chrome binaries   Ignore chrome binaries   Apply fixes from StyleCI (#872)   Only install OS binary   Orchestra 7.0   Update testbench dependency   Attempt at fixing tests   Apply fixes from StyleCI (#875)   Fix tests   Fix tests ,[7.x] Remove chrome binaries (#873),Remove chrome binaries Ignore chrome binaries Apply fixes from StyleCI (#872) Only install OS binary Orchestra 7.0 Update testbench dependency Attempt at fixing tests Apply fixes from StyleCI (#875) Fix tests Fix tests
167,Bump dependencies (#874),,Bump dependencies (#874),
168,Merge branch '6.x',,Merge branch '6.x',
169,Merge pull request #871 from derekmd/fix-ci-typo,[6.x] Fix DuskCommand syntax mistake,Merge pull request #871 from derekmd/fix-ci-typo,[6.x] Fix DuskCommand syntax mistake
170,Fix DuskCommand syntax mistake,"No test coverage, you say.",Fix DuskCommand syntax mistake,"No test coverage, you say."
171,[6.x] Add Dusk command argument --browse (#870)," Add Dusk command argument --browse  Allow headless mode to be disabled by calling: php artisan dusk --browse This will instead show the browser window in the viewport while tests run. --browse cannot be used if CI=true is set in the local environment, which GitHub Actions, TravisCI, CircleCI, GitLab, etc. all configure.   Update DuskCommand.php   Update DuskFailsCommand.php   Update DuskTestCase.stub   Co-authored-by: Mior Muhammad Zaki crynobone@gmail.com Co-authored-by: Taylor Otwell taylor@laravel.com",[6.x] Add Dusk command argument --browse (#870),"Add Dusk command argument --browse Allow headless mode to be disabled by calling: php artisan dusk --browse This will instead show the browser window in the viewport while tests run. --browse cannot be used if CI=true is set in the local environment, which GitHub Actions, TravisCI, CircleCI, GitLab, etc. all configure. Update DuskCommand.php Update DuskFailsCommand.php Update DuskTestCase.stub Co-authored-by: Mior Muhammad Zaki crynobone@gmail.com Co-authored-by: Taylor Otwell taylor@laravel.com"
172,Merge branch '6.x',Conflicts: CHANGELOG.md,Merge branch '6.x',Conflicts: CHANGELOG.md
173,Update CHANGELOG.md,,Update CHANGELOG.md,
174,Update CHANGELOG.md,,Update CHANGELOG.md,
175,[6.x] Add $seconds options to Browser::elseWhenAvailable() (#865),Signed-off-by: Mior Muhammad Zaki crynobone@gmail.com,[6.x] Add $seconds options to Browser::elseWhenAvailable() (#865),Signed-off-by: Mior Muhammad Zaki crynobone@gmail.com
176,[6.x] Improves docblock (#866),Signed-off-by: Mior Muhammad Zaki crynobone@gmail.com,[6.x] Improves docblock (#866),Signed-off-by: Mior Muhammad Zaki crynobone@gmail.com
177,PHPUnit v10 (#863),,PHPUnit v10 (#863),
178,Drop PHPUnit v8 support (#861),,Drop PHPUnit v8 support (#861),
179,Drop Laravel v6 & v7 support (#862),,Drop Laravel v6 & v7 support (#862),
180,Drop PHP 7.2 (#860),,Drop PHP 7.2 (#860),
181,Merge branch '6.x',Conflicts: CHANGELOG.md,Merge branch '6.x',Conflicts: CHANGELOG.md
182,Update CHANGELOG.md,,Update CHANGELOG.md,
183,[6.x] Fix the value generated when setting encrypted cookies (#857),  Fix the value generated when setting encrypted cookies   Update InteractsWithCookies.php   Co-authored-by: Taylor Otwell taylor@laravel.com,[6.x] Fix the value generated when setting encrypted cookies (#857),Fix the value generated when setting encrypted cookies Update InteractsWithCookies.php Co-authored-by: Taylor Otwell taylor@laravel.com
184,Do not resize to zero (#858),,Do not resize to zero (#858),
185,Add Chromium path for Debian 10 (#855),"On my freshly installed Debian 10, apt install chromium create the executable in /usr/bin/chromium.",Add Chromium path for Debian 10 (#855),"On my freshly installed Debian 10, apt install chromium create the executable in /usr/bin/chromium."
186,Merge branch '6.x',Conflicts: CHANGELOG.md,Merge branch '6.x',Conflicts: CHANGELOG.md
187,Update CHANGELOG.md,,Update CHANGELOG.md,
188,Allow passing mixed to assertVue() and assertVueIsNot() (#853),,Allow passing mixed to assertVue() and assertVueIsNot() (#853),
189,Update CHANGELOG.md,,Update CHANGELOG.md,
190,Merge branch '6.x',Conflicts: CHANGELOG.md,Merge branch '6.x',Conflicts: CHANGELOG.md
191,Update CHANGELOG.md,,Update CHANGELOG.md,
192,"use selector to double click, and to click and hold (#848)",,"use selector to double click, and to click and hold (#848)",
193,Merge pull request #847 from crynobone/elsewhere-when-available,Use $browser given from closure to received scoped selector.,Merge pull request #847 from crynobone/elsewhere-when-available,Use $browser given from closure to received scoped selector.
194,Use $browser given from closure to received scoped selector.,Additional fix to #846 PR. Signed-off-by: Mior Muhammad Zaki crynobone@gmail.com,Use $browser given from closure to received scoped selector.,Additional fix to #846 PR. Signed-off-by: Mior Muhammad Zaki crynobone@gmail.com
195,[6.x] Add Browser::elsewhereWhenAvailable(). (#846),Signed-off-by: Mior Muhammad Zaki crynobone@gmail.com,[6.x] Add Browser::elsewhereWhenAvailable(). (#846),Signed-off-by: Mior Muhammad Zaki crynobone@gmail.com
196,Merge branch '6.x',Conflicts: CHANGELOG.md,Merge branch '6.x',Conflicts: CHANGELOG.md
197,Update CHANGELOG.md,,Update CHANGELOG.md,
198,Update docblocks (#844),,Update docblocks (#844),
199,Merge branch 'u01jmg3/6.x' into 6.x,,Merge branch 'u01jmg3/6.x' into 6.x,
200,renaming methods,,renaming methods,
201,Add new assertions assertSeeEmptyTextIn() and assertDontSeeEmptyTextIn(),,Add new assertions assertSeeEmptyTextIn() and assertDontSeeEmptyTextIn(),
202,Correct docblock spacing,,Correct docblock spacing,
203,renaming methods,,renaming methods,
204,Update phpunit.xml.dist,,Update phpunit.xml.dist,
205,Add new assertions assertSeeEmptyTextIn() and assertDontSeeEmptyTextIn(),,Add new assertions assertSeeEmptyTextIn() and assertDontSeeEmptyTextIn(),
206,Correct docblock spacing,,Correct docblock spacing,
207,formatting,,formatting,
208,Align docblocks with recent update to docs,Correctly order URL assertions and accompanying tests,Align docblocks with recent update to docs,Correctly order URL assertions and accompanying tests
209,Align docblocks with recent update to docs,Correctly order assertions and accompanying tests,Align docblocks with recent update to docs,Correctly order assertions and accompanying tests
210,Add missing tests for 6 additional existing assertions (#839),  Formatting   Add test for assertValue() Customise error message returned by assertValue() Formatting   Add test for assertDialogOpened()   Add tests for assertVue() /  assertVueIsNot() Customise error messages returned by assertVue() / assertVueIsNot()   Add tests for assertInputValue() / assertInputValueIsNot() ,Add missing tests for 6 additional existing assertions (#839),Formatting Add test for assertValue() Customise error message returned by assertValue() Formatting Add test for assertDialogOpened() Add tests for assertVue() /  assertVueIsNot() Customise error messages returned by assertVue() / assertVueIsNot() Add tests for assertInputValue() / assertInputValueIsNot()
211,Add missing tests for 16 existing assertions (#838),  Formatting   Add tests for assertChecked() /  assertNotChecked()   Add tests for assertRadioSelected() /  assertRadioNotSelected()   Add tests for assertSelected() /  assertNotSelected()   Add tests for assertSelectHasOptions() /  assertSelectMissingOptions() Add tests for assertSelectHasOption() /  assertSelectMissingOption()   Add tests for assertVisible() /  assertMissing()   Add tests for assertSee() /  assertDontSee()   Add tests for assertSourceHas() /  assertSourceMissing() ,Add missing tests for 16 existing assertions (#838),Formatting Add tests for assertChecked() /  assertNotChecked() Add tests for assertRadioSelected() /  assertRadioNotSelected() Add tests for assertSelected() /  assertNotSelected() Add tests for assertSelectHasOptions() /  assertSelectMissingOptions() Add tests for assertSelectHasOption() /  assertSelectMissingOption() Add tests for assertVisible() /  assertMissing() Add tests for assertSee() /  assertDontSee() Add tests for assertSourceHas() /  assertSourceMissing()
212,Add tests for assertDontSeeIn() /  assertSeeIn() (#836),,Add tests for assertDontSeeIn() /  assertSeeIn() (#836),
213,Update tests.yml,,Update tests.yml,
214,Merge branch '6.x',Conflicts: CHANGELOG.md,Merge branch '6.x',Conflicts: CHANGELOG.md
215,Update CHANGELOG.md,,Update CHANGELOG.md,
216,assertVue*() methods support Vue 3 (#834),"Vue 3 no longer adds a vue property to DOM nodes to allow querying for props. Instead the __vueParentComponent must be inspected. Its 'ctx' property will return the:  passed in component props data() computed props  When Dusk is looking up the Vue prop value of a DOM node, it will first look for a Vue 2 vue property, then fallback to __vueParentComponent.ctx for Vue 3.",assertVue*() methods support Vue 3 (#834),"Vue 3 no longer adds a vue property to DOM nodes to allow querying for props. Instead the __vueParentComponent must be inspected. Its 'ctx' property will return the: passed in component props data() computed props When Dusk is looking up the Vue prop value of a DOM node, it will first look for a Vue 2 vue property, then fallback to __vueParentComponent.ctx for Vue 3."
217,Merge branch '6.x',Conflicts: .github/workflows/tests.yml CHANGELOG.md,Merge branch '6.x',Conflicts: .github/workflows/tests.yml CHANGELOG.md
218,Update CHANGELOG.md,,Update CHANGELOG.md,
219,[6.x] PHP 8 Support (#833)," Revert ""Revert ""PHP 8 Support (#831)""""  This reverts commit c005c11576daef5b955b6650b37aa3f403391039.   Bump php-webdriver   Exclude non compatible phpunit versions ",[6.x] PHP 8 Support (#833),"Revert ""Revert ""PHP 8 Support (#831)"""" This reverts commit c005c11576daef5b955b6650b37aa3f403391039. Bump php-webdriver Exclude non compatible phpunit versions"
220,Merge branch '6.x',Conflicts: CHANGELOG.md,Merge branch '6.x',Conflicts: CHANGELOG.md
221,Update CHANGELOG.md,,Update CHANGELOG.md,
222,use static call,,use static call,
223,make method static,,make method static,
224,update check,,update check,
225,add support for sail,,add support for sail,
226,"Revert ""PHP 8 Support (#831)""",This reverts commit 0736268d018d34421aa0c21fe9916ca599816ebe.,"Revert ""PHP 8 Support (#831)""",This reverts commit 0736268d018d34421aa0c21fe9916ca599816ebe.
227,PHP 8 Support (#831),,PHP 8 Support (#831),
228,Merge branch '6.x',,Merge branch '6.x',
229,Update .gitattributes,,Update .gitattributes,
230,Update .gitattributes,,Update .gitattributes,
231,Update MakesAssertions.php (#830),,Update MakesAssertions.php (#830),
232,Merge pull request #828 from browner12/patch-1,[6.x] add missing change for v6.8.0,Merge pull request #828 from browner12/patch-1,[6.x] add missing change for v6.8.0
233,Update CHANGELOG.md,,Update CHANGELOG.md,
234,add missing change for v6.8.0,,add missing change for v6.8.0,
235,Merge branch '6.x' into master,Conflicts: CHANGELOG.md,Merge branch '6.x' into master,Conflicts: CHANGELOG.md
236,Update CHANGELOG.md,,Update CHANGELOG.md,
237,fix logout() when using AuthenticateSession middleware (#826),,fix logout() when using AuthenticateSession middleware (#826),
238,Merge pull request #827 from pataar/patch-1,[6.x] Update the badges to use shields.io,Merge pull request #827 from pataar/patch-1,[6.x] Update the badges to use shields.io
239,[6.x] Update the badges to use shields.io,,[6.x] Update the badges to use shields.io,
240,"[6.x] Allow to utilise browser ""about:blank"" page (#824)"," Allow to utilise browser ""about:blank"" page.  Tested: - Chrome - Firefox - Safari This would be useful to stop page to executing any ajax when completing each test. In my case, keep seeing page error between teardown and setup for next test when using chrome (with GUI). Signed-off-by: Mior Muhammad Zaki crynobone@gmail.com  Update Browser.php  Co-authored-by: Taylor Otwell taylor@laravel.com","[6.x] Allow to utilise browser ""about:blank"" page (#824)","Allow to utilise browser ""about:blank"" page. Tested: - Chrome - Firefox - Safari This would be useful to stop page to executing any ajax when completing each test. In my case, keep seeing page error between teardown and setup for next test when using chrome (with GUI). Signed-off-by: Mior Muhammad Zaki crynobone@gmail.com Update Browser.php Co-authored-by: Taylor Otwell taylor@laravel.com"
241,added waitForTextIn Function (#823),,added waitForTextIn Function (#823),
242,Merge branch 'source-failures' into 6.x,,Merge branch 'source-failures' into 6.x,
243,formatting,,formatting,
244,assertScript() with tests (#821),,assertScript() with tests (#821),
245,fix ->select()ing random elements (#822),only choose a random element from a <select> input if no second parameter is passed,fix ->select()ing random elements (#822),only choose a random element from a  input if no second parameter is passed
246,Merge branch '6.x' into master,Conflicts: CHANGELOG.md,Merge branch '6.x' into master,Conflicts: CHANGELOG.md
247,Update CHANGELOG.md,,Update CHANGELOG.md,
248,Update CHANGELOG.md,,Update CHANGELOG.md,
249,automatically capture source code on failure,"if an assertion has been made against the source code, capture the source code for analysis",automatically capture source code on failure,"if an assertion has been made against the source code, capture the source code for analysis"
250,formatting,,formatting,
251,Update ChromeDriverCommand.php,,Update ChromeDriverCommand.php,
252,style,,style,
253,remove comment,,remove comment,
254,add Chrome driver auto detection,,add Chrome driver auto detection,
255,Merge branch '6.x' into master,Conflicts: CHANGELOG.md,Merge branch '6.x' into master,Conflicts: CHANGELOG.md
256,Update CHANGELOG.md,,Update CHANGELOG.md,
257,fix the fitContent() method (#815),this conditional was basically blocking all content fitting from happening.,fix the fitContent() method (#815),this conditional was basically blocking all content fitting from happening.
258,Merge branch '6.x' into master,Conflicts: CHANGELOG.md,Merge branch '6.x' into master,Conflicts: CHANGELOG.md
259,Update CHANGELOG.md,,Update CHANGELOG.md,
260,Merge pull request #811 from saulens22/patch-1,Update phpunit.xml stub to PHPUnit 9.3.0 format,Merge pull request #811 from saulens22/patch-1,Update phpunit.xml stub to PHPUnit 9.3.0 format
261,Update phpunit.xml,,Update phpunit.xml,
262,Update phpunit.xml stub to PHPUnit 9.3.0 format,"PHPUnit 9.3.0 changed coverage filtering from filter tag to coverage tag. This pull request adds coverage element to phpunit.xml stub, so that both older and newer versions of PHPUnit has valid coverage configuration. Once dependencies go past phpunit@^9.3, filter element can be removed. This change introduces 'element not expected' warnings on all PHPUnit versions.  I believe it's not harmful as PHPUnit ignores unrecognized tags. Of course, there should be a better way to gracefully deprecate older PHPUnit versions. I'd be glad if someone suggests one.",Update phpunit.xml stub to PHPUnit 9.3.0 format,"PHPUnit 9.3.0 changed coverage filtering from filter tag to coverage tag. This pull request adds coverage element to phpunit.xml stub, so that both older and newer versions of PHPUnit has valid coverage configuration. Once dependencies go past phpunit@^9.3, filter element can be removed. This change introduces 'element not expected' warnings on all PHPUnit versions.  I believe it's not harmful as PHPUnit ignores unrecognized tags. Of course, there should be a better way to gracefully deprecate older PHPUnit versions. I'd be glad if someone suggests one."
263,Using the assertSame to make assert equals strict (#808),,Using the assertSame to make assert equals strict (#808),
264,Apply fixes from StyleCI (#807),,Apply fixes from StyleCI (#807),
265,fixed proxy for getting latest version (#805),,fixed proxy for getting latest version (#805),
266,Merge pull request #806 from balu-lt/patch-1,Add missing parentheses,Merge pull request #806 from balu-lt/patch-1,Add missing parentheses
267,Add missing parentheses,,Add missing parentheses,
268,Update CHANGELOG.md,,Update CHANGELOG.md,
269,Update CHANGELOG.md,,Update CHANGELOG.md,
270,formatting,,formatting,
271,Add CookieValuePrefix detection for encrypted cookies in InteractsWithCookie (#804),,Add CookieValuePrefix detection for encrypted cookies in InteractsWithCookie (#804),
272,Merge pull request #803 from snellingio/patch-1,Update phpdotenv requirement to ^5.0 for Laravel 8,Merge pull request #803 from snellingio/patch-1,Update phpdotenv requirement to ^5.0 for Laravel 8
273,Update phpdotenv requirement to ^5.0 for Laravel 8,"Laravel 8 includes  ""vlucas/phpdotenv"": ""^5.0"", We need to update this requirement",Update phpdotenv requirement to ^5.0 for Laravel 8,"Laravel 8 includes  ""vlucas/phpdotenv"": ""^5.0"", We need to update this requirement"
274,Update CHANGELOG.md,,Update CHANGELOG.md,
275,Merge branch '6.x' into master,Conflicts: .github/workflows/tests.yml CHANGELOG.md,Merge branch '6.x' into master,Conflicts: .github/workflows/tests.yml CHANGELOG.md
276,Merge pull request #800 from laravel/laravel8,[6.x] Support Laravel 8,Merge pull request #800 from laravel/laravel8,[6.x] Support Laravel 8
277,Apply fixes from StyleCI (#801),,Apply fixes from StyleCI (#801),
278,Support Laravel 8,,Support Laravel 8,
279,Update CHANGELOG.md,,Update CHANGELOG.md,
280,Merge pull request #795 from laravel/driesvints-patch-1,Update tests.yml,Merge pull request #795 from laravel/driesvints-patch-1,Update tests.yml
281,Update tests.yml,,Update tests.yml,
282,[6.x] Pass ssl-no-verify option into latestVersion of ChromeDriver install (#794),  793 - Pass ssl-no-verify option into latestVersion   793 - Fix styleCI quotes   Update ChromeDriverCommand.php   Update ChromeDriverCommand.php   Co-authored-by: Dries Vints dries@vints.io,[6.x] Pass ssl-no-verify option into latestVersion of ChromeDriver install (#794),793 - Pass ssl-no-verify option into latestVersion 793 - Fix styleCI quotes Update ChromeDriverCommand.php Update ChromeDriverCommand.php Co-authored-by: Dries Vints dries@vints.io
283,[6.x] Update docblocks to clarify the type of cookie: encrypted or unencrypted (#790),  Update docblocks to clarify the type of cookie: unencrypted   Update docblocks to clarify the type of cookie: encrypted ,[6.x] Update docblocks to clarify the type of cookie: encrypted or unencrypted (#790),Update docblocks to clarify the type of cookie: unencrypted Update docblocks to clarify the type of cookie: encrypted
284,Merge branch '6.x',Conflicts: CHANGELOG.md,Merge branch '6.x',Conflicts: CHANGELOG.md
285,Update CHANGELOG.md,,Update CHANGELOG.md,
286,Support clicking the topmost element at a given pair of coordinates (#788),,Support clicking the topmost element at a given pair of coordinates (#788),
287,Merge branch '6.x',Conflicts: CHANGELOG.md,Merge branch '6.x',Conflicts: CHANGELOG.md
288,Update CHANGELOG.md,,Update CHANGELOG.md,
289,Apply fixes from StyleCI (#785),,Apply fixes from StyleCI (#785),
290,Merge pull request #784 from Infamoustrey/break-selector-scope,[6.x] Support executing closures outside of the current selector scope,Merge pull request #784 from Infamoustrey/break-selector-scope,[6.x] Support executing closures outside of the current selector scope
291,add function to allow a closure to be executed outside of the current scope,,add function to allow a closure to be executed outside of the current scope,
292,Merge branch '6.x',Conflicts: CHANGELOG.md,Merge branch '6.x',Conflicts: CHANGELOG.md
293,Update CHANGELOG.md,,Update CHANGELOG.md,
294,Merge pull request #778 from funkjedi/fix-cookies,[6.x] Fix for cookie assertions,Merge pull request #778 from funkjedi/fix-cookies,[6.x] Fix for cookie assertions
295,Catch NoSuchCookieException when getting cookie,,Catch NoSuchCookieException when getting cookie,
296,Merge pull request #776 from crynobone/fix-route,[6.x] Domain routing should only be optional.,Merge pull request #776 from crynobone/fix-route,[6.x] Domain routing should only be optional.
297,Update InteractsWithAuthentication.php,,Update InteractsWithAuthentication.php,
298,[6.x] Domain routing should only be optional.,This fix failing test when running Dusk within Package Development environment. e.g: https://travis-ci.org/github/orchestral/testbench-dusk/builds/686544633 Signed-off-by: Mior Muhammad Zaki crynobone@gmail.com,[6.x] Domain routing should only be optional.,This fix failing test when running Dusk within Package Development environment. e.g: link Signed-off-by: Mior Muhammad Zaki crynobone@gmail.com
299,clean up config,,clean up config,
300,style-ci,,style-ci,
301,move common middleware web to group,,move common middleware web to group,
302,style-ci,,style-ci,
303,Dusk config,,Dusk config,
304,Add dusk route prefix,,Add dusk route prefix,
305,Merge pull request #771 from nunomaduro/patch-1,[6.x] Uses Pest if available,Merge pull request #771 from nunomaduro/patch-1,[6.x] Uses Pest if available
306,Uses Pest if available,,Uses Pest if available,
307,Merge pull request #769 from mr-feek/mr-feek-patch-1,chore: update docblock to valid docblock,Merge pull request #769 from mr-feek/mr-feek-patch-1,chore: update docblock to valid docblock
308,chore: update docblock to valid docblock,dynamic isn't a valid annotation. This breaks static analyzers. Found this: https://github.com/laravel/framework/issues/25061,chore: update docblock to valid docblock,dynamic isn't a valid annotation. This breaks static analyzers. Found this: link
309,Merge branch '6.x',Conflicts: CHANGELOG.md,Merge branch '6.x',Conflicts: CHANGELOG.md
310,Update CHANGELOG.md,,Update CHANGELOG.md,
311,Merge pull request #767 from u01jmg3/6.x,Support navigating forward in the browser,Merge pull request #767 from u01jmg3/6.x,Support navigating forward in the browser
312,Closes #623 - support navigating forward in the browser,,Closes #623 - support navigating forward in the browser,
313,Merge pull request #766 from u01jmg3/6.x,[6.x] Support scrolling an element into view,Merge pull request #766 from u01jmg3/6.x,[6.x] Support scrolling an element into view
314,Closes #765 - support scrolling an element into view,,Closes #765 - support scrolling an element into view,
315,Merge branch '6.x',Conflicts: CHANGELOG.md,Merge branch '6.x',Conflicts: CHANGELOG.md
316,Update CHANGELOG.md,,Update CHANGELOG.md,
317,Merge pull request #764 from laravel/trim-trailing-slash,[6.x] Trim trailing slash,Merge pull request #764 from laravel/trim-trailing-slash,[6.x] Trim trailing slash
318,Trim trailing slash,,Trim trailing slash,
319,Merge branch '6.x',Conflicts: CHANGELOG.md,Merge branch '6.x',Conflicts: CHANGELOG.md
320,Update CHANGELOG.md,,Update CHANGELOG.md,
321,Merge pull request #762 from laravel/drop-phpunit-7,[7.x] Drop PHPUnit 7,Merge pull request #762 from laravel/drop-phpunit-7,[7.x] Drop PHPUnit 7
322,Drop PHPUnit 7 support,,Drop PHPUnit 7 support,
323,Update branch-alias,,Update branch-alias,
324,Update CHANGELOG.md,,Update CHANGELOG.md,
325,"Revert ""Remove Laravel 8 dependencies""",This reverts commit 72932c8502ff65017014c94cd36eee8561e746c4.,"Revert ""Remove Laravel 8 dependencies""",This reverts commit 72932c8502ff65017014c94cd36eee8561e746c4.
326,Update CHANGELOG.md,,Update CHANGELOG.md,
327,Remove Laravel 8 dependencies,,Remove Laravel 8 dependencies,
328,Update CHANGELOG.md,,Update CHANGELOG.md,
329,Merge branch '5.0',,Merge branch '5.0',
330,Remove no-suggest,,Remove no-suggest,
331,Merge pull request #761 from laravel/fix-tests,[6.x] Fix tests,Merge pull request #761 from laravel/fix-tests,[6.x] Fix tests
332,Fixes,,Fixes,
333,Exlude php 7.2 and Laravel 8,,Exlude php 7.2 and Laravel 8,
334,Fix workflow syntax,,Fix workflow syntax,
335,Merge pull request #760 from laravel/phpunit-9,[6.x] PHPUnit 9,Merge pull request #760 from laravel/phpunit-9,[6.x] PHPUnit 9
336,Exclude tests,,Exclude tests,
337,Remove --no-suggest,,Remove --no-suggest,
338,PHPUnit 9 support,,PHPUnit 9 support,
339,Merge branch '5.0',Conflicts: CHANGELOG.md,Merge branch '5.0',Conflicts: CHANGELOG.md
340,Merge pull request #757 from crynobone/allow-laravel-8,[6.x] Allow to install Laravel 8.,Merge pull request #757 from crynobone/allow-laravel-8,[6.x] Allow to install Laravel 8.
341,Merge branch 'master' into allow-laravel-8,,Merge branch 'master' into allow-laravel-8,
342,[dev-master] Allow to install Laravel 7.,Signed-off-by: Mior Muhammad Zaki crynobone@gmail.com,[dev-master] Allow to install Laravel 7.,Signed-off-by: Mior Muhammad Zaki crynobone@gmail.com
343,Update config.yml,,Update config.yml,
344,Update 1_Bug_report.md,,Update 1_Bug_report.md,
345,Update CHANGELOG.md,,Update CHANGELOG.md,
346,Merge pull request #755 from crynobone/avoid-exception,[5.x] Avoid throwing exception on production.,Merge pull request #755 from crynobone/avoid-exception,[5.x] Avoid throwing exception on production.
347,Remove unused exception.,Signed-off-by: Mior Muhammad Zaki crynobone@gmail.com,Remove unused exception.,Signed-off-by: Mior Muhammad Zaki crynobone@gmail.com
348,[5.x] Avoid throwing exception on production.,The risk of running Dusk in production revolve assigning unsecure routing to assist testing with Dusk. Signed-off-by: Mior Muhammad Zaki crynobone@gmail.com,[5.x] Avoid throwing exception on production.,The risk of running Dusk in production revolve assigning unsecure routing to assist testing with Dusk. Signed-off-by: Mior Muhammad Zaki crynobone@gmail.com
349,Apply fixes from StyleCI (#752),,Apply fixes from StyleCI (#752),
350,Merge pull request #751 from troccoli/add-assert-attribute-methods,[5.x] Add assert attribute methods,Merge pull request #751 from troccoli/add-assert-attribute-methods,[5.x] Add assert attribute methods
351,Add assertAriaAttribute method,,Add assertAriaAttribute method,
352,Add assertDataAttribute method,,Add assertDataAttribute method,
353,Add assertAttribute method,,Add assertAttribute method,
354,Merge pull request #750 from migueldamaso/patch-1,Fix Call to undefined method [appendWithPauses],Merge pull request #750 from migueldamaso/patch-1,Fix Call to undefined method [appendWithPauses]
355,Fix Call to undefined method [appendWithPauses],Currently the method typeSlowly throws a BadMethodCallException: Call to undefined method [appendWithPauses]. The cause of this is that the typeSlowly method should be calling the appendSlowly instead of appendWithPauses.,Fix Call to undefined method [appendWithPauses],Currently the method typeSlowly throws a BadMethodCallException: Call to undefined method [appendWithPauses]. The cause of this is that the typeSlowly method should be calling the appendSlowly instead of appendWithPauses.
356,Update CHANGELOG.md,,Update CHANGELOG.md,
357,Merge branch '5.0',Conflicts: CHANGELOG.md,Merge branch '5.0',Conflicts: CHANGELOG.md
358,Update CHANGELOG.md,,Update CHANGELOG.md,
359,Merge pull request #748 from hivokas/patch-3,"[5.x] Adds typeWithPauses(), appendWithPauses() methods",Merge pull request #748 from hivokas/patch-3,"[5.x] Adds typeWithPauses(), appendWithPauses() methods"
360,Update InteractsWithElements.php,,Update InteractsWithElements.php,
361,Update InteractsWithElements.php,,Update InteractsWithElements.php,
362,"add typeWithPauses(), appendWithPauses() methods",,"add typeWithPauses(), appendWithPauses() methods",
363,Merge branch '5.0',Conflicts: .travis.yml,Merge branch '5.0',Conflicts: .travis.yml
364,Merge pull request #739 from laravel/github-actions,[5.x] Switch to Github Actions,Merge pull request #739 from laravel/github-actions,[5.x] Switch to Github Actions
365,Switch to Github Actions,,Switch to Github Actions,
366,Merge branch '5.0',Conflicts: CHANGELOG.md composer.json,Merge branch '5.0',Conflicts: CHANGELOG.md composer.json
367,Update CHANGELOG.md,,Update CHANGELOG.md,
368,Merge pull request #737 from laravel/update-webdriver-version,[5.x] Update minimum webdriver version,Merge pull request #737 from laravel/update-webdriver-version,[5.x] Update minimum webdriver version
369,Update minimum webdriver version,,Update minimum webdriver version,
370,Merge pull request #735 from DasRed/5.0,[5.x] Bugfix quoting for InteractsWithElements::value,Merge pull request #735 from DasRed/5.0,[5.x] Bugfix quoting for InteractsWithElements::value
371,bugfix quoting for InteractsWithElements::value,(cherry picked from commit 24be4cf6692f426ca4860aaf338c1ce898e2544f),bugfix quoting for InteractsWithElements::value,(cherry picked from commit 24be4cf6692f426ca4860aaf338c1ce898e2544f)
372,bugfix quoting for InteractsWithElements::value,(cherry picked from commit c2f665e508e02affc2e763f4f2dfb9445de49b29),bugfix quoting for InteractsWithElements::value,(cherry picked from commit c2f665e508e02affc2e763f4f2dfb9445de49b29)
373,bugfix quoting for InteractsWithElements::value,(cherry picked from commit 348ac6c5d600a3089b380cda426e5c151253a6c2),bugfix quoting for InteractsWithElements::value,(cherry picked from commit 348ac6c5d600a3089b380cda426e5c151253a6c2)
374,Merge branch '5.0',Conflicts: CHANGELOG.md composer.json,Merge branch '5.0',Conflicts: CHANGELOG.md composer.json
375,Merge pull request #734 from DasRed/master,[6.x] Bugfix quoting for InteractsWithElements::value,Merge pull request #734 from DasRed/master,[6.x] Bugfix quoting for InteractsWithElements::value
376,Update CHANGELOG.md,,Update CHANGELOG.md,
377,bugfix quoting for InteractsWithElements::value,,bugfix quoting for InteractsWithElements::value,
378,bugfix quoting for InteractsWithElements::value,,bugfix quoting for InteractsWithElements::value,
379,bugfix quoting for InteractsWithElements::value,,bugfix quoting for InteractsWithElements::value,
380,Merge pull request #733 from laravel/lock-constraints,[5.x] Lock php-webdriver constraints for now,Merge pull request #733 from laravel/lock-constraints,[5.x] Lock php-webdriver constraints for now
381,Lock php-webdriver constraints for now,,Lock php-webdriver constraints for now,
382,Merge pull request #731 from browner12/conditionals,[5.0] do not nest conditionals,Merge pull request #731 from browner12/conditionals,[5.0] do not nest conditionals
383,do not nest conditionals,,do not nest conditionals,
384,Merge pull request #730 from RaZeR-RBI/add-fixContent-check,Size sanity check at fitContent (fixes #729),Merge pull request #730 from RaZeR-RBI/add-fixContent-check,Size sanity check at fitContent (fixes #729)
385,Update Browser.php,,Update Browser.php,
386,Size sanity check at fitContent (fixes #729),,Size sanity check at fitContent (fixes #729),
387,Merge pull request #728 from hivokas/patch-2,[5.0] Adds the missing import for InteractsWithMouse@clickAtXPath,Merge pull request #728 from hivokas/patch-2,[5.0] Adds the missing import for InteractsWithMouse@clickAtXPath
388,Update InteractsWithMouse.php,,Update InteractsWithMouse.php,
389,Update InteractsWithMouse.php,,Update InteractsWithMouse.php,
390,Merge branch '5.0',Conflicts: CHANGELOG.md composer.json,Merge branch '5.0',Conflicts: CHANGELOG.md composer.json
391,Update CHANGELOG.md,,Update CHANGELOG.md,
392,Merge pull request #726 from browner12/patch-1,[5.0] Fit content to <html> instead of <body>,Merge pull request #726 from browner12/patch-1,[5.0] Fit content to  instead of 
393,fit content to <html> instead of <body>,"most browsers apply a margin of 8px to the <body> tag automatically. it's very common for most CSS frameworks to ""normalize"" this to zero, which is why for most people the  size and the  size are the same. since it's not the case for everyone, we can use the  size here instead.",fit content to  instead of ,"most browsers apply a margin of 8px to the  tag automatically. it's very common for most CSS frameworks to ""normalize"" this to zero, which is why for most people the  size and the  size are the same. since it's not the case for everyone, we can use the  size here instead."
394,Merge pull request #725 from crynobone/caller-2,[5.x] Add ProvidesBrowser::getCallerName();,Merge pull request #725 from crynobone/caller-2,[5.x] Add ProvidesBrowser::getCallerName();
395,[5.x] Add ProvidesBrowser::getCallerName();,This would allow better support when we need to use laravel/dusk outside of PHPUnit\Framework\TestCase. Signed-off-by: Mior Muhammad Zaki crynobone@gmail.com,[5.x] Add ProvidesBrowser::getCallerName();,This would allow better support when we need to use laravel/dusk outside of PHPUnit\Framework\TestCase. Signed-off-by: Mior Muhammad Zaki crynobone@gmail.com
396,rename method,,rename method,
397,Merge pull request #723 from hivokas/patch-1,[5.0] Add InteractsWithMouse@clickByXPath,Merge pull request #723 from hivokas/patch-1,[5.0] Add InteractsWithMouse@clickByXPath
398,Update InteractsWithMouse.php,,Update InteractsWithMouse.php,
399,InteractsWithMouse@clickByXPath,,InteractsWithMouse@clickByXPath,
400,Update CHANGELOG.md,,Update CHANGELOG.md,
401,Merge pull request #721 from asbiin/update-jquery-version,Update jQuery file,Merge pull request #721 from asbiin/update-jquery-version,Update jQuery file
402,update jquery file,,update jquery file,
403,Merge pull request #720 from OndraM/patch-2,Rename php-webdriver package,Merge pull request #720 from OndraM/patch-2,Rename php-webdriver package
404,Rename php-webdriver package (fixes #718),,Rename php-webdriver package (fixes #718),
405,Merge pull request #717 from browner12/patch-1,[5.0] update fitContent(),Merge pull request #717 from browner12/patch-1,[5.0] update fitContent()
406,update fitContent(),"if the user is in an iframe when a failure occurs, fitContent() will grab the dimensions of the iframe body, not the root body that we actually want. this change makes sure we switch back to the default scope before resizing the browser to fit the content.",update fitContent(),"if the user is in an iframe when a failure occurs, fitContent() will grab the dimensions of the iframe body, not the root body that we actually want. this change makes sure we switch back to the default scope before resizing the browser to fit the content."
407,Merge branch '5.0',Conflicts: CHANGELOG.md,Merge branch '5.0',Conflicts: CHANGELOG.md
408,Update CHANGELOG.md,,Update CHANGELOG.md,
409,Apply fixes from StyleCI (#714),,Apply fixes from StyleCI (#714),
410,Merge pull request #713 from browner12/patch-1,[5.0] Cast boolean values to appropriate string,Merge pull request #713 from browner12/patch-1,[5.0] Cast boolean values to appropriate string
411,Update InteractsWithElements.php,,Update InteractsWithElements.php,
412,Update InteractsWithElements.php,cast boolean value to their appropriate string integer value.,Update InteractsWithElements.php,cast boolean value to their appropriate string integer value.
413,Merge pull request #712 from iamgergo/5.0,[5.0] Add missing docblocks,Merge pull request #712 from iamgergo/5.0,[5.0] Add missing docblocks
414,Add missing docblocks,,Add missing docblocks,
415,Merge pull request #710 from browner12/resolve-order,[6.0] Update ElementResolver.php,Merge pull request #710 from browner12/resolve-order,[6.0] Update ElementResolver.php
416,Merge pull request #711 from browner12/patch-1,[5.0] use FQN,Merge pull request #711 from browner12/patch-1,[5.0] use FQN
417,use FQN,consistency,use FQN,consistency
418,Update ElementResolver.php,move the generic $field selector to the end of our firstOrFail priority list,Update ElementResolver.php,move the generic $field selector to the end of our firstOrFail priority list
419,Merge branch '5.0',Conflicts: CHANGELOG.md,Merge branch '5.0',Conflicts: CHANGELOG.md
420,Update CHANGELOG.md,,Update CHANGELOG.md,
421,Update CHANGELOG.md,,Update CHANGELOG.md,
422,Merge pull request #709 from browner12/patch-1,use FQN in docblock,Merge pull request #709 from browner12/patch-1,use FQN in docblock
423,use FQN in docblock,,use FQN in docblock,
424,formatting and rename method,,formatting and rename method,
425,formatting,,formatting,
426,Merge branch 'save-source' of https://github.com/browner12/dusk into browner12-save-source,,Merge branch 'save-source' of link into browner12-save-source,
427,Update Browser.php,,Update Browser.php,
428,Update docblock,,Update docblock,
429,add ability to store source from browser,,add ability to store source from browser,
430,Merge pull request #706 from SjorsO/5.0,"[5.x] add ""waitUntilMissingText""",Merge pull request #706 from SjorsO/5.0,"[5.x] add ""waitUntilMissingText"""
431,add waitUntilMissingText,,add waitUntilMissingText,
432,Update CHANGELOG.md,,Update CHANGELOG.md,
433,Merge pull request #704 from browner12/autofit,[5.0] automatically fit content on failures,Merge pull request #704 from browner12/autofit,[5.0] automatically fit content on failures
434,Update Browser.php,,Update Browser.php,
435,styling,,styling,
436,automatically fit content on failures,this will automatically resize the browser to fit the content before taking screenshots on failures.,automatically fit content on failures,this will automatically resize the browser to fit the content before taking screenshots on failures.
437,Merge branch '5.0',,Merge branch '5.0',
438,Merge pull request #703 from laravel/php74,[5.x] Test on PHP 7.4,Merge pull request #703 from laravel/php74,[5.x] Test on PHP 7.4
439,Test on PHP 7.4,,Test on PHP 7.4,
440,Merge pull request #702 from iamgergo/5.0,"[5.0] Fix docs, import sorting in stubs",Merge pull request #702 from iamgergo/5.0,"[5.0] Fix docs, import sorting in stubs"
441,"docs, import sorting",,"docs, import sorting",
442,Merge branch '5.0',Conflicts: CHANGELOG.md composer.json,Merge branch '5.0',Conflicts: CHANGELOG.md composer.json
443,Update CHANGELOG.md,,Update CHANGELOG.md,
444,Merge pull request #699 from GrahamCampbell/upgrade,[5.x] Support phpdotenv v4,Merge pull request #699 from GrahamCampbell/upgrade,[5.x] Support phpdotenv v4
445,Support phpdotenv v4,,Support phpdotenv v4,
446,Merge pull request #697 from mbardelmeijer/patch-4,[5.x] scrollTo: add support for selectors with quotes,Merge pull request #697 from mbardelmeijer/patch-4,[5.x] scrollTo: add support for selectors with quotes
447,scrollTo: add support for selectors with quotes,,scrollTo: add support for selectors with quotes,
448,Update CHANGELOG.md,,Update CHANGELOG.md,
449,Merge pull request #696 from carusogabriel/feature/symfony-5,[5.x] Allow Symfony 5.x,Merge pull request #696 from carusogabriel/feature/symfony-5,[5.x] Allow Symfony 5.x
450,[5.x] Allow Symfony 5.x,,[5.x] Allow Symfony 5.x,
451,Merge branch '5.0',,Merge branch '5.0',
452,Update link,,Update link,
453,Merge branch '5.0',,Merge branch '5.0',
454,Remove emoji,,Remove emoji,
455,Merge branch '5.0',,Merge branch '5.0',
456,Add extra issue links,,Add extra issue links,
457,Update github templates and default files,,Update github templates and default files,
458,Merge pull request #693 from JunaidQadirB/patch-1,Escape single quotes,Merge pull request #693 from JunaidQadirB/patch-1,Escape single quotes
459,Update InteractsWithElements.php,,Update InteractsWithElements.php,
460,Escape single quotes ,"Note: This might be a rare use-case but it does break when someone passes single quote in the string. The value function does not escape the contents of  $value variable as a result if someone passes a string even with a escaped single quote, the code breaks because value is assigned using single quotes  on line 68 argument passed to executeScript, ""document.querySelector('{$selector}').value = '{$value}';"" php $browser->value('myField', ""Field\'s Name""); Current output of the script: js document.querySelector('myField').value = 'Field's Name'; Expected output of the script: js document.querySelector('{$selector}').value = 'Field\'s Name';"" Fixes #312",Escape single quotes ,"Note: This might be a rare use-case but it does break when someone passes single quote in the string. The value function does not escape the contents of  $value variable as a result if someone passes a string even with a escaped single quote, the code breaks because value is assigned using single quotes  on line 68 argument passed to executeScript, ""document.querySelector('{$selector}').value = '{$value}';"" php $browser->value('myField', ""Field\'s Name""); Current output of the script: js document.querySelector('myField').value = 'Field's Name'; Expected output of the script: js document.querySelector('{$selector}').value = 'Field\'s Name';"" Fixes #312"
461,Merge branch '5.0',Conflicts: CHANGELOG.md,Merge branch '5.0',Conflicts: CHANGELOG.md
462,Update CHANGELOG.md,,Update CHANGELOG.md,
463,Merge pull request #692 from laravel/pcntl-update,[5.x] Prevent using pcntl when not installed,Merge pull request #692 from laravel/pcntl-update,[5.x] Prevent using pcntl when not installed
464,Prevent using pcntl when not installed,,Prevent using pcntl when not installed,
465,Merge pull request #691 from petermein/5.0,Added missing return statement in withDuskEnvironment,Merge pull request #691 from petermein/5.0,Added missing return statement in withDuskEnvironment
466,Added missing return statement in withDuskEnvironment,,Added missing return statement in withDuskEnvironment,
467,Merge branch '5.0',,Merge branch '5.0',
468,Merge pull request #687 from GrahamCampbell/patch-1,[5.0] Update .styleci.yml,Merge pull request #687 from GrahamCampbell/patch-1,[5.0] Update .styleci.yml
469,Update .styleci.yml,,Update .styleci.yml,
470,Merge pull request #686 from laravel/update-scroll-to,[5.x] Ensure jQuery for scrollTo,Merge pull request #686 from laravel/update-scroll-to,[5.x] Ensure jQuery for scrollTo
471,Ensure jQuery for scrollTo,,Ensure jQuery for scrollTo,
472,Merge branch '5.0',Conflicts: CHANGELOG.md,Merge branch '5.0',Conflicts: CHANGELOG.md
473,Update CHANGELOG.md,,Update CHANGELOG.md,
474,Merge pull request #684 from mbardelmeijer/feature/scroll-to,Add scrollTo method,Merge pull request #684 from mbardelmeijer/feature/scroll-to,Add scrollTo method
475,Format selector,,Format selector,
476,Use jQuery implementation as previous is not blocking,,Use jQuery implementation as previous is not blocking,
477,Add scrollTo method,,Add scrollTo method,
478,formatting,,formatting,
479,formatting,,formatting,
480,Use async signals instead of declare ticks,,Use async signals instead of declare ticks,
481,Use constant for SIGINT instead of magic variable,,Use constant for SIGINT instead of magic variable,
482,Require pcntl extension in composer.json,,Require pcntl extension in composer.json,
483,Update DuskCommand.php,,Update DuskCommand.php,
484,Codestyle,,Codestyle,
485,Add graceful handler for SIGINT,,Add graceful handler for SIGINT,
486,Update CHANGELOG.md,,Update CHANGELOG.md,
487,Merge branch '5.0',Conflicts: CHANGELOG.md,Merge branch '5.0',Conflicts: CHANGELOG.md
488,Update CHANGELOG.md,,Update CHANGELOG.md,
489,Merge pull request #677 from staudenmeir/chromedriver,[5.5] Improve detection of latest stable ChromeDriver release,Merge pull request #677 from staudenmeir/chromedriver,[5.5] Improve detection of latest stable ChromeDriver release
490,Improve detection of latest stable ChromeDriver release,,Improve detection of latest stable ChromeDriver release,
491,Merge branch '5.0',Conflicts: CHANGELOG.md,Merge branch '5.0',Conflicts: CHANGELOG.md
492,Update CHANGELOG.md,,Update CHANGELOG.md,
493,Merge pull request #674 from kandarp26/patch-1,Update regular expression base on website changes,Merge pull request #674 from kandarp26/patch-1,Update regular expression base on website changes
494,Update regular expression base on website changes ,Some markup is updated on http://chromedriver.chromium.org/home website. which break this function  ErrorException  : Undefined offset: 1,Update regular expression base on website changes ,Some markup is updated on link website. which break this function  ErrorException  : Undefined offset: 1
495,Merge branch '5.0',,Merge branch '5.0',
496,Apply fixes from StyleCI (#670),,Apply fixes from StyleCI (#670),
497,Order imports alphabetically,,Order imports alphabetically,
498,Drop support for deprecated Carbon v1,,Drop support for deprecated Carbon v1,
499,Update CHANGELOG.md,,Update CHANGELOG.md,
500,Bump Symfony dependencies,,Bump Symfony dependencies,
501,Drop support for PHP 7.1,,Drop support for PHP 7.1,
502,Drop support for Laravel 5.8,,Drop support for Laravel 5.8,
503,Merge branch '5.0',Conflicts: composer.json,Merge branch '5.0',Conflicts: composer.json
504,Merge pull request #668 from driesvints/prepare-for-release,[5.0] Prepare for 6.0 release,Merge pull request #668 from driesvints/prepare-for-release,[5.0] Prepare for 6.0 release
505,Prepare for 6.0 release,,Prepare for 6.0 release,
506,Merge branch '5.0',Conflicts: CHANGELOG.md,Merge branch '5.0',Conflicts: CHANGELOG.md
507,Update CHANGELOG.md,,Update CHANGELOG.md,
508,Merge pull request #662 from SjorsO/screenshots-in-subdir,[5.0] Allow saving screenshots in a subdirectory,Merge pull request #662 from SjorsO/screenshots-in-subdir,[5.0] Allow saving screenshots in a subdirectory
509,Update Browser.php,,Update Browser.php,
510,allow saving screenshots in a subdirectory,,allow saving screenshots in a subdirectory,
511,Merge branch '5.0',,Merge branch '5.0',
512,Rename readme.md to README.md,,Rename readme.md to README.md,
513,Update changelog,,Update changelog,
514,Remove 5.7 from Travis,,Remove 5.7 from Travis,
515,Drop 5.7 support,,Drop 5.7 support,
516,Merge branch '5.0',,Merge branch '5.0',
517,Update composer.json,,Update composer.json,
518,Merge pull request #661 from SjorsO/5.0,Add assertion to check if a button is disabled,Merge pull request #661 from SjorsO/5.0,Add assertion to check if a button is disabled
519,Update tests/MakesAssertionsTest.php,Co-Authored-By: Jonas Staudenmeir mail@jonas-staudenmeir.de,Update tests/MakesAssertionsTest.php,Co-Authored-By: Jonas Staudenmeir mail@jonas-staudenmeir.de
520,Update tests/MakesAssertionsTest.php,Co-Authored-By: Jonas Staudenmeir mail@jonas-staudenmeir.de,Update tests/MakesAssertionsTest.php,Co-Authored-By: Jonas Staudenmeir mail@jonas-staudenmeir.de
521,rename assertion to be more consistent with others,,rename assertion to be more consistent with others,
522,assert more specific exception,,assert more specific exception,
523,add assertion to check if a button is enabled,,add assertion to check if a button is enabled,
524,Merge branch '5.0',,Merge branch '5.0',
525,Update CHANGELOG.md,,Update CHANGELOG.md,
526,formatting,,formatting,
527,Declare function argument type,,Declare function argument type,
528,Add @param to getUrl(),,Add @param to getUrl(),
529,Merge branch 'add-proxy-support' of https://github.com/aand18/dusk into add-proxy-support,,Merge branch 'add-proxy-support' of link into add-proxy-support,
530,Update src/Console/InstallCommand.php,Co-Authored-By: Jonas Staudenmeir mail@jonas-staudenmeir.de,Update src/Console/InstallCommand.php,Co-Authored-By: Jonas Staudenmeir mail@jonas-staudenmeir.de
531,Update src/Console/InstallCommand.php,Co-Authored-By: Jonas Staudenmeir mail@jonas-staudenmeir.de,Update src/Console/InstallCommand.php,Co-Authored-By: Jonas Staudenmeir mail@jonas-staudenmeir.de
532,Rename function,,Rename function,
533,Merge branch 'add-proxy-support' of https://github.com/aand18/dusk into add-proxy-support,,Merge branch 'add-proxy-support' of link into add-proxy-support,
534,Update src/Console/ChromeDriverCommand.php,Co-Authored-By: Jonas Staudenmeir mail@jonas-staudenmeir.de,Update src/Console/ChromeDriverCommand.php,Co-Authored-By: Jonas Staudenmeir mail@jonas-staudenmeir.de
535,Fix function name,,Fix function name,
536,Fix StyleCI issues,,Fix StyleCI issues,
537,Fix StyleCI issues,,Fix StyleCI issues,
538,Add proxy support to the 'install' command,"Currently 'php artisan dusk:install' fails if you are behind a proxy. This commit adds two new options:  --proxy= - e.g. ""--proxy=tcp://127.0.0.1:9000"" - is passed to file_get_contents() via stream context  --ssl-no-verify - skips SSL certificate verification; useful when the proxy replaces the original SSL certificate with it's own for HTTPS traffic inspection",Add proxy support to the 'install' command,"Currently 'php artisan dusk:install' fails if you are behind a proxy. This commit adds two new options:  --proxy= - e.g. ""--proxy=tcp://127.0.0.1:9000"" - is passed to file_get_contents() via stream context  --ssl-no-verify - skips SSL certificate verification; useful when the proxy replaces the original SSL certificate with it's own for HTTPS traffic inspection"
539,Update CHANGELOG.md,,Update CHANGELOG.md,
540,rename method,,rename method,
541,formatting,,formatting,
542,add option to fullsize the browser,this will calculate the size of the <body> and resize the browser to fit match it.,add option to fullsize the browser,this will calculate the size of the  and resize the browser to fit match it.
543,Update CHANGELOG.md,,Update CHANGELOG.md,
544,Merge pull request #654 from marcusmyers/add-latest-version-of-facebook-webdriver,[5.0] Add latest version of Facebook Webdriver,Merge pull request #654 from marcusmyers/add-latest-version-of-facebook-webdriver,[5.0] Add latest version of Facebook Webdriver
545,Add latest version of facebook WebDriver,"Due to the latest version of the Chromedriver using W3C protocol by default, this commit requires the latest version of facebook/webdriver. The latest version forces the Chromedriver to not use the W3C protocol by default. This commit will fix issue #651.",Add latest version of facebook WebDriver,"Due to the latest version of the Chromedriver using W3C protocol by default, this commit requires the latest version of facebook/webdriver. The latest version forces the Chromedriver to not use the W3C protocol by default. This commit will fix issue #651."
546,Update changelog,,Update changelog,
547,Merge pull request #644 from staudenmeir/chromedriver,[5.0] Adjust ChromeDriver command to beta releases,Merge pull request #644 from staudenmeir/chromedriver,[5.0] Adjust ChromeDriver command to beta releases
548,Adjust ChromeDriver command to beta releases,,Adjust ChromeDriver command to beta releases,
549,Merge branch '5.0',,Merge branch '5.0',
550,Add .styleci.yml to .gitattributes,,Add .styleci.yml to .gitattributes,
551,Add package url,,Add package url,
552,Add copyright,,Add copyright,
553,Update LICENSE.md,,Update LICENSE.md,
554,formatting,,formatting,
555,Make sure all option is executed,,Make sure all option is executed,
556,Add ChromeDriver command,This command will allow users to update their chrome driver for their OS. It has a flag that will also allow users to update every binary if they want. I've added this to the install command so the driver is updated whenever the install command is run. This means we don't have to update the docs. I wrote this as an install command so we can remove the binaries in a future version of Dusk and always have them installed with this command. This will save having them to be packaged with the repo. It's also written in such a way that it only installs the binary for the current OS. Fixes https://github.com/laravel/dusk/issues/641,Add ChromeDriver command,This command will allow users to update their chrome driver for their OS. It has a flag that will also allow users to update every binary if they want. I've added this to the install command so the driver is updated whenever the install command is run. This means we don't have to update the docs. I wrote this as an install command so we can remove the binaries in a future version of Dusk and always have them installed with this command. This will save having them to be packaged with the repo. It's also written in such a way that it only installs the binary for the current OS. Fixes link
557,Remove unnecessary construct override,,Remove unnecessary construct override,
558,Cleanup toProcess method,,Cleanup toProcess method,
559,Merge pull request #642 from driesvints/update-js-checks,[5.0] Simplify JS config,Merge pull request #642 from driesvints/update-js-checks,[5.0] Simplify JS config
560,Simplify JS config,,Simplify JS config,
561,Merge branch '5.0',,Merge branch '5.0',
562,Apply fixes from StyleCI (#640),,Apply fixes from StyleCI (#640),
563,Add styleci config,,Add styleci config,
564,Merge branch '5.0',,Merge branch '5.0',
565,Add styleci config,,Add styleci config,
566,Simplify ignore,,Simplify ignore,
567,Update changelog,,Update changelog,
568,Merge pull request #638 from driesvints/fix-vue-contains-assertiosn,[5.0] Fix assertVueContains,Merge pull request #638 from driesvints/fix-vue-contains-assertiosn,[5.0] Fix assertVueContains
569,Fix assertVueContains,This fixes the assertVueContains and assertVueDoesNotContain methods to properly check for an array and what it contains instead of checking for a string. This got broken in https://github.com/laravel/dusk/commit/1985616f82b702f29f9a302657e6bf3f65c5e8de Fixes https://github.com/laravel/dusk/issues/637,Fix assertVueContains,This fixes the assertVueContains and assertVueDoesNotContain methods to properly check for an array and what it contains instead of checking for a string. This got broken in link Fixes link
570,Update gitattributes,,Update gitattributes,
571,Add Github templates,,Add Github templates,
572,Merge branch '5.0',,Merge branch '5.0',
573,Replace helper,,Replace helper,
574,Matrix build,,Matrix build,
575,Bump min phpunit version,,Bump min phpunit version,
576,Update changelog,,Update changelog,
577,Merge branch '5.0',,Merge branch '5.0',
578,Update changelog,,Update changelog,
579,Merge pull request #625 from staudenmeir/page-assert,[5.0] Fix with() and page assertions,Merge pull request #625 from staudenmeir/page-assert,[5.0] Fix with() and page assertions
580,Fix with() and page assertions,,Fix with() and page assertions,
581,Merge pull request #620 from mnabialek/5.0-phpunit-8,Avoid deprecation messages on PHPUnit 8,Merge pull request #620 from mnabialek/5.0-phpunit-8,Avoid deprecation messages on PHPUnit 8
582,"Revert ""Use proper PHPUnit assertions""",This reverts commit d48f9905b895c9ac252b1a855d843de2d0878b15.,"Revert ""Use proper PHPUnit assertions""",This reverts commit d48f9905b895c9ac252b1a855d843de2d0878b15.
583,Use proper PHPUnit assertions,,Use proper PHPUnit assertions,
584,Avoid deprecation messages on PHPUnit 8,,Avoid deprecation messages on PHPUnit 8,
585,Merge pull request #617 from staudenmeir/cookie,[5.0] Fix cookies with falsey values,Merge pull request #617 from staudenmeir/cookie,[5.0] Fix cookies with falsey values
586,Fix cookies with falsey values,,Fix cookies with falsey values,
587,Update branch-alias,,Update branch-alias,
588,Update changelog,,Update changelog,
589,Fix installation broken Dotenv on Laravel 5.8,Dotenv on Laravel 5.8 was bumped to a new version which changes the bootstrap process. This BC fix allows for both installs to be used. Fixes https://github.com/laravel/dusk/issues/614,Fix installation broken Dotenv on Laravel 5.8,Dotenv on Laravel 5.8 was bumped to a new version which changes the bootstrap process. This BC fix allows for both installs to be used. Fixes link
590,Add missing dependencies,,Add missing dependencies,
591,formatting,,formatting,
592,Ensure the DISPLAY variable is set when the env variable is empty,,Ensure the DISPLAY variable is set when the env variable is empty,
593,Use custom DISPLAY variable when set on Linux,"Use case: running Dusk on a server environment and using X11 forwarding via SSH to take a peek in the browser running the actions. This is particularity useful in combination with the https://github.com/nunomaduro/laravel-console-dusk package. We automate specific browser actions on the server side and it's handy to see why it's failing on the server (for instance, we ran into issues because the user agent of the headless browser was different). Am not aware of any side effects but happy to hear some thoughts about this.",Use custom DISPLAY variable when set on Linux,"Use case: running Dusk on a server environment and using X11 forwarding via SSH to take a peek in the browser running the actions. This is particularity useful in combination with the link package. We automate specific browser actions on the server side and it's handy to see why it's failing on the server (for instance, we ran into issues because the user agent of the headless browser was different). Am not aware of any side effects but happy to hear some thoughts about this."
594,Update changelog,,Update changelog,
595,formatting,,formatting,
596,fix #609: added support for 'phpunit.dusk.xml.dist',,fix #609: added support for 'phpunit.dusk.xml.dist',
597,Update UPGRADE.md,,Update UPGRADE.md,
598,Update upgrade guide,,Update upgrade guide,
599,Update changelog,,Update changelog,
600,Add Laravel 5.8 support,,Add Laravel 5.8 support,
601,Use same method visibilities as parent,,Use same method visibilities as parent,
602,Update changelog,,Update changelog,
603,Prefer stable dependencies,,Prefer stable dependencies,
604,Replace array and string helpers,,Replace array and string helpers,
605,Add upgrade guide,,Add upgrade guide,
606,Update changelog,,Update changelog,
607,Update dependencies,,Update dependencies,
608,Support Carbon 2,,Support Carbon 2,
609,Support PHPUnit 8,,Support PHPUnit 8,
610,Sort packages,,Sort packages,
611,Update minimum Laravel version,,Update minimum Laravel version,
612,Use FQN,,Use FQN,
613,Merge branch '4.0',,Merge branch '4.0',
614,Cleanup gitignore,,Cleanup gitignore,
615,Merge branch '4.0',,Merge branch '4.0',
616,Merge pull request #605 from chanaksha/4.0,[4.0] Fixes Support invocation of dusk testcases through phpdbg #530,Merge pull request #605 from chanaksha/4.0,[4.0] Fixes Support invocation of dusk testcases through phpdbg #530
617,Fixes Support invocation of dusk testcases through phpdbg #530,,Fixes Support invocation of dusk testcases through phpdbg #530,
618,Merge branch '4.0',,Merge branch '4.0',
619,formatting,,formatting,
620,Fix assertQueryStringHas method when the query parameters contain an array.,,Fix assertQueryStringHas method when the query parameters contain an array.,
621,Update branch-alias,,Update branch-alias,
622,Fix branch-alias,,Fix branch-alias,
623,Merge pull request #598 from kapi2289/wait-until-vue,[5.0] Added waitUntilVue and waitUntilVueIsNot,Merge pull request #598 from kapi2289/wait-until-vue,[5.0] Added waitUntilVue and waitUntilVueIsNot
624,Added waitUntilVue and waitUntilVueIsNot,,Added waitUntilVue and waitUntilVueIsNot,
625,Update .editorconfig,,Update .editorconfig,
626,Merge branch '4.0',,Merge branch '4.0',
627,Rename .editerconfig to .editorconfig,,Rename .editerconfig to .editorconfig,
628,Merge pull request #591 from driesvints/update-chromedriver,[4.0] Update Chromedriver,Merge pull request #591 from driesvints/update-chromedriver,[4.0] Update Chromedriver
629,Fix failing build,,Fix failing build,
630,Update Chromedriver,,Update Chromedriver,
631,Add hyperlink to changelog version number,,Add hyperlink to changelog version number,
632,Merge branch '4.0',,Merge branch '4.0',
633,Add .editorconfig,,Add .editorconfig,
634,Update .gitattributes,,Update .gitattributes,
635,Merge pull request #590 from driesvints/fix-multiple-select-bug,[4.0] Fix a big with asserting multiple selected options,Merge pull request #590 from driesvints/fix-multiple-select-bug,[4.0] Fix a big with asserting multiple selected options
636,Fix a big with asserting multiple selected options,When testing a multiple select it wasn't possible asserting multiple options. Fixes https://github.com/laravel/dusk/issues/317,Fix a big with asserting multiple selected options,When testing a multiple select it wasn't possible asserting multiple options. Fixes link
637,Update branch-alias,,Update branch-alias,
638,Merge pull request #589 from dkulyk/checkbox_without_name,Allowed to check checkboxes without the name attribute.,Merge pull request #589 from dkulyk/checkbox_without_name,Allowed to check checkboxes without the name attribute.
639,Allowed to check checkboxes without the name attribute.,,Allowed to check checkboxes without the name attribute.,
640,Merge pull request #587 from driesvints/unify-namespaces,[4.0] Unify test namespaces,Merge pull request #587 from driesvints/unify-namespaces,[4.0] Unify test namespaces
641,Unify namespaces,,Unify namespaces,
642,Merge pull request #582 from derekmd/fix-waitfor-timeout-sprintf-error,[4.0] Fix TimeOutException sprintf() error,Merge pull request #582 from derekmd/fix-waitfor-timeout-sprintf-error,[4.0] Fix TimeOutException sprintf() error
643,Fix TimeOutException sprintf() error,"When an expected value contains a '%' character, waitFor*() timeouts cause an sprintf() error since this is consdered a parameter placeholder with a missing value.",Fix TimeOutException sprintf() error,"When an expected value contains a '%' character, waitFor*() timeouts cause an sprintf() error since this is consdered a parameter placeholder with a missing value."
644,Merge pull request #581 from laravel/test-7.3,[4.0] Test 7.3,Merge pull request #581 from laravel/test-7.3,[4.0] Test 7.3
645,Disable xdebug,,Disable xdebug,
646,Test against PHP 7.3,,Test against PHP 7.3,
647,Merge pull request #577 from staudenmeir/purge,[4.0] Check directories before purging files,Merge pull request #577 from staudenmeir/purge,[4.0] Check directories before purging files
648,Check directories before purging files,,Check directories before purging files,
649,Merge pull request #567 from browner12/patch-1,[4.0] update dusk test case stub,Merge pull request #567 from browner12/patch-1,[4.0] update dusk test case stub
650,update dusk test case stub,add a default window size,update dusk test case stub,add a default window size
651,add fails command,,add fails command,
652,Merge pull request #559 from browner12/patch-1,add missing period,Merge pull request #559 from browner12/patch-1,add missing period
653,add missing period,,add missing period,
654,Merge pull request #555 from browner12/url-assertions,"[4.0] add assertions for url scheme, host, and port",Merge pull request #555 from browner12/url-assertions,"[4.0] add assertions for url scheme, host, and port"
655,add assertions for url host and port," add new method assertSchemeIsNot() to assert the scheme portion of a URL is not a specific value add new method assertHostIs() to assert the host portion of a URL is a specific value add new method assertHostIsNot() to assert the host portion of a URL is not a specific value add new method assertPortIs() to assert the port portion of a URL is a specific value add new method assertPortIsNot() to assert the port portion of a URL is not a specific value add tests for all new methods when using the parse_url function, pass through the 'component' parameter, rather than accessing via an array key. this allows us to use constants, and not unnecessarily retrieve info we don't need. some code cleanup for consistency, and removing some temporary variables.",add assertions for url host and port,"add new method assertSchemeIsNot() to assert the scheme portion of a URL is not a specific value add new method assertHostIs() to assert the host portion of a URL is a specific value add new method assertHostIsNot() to assert the host portion of a URL is not a specific value add new method assertPortIs() to assert the port portion of a URL is a specific value add new method assertPortIsNot() to assert the port portion of a URL is not a specific value add tests for all new methods when using the parse_url function, pass through the 'component' parameter, rather than accessing via an array key. this allows us to use constants, and not unnecessarily retrieve info we don't need. some code cleanup for consistency, and removing some temporary variables."
656,Merge pull request #553 from browner12/assertions,[4.1] Assertions Cleanup,Merge pull request #553 from browner12/assertions,[4.1] Assertions Cleanup
657,update assertions," create new MakesUrlAssertions trait and pull out all of the URL assertions into this file, and remove them from MakesAssertions use the new trait in the Browser add new assertSchemeIs() method to MakesUrlAssertions to check the scheme of the URL separate assertions tests into new MakesUrlAssertionsTest and pull out all the URL assertions tests from MakesAssertionsTest add test for new assertSchemeIs() method",update assertions,"create new MakesUrlAssertions trait and pull out all of the URL assertions into this file, and remove them from MakesAssertions use the new trait in the Browser add new assertSchemeIs() method to MakesUrlAssertions to check the scheme of the URL separate assertions tests into new MakesUrlAssertionsTest and pull out all the URL assertions tests from MakesAssertionsTest add test for new assertSchemeIs() method"
658,Merge pull request #551 from browner12/patch-1,use HTTPS links where appropriate,Merge pull request #551 from browner12/patch-1,use HTTPS links where appropriate
659,use HTTPS links where appropriate,"this link redirect to an HTTPS site, so let's just send it directly there",use HTTPS links where appropriate,"this link redirect to an HTTPS site, so let's just send it directly there"
660,formatting,,formatting,
661,Update WaitsForElements.php,"Allow the passing of an array or text since the underlying Str:contains call will take an array or string and will check for any of those text values. This allows a test to wait until any of the supplied text is visible. Example w/ Multiples: $browser->waitForText(['Success', 'Failure']); Output: Waited 5 seconds for text ['Success', 'Failure']. Example w/ single: $browser->waitForText('Success'); Output: Waited 5 seconds for text ['Success'].",Update WaitsForElements.php,"Allow the passing of an array or text since the underlying Str:contains call will take an array or string and will check for any of those text values. This allows a test to wait until any of the supplied text is visible. Example w/ Multiples: $browser->waitForText(['Success', 'Failure']); Output: Waited 5 seconds for text ['Success', 'Failure']. Example w/ single: $browser->waitForText('Success'); Output: Waited 5 seconds for text ['Success']."
662,fix order,,fix order,
663,Merge pull request #549 from Wol/positionfix,Added 'move' to Browser to allow multiple browser windows to be positioned,Merge pull request #549 from Wol/positionfix,Added 'move' to Browser to allow multiple browser windows to be positioned
664,Added 'move' to Browser to allow multiple browser windows to be placed on the screen in a particular order,,Added 'move' to Browser to allow multiple browser windows to be placed on the screen in a particular order,
665,Update CHANGELOG.md,,Update CHANGELOG.md,
666,Merge pull request #546 from derekmd/dont-serialize-cookies,[4.0] Don't serialize cookies when encrypting,Merge pull request #546 from derekmd/dont-serialize-cookies,[4.0] Don't serialize cookies when encrypting
667,Merge branch '3.0',,Merge branch '3.0',
668,Don't serialize cookies when encrypted,laravel/framework >= 5.6.33 by default no longer calls serialize() & unserialize() on encrypted cookies.,Don't serialize cookies when encrypted,laravel/framework >= 5.6.33 by default no longer calls serialize() & unserialize() on encrypted cookies.
669,formatting,,formatting,
670,add withinFrame,,add withinFrame,
671,add frame() method,"user can call the method, and pass a selector for a specific frame so they can interact with it. if you pass no selector, it will switch back to the default frame.",add frame() method,"user can call the method, and pass a selector for a specific frame so they can interact with it. if you pass no selector, it will switch back to the default frame."
672,formatting,,formatting,
673,Additional assertion methods added for plain cookies.,,Additional assertion methods added for plain cookies.,
674,Merge pull request #536 from browner12/missing-throws,add missing @throws to docblocks,Merge pull request #536 from browner12/missing-throws,add missing @throws to docblocks
675,add missing @throws to docblocks,additionally update to a FQN for an existing @throws line.,add missing @throws to docblocks,additionally update to a FQN for an existing @throws line.
676,Merge pull request #533 from browner12/wait-for-route,[3.0] Fix waitForRoute(),Merge pull request #533 from browner12/wait-for-route,[3.0] Fix waitForRoute()
677,Merge pull request #534 from browner12/error-messages,add better error messages,Merge pull request #534 from browner12/error-messages,add better error messages
678,Merge pull request #535 from browner12/spelling,fix spelling errors,Merge pull request #535 from browner12/spelling,fix spelling errors
679,fix spelling errors,,fix spelling errors,
680,add better error messages, add custom error message for waitForLink() add custom error message for waitForLocation() pass a custom error message to waitUntil(),add better error messages,add custom error message for waitForLink() add custom error message for waitForLocation() pass a custom error message to waitUntil()
681,remove extra line break,,remove extra line break,
682,fix waitForRoute method,"pass false as the third parameter of waitForRoute() so it returns only the path info of the route, and not the absolute URL. we are comparing it to window.location.pathname which also only returns the path. also add some tests",fix waitForRoute method,"pass false as the third parameter of waitForRoute() so it returns only the path info of the route, and not the absolute URL. we are comparing it to window.location.pathname which also only returns the path. also add some tests"
683,Merge pull request #532 from danmichaelo/visible-links,Make clickLink() only select visible elements,Merge pull request #532 from danmichaelo/visible-links,Make clickLink() only select visible elements
684,Make clickLink() only select visible elements,,Make clickLink() only select visible elements,
685,fixes,,fixes,
686,Merge branch '3.0-allow-to-use-env' of https://github.com/mnabialek/dusk into mnabialek-3.0-allow-to-use-env,,Merge branch '3.0-allow-to-use-env' of link into mnabialek-3.0-allow-to-use-env,
687,Merge pull request #528 from crhg/update-facebook-webdriver-version,Update the requested facebook/webdriver version to 1.3,Merge pull request #528 from crhg/update-facebook-webdriver-version,Update the requested facebook/webdriver version to 1.3
688,Update the requested facebook/webdriver version to 1.3,,Update the requested facebook/webdriver version to 1.3,
689,Merge pull request #527 from Webparking/3.0,Fixed Browser#visit docblock to include Page,Merge pull request #527 from Webparking/3.0,Fixed Browser#visit docblock to include Page
690,fixed Browser#visit dockblock to include Page,,fixed Browser#visit dockblock to include Page,
691,Allow to use --env from command line,,Allow to use --env from command line,
692,formatting,,formatting,
693,Merge branch 'features/support-passing-arguments-to-chromedriver' of https://github.com/TomzxForks/dusk into TomzxForks-features/support-passing-arguments-to-chromedriver,,Merge branch 'features/support-passing-arguments-to-chromedriver' of link into TomzxForks-features/support-passing-arguments-to-chromedriver,
694,Merge branch '3.0',,Merge branch '3.0',
695,Merge pull request #522 from TomzxForks/fixes/tests-on-windows,Fix tests when running on Windows.,Merge pull request #522 from TomzxForks/fixes/tests-on-windows,Fix tests when running on Windows.
696,Fix tests when running on Windows.,"As the current logic in ChromeProcess::toProcess is to check if we're on Windows first, and the method not being overridden in ChromeProcessDarwin and ChromeProcessLinux, the onWindows method will true. The fix in this case is simply to override onWindows for both classes so it returns false.",Fix tests when running on Windows.,"As the current logic in ChromeProcess::toProcess is to check if we're on Windows first, and the method not being overridden in ChromeProcessDarwin and ChromeProcessLinux, the onWindows method will true. The fix in this case is simply to override onWindows for both classes so it returns false."
697,Add support for passing arguments to the chromedriver process.,,Add support for passing arguments to the chromedriver process.,
698,Merge pull request #520 from avrahamappel/patch-1,fix user phpDoc,Merge pull request #520 from avrahamappel/patch-1,fix user phpDoc
699,fix user phpDoc,"Hi, I noticed the following: the phpDoc for the user method claims that the method is supposed to return a Closure. However, on line 32 this method call is itself wrapped in a closure, which means that when Browser::$userResolver is actually called, it will return an instance of Closure instead of a user, and it will not be able to login successfully, throwing an ErrorException: Object of class Closure could not be converted to string. I changed the phpDoc signature for this method, so when someone wants to override it in their project, they won't get confused. The other option of course would be to remove the closure from the setUp method, but I didn't think it prudent to muck around with actual functionality here.",fix user phpDoc,"Hi, I noticed the following: the phpDoc for the user method claims that the method is supposed to return a Closure. However, on line 32 this method call is itself wrapped in a closure, which means that when Browser::$userResolver is actually called, it will return an instance of Closure instead of a user, and it will not be able to login successfully, throwing an ErrorException: Object of class Closure could not be converted to string. I changed the phpDoc signature for this method, so when someone wants to override it in their project, they won't get confused. The other option of course would be to remove the closure from the setUp method, but I didn't think it prudent to muck around with actual functionality here."
700,Merge pull request #517 from jk3us/patch-2,select() excludes disabled options,Merge pull request #517 from jk3us/patch-2,select() excludes disabled options
701,select() excludes disabled options,Disregard any disabled s when selecting drop down options.,select() excludes disabled options,Disregard any disabled s when selecting drop down options.
702,Merge pull request #513 from staudenmeir/assertions,[3.0] Improve assertions and tests,Merge pull request #513 from staudenmeir/assertions,[3.0] Improve assertions and tests
703,Improve assertion tests,,Improve assertion tests,
704,Improve assertions,,Improve assertions,
705,Merge pull request #512 from avrahamappel/patch-1,Fix the page stub,Merge pull request #512 from avrahamappel/patch-1,Fix the page stub
706,Fix the page stub,"Hi, I submitted this pull request a couple weeks ago referencing Issue #496, but it seems that it was automatically rejected because I forgot to add a description. So here it is again. The stub as it is now extends Laravel\Dusk\Page instead of the abstract class Tests\Browser\Pages\Page included with a fresh installation of Dusk.  This means that any custom shortcuts defined in Tests\Browser\Pages\Page::siteElements() aren't available to tests. This has already broken one of my tests when I forgot to change the extends for a page.  So I'm submitting a PR changing the extends in this stub. Thanks for looking into this.",Fix the page stub,"Hi, I submitted this pull request a couple weeks ago referencing Issue #496, but it seems that it was automatically rejected because I forgot to add a description. So here it is again. The stub as it is now extends Laravel\Dusk\Page instead of the abstract class Tests\Browser\Pages\Page included with a fresh installation of Dusk.  This means that any custom shortcuts defined in Tests\Browser\Pages\Page::siteElements() aren't available to tests. This has already broken one of my tests when I forgot to change the extends for a page.  So I'm submitting a PR changing the extends in this stub. Thanks for looking into this."
707,Merge pull request #511 from staudenmeir/assert-present,Fix assertPresent() with PHP 7.2,Merge pull request #511 from staudenmeir/assert-present,Fix assertPresent() with PHP 7.2
708,Fix assertPresent() with PHP 7.2,,Fix assertPresent() with PHP 7.2,
709,ordering,,ordering,
710,Merge branch '3.0' of https://github.com/staudenmeir/dusk into staudenmeir-3.0,,Merge branch '3.0' of link into staudenmeir-3.0,
711,Merge pull request #506 from browner12/title-messages,Customize title assertion error messages,Merge pull request #506 from browner12/title-messages,Customize title assertion error messages
712,Update MakesAssertions.php,,Update MakesAssertions.php,
713,Merge pull request #507 from browner12/url-messages,Customize URL assertion error messages,Merge pull request #507 from browner12/url-messages,Customize URL assertion error messages
714,Merge pull request #508 from browner12/input-value-messages,Customize input value assertion error messages,Merge pull request #508 from browner12/input-value-messages,Customize input value assertion error messages
715,fix test,,fix test,
716,add custom assertion messages,and update the tests,add custom assertion messages,and update the tests
717,add custom message for title assertion,,add custom message for title assertion,
718,add custom error messages,,add custom error messages,
719,Add assertions,,Add assertions,
720,formatting,,formatting,
721,UserController getProvider guard,,UserController getProvider guard,
722,formatting,,formatting,
723,add waitForRoute method,this is a convenience method to use routes instead of URLs,add waitForRoute method,this is a convenience method to use routes instead of URLs
724,formatting,,formatting,
725,Use configured UserProvider instead of Eloquent to retrieve user instance,,Use configured UserProvider instead of Eloquent to retrieve user instance,
726,Merge pull request #487 from staudenmeir/3.0,Add assertion tests,Merge pull request #487 from staudenmeir/3.0,Add assertion tests
727,Add assertion tests,,Add assertion tests,
728,Merge pull request #477 from staudenmeir/3.0,Prevent breaking console and screenshot filenames and restore #472,Merge pull request #477 from staudenmeir/3.0,Prevent breaking console and screenshot filenames and restore #472
729,Add tests for screenshot and console filenames,,Add tests for screenshot and console filenames,
730,Prevent screenshot and console filename collisions,,Prevent screenshot and console filename collisions,
731,Prevent breaking filenames when using datasets,,Prevent breaking filenames when using datasets,
732,Merge pull request #476 from laravel/revert-472-3.0,"Revert ""Prevent screenshot and console filename collisions""",Merge pull request #476 from laravel/revert-472-3.0,"Revert ""Prevent screenshot and console filename collisions"""
733,"Revert ""Prevent screenshot and console filename collisions""",,"Revert ""Prevent screenshot and console filename collisions""",
734,Merge pull request #472 from staudenmeir/3.0,Prevent screenshot and console filename collisions,Merge pull request #472 from staudenmeir/3.0,Prevent screenshot and console filename collisions
735,Prevent screenshot and console filename collisions,,Prevent screenshot and console filename collisions,
736,Merge pull request #470 from staudenmeir/3.0,Fix PHPDoc and remove unused imports & parameters,Merge pull request #470 from staudenmeir/3.0,Fix PHPDoc and remove unused imports & parameters
737,Fix PHPDoc,,Fix PHPDoc,
738,Remove unused imports and parameters,,Remove unused imports and parameters,
739,Merge pull request #469 from themsaid/pr/10908,Update chrome binaries,Merge pull request #469 from themsaid/pr/10908,Update chrome binaries
740,update chrome binaries,,update chrome binaries,
741,Merge pull request #462 from staudenmeir/3.0,Add assertQueryStringHas() tests,Merge pull request #462 from staudenmeir/3.0,Add assertQueryStringHas() tests
742,Add assertQueryStringHas() tests,,Add assertQueryStringHas() tests,
743,Merge pull request #457 from staudenmeir/3.0,Revert fb67e61 and fix return type,Merge pull request #457 from staudenmeir/3.0,Revert fb67e61 and fix return type
744,Revert fb67e61 and fix return type,Fixes https://github.com/laravel/dusk/issues/455,Revert fb67e61 and fix return type,Fixes link
745,Merge pull request #453 from nesk/disable-safari-logs,Remove Safari from the browsers supporting remote logs,Merge pull request #453 from nesk/disable-safari-logs,Remove Safari from the browsers supporting remote logs
746,Remove Safari from the browsers supporting remote logs,,Remove Safari from the browsers supporting remote logs,
747,Merge branch '2.0' into 3.0,,Merge branch '2.0' into 3.0,
748,formatting,,formatting,
749,add new mouse actions,,add new mouse actions,
750,Merge branch '2.0' into 3.0,,Merge branch '2.0' into 3.0,
751,Fix bug with assertSelectHasOptions() and duplicate values,Fixes https://github.com/laravel/dusk/issues/447,Fix bug with assertSelectHasOptions() and duplicate values,Fixes link
752,use phpunit 7,,use phpunit 7,
753,Merge pull request #445 from helmut/patch-1,Fix return value,Merge pull request #445 from helmut/patch-1,Fix return value
754,Fix return value,Fixed typo forassertHasQueryStringParametermethod returning $output rather than $this.,Fix return value,Fixed typo forassertHasQueryStringParametermethod returning $output rather than $this.
755,Merge branch '2.0' into 3.0,,Merge branch '2.0' into 3.0,
756,Merge pull request #443 from crynobone/provides-browser,[2.0] Add missing import.,Merge pull request #443 from crynobone/provides-browser,[2.0] Add missing import.
757,[2.0] Add missing import.,Signed-off-by: Mior Muhammad Zaki crynobone@gmail.com,[2.0] Add missing import.,Signed-off-by: Mior Muhammad Zaki crynobone@gmail.com
758,Merge pull request #442 from crynobone/provides-browser,[2.0] Add Laravel\Dusk\Concerns\ProvidesBrowser,Merge pull request #442 from crynobone/provides-browser,[2.0] Add Laravel\Dusk\Concerns\ProvidesBrowser
759,[2.0] Add Laravel\Dusk\Concerns\ProvidesBrowser,"Extract reusable code from Laravel\Dusk\TestCase to make it easily for user to either build standalone browser tests suite to test local or external web application. For my case, I'm using similar class to allow me to run application tests on production environment right after doing server/database maintenance. Signed-off-by: Mior Muhammad Zaki crynobone@gmail.com",[2.0] Add Laravel\Dusk\Concerns\ProvidesBrowser,"Extract reusable code from Laravel\Dusk\TestCase to make it easily for user to either build standalone browser tests suite to test local or external web application. For my case, I'm using similar class to allow me to run application tests on production environment right after doing server/database maintenance. Signed-off-by: Mior Muhammad Zaki crynobone@gmail.com"
760,Merge pull request #441 from duncan3dc/chrome-process-test,Ensure the chrome driver binary can be started,Merge pull request #441 from duncan3dc/chrome-process-test,Ensure the chrome driver binary can be started
761,Ensure the chrome driver binary can be started,,Ensure the chrome driver binary can be started,
762,fix conflicts,,fix conflicts,
763,clean,,clean,
764,revert port,,revert port,
765,Merge branch '3.0' of github.com:laravel/dusk into 3.0,,Merge branch '3.0' of github.com:laravel/dusk into 3.0,
766,Merge branch '2.0' into 3.0,,Merge branch '2.0' into 3.0,
767,add assertUrlIs,,add assertUrlIs,
768,Merge pull request #433 from moxx/patch-1,Update MakesAssertions add present assert,Merge pull request #433 from moxx/patch-1,Update MakesAssertions add present assert
769,Update MakesAssertions.php,,Update MakesAssertions.php,
770,Update MakesAssertions add present assert,Add assertion for check is a possible hidden element present in DOM,Update MakesAssertions add present assert,Add assertion for check is a possible hidden element present in DOM
771,fix conflicts,,fix conflicts,
772,formatting and bug fixes,,formatting and bug fixes,
773,Allow tests to be run on an alternative port,,Allow tests to be run on an alternative port,
774,Allow the ChromeProcess port to be specified,,Allow the ChromeProcess port to be specified,
775,Merge branch '2.0' into 3.0,,Merge branch '2.0' into 3.0,
776,Merge pull request #431 from staudenmeir/2.0,Improve PHPDoc return types for IDEs,Merge pull request #431 from staudenmeir/2.0,Improve PHPDoc return types for IDEs
777,Improve PHPDoc return types for IDEs,,Improve PHPDoc return types for IDEs,
778,Merge branch '2.0' into 3.0,,Merge branch '2.0' into 3.0,
779,formatting,,formatting,
780,Merge branch '2.0' of https://github.com/staudenmeir/dusk into staudenmeir-2.0,,Merge branch '2.0' of link into staudenmeir-2.0,
781,Merge pull request #429 from carusogabriel/phpstan,[2.0] Missing type hinting,Merge pull request #429 from carusogabriel/phpstan,[2.0] Missing type hinting
782,Update InteractsWithAuthentication.php,,Update InteractsWithAuthentication.php,
783,Update InteractsWithAuthentication.php,,Update InteractsWithAuthentication.php,
784,[2.0] Missing type hinting,,[2.0] Missing type hinting,
785,Add methods for JavaScript dialog testing,,Add methods for JavaScript dialog testing,
786,fix merge,,fix merge,
787,update dusk command,,update dusk command,
788,clean,,clean,
789,update branch alias,,update branch alias,
790,Merge branch '2.0',,Merge branch '2.0',
791,Merge pull request #426 from enflow-nl/wsl,Run the Windows chrome driver for WSL,Merge pull request #426 from enflow-nl/wsl,Run the Windows chrome driver for WSL
792,Run the Windows chrome driver for WSL,,Run the Windows chrome driver for WSL,
793, remove php70 from travis,,remove php70 from travis,
794,Merge pull request #425 from crynobone/update-process,Replace ProcessBuilder with Process and remove redundant method.,Merge pull request #425 from crynobone/update-process,Replace ProcessBuilder with Process and remove redundant method.
795,Replace ProcessBuilder with Process and remove redundant method.,Signed-off-by: Mior Muhammad Zaki crynobone@gmail.com,Replace ProcessBuilder with Process and remove redundant method.,Signed-off-by: Mior Muhammad Zaki crynobone@gmail.com
796,update deps,,update deps,
797,formatting and spelling fixes,,formatting and spelling fixes,
798,Add asserts to validate URL fragments,,Add asserts to validate URL fragments,
799,Merge pull request #420 from CatoMinor/2.0,clickLink empowered to click on elements beyond ,Merge pull request #420 from CatoMinor/2.0,clickLink empowered to click on elements beyond 
800,Merge pull request #1 from CatoMinor/CatoMinor-patch-1,clickLink empowered to click on elements beyond ,Merge pull request #1 from CatoMinor/CatoMinor-patch-1,clickLink empowered to click on elements beyond 
801,clickLink empowered to click on elements beyond ,Enables clickLink to support clicking on text-containing 'link-like' elements that do not have an anchor tag (likely because of Javascript usage).,clickLink empowered to click on elements beyond ,Enables clickLink to support clicking on text-containing 'link-like' elements that do not have an anchor tag (likely because of Javascript usage).
802,Merge pull request #417 from carusogabriel/patch-1,Test against PHP 7.2,Merge pull request #417 from carusogabriel/patch-1,Test against PHP 7.2
803,Test against PHP 7.2,,Test against PHP 7.2,
804,Merge pull request #406 from gabriel-caruso/composer,[2.0] Updated dev dependencies in composer.json,Merge pull request #406 from gabriel-caruso/composer,[2.0] Updated dev dependencies in composer.json
805,Use beStrictAboutTestsThatDoNotTestAnything in phpunit.xml,,Use beStrictAboutTestsThatDoNotTestAnything in phpunit.xml,
806,Updated dependencies in composer.json,,Updated dependencies in composer.json,
807,Merge pull request #397 from Shonetow/patch-1,Add $ to match the end of a line,Merge pull request #397 from Shonetow/patch-1,Add $ to match the end of a line
808,Matches the end of a line,"Without the dollar sign, matching the /foo path will assert true for both /f and /foo Related issue: https://github.com/laravel/dusk/issues/386",Matches the end of a line,"Without the dollar sign, matching the /foo path will assert true for both /f and /foo Related issue: link"
809,Merge pull request #395 from themsaid/pr/13795,Update chrome binaries to 2.33,Merge pull request #395 from themsaid/pr/13795,Update chrome binaries to 2.33
810,update chrome binaries,,update chrome binaries,
811,formatting,,formatting,
812,Merge branch 'disable-tty5' of https://github.com/antonioribeiro/dusk into antonioribeiro-disable-tty5,,Merge branch 'disable-tty5' of link into antonioribeiro-disable-tty5,
813,Add option to disable direct tty output,,Add option to disable direct tty output,
814,Merge pull request #382 from calebporzio/2.0,Add helpful failure message to waitForReload,Merge pull request #382 from calebporzio/2.0,Add helpful failure message to waitForReload
815,Add helpful failure message to waitForReload,,Add helpful failure message to waitForReload,
816,formatting,,formatting,
817,Merge branch 'add-component-objects' of https://github.com/calebporzio/dusk into calebporzio-add-component-objects,,Merge branch 'add-component-objects' of link into calebporzio-add-component-objects,
818,formatting,,formatting,
819,Reverse order of parameters in vueAttribute() to match attribute(),,Reverse order of parameters in vueAttribute() to match attribute(),
820,Allow component selector to be specified as optional third parameter,,Allow component selector to be specified as optional third parameter,
821,Add assertions for attributes on Vue components,,Add assertions for attributes on Vue components,
822,Refactor out element alias conditionals,,Refactor out element alias conditionals,
823,"Add ""dusk:component"" command with stubs",,"Add ""dusk:component"" command with stubs",
824,Fix assertion problem,,Fix assertion problem,
825,Add Component objects,,Add Component objects,
826,Merge pull request #368 from alexbowers/2.0,Upgraded ChromeDriver to 2.32,Merge pull request #368 from alexbowers/2.0,Upgraded ChromeDriver to 2.32
827,Upgraded ChromeDriver to 2.32,,Upgraded ChromeDriver to 2.32,
828,Merge pull request #365 from deleugpn/revert-364-2.0,"Revert ""extend base .env values instead of redefining in .env.dusk.local""",Merge pull request #365 from deleugpn/revert-364-2.0,"Revert ""extend base .env values instead of redefining in .env.dusk.local"""
829,"Revert ""extend base .env values instead of redefining in .env.dusk.local""",,"Revert ""extend base .env values instead of redefining in .env.dusk.local""",
830,rename varibale,,rename varibale,
831,Merge branch 'add-global-wait-time' of https://github.com/calebporzio/dusk into calebporzio-add-global-wait-time,,Merge branch 'add-global-wait-time' of link into calebporzio-add-global-wait-time,
832,Merge pull request #364 from austenc/2.0,extend base .env values instead of redefining in .env.dusk.local,Merge pull request #364 from austenc/2.0,extend base .env values instead of redefining in .env.dusk.local
833,Update DuskCommand.php,,Update DuskCommand.php,
834,extend base .env values instead of redefining in .env.dusk.local,,extend base .env values instead of redefining in .env.dusk.local,
835,Merge branch '2.0' into add-global-wait-time,,Merge branch '2.0' into add-global-wait-time,
836,Merge pull request #362 from calebporzio/fix-tests,Fix broken console log tests,Merge pull request #362 from calebporzio/fix-tests,Fix broken console log tests
837,Remove useless test statement,,Remove useless test statement,
838,Re-order use statements,,Re-order use statements,
839,Fix broken console log tests,,Fix broken console log tests,
840,Add global wait time default on Browser.php,,Add global wait time default on Browser.php,
841,Merge pull request #354 from inxilpro/optional-logs,Handle case where GET_LOG is not supported,Merge pull request #354 from inxilpro/optional-logs,Handle case where GET_LOG is not supported
842,Update Browser.php,,Update Browser.php,
843,Whitelist Browsers,,Whitelist Browsers,
844,Merge branch '2.0' into optional-logs,,Merge branch '2.0' into optional-logs,
845,Only run getLog in Chrome or if overridden,,Only run getLog in Chrome or if overridden,
846,Merge pull request #355 from deleugpn/2.0,Let Firefox users disable console,Merge pull request #355 from deleugpn/2.0,Let Firefox users disable console
847,Loosen up check even more,,Loosen up check even more,
848,Add Console tests,,Add Console tests,
849,Loose the checking,,Loose the checking,
850,Let Firefox users disable console,,Let Firefox users disable console,
851,Handle case where GET_LOG is not supported,,Handle case where GET_LOG is not supported,
852,formatting,,formatting,
853,Add test for failure exception,,Add test for failure exception,
854,Chrome Process refactored,,Chrome Process refactored,
855,Merge pull request #350 from balping/2.0,Add missing cookie assertion,Merge pull request #350 from balping/2.0,Add missing cookie assertion
856,assert missing cookie,,assert missing cookie,
857,remove comment,,remove comment,
858,Merge branch 'add-dom-selector-hooks' of https://github.com/calebporzio/dusk into calebporzio-add-dom-selector-hooks,,Merge branch 'add-dom-selector-hooks' of link into calebporzio-add-dom-selector-hooks,
859,Change data-dusk attribute to just 'dusk',,Change data-dusk attribute to just 'dusk',
860,Merge pull request #342 from calebporzio/fix-javascript-error,Fix error when using double quotes in selector,Merge pull request #342 from calebporzio/fix-javascript-error,Fix error when using double quotes in selector
861,Merge pull request #344 from calebporzio/make-assert-path-is-match-pattern,Make assertPathIs match a given pattern to allow for ids in urls,Merge pull request #344 from calebporzio/make-assert-path-is-match-pattern,Make assertPathIs match a given pattern to allow for ids in urls
862,Make assertPathIs match a given pattern to allow for ids in urls,,Make assertPathIs match a given pattern to allow for ids in urls,
863,Add data-dusk DOM hooks,,Add data-dusk DOM hooks,
864,Fix 'missing ) after argument list' error when using double quotes in selectors,,Fix 'missing ) after argument list' error when using double quotes in selectors,
865,Merge pull request #340 from calebporzio/add-within-method,Add 'within' method as alias for 'with' method,Merge pull request #340 from calebporzio/add-within-method,Add 'within' method as alias for 'with' method
866,Add tests for 'within' alias method,,Add tests for 'within' alias method,
867,Add 'within' method as alias for 'with' method,,Add 'within' method as alias for 'with' method,
868,Merge pull request #333 from hmazter/master,Use namespace when including PHPUnit,Merge pull request #333 from hmazter/master,Use namespace when including PHPUnit
869,Use namespace when including PHPUnit,,Use namespace when including PHPUnit,
870,fix autoload,,fix autoload,
871,Merge pull request #323 from dbpolito/chromedriver-2-31,ChromeDriver 2.31,Merge pull request #323 from dbpolito/chromedriver-2-31,ChromeDriver 2.31
872,ChromeDriver 2.31,,ChromeDriver 2.31,
873,add argument,,add argument,
874,Merge pull request #313 from Janiaje/patch-1,"Add type=""button"" to find",Merge pull request #313 from Janiaje/patch-1,"Add type=""button"" to find"
875,"Add type=""button"" to find",It did not find the buttons with HTML like.,"Add type=""button"" to find",It did not find the buttons with HTML like.
876,update formatting,,update formatting,
877,"Add $browser, $driver, $resolver and $page to tinker context.",,"Add $browser, $driver, $resolver and $page to tinker context.",
878,Merge pull request #292 from deleugpn/patch-1,Stop supporting PHP 5.6 on Dusk 2.0,Merge pull request #292 from deleugpn/patch-1,Stop supporting PHP 5.6 on Dusk 2.0
879,Stop supporting PHP 5.6 on Dusk 2.0,"Due to the partial dependencies on Laravel 5.5, Dusk should also stop supporting PHP 5.6 on 2.0 release.",Stop supporting PHP 5.6 on Dusk 2.0,"Due to the partial dependencies on Laravel 5.5, Dusk should also stop supporting PHP 5.6 on 2.0 release."
880,update binaries,,update binaries,
881,fix conflicts,,fix conflicts,
882,update stubs,,update stubs,
883,fix conflicts,,fix conflicts,
884,update branch alias,,update branch alias,
885,Merge pull request #290 from browner12/patch-1,support auto-discovery coming in Laravel 5.5,Merge pull request #290 from browner12/patch-1,support auto-discovery coming in Laravel 5.5
886,update branch alias,,update branch alias,
887,support auto-discovery coming in Laravel 5.5,,support auto-discovery coming in Laravel 5.5,
888,Merge pull request #288 from nesk/fix-invalid-property,Fix an invalid property name for the Chromedriver's path,Merge pull request #288 from nesk/fix-invalid-property,Fix an invalid property name for the Chromedriver's path
889,Fix an invalid property name,,Fix an invalid property name,
890,Merge pull request #286 from nicolasbeauvais/patch-1,Assert Page after resolving elements,Merge pull request #286 from nicolasbeauvais/patch-1,Assert Page after resolving elements
891,Assert Page after resolving elements,,Assert Page after resolving elements,
892,Merge pull request #282 from calebporzio/fix-wait-for-reload,Fix waitForReload() method,Merge pull request #282 from calebporzio/fix-wait-for-reload,Fix waitForReload() method
893,fix executeScript method call,,fix executeScript method call,
894,Merge pull request #271 from masterwto/patch-1,Update access level for TestCase::setUp(),Merge pull request #271 from masterwto/patch-1,Update access level for TestCase::setUp()
895,Update access level for TestCase::setUp(),"The access level for setUp in phpunit is protected. Setup builds fixture before tests are conducted, it should NOT be visible to outside classes.",Update access level for TestCase::setUp(),"The access level for setUp in phpunit is protected. Setup builds fixture before tests are conducted, it should NOT be visible to outside classes."
896,Merge pull request #266 from calebporzio/cp-tinker-method,Add tinker method to pause and open Laravel Tinker,Merge pull request #266 from calebporzio/cp-tinker-method,Add tinker method to pause and open Laravel Tinker
897,Merge pull request #263 from nesk/set-web-driver-timeouts,Define connection and request timeouts on RemoteWebDriver creation,Merge pull request #263 from nesk/set-web-driver-timeouts,Define connection and request timeouts on RemoteWebDriver creation
898,Update DuskTestCase.stub,,Update DuskTestCase.stub,
899,clean up a bunch,,clean up a bunch,
900,Add the ability to use a custom Chrome driver file,,Add the ability to use a custom Chrome driver file,
901,Define connection and request timeouts on RemoteWebDriver creation,,Define connection and request timeouts on RemoteWebDriver creation,
902,fix variable,,fix variable,
903,Add waitForReload method to wait for page reload to continue,,Add waitForReload method to wait for page reload to continue,
904,Add tinker method to pause execution of test and be dropped in a tinker shell,,Add tinker method to pause execution of test and be dropped in a tinker shell,
905,Merge pull request #254 from alexgarrett/type-without-clearing,Added new interaction to type without clearing,Merge pull request #254 from alexgarrett/type-without-clearing,Added new interaction to type without clearing
906,Renamed typeWithoutClearing method to append,,Renamed typeWithoutClearing method to append,
907,Added new interaction to type without clearing,,Added new interaction to type without clearing,
908,Merge pull request #246 from nrhvyc/master,added assertPathBeginsWith assertion,Merge pull request #246 from nrhvyc/master,added assertPathBeginsWith assertion
909,added assertPathBeginsWith assertion,,added assertPathBeginsWith assertion,
910,Merge pull request #244 from deleugpn/phpunit-invoker,[1.0.15] Invoke php script from phpunit folder directly,Merge pull request #244 from deleugpn/phpunit-invoker,[1.0.15] Invoke php script from phpunit folder directly
911,invoke php script from phpunit directly,,invoke php script from phpunit directly,
912,Merge pull request #243 from deleugpn/revert-240-fix_php_binary,"Revert ""Adds back PHP_BINARY to phpunit process""",Merge pull request #243 from deleugpn/revert-240-fix_php_binary,"Revert ""Adds back PHP_BINARY to phpunit process"""
913,"Revert ""Adds back PHP_BINARY to phpunit process""",,"Revert ""Adds back PHP_BINARY to phpunit process""",
914,Merge pull request #242 from deleugpn/changelog,Changelog,Merge pull request #242 from deleugpn/changelog,Changelog
915,changelog,,changelog,
916,Merge pull request #240 from jhoff/fix_php_binary,Adds back PHP_BINARY to phpunit process,Merge pull request #240 from jhoff/fix_php_binary,Adds back PHP_BINARY to phpunit process
917,Adds back PHP_BINARY to phpunit process,,Adds back PHP_BINARY to phpunit process,
918,Merge pull request #239 from deleugpn/selected,[1.0.13] Cast option value to string for testing,Merge pull request #239 from deleugpn/selected,[1.0.13] Cast option value to string for testing
919,Cast option to string for testing,,Cast option to string for testing,
920,Merge pull request #237 from alexgarrett/textarea-check,Changed inputValue assertions to check textarea element,Merge pull request #237 from alexgarrett/textarea-check,Changed inputValue assertions to check textarea element
921,Changed input assertion to check textarea,,Changed input assertion to check textarea,
922,Merge pull request #235 from deleugpn/phpunit,[1.0.13] PHPUnit Namespace,Merge pull request #235 from deleugpn/phpunit,[1.0.13] PHPUnit Namespace
923,PHPUnit Namespace,,PHPUnit Namespace,
924,Merge pull request #229 from deleugpn/security-measure,[1.0.13] Throws exception if application is in production,Merge pull request #229 from deleugpn/security-measure,[1.0.13] Throws exception if application is in production
925,Update DuskServiceProvider.php,,Update DuskServiceProvider.php,
926,Merge pull request #228 from deleugpn/single-quotes-on-links,[1.0.13] Let jQuery handle string selector,Merge pull request #228 from deleugpn/single-quotes-on-links,[1.0.13] Let jQuery handle string selector
927,Merge pull request #232 from deleugpn/dependency,[1.0.13] Add Illuminate/Console as dependency,Merge pull request #232 from deleugpn/dependency,[1.0.13] Add Illuminate/Console as dependency
928,Update composer.json,,Update composer.json,
929,Merge pull request #233 from deleugpn/stub,[1.0.13] Add docblock for stub,Merge pull request #233 from deleugpn/stub,[1.0.13] Add docblock for stub
930,Update HomePage.stub,,Update HomePage.stub,
931,Create page.stub,,Create page.stub,
932,Merge pull request #231 from deleugpn/changelog,[1.0.13] [WIP] CHANGELOG,Merge pull request #231 from deleugpn/changelog,[1.0.13] [WIP] CHANGELOG
933,Add docblock for stub,,Add docblock for stub,
934,changelog,,changelog,
935,Add Illuminate/Console as dependency,,Add Illuminate/Console as dependency,
936,Add more information to exception,,Add more information to exception,
937,Throws exception if application is in production,,Throws exception if application is in production,
938,Let jQuery handle string selector,,Let jQuery handle string selector,
939,Merge pull request #227 from deleugpn/PHPUnit-6,Compatibility with PHPUnit ~6.0,Merge pull request #227 from deleugpn/PHPUnit-6,Compatibility with PHPUnit ~6.0
940,Compatibility with PHPUnit 6.0,,Compatibility with PHPUnit 6.0,
941,Merge pull request #226 from deleugpn/revert-223-TTY,Supress Symphony exception when TTY is not available,Merge pull request #226 from deleugpn/revert-223-TTY,Supress Symphony exception when TTY is not available
942,Update DuskCommand.php,,Update DuskCommand.php,
943,"KISS - if on Windows, Symphony will throw exception anyway",,"KISS - if on Windows, Symphony will throw exception anyway",
944,Supress Syphone exception when TTY is not available,,Supress Syphone exception when TTY is not available,
945,Merge pull request #225 from deleugpn/revert-223-TTY,"Revert ""Attempt to solve TTY issue"" / [WIP] Supress Symphony exception",Merge pull request #225 from deleugpn/revert-223-TTY,"Revert ""Attempt to solve TTY issue"" / [WIP] Supress Symphony exception"
946,"Revert ""Attempt to solve TTY issue""",,"Revert ""Attempt to solve TTY issue""",
947,Merge pull request #223 from deleugpn/TTY,Attempt to solve TTY issue,Merge pull request #223 from deleugpn/TTY,Attempt to solve TTY issue
948,Attempt to solve TTY issue,,Attempt to solve TTY issue,
949,Merge pull request #214 from duncan3dc/id-with-colon,Restore support for IDs containing a colon,Merge pull request #214 from duncan3dc/id-with-colon,Restore support for IDs containing a colon
950,Restore support for IDs containing a colon,,Restore support for IDs containing a colon,
951,Add a test for an ID containing a colon,,Add a test for an ID containing a colon,
952,Merge pull request #201 from diegofelix/patch-1,Removed unused import,Merge pull request #201 from diegofelix/patch-1,Removed unused import
953,Removed unused import,,Removed unused import,
954,Merge pull request #199 from bbashy/upgrade-chromedriver,upgrade chromedriver versions,Merge pull request #199 from bbashy/upgrade-chromedriver,upgrade chromedriver versions
955,upgrade chromedriver versions,,upgrade chromedriver versions,
956,fix method names,,fix method names,
957,Fix calling invalid method,,Fix calling invalid method,
958,Merge pull request #196 from justinlopez0/patch-1,"Removed Extra ""The""",Merge pull request #196 from justinlopez0/patch-1,"Removed Extra ""The"""
959,"Removed Extra ""The""",,"Removed Extra ""The""",
960,formatting,,formatting,
961,Merge branch 'assert-options' of https://github.com/deleugpn/dusk into deleugpn-assert-options,,Merge branch 'assert-options' of link into deleugpn-assert-options,
962,kiss,,kiss,
963,Allow assertion of available options on a given select element,,Allow assertion of available options on a given select element,
964,Merge pull request #192 from deleugpn/doc-block,Fixing Doc Block,Merge pull request #192 from deleugpn/doc-block,Fixing Doc Block
965,purge console logs,,purge console logs,
966,Purging console files before starting tests,,Purging console files before starting tests,
967,Fixing Doc Block,,Fixing Doc Block,
968,Merge pull request #187 from adamthehutt/master,Support back button,Merge pull request #187 from adamthehutt/master,Support back button
969,Update Browser.php,,Update Browser.php,
970,Support back button,,Support back button,
971,Merge pull request #183 from glowdemon1/master,Add assertPathIsNot function,Merge pull request #183 from glowdemon1/master,Add assertPathIsNot function
972,Add assertPathisNot function,,Add assertPathisNot function,
973,Merge pull request #181 from acidjazz/master,support for phpunit 6.x,Merge pull request #181 from acidjazz/master,support for phpunit 6.x
974,support for phpunit 6.x,,support for phpunit 6.x,
975,Merge pull request #178 from browner12/select-non-strings,cast both operands to string,Merge pull request #178 from browner12/select-non-strings,cast both operands to string
976,Update InteractsWithElements.php,,Update InteractsWithElements.php,
977,cast both operands to string,"getAttribute() returns a string or null, so we cast the left operand to a string to handle null. since we are using a strict comparison, we also cast the right operand to a string. the most common issue this solves is when the user tries to select an integer. fixes #134",cast both operands to string,"getAttribute() returns a string or null, so we cast the left operand to a string to handle null. since we are using a strict comparison, we also cast the right operand to a string. the most common issue this solves is when the user tries to select an integer. fixes #134"
978,Merge pull request #176 from sahibalejandro/master,Added method WaitsForElements::waitForLocation(),Merge pull request #176 from sahibalejandro/master,Added method WaitsForElements::waitForLocation()
979,Update WaitsForElements.php,,Update WaitsForElements.php,
980,Merge pull request #177 from KKSzymanowski/master,Allow falsy values in InteractsWithElements::value,Merge pull request #177 from KKSzymanowski/master,Allow falsy values in InteractsWithElements::value
981,Allow falsy value,,Allow falsy value,
982,Added method WaitsForElements::waitForLocation(),,Added method WaitsForElements::waitForLocation(),
983,Merge pull request #174 from browner12/type-hint,typehint Browser in stub,Merge pull request #174 from browner12/type-hint,typehint Browser in stub
984,typehint Browser in stub,help with autocomplete and such,typehint Browser in stub,help with autocomplete and such
985,formatting,,formatting,
986,Merge branch 'master' of https://github.com/helmut/dusk into helmut-master,,Merge branch 'master' of link into helmut-master,
987,clean up formatting,,clean up formatting,
988,Forgot the local variable,,Forgot the local variable,
989,Don't store console log if there's nothing to be stored,,Don't store console log if there's nothing to be stored,
990,formatting,,formatting,
991,allow to run dusk:install as upgrade,,allow to run dusk:install as upgrade,
992,Added some more drag functionality,,Added some more drag functionality,
993,Merge remote-tracking branch 'origin/master',,Merge remote-tracking branch 'origin/master',
994,adjust formatting,,adjust formatting,
995,Merge branch 'console' of https://github.com/themsaid/dusk into themsaid-console,,Merge branch 'console' of link into themsaid-console,
996,Merge pull request #163 from JExperton/master,fix id selector matching,Merge pull request #163 from JExperton/master,fix id selector matching
997,fix id selector matching,,fix id selector matching,
998,Merge remote-tracking branch 'origin/master',,Merge remote-tracking branch 'origin/master',
999,cleaning up formatting and method names,,cleaning up formatting and method names,
1000,Merge branch 'patch-3' of https://github.com/devinfd/dusk into devinfd-patch-3,,Merge branch 'patch-3' of link into devinfd-patch-3,
1001,Merge pull request #159 from jaesung2061/patch-1,Fix unclosed parenthesis.,Merge pull request #159 from jaesung2061/patch-1,Fix unclosed parenthesis.
1002,Fix unclosed parenthesis.,,Fix unclosed parenthesis.,
1003,Merge pull request #155 from bbashy/patch-1,Fix overriding original backup upon previous failure,Merge pull request #155 from bbashy/patch-1,Fix overriding original backup upon previous failure
1004,Merge pull request #158 from duncan3dc/find-or-fail-with-id,Ensure findOrFail() recgonises ID selectors,Merge pull request #158 from duncan3dc/find-or-fail-with-id,Ensure findOrFail() recgonises ID selectors
1005,Ensure findOrFail gives preference to id selectors,,Ensure findOrFail gives preference to id selectors,
1006,Merge pull request #156 from themsaid/addStop,Add stop() to stop the PHPunit process but keep the browser open,Merge pull request #156 from themsaid/addStop,Add stop() to stop the PHPunit process but keep the browser open
1007,Update Browser.php,,Update Browser.php,
1008,tweak property name,,tweak property name,
1009,Add stop() to stop the PHPunit process but keep the browser open,,Add stop() to stop the PHPunit process but keep the browser open,
1010,allow for a project-specific phpunit.dusk.xml file,closes #130,allow for a project-specific phpunit.dusk.xml file,closes #130
1011,Remove extra ),,Remove extra ),
1012,Only restore if .env.backup exists as well,,Only restore if .env.backup exists as well,
1013,Fix overriding original backup upon previous failure,,Fix overriding original backup upon previous failure,
1014,refactored query string assertions.,,refactored query string assertions.,
1015,Added query string assertions,"Added assertHasQueryStringParam, assertMissingQueryStringParam and assertQueryStringValue.",Added query string assertions,"Added assertHasQueryStringParam, assertMissingQueryStringParam and assertQueryStringValue."
1016,clean up code,,clean up code,
1017,Merge branch 'feature/guards' of https://github.com/tedslittlerobot/dusk into tedslittlerobot-feature/guards,,Merge branch 'feature/guards' of link into tedslittlerobot-feature/guards,
1018,fix formatting,,fix formatting,
1019,Rename to more intuitive rightClick(),,Rename to more intuitive rightClick(),
1020,Support for contextClick (AKA right click) actions,,Support for contextClick (AKA right click) actions,
1021,allow authentication actions for specific guards,,allow authentication actions for specific guards,
1022,Merge pull request #140 from browner12/select-random,allow user to select a random option from dropdown field,Merge pull request #140 from browner12/select-random,allow user to select a random option from dropdown field
1023,allow user to select a random option from dropdown field,"if no value is passed, a random option will be picked.",allow user to select a random option from dropdown field,"if no value is passed, a random option will be picked."
1024,Log console content into files,,Log console content into files,
1025,Merge pull request #138 from devinfd/patch-1,Add assertions for radio selection,Merge pull request #138 from devinfd/patch-1,Add assertions for radio selection
1026,Add assertions for radio selection,Given the available assertions I could figure a way to assert that a radio input was selected (or not). That seems like an oversight to me so I hope this methods help with that. Otherwise how do you make that assertion?,Add assertions for radio selection,Given the available assertions I could figure a way to assert that a radio input was selected (or not). That seems like an oversight to me so I hope this methods help with that. Otherwise how do you make that assertion?
1027,Merge pull request #135 from themsaid/sortBeforeReplace,Sort before replacing pages shorthand,Merge pull request #135 from themsaid/sortBeforeReplace,Sort before replacing pages shorthand
1028,Sort before replacing pages shorthand,,Sort before replacing pages shorthand,
1029,formatting and changes,,formatting and changes,
1030,"Add assertAuthentication, assertGuest and assertIsAuthenticated methods",,"Add assertAuthentication, assertGuest and assertIsAuthenticated methods",
1031,Merge pull request #122 from MightySCollins/master,Split Arguments for PHPUnit and merged with defaults,Merge pull request #122 from MightySCollins/master,Split Arguments for PHPUnit and merged with defaults
1032,add doc block,,add doc block,
1033,Get rid of makeLogoutAccessibleViaGet as it shouldnt be necessary now.,,Get rid of makeLogoutAccessibleViaGet as it shouldnt be necessary now.,
1034,Provide Dusk logout route in order to avoid potential issues with the apps logout route.,,Provide Dusk logout route in order to avoid potential issues with the apps logout route.,
1035,Merge pull request #123 from schreck84/fix-fluent-syntax,Adding fluent syntax for new source assertions,Merge pull request #123 from schreck84/fix-fluent-syntax,Adding fluent syntax for new source assertions
1036,Adding fluent syntax for new source assertions,,Adding fluent syntax for new source assertions,
1037,Split Arguments for PHPUnit and merged with defaults,,Split Arguments for PHPUnit and merged with defaults,
1038,Merge pull request #117 from sileence/browser_dump,Add a dump method to quickly debug a response in the console,Merge pull request #117 from sileence/browser_dump,Add a dump method to quickly debug a response in the console
1039,Merge pull request #119 from sileence/extend_browser,Add the possibility to extend the browser class.,Merge pull request #119 from sileence/extend_browser,Add the possibility to extend the browser class.
1040,Add the possibility to extend the browser class.,,Add the possibility to extend the browser class.,
1041,Add a dump method to quickly debug a response in the console,,Add a dump method to quickly debug a response in the console,
1042,Merge pull request #113 from sileence/assert_route_is,Add the assert route is method.,Merge pull request #113 from sileence/assert_route_is,Add the assert route is method.
1043,fix,,fix,
1044,Add assert source has and assert source missing methods,,Add assert source has and assert source missing methods,
1045,Add the assert route is method.,,Add the assert route is method.,
1046,Merge pull request #111 from sileence/visit_route,Add visit route helper,Merge pull request #111 from sileence/visit_route,Add visit route helper
1047,Add visitRoute helper,,Add visitRoute helper,
1048,Merge pull request #109 from sileence/rename_stubs,Rename stubs to avoid multiple class definition warning in PHPStorm,Merge pull request #109 from sileence/rename_stubs,Rename stubs to avoid multiple class definition warning in PHPStorm
1049,Rename stubs to avoid multiple class definition warning in PHPStorm,,Rename stubs to avoid multiple class definition warning in PHPStorm,
1050,order things correctly,,order things correctly,
1051,tweak method,,tweak method,
1052,Add InteractWithJavascript trait,,Add InteractWithJavascript trait,
1053,fix a bunch of stuff,,fix a bunch of stuff,
1054,Merge branch 'master-js-dialogs' of https://github.com/mnabialek/dusk into mnabialek-master-js-dialogs,,Merge branch 'master-js-dialogs' of link into mnabialek-master-js-dialogs,
1055,fixing silly test.,,fixing silly test.,
1056,fix wording,,fix wording,
1057,Merge branch 'check-radio-provided-with-value' of https://github.com/ockle/dusk into ockle-check-radio-provided-with-value,,Merge branch 'check-radio-provided-with-value' of link into ockle-check-radio-provided-with-value,
1058,fix setup,,fix setup,
1059,Exit code on test failure,See https://github.com/laravel/dusk/issues/85 I just returned the callback return from the ProcessBuilder.,Exit code on test failure,See link I just returned the callback return from the ProcessBuilder.
1060,Merge pull request #91 from ockle/multi-checkbox-support,"Add ability to check/uncheck checkboxes by value, allowing multi checkboxes",Merge pull request #91 from ockle/multi-checkbox-support,"Add ability to check/uncheck checkboxes by value, allowing multi checkboxes"
1061,Merge branch 'master' into multi-checkbox-support,Conflicts:     src/ElementResolver.php,Merge branch 'master' into multi-checkbox-support,Conflicts:     src/ElementResolver.php
1062,"add ability to check and uncheck checkboxes by value, allowing multi-checkbox support",,"add ability to check and uncheck checkboxes by value, allowing multi-checkbox support",
1063,Merge pull request #89 from ockle/quote-fields-and-values,Add quotes around values on computed selectors,Merge pull request #89 from ockle/quote-fields-and-values,Add quotes around values on computed selectors
1064,fail earlier if no value is provided for radio when field is not an id,,fail earlier if no value is provided for radio when field is not an id,
1065,add quotes around values on computed selectors,,add quotes around values on computed selectors,
1066,Merge pull request #88 from rap2hpoutre/patch-1,Adding type hint in ExampleTest.php stub,Merge pull request #88 from rap2hpoutre/patch-1,Adding type hint in ExampleTest.php stub
1067,Update ExampleTest.php,,Update ExampleTest.php,
1068,Adding type hint in ExampleTest.php stub,"I think adding Browser type hint in ExampleTest.php stub will help in two ways:  Auto-completion for IDE Better understanding for users (""what is $browser variable?"", ""what method can I call on this variable?"")",Adding type hint in ExampleTest.php stub,"I think adding Browser type hint in ExampleTest.php stub will help in two ways: Auto-completion for IDE Better understanding for users (""what is $browser variable?"", ""what method can I call on this variable?"")"
1069,clean up wording,,clean up wording,
1070,Add meaningful messages when waiting for elements fails,,Add meaningful messages when waiting for elements fails,
1071,Add missing resolveToDialog method and rename calls,,Add missing resolveToDialog method and rename calls,
1072,Add assertion and interaction for JavaScript dialogs,,Add assertion and interaction for JavaScript dialogs,
1073,Merge branch 'mnabialek-master-reload-environment',,Merge branch 'mnabialek-master-reload-environment',
1074,fix code,,fix code,
1075,Reload environment to use valid environment variables in tests,,Reload environment to use valid environment variables in tests,
1076,fix code,,fix code,
1077,Reload environment to use valid environment variables in tests,,Reload environment to use valid environment variables in tests,
1078,Merge pull request #74 from mnabialek/master-update-chromedriver-docblock,Use consistent name for Chromedriver in DocBlock,Merge pull request #74 from mnabialek/master-update-chromedriver-docblock,Use consistent name for Chromedriver in DocBlock
1079,Merge pull request #75 from mnabialek/master-add-options-param-docblock,Add missing param to DocBlock,Merge pull request #75 from mnabialek/master-add-options-param-docblock,Add missing param to DocBlock
1080,Merge pull request #76 from mnabialek/master-docblock-consistent-spacing,Add consistent parameters spacing in DocBlock,Merge pull request #76 from mnabialek/master-docblock-consistent-spacing,Add consistent parameters spacing in DocBlock
1081,Add consistent parameters spacing in DocBlock,,Add consistent parameters spacing in DocBlock,
1082,Add missing param to DocBlock,,Add missing param to DocBlock,
1083,Use consistent name for Chromedriver in DocBlock,,Use consistent name for Chromedriver in DocBlock,
1084,Fix running tests on Linux,,Fix running tests on Linux,
1085,Merge pull request #67 from alex-LE/master,disabled process timeout,Merge pull request #67 from alex-LE/master,disabled process timeout
1086,Update DuskCommand.php,,Update DuskCommand.php,
1087,disabled process timeout,set process timeout to 0 to disable it - see #63,disabled process timeout,set process timeout to 0 to disable it - see #63
1088,clean-up all spacing and naming issues,,clean-up all spacing and naming issues,
1089,Merge branch 'windows' of https://github.com/spyric/dusk into spyric-windows,,Merge branch 'windows' of link into spyric-windows,
1090,Merge pull request #62 from Janiaje/master,"fix ""assertSeeLink"" and ""assertDontSeeLink""",Merge pull request #62 from Janiaje/master,"fix ""assertSeeLink"" and ""assertDontSeeLink"""
1091,Laravel bugfix,,Laravel bugfix,
1092,Delete MakesAssertions.php,,Delete MakesAssertions.php,
1093,Laravel dusk bugfix,,Laravel dusk bugfix,
1094,Merge branch 'master' into windows,,Merge branch 'master' into windows,
1095,Merge pull request #51 from splatEric/master,Use consistent php binary for running dusk tests,Merge pull request #51 from splatEric/master,Use consistent php binary for running dusk tests
1096,Merge pull request #54 from sasin91/patch-1,Silly typo or was it on purpose?,Merge pull request #54 from sasin91/patch-1,Silly typo or was it on purpose?
1097,Silly typo or was it on purpose?,St i rng,Silly typo or was it on purpose?,St i rng
1098,remove unnecessary whitespace,,remove unnecessary whitespace,
1099,simplify use of consistent PHP binary for command,,simplify use of consistent PHP binary for command,
1100,missing use statement,,missing use statement,
1101,ensure consistent use of php binary to trigger test,,ensure consistent use of php binary to trigger test,
1102,Merge pull request #49 from zgabievi/master,remove non-existing class,Merge pull request #49 from zgabievi/master,remove non-existing class
1103,remove non-existing class,Laravel\Dusk\Chrome is not used and does not exists.,remove non-existing class,Laravel\Dusk\Chrome is not used and does not exists.
1104,Merge pull request #46 from sileence/spelling,Fix typo,Merge pull request #46 from sileence/spelling,Fix typo
1105,Merge pull request #47 from sileence/docblock,Fix DocBlock,Merge pull request #47 from sileence/docblock,Fix DocBlock
1106,Fix DocBlock,,Fix DocBlock,
1107,Fix typo,,Fix typo,
1108,Merge pull request #43 from tabennett/master,Make waitUntilMissing work as expected.,Merge pull request #43 from tabennett/master,Make waitUntilMissing work as expected.
1109,"Remove waitUntilHidden(), fix waitUntilMissing().", Removed the waitUntilHidden() method. Updated the implementation of waitUntilMissing() to be similar to assertMissing().,"Remove waitUntilHidden(), fix waitUntilMissing().",Removed the waitUntilHidden() method. Updated the implementation of waitUntilMissing() to be similar to assertMissing().
1110,Try to fix mac issue,,Try to fix mac issue,
1111,fix extension,,fix extension,
1112,Add Windows support,,Add Windows support,
1113,rename vars,,rename vars,
1114,make screenshot dir configurable,,make screenshot dir configurable,
1115,Make waitUntilMissing work as expected., Made the waitUntilMissing() method work as expected (i.e it now detects when an element has been removed). Implemented a waitUntilHidden() method that can be used to detect when an element has been hidden.,Make waitUntilMissing work as expected.,Made the waitUntilMissing() method work as expected (i.e it now detects when an element has been removed). Implemented a waitUntilHidden() method that can be used to detect when an element has been hidden.
1116,Merge pull request #41 from fetzi/master,use jQuery.find (sizzle),Merge pull request #41 from fetzi/master,use jQuery.find (sizzle)
1117,Update InteractsWithElements.php,,Update InteractsWithElements.php,
1118,replace $ with jQuery.find,,replace $ with jQuery.find,
1119,Merge pull request #39 from lkmadushan/use-jquery-explicitly,Use jQuery insteadof $,Merge pull request #39 from lkmadushan/use-jquery-explicitly,Use jQuery insteadof $
1120,Use jQuery insteadof $,,Use jQuery insteadof $,
1121,Merge pull request #33 from trideout/master,Display Environmental variable fix for majority of Linux versions,Merge pull request #33 from trideout/master,Display Environmental variable fix for majority of Linux versions
1122,Fix for majority of Linux versions,This fix will allow for most Linux versions to properly access the display to launch the chrome window.,Fix for majority of Linux versions,This fix will allow for most Linux versions to properly access the display to launch the chrome window.
1123,Merge pull request #31 from spyric/patch-1,Fix test for jquery,Merge pull request #31 from spyric/patch-1,Fix test for jquery
1124,Fix test for jquery,,Fix test for jquery,
1125,remove docs,,remove docs,
1126,fix check,,fix check,
1127,working on jquery support,,working on jquery support,
1128,can make default assertion,,can make default assertion,
1129,Merge remote-tracking branch 'origin/master',,Merge remote-tracking branch 'origin/master',
1130,fix wording,,fix wording,
1131,Merge branch 'app_url_note' of https://github.com/bobbybouwmann/dusk into bobbybouwmann-app_url_note,,Merge branch 'app_url_note' of link into bobbybouwmann-app_url_note,
1132,Merge pull request #23 from drawmyattention/fix-cookies,Add docblocks for cookie expiry and standardise expiry,Merge pull request #23 from drawmyattention/fix-cookies,Add docblocks for cookie expiry and standardise expiry
1133,Merge pull request #25 from drawmyattention/fix-remove-import,Remove unused WebDriverBy class,Merge pull request #25 from drawmyattention/fix-remove-import,Remove unused WebDriverBy class
1134,Merge pull request #26 from drawmyattention/fix-code-style,Fix code style,Merge pull request #26 from drawmyattention/fix-code-style,Fix code style
1135,Add docblock for throws,,Add docblock for throws,
1136,Remove fqn for Closure,,Remove fqn for Closure,
1137,Remove unused WebDriverBy class,,Remove unused WebDriverBy class,
1138,Add docblocks for cookie expiry and standardise,,Add docblocks for cookie expiry and standardise,
1139,remove broken settings,,remove broken settings,
1140,Merge pull request #18 from rogervila/master,Avoid else,Merge pull request #18 from rogervila/master,Avoid else
1141,Merge pull request #19 from vinkla/patch-1,Sync license with framework,Merge pull request #19 from vinkla/patch-1,Sync license with framework
1142,Merge pull request #20 from vinkla/patch-2,Test on php 7.1,Merge pull request #20 from vinkla/patch-2,Test on php 7.1
1143,Merge pull request #21 from vinkla/patch-3,Update and rename phpunit.xml to phpunit.xml.dist,Merge pull request #21 from vinkla/patch-3,Update and rename phpunit.xml to phpunit.xml.dist
1144,Update .gitignore,,Update .gitignore,
1145,Update and rename phpunit.xml to phpunit.xml.dist,Added extra configuration and the package name.,Update and rename phpunit.xml to phpunit.xml.dist,Added extra configuration and the package name.
1146,Test on php 7.1,Add travis tests for PHP 7.1.,Test on php 7.1,Add travis tests for PHP 7.1.
1147,Sync license with framework,Update the license file to sync with the framework repository.,Sync license with framework,Update the license file to sync with the framework repository.
1148,avoid else,,avoid else,
1149,Change APP_URI to APP_URL,,Change APP_URI to APP_URL,
1150,Merge pull request #14 from laravel/fix-1,Add url method to stub,Merge pull request #14 from laravel/fix-1,Add url method to stub
1151,Merge pull request #15 from laravel/fix-2-1,Import Browser class,Merge pull request #15 from laravel/fix-2-1,Import Browser class
1152,Merge pull request #17 from toniperic/abstract-page,Make url() method on Page mandatory,Merge pull request #17 from toniperic/abstract-page,Make url() method on Page mandatory
1153,Make url() method on Page mandatory,,Make url() method on Page mandatory,
1154,Add note for setting the APP_URI setting in .env,,Add note for setting the APP_URI setting in .env,
1155,Import Browser class,,Import Browser class,
1156,Add url method to stub,,Add url method to stub,
1157,Merge pull request #9 from renedekat/patch-1,Fixed unused and incorrect cookie expiry variable,Merge pull request #9 from renedekat/patch-1,Fixed unused and incorrect cookie expiry variable
1158,Merge pull request #11 from vinkla/patch-1,Update email address,Merge pull request #11 from vinkla/patch-1,Update email address
1159,Merge pull request #12 from vinkla/patch-2,Add --dev flag,Merge pull request #12 from vinkla/patch-2,Add --dev flag
1160,Add --dev flag,Since it is a testing framework we should install the package with the --dev flag.,Add --dev flag,Since it is a testing framework we should install the package with the --dev flag.
1161,Update email address,Switched from Gmail to Laravel address.,Update email address,Switched from Gmail to Laravel address.
1162,Fixed unused and incorrect cookie expiry variable,More details: https://github.com/laravel/dusk/issues/8,Fixed unused and incorrect cookie expiry variable,More details: link
1163,Merge pull request #4 from JayBizzle/patch-1,Wrap path in quotes,Merge pull request #4 from JayBizzle/patch-1,Wrap path in quotes
1164,Merge pull request #5 from JayBizzle/patch-2,Don't ignore /stubs/phpunit.xml,Merge pull request #5 from JayBizzle/patch-2,Don't ignore /stubs/phpunit.xml
1165,Don't ignore /stubs/phpunit.xml,Think this is ignoring the /stubs/phpunit.xml which is making the artisan dusk command fail,Don't ignore /stubs/phpunit.xml,Think this is ignoring the /stubs/phpunit.xml which is making the artisan dusk command fail
1166,Wrap path in quotes,"My dev path has spaces in, so wouldn't work without the quotes",Wrap path in quotes,"My dev path has spaces in, so wouldn't work without the quotes"
1167,Merge pull request #2 from marcusmoore/patch-1,syntax highlighting?,Merge pull request #2 from marcusmoore/patch-1,syntax highlighting?
1168,add method to stub,,add method to stub,
1169,syntax highlighting?,,syntax highlighting?,
1170,update service provider reg docs,,update service provider reg docs,
1171,cleanup readme example,,cleanup readme example,
1172,update readme,,update readme,
1173,fix readme,,fix readme,
1174,page objects,,page objects,
1175,add lang highlighting,,add lang highlighting,
1176,update readme,,update readme,
1177,add windows note,,add windows note,
1178,update readme,,update readme,
1179,update readme,,update readme,
1180,add readme,,add readme,
1181,tweak env handling,,tweak env handling,
1182,tweak testing env setup,,tweak testing env setup,
1183,Tweak stub.,,Tweak stub.,
1184,Tweak how Chrome is used.,,Tweak how Chrome is used.,
1185,tweak how browsers are initialized,,tweak how browsers are initialized,
1186,Refactoring various pieces of Dusk.,,Refactoring various pieces of Dusk.,
1187,refactor,,refactor,
1188,add wait tests,,add wait tests,
1189,add helpers for pulling elements,,add helpers for pulling elements,
1190,browser and element resolver tests,,browser and element resolver tests,
1191,update composer file,,update composer file,
1192,first,,first,
