Commit Message,Score,Correspond Changelog Sentence,Commit Description,Label
Update CHANGELOG,0.36736262,Updated,,0
Allow dusk attribute selectors to be chained (#1034),0.8068379,Allow dusk attribute selectors to be chained by @JayBizzle in https://github.com/laravel/dusk/pull/1034,  Allow dusk attribute selectors to be chained   Add test ,1
Update 1_Bug_report.yml,0.36907625,Update Symfony dependencies to latest version (788e79c),,0
Apply fixes from StyleCI,0.32007158,Automatically fit content on failures (#704),,0
Update and rename 1_Bug_report.md to 1_Bug_report.yml,0.3211522,Rename php-webdriver package (#720),,0
[7.x] Adds type checking (#1028),0.5050973,Add assert attribute methods (#751),  Adds type checking   Update .gitattributes   Update static-analysis.yml ,0
use --headless=new (#1027),0.3906079,Use --headless=new by @SjorsO in https://github.com/laravel/dusk/pull/1027,,0
Test PHPUnit 10 (#1026),0.7423172,Support PHPUnit 8 (788e79c),,1
Update 1_Bug_report.md,0.4208222,Updated,,0
Update tests.yml,0.3435861,Fix assertValue for select elements (#942),,0
[7.x] Fix tests (#1024),0.54904544,Fix assertVueContains and assertVueDoesNotContain (#638),  Use PHP 8.2 in stub tests   Use PHPUnit v10 xml for Laravel v10   Update src/Console/DuskCommand.php   Co-authored-by: Mior Muhammad Zaki crynobone@gmail.com  Update src/Console/DuskCommand.php  Co-authored-by: Mior Muhammad Zaki crynobone@gmail.com  Co-authored-by: Mior Muhammad Zaki crynobone@gmail.com,0
Adds PHPUnit 10 support  (#1023),0.8602644,Support PHPUnit 8 (788e79c), PHPUnit 10 Supports  Signed-off-by: Mior Muhammad Zaki crynobone@gmail.com  wip  Signed-off-by: Mior Muhammad Zaki crynobone@gmail.com  wip  Signed-off-by: Mior Muhammad Zaki crynobone@gmail.com   wip   Re-use GHA job   wip    Signed-off-by: Mior Muhammad Zaki crynobone@gmail.com Co-authored-by: Dries Vints dries@vints.io,1
allow custom dusk selector,0.72689855,Allow custom dusk selector by @taylorotwell in https://github.com/laravel/dusk/commit/cf04717664f80204567ad3077ea7484a0be16497,,1
Fix tests (#1021),0.57542557,Fix with() and page assertions (#625),  Update tests.yml   Update tests.yml   Update tests.yml ,0
[7.x] Laravel v10 support (#1015),0.8236514,Laravel 9 Support (#956),  Update tests.yml   Update composer.json   Update tests.yml   Update tests.yml ,1
Adds types to stubs (#1004),0.40444875,Adds typeSlowly & appendSlowly (#748),,0
Added .env file existence check (#1014),0.47005552,"Add graceful handler for SIGINT for .env restoration (#682, f843b8a)",Co-authored-by: Kravets Vadim kravets@kazinsys.kz,0
"Revert ""feat: add alternative tag for element selection (#1012)"" (#1013)",0.6446246,"Revert ""feat: add alternative tag for element selection"" by @driesvints in https://github.com/laravel/dusk/pull/1013",This reverts commit eedf08c80106ac4983b77ec23197528bf90aaec2.,0
feat: add alternative tag for element selection (#1012),0.58384216,Add alternative tag for element selection by @pataar in https://github.com/laravel/dusk/pull/1012,  feat: add alternative tag for element selection   formatting   Co-authored-by: Taylor Otwell taylor@laravel.com,0
Use same chrome driver as system chrome (#1010),0.73256814,Add Chrome driver auto detection (#816)Ôªø,,1
Create issues.yml,0.3724788,Allow for Symfony 5 (#696),,0
Add Stub Test (#1009),0.5989964,Add assertNotPresent() assertion (#879)Ôªø, Add Stub Test  Signed-off-by: Mior Muhammad Zaki crynobone@gmail.com  wip  Signed-off-by: Mior Muhammad Zaki crynobone@gmail.com  wip  Signed-off-by: Mior Muhammad Zaki crynobone@gmail.com  wip  Signed-off-by: Mior Muhammad Zaki crynobone@gmail.com  wip  Signed-off-by: Mior Muhammad Zaki crynobone@gmail.com  wip  Signed-off-by: Mior Muhammad Zaki crynobone@gmail.com Signed-off-by: Mior Muhammad Zaki crynobone@gmail.com,0
"Revert ""Allow custom chromedriver install path (#1007)"" (#1008)",0.63417566,Pass ssl-no-verify option into latestVersion of ChromeDriver install (#794),This reverts commit b9857c7f8bb87250e5230fd098ee9e0700c9a269.,0
Allow custom chromedriver install path (#1007),0.6405918,Pass ssl-no-verify option into latestVersion of ChromeDriver install (#794),"  Adds config file dusk.php   Use configuration for install and exec path   Fix test   It seems PHPUnit\Framework\TestCase is not booting the Laravel app, so it doesn't find the config class. This solves it.   Fix directory separator   Create the chrome install directory if doesn't exists   Delete dusk.php   Update DuskServiceProvider.php   Update ChromeProcess.php   Update ChromeDriverCommand.php   Co-authored-by: Taylor Otwell taylor@laravel.com",0
Test on PHP 8.2 (#1003),0.65673697,PHP 8 Support (#833)  Ôªø,,0
Merge branch '6.x' into 7.x,0.28781682,Update minimum Laravel version (fcb2226),,0
Fix updated Mac image name (#1001),0.6618993,Fix updated Mac image name by @driesvints in https://github.com/laravel/dusk/pull/1001,,0
Add pauseIf() / pauseUnless() (#999),0.5488515,Add pauseIf() / pauseUnless() by @u01jmg3 in https://github.com/laravel/dusk/pull/999,  Add pauseIf()   Add pauseUnless() ,0
Allow to click and wait [N] seconds for reload (#998),0.66956365,Allow to click and wait [N] seconds for reload by @fabio-ivona in https://github.com/laravel/dusk/pull/998,,0
Remove extra Directory Separator from ChromeProcess (#995),0.7383606,Remove extra Directory Separator from ChromeProcess by @GeoSot in https://github.com/laravel/dusk/pull/995,,1
Upgrade guide for 7.x (#994),0.29744834,Dropped support for PHP 7.1 (210e03e),  Upgrade guide for 7.x   Update UPGRADE.md   Co-authored-by: Taylor Otwell taylor@laravel.com,0
[7.x] Drop old PHP and Laravel versions (#993),0.76987565,Drop old PHP and Laravel versions by @driesvints in https://github.com/laravel/dusk/pull/993,  Drop old PHP and Laravel versions   wip ,1
wip,0.2855655,Updated,,0
Merge branch '6.x',0.29699713,Update minimum Laravel version (fcb2226),Conflicts: CHANGELOG.md,0
[6.x] Try clicking all elements before throwing ElementClickInterceptedException (#989),0.53532845,Try clicking all elements before throwing ElementClickInterceptedException by @SjorsO in https://github.com/laravel/dusk/pull/989,  attempt to click all elements before failing   remove unused import   Update InteractsWithMouse.php   Co-authored-by: Taylor Otwell taylor@laravel.com,0
Add assertIndeterminate assertion for checkbox. (#986),0.6785419,Add assertIndeterminate assertion for checkbox. by @crynobone in https://github.com/laravel/dusk/pull/986, Add assertIndeterminate assertion for checkbox.  Reference: https://developer.mozilla.org/en-US/docs/Web/HTML/Element/input/checkbox#indeterminate_state_checkboxes Signed-off-by: Mior Muhammad Zaki crynobone@gmail.com  wip  Signed-off-by: Mior Muhammad Zaki crynobone@gmail.com  Update MakesAssertions.php  Co-authored-by: Taylor Otwell taylor@laravel.com,0
formatting,0.2997858,Changed,,0
Added responsiveScreenShots method,0.35440242,Allow saving screenshots in a subdirectory (#662),Method uses some default screen sizes which can be altered,0
Update update-changelog.yml,0.38188338,Update Symfony dependencies to latest version (788e79c),,0
Update pull-requests.yml,0.30794245,Update Symfony dependencies to latest version (788e79c),,0
Add hasStartMaximizedEnabled method. (#978),0.58392745,Add waitUntilEnabled and waitUntilDisabled (#918)Ôªø,  Add hasStartMaximizedEnabled method.   Fix formatting.   Update DuskTestCase.stub   Co-authored-by: Taylor Otwell taylor@laravel.com,0
Fix storing page source to disk when source assertions fail. (#976),0.68054044,Fix storing page source to disk when source assertions fail. by @calmdev in https://github.com/laravel/dusk/pull/976,,0
Add waitForEvent() method (#972),0.69853354,Add waitUntilEnabled and waitUntilDisabled (#918)Ôªø," Add waitForEvent  This commit adds a waitForEvent() method to the WaitsForElements trait, making it available to the Browser class. The waitForEvent() method pauses the test execution until a given event type occurs on a target element or object. It also adds a corresponding test case to WaitsForElementsTest.   Fix syntax in exception message   formatting   Co-authored-by: Taylor Otwell taylor@laravel.com",0
Update tests.yml (#973),0.3928977,Fix assertValue for select elements (#942),,0
Create pull-requests.yml,0.25373715,"Add ability to store source from browser (#707, 9c90e2a, 1d5bc20)",,0
[6.x] Fixed vueAttribute for older Vue 2.x projects (#970),0.68013066,Add Vue 3 support to the assertVue*() methods (#834)Ôªø,  Fixed vueAttribute for older Vue 2.X projects   Update MakesAssertionsTest.php ,0
assertVue*() methods support Vue 3 composition API (#969),0.8968719,assertVue*() methods support Vue 3 composition API by @derekmd in https://github.com/laravel/dusk/pull/969,"If Vue's composition API used, reactive data and computed props cannot be inspected through these methods. When fetching a component prop, attempt these paths:  el.vue.key Vue 2 el.__vueParentComponent.ctx.key Vue 3 options API Vue 3 composition API for definedProps() el.__vueParentComponent.setupState.key Vue 3 composition API reactive(), computed(), or any other      ",1
Update .styleci.yml,0.33318222,Update jQuery file (#721),,0
Update CHANGELOG.md,0.34691364,Updated,,0
Fixes link assertion with single or double quote (#965),0.51100636,"Add new assertion assertAttributeContains() (#931, ab47680)", Fixes link assertion with single or double quote  Signed-off-by: Mior Muhammad Zaki crynobone@gmail.com  wip  Signed-off-by: Mior Muhammad Zaki crynobone@gmail.com  wip  Signed-off-by: Mior Muhammad Zaki crynobone@gmail.com  wip  Signed-off-by: Mior Muhammad Zaki crynobone@gmail.com   Update InteractsWithElements.php   Update MakesAssertions.php   Co-authored-by: Taylor Otwell taylor@laravel.com,0
Merge pull request #962 from stefanzweifel/patch-1,0.3919423,Updated,[6.x] Use release target branch in changelog compare URL,0
Use release target branch in changelog compare URL,0.3379271,Allow proxy for getting latest version (#805),,0
Create update-changelog.yml,0.2792802,Update Symfony dependencies to latest version (788e79c),,0
[6.x] Add waitForInput (#960),0.65020424,"Add ""waitUntilMissingText"" (#706)",  add waitForInput   Update WaitsForElements.php   Co-authored-by: Taylor Otwell taylor@laravel.com,0
Update composer.json,0.47971976,Update Symfony dependencies to latest version (788e79c),,0
Merge pull request #957 from laravel/6.x,0.62995076,Laravel 9 Support (#956),Merge into master,0
Merge branch 'master' into 6.x,0.25026816,Update minimum Laravel version (fcb2226),,0
Laravel 9 (#956),0.8462293,Laravel 9 Support (#956),  Laravel 9   wip ,1
add clickAndWaitForReload (#953),0.56818914,"Add clickAtXPath (#723, effe73d)",,0
Merge pull request #943 from laravel/driesvints-patch-1,0.54803574,Laravel 9 Support (#956),Update phpunit.xml.dist,0
Update phpunit.xml.dist,0.65141785,Support PHPUnit 8 (788e79c),,0
Merge pull request #942 from laravel/fix-assert-value-select,0.59334,Fix PHPUnit v10 stubs by @driesvints in https://github.com/laravel/dusk/pull/1024,Fix assertValue for select elements,0
Fix assertValue for select elements,0.93502283,Fix assertValue for select elements (#942),,1
[6.x] Tweak cookie() and plainCookie() return types (#941),0.6750246,Fix for cookie assertions (#778),  Fix return types   Update InteractsWithCookies.php   Co-authored-by: Steve Bauman 6421846+stevebauman@users.noreply.github.com Co-authored-by: Taylor Otwell taylor@laravel.com,0
[6.x] Fix logout() when using AuthenticateSession and default guard (#939),0.951258,Fix logout() when using AuthenticateSession and default guard (#939)Ôªø," [6.x] Fix logout() when using AuthenticateSession and default guard  Fix was attempted by #826, but the string concatenation is wrong and it never uses the default guard.  Use local variable instead",1
Formatting (#938),0.38423604,Adds typeSlowly & appendSlowly (#748),Docblocks,0
Improve test coverage (#937),0.49496835,Add assert attribute methods (#751),  Provide test coverage for waitUntilMissing()   Provide test coverage for waitForTextIn()   Provide test coverage for waitForLink()   Provide test coverage for waitUntilVue() / waitUntilVueIsNot()   Provide test coverage for waitForDialog()   Provide test coverage for waitForReload() ,0
Merge branch 'u01jmg3/6.x' into 6.x,0.26846054,Add support for Mac ARM64 architecture (#876)Ôªø,,0
934 - throw an error if assertValue() / assertValueIsNot() are used with an element that does not support the value attribute,0.938326,"throw an error if assertValue() is used with an element that does not support the value attribute (#936, 334c49f)",,1
Merge pull request #932 from laravel/php81,0.60982877,Laravel 9 Support (#956),Add PHP 8.1 support,0
Add PHP 8.1 support,0.7885898,PHP 8 Support (#833)  Ôªø,,1
Add new assertion assertValueIsNot() (#929),1.0000002,Add new assertion assertValueIsNot() (#929),  Correct docblocks   Add new assertion assertValueIsNot() ,1
Merge branch 'assert-attribute-contains' into 6.x,0.6244679,Add assert attribute methods (#751),,0
Provide test coverage for whenAvailable() (#930),0.4939223,Add new assertion assertValueIsNot() (#929),,0
Add new assertion assertAttributeContains(),0.94899184,"Add new assertion assertAttributeContains() (#931, ab47680)",,1
Fix logo for GitHub Dark Theme (#928),0.42959675,Fix updated Mac image name by @driesvints in https://github.com/laravel/dusk/pull/1001,  Fix logo for GitHub Dark Theme   minor fix ,0
Add Missing Type Hints and Fix Some Typos (#927),0.42582688,Fix for class imports (#905)Ôªø,  Add Missing Type Hints and Fix some typos   Add StyleCI Fixes ,0
fix: check if userId is an object (#922),0.47294652,Fix Call to undefined method (#750),,0
"Fix ""pest"" option does not exist on dusk:fails command (#921)",1.0000001,"Fix ""pest"" option does not exist on dusk:fails command (#921)Ôªø",,1
[6.x] Add waitUntilEnabled and waitUntilDisabled (#918),0.94809103,Add waitUntilEnabled and waitUntilDisabled (#918)Ôªø,  add waitUntilEnabled and waitUntilDisabled   Update WaitsForElements.php   Co-authored-by: Taylor Otwell taylor@laravel.com,1
"[6.x] Set Component as possible variable type to phpdoc of methods with, within, elsewhere (#919)",0.46494552,Uses PHP Native Type Declarations üêò  by @nunomaduro in https://github.com/laravel/dusk/pull/1004,"  Set Component as possible variable type to phpdoc of methods with, within,elsewhere   FQN ",0
allow waiting for full URL location (#916),0.82938194,Support waiting for URLs with waitForLocation (#916)Ôªø,,1
Add source directory creation on install (#915),1.0,Add source directory creation on install (#915)Ôªø,,1
[6.x] Add assertInputPresent and assertInputMissing assertions (#914),0.94856924,Add assertInputPresent and assertInputMissing assertions (#914),  add assertInputPresent and assertInputMissing assertions   wip ,1
Make DuskCommand compatible with Pest (#913),0.99999994,Make DuskCommand compatible with Pest (#913),  Update DuskCommand.php   Update DuskCommand.php   Update DuskCommand.php   Co-authored-by: Taylor Otwell taylor@laravel.com,1
Redirect page to previous URL after asserting authentication (#912),1.0000002,Redirect page to previous URL after asserting authentication (#912)Ôªø,"Authentication assert will require the browser to navigate to /_dusk/user/:id, if user visit a page and then use assertGuest() they need to remember to navigate back to previous page. Signed-off-by: Mior Muhammad Zaki crynobone@gmail.com",1
Fix unicode support in slowly send keys methods (#907),0.6346474,Fix unicode support in appendSlowly method (#907),Replace str_split with preg_split for support unicode,0
Do not test PHPUnit on PHP 7.4,0.7558541,Support PHPUnit 8 (788e79c),,1
Allow to pass array for select multiple. (#904),0.9927164,Allow to pass array for select multiple (#904), Allow to pass array for select multiple.  Signed-off-by: Mior Muhammad Zaki crynobone@gmail.com  Apply fixes from StyleCI  Signed-off-by: Mior Muhammad Zaki crynobone@gmail.com  Update InteractsWithElements.php  Co-authored-by: Taylor Otwell taylor@laravel.com,1
Fixes for class imports (#905),0.94164574,Fix for class imports (#905)Ôªø,  Fixes for page import   Update page.stub   Co-authored-by: Taylor Otwell taylor@laravel.com,1
dark mode logo,0.25744346,Add Dusk command argument --browse (#870),,0
Apply fixes from StyleCI (#902),0.4474839,Fix for class imports (#905)Ôªø,,0
Add middleware configuration (#888),0.37225547,Allow proxy for getting latest version (#805),,0
[6.x] Add purge console command (#887),0.9110156,Add purge console command (#887), [6.x] Add purge console command  Signed-off-by: Mior Muhammad Zaki crynobone@gmail.com  Fixes CS  Signed-off-by: Mior Muhammad Zaki crynobone@gmail.com   Improve warn message on folder doesn't exists.   Update PurgeCommand.php   Co-authored-by: Derek derekmd@hotmail.com Co-authored-by: Taylor Otwell taylor@laravel.com,1
[6.x] Refactor redundant purging methods. (#886),0.9354285,Refactor redundant purging methods (#886)Ôªø, [6.x] Refactor redundant purging methods.  Signed-off-by: Mior Muhammad Zaki crynobone@gmail.com  Fixes indent.  Signed-off-by: Mior Muhammad Zaki crynobone@gmail.com,1
Move commands to boot method (#884),1.0000002,Move commands to boot method (#884),,1
Merge pull request #882 from laravel/ubuntu,0.5559394,Support Laravel 8 (#800),Use ubuntu-18.04,0
Use ubuntu-18.04,0.20841953,Updated,,0
update doc block,0.34890914,Update fitContent() (#717),,0
[6.x] Add assertNotPresent() assertion (#879),0.9355899,Add assertNotPresent() assertion (#879)Ôªø,  add assertNotPresent()   Fix code styling ,1
[6.x] Add support for Mac ARM64 architecture (#876),0.9667845,Add support for Mac ARM64 architecture (#876)Ôªø, Add support for Mac ARM64 architecture.  Signed-off-by: Mior Muhammad Zaki crynobone@gmail.com  Allow tests on Laravel 6.  Signed-off-by: Mior Muhammad Zaki crynobone@gmail.com  Fixes phpunit 7 support.  Signed-off-by: Mior Muhammad Zaki crynobone@gmail.com  Use include instead of exclude.  Signed-off-by: Mior Muhammad Zaki crynobone@gmail.com,1
[7.x] Refactor PR to match changes to PR #876 (#877),0.37650314,Refactor redundant purging methods (#886)Ôªø, Refactor PR to match changes to 6.x  Signed-off-by: Mior Muhammad Zaki crynobone@gmail.com  Allow tests on phpunit 10.  Signed-off-by: Mior Muhammad Zaki crynobone@gmail.com  Skip testbench 5.  Signed-off-by: Mior Muhammad Zaki crynobone@gmail.com,0
[7.x] Add support for arm64 macOS (#869),0.855652,Add support for Mac ARM64 architecture (#876)Ôªø,  Add support for arm64 macOS   Fix ChromeProcess::chromeEnvironment() ,1
[7.x] Remove chrome binaries (#873),0.65688145,Remove chrome binaries by @driesvints in https://github.com/laravel/dusk/pull/873,  Remove chrome binaries   Ignore chrome binaries   Apply fixes from StyleCI (#872)   Only install OS binary   Orchestra 7.0   Update testbench dependency   Attempt at fixing tests   Apply fixes from StyleCI (#875)   Fix tests   Fix tests ,0
Bump dependencies (#874),0.53362966,Bumped minimum Symfony dependencies to 4.3 (1ee28e1),,0
Merge pull request #871 from derekmd/fix-ci-typo,0.33759168,Fix for class imports (#905)Ôªø,[6.x] Fix DuskCommand syntax mistake,0
Fix DuskCommand syntax mistake,0.7228964,Make DuskCommand compatible with Pest (#913),"No test coverage, you say.",1
[6.x] Add Dusk command argument --browse (#870),0.970037,Add Dusk command argument --browse (#870)," Add Dusk command argument --browse  Allow headless mode to be disabled by calling: php artisan dusk --browse This will instead show the browser window in the viewport while tests run. --browse cannot be used if CI=true is set in the local environment, which GitHub Actions, TravisCI, CircleCI, GitLab, etc. all configure.   Update DuskCommand.php   Update DuskFailsCommand.php   Update DuskTestCase.stub   Co-authored-by: Mior Muhammad Zaki crynobone@gmail.com Co-authored-by: Taylor Otwell taylor@laravel.com",1
[6.x] Add $seconds options to Browser::elseWhenAvailable() (#865),0.97814155,Add $seconds options to Browser::elseWhenAvailable() (#865)Ôªø,Signed-off-by: Mior Muhammad Zaki crynobone@gmail.com,1
[6.x] Improves docblock (#866),0.3168836,Fix for class imports (#905)Ôªø,Signed-off-by: Mior Muhammad Zaki crynobone@gmail.com,0
PHPUnit v10 (#863),0.83009785,"PHPUnit 9 support (2770f25, 45ae210)",,1
Drop PHPUnit v8 support (#861),0.80096984,Support PHPUnit 8 (788e79c),,1
Drop Laravel v6 & v7 support (#862),0.7595365,"Dropped support for Laravel 5.7 & 5.8 (98af698, e0c173a)",,1
Drop PHP 7.2 (#860),0.6977042,Dropped support for PHP 7.1 (210e03e),,0
[6.x] Fix the value generated when setting encrypted cookies (#857),0.9615277,Fix the value generated when setting encrypted cookies (#857),  Fix the value generated when setting encrypted cookies   Update InteractsWithCookies.php   Co-authored-by: Taylor Otwell taylor@laravel.com,1
Do not resize to zero (#858),0.99999976,Do not resize to zero (#858),,1
Add Chromium path for Debian 10 (#855),1.0,Add Chromium path for Debian 10 (#855),"On my freshly installed Debian 10, apt install chromium create the executable in /usr/bin/chromium.",1
Allow passing mixed to assertVue() and assertVueIsNot() (#853),0.9844459,Allow passing mixed to assertVue and assertVueIsNot (#853)Ôªø,,1
"use selector to double click, and to click and hold (#848)",0.6524146,"Use selector to double click, and to click and hold by @rodrigopedra in https://github.com/laravel/dusk/pull/848",,0
Merge pull request #847 from crynobone/elsewhere-when-available,0.26213264,Add purge console command (#887),Use $browser given from closure to received scoped selector.,0
Use $browser given from closure to received scoped selector.,0.58648574,Support executing closures outside of the current selector scope (#784),Additional fix to #846 PR. Signed-off-by: Mior Muhammad Zaki crynobone@gmail.com,0
[6.x] Add Browser::elsewhereWhenAvailable(). (#846),0.97130764,Add Browser::elsewhereWhenAvailable() (#846)Ôªø,Signed-off-by: Mior Muhammad Zaki crynobone@gmail.com,1
Update docblocks (#844),0.38718653,Update fitContent() (#717),,0
renaming methods,0.43065217,Fix Call to undefined method (#750),,0
Add new assertions assertSeeEmptyTextIn() and assertDontSeeEmptyTextIn(),0.8102919,Add assertNotPresent() assertion (#879)Ôªø,,1
Correct docblock spacing,0.30518222,Fit content to <html> instead of <body> (#726),,0
Align docblocks with recent update to docs,0.3220108,Update fitContent() (#717),Correctly order URL assertions and accompanying tests,0
Add missing tests for 6 additional existing assertions (#839),0.66584337,"Add new assertions assertSeeAnythingIn() and assertSeeNothingIn() (#843, dc683ee)",  Formatting   Add test for assertValue() Customise error message returned by assertValue() Formatting   Add test for assertDialogOpened()   Add tests for assertVue() /  assertVueIsNot() Customise error messages returned by assertVue() / assertVueIsNot()   Add tests for assertInputValue() / assertInputValueIsNot() ,0
Add missing tests for 16 existing assertions (#838),0.6786734,"Add new assertions assertSeeAnythingIn() and assertSeeNothingIn() (#843, dc683ee)",  Formatting   Add tests for assertChecked() /  assertNotChecked()   Add tests for assertRadioSelected() /  assertRadioNotSelected()   Add tests for assertSelected() /  assertNotSelected()   Add tests for assertSelectHasOptions() /  assertSelectMissingOptions() Add tests for assertSelectHasOption() /  assertSelectMissingOption()   Add tests for assertVisible() /  assertMissing()   Add tests for assertSee() /  assertDontSee()   Add tests for assertSourceHas() /  assertSourceMissing() ,0
Add tests for assertDontSeeIn() /  assertSeeIn() (#836),0.83253276,Add assertNotPresent() assertion (#879)Ôªø,,1
assertVue*() methods support Vue 3 (#834),0.95397615,Add Vue 3 support to the assertVue*() methods (#834)Ôªø,"Vue 3 no longer adds a vue property to DOM nodes to allow querying for props. Instead the __vueParentComponent must be inspected. Its 'ctx' property will return the:  passed in component props data() computed props  When Dusk is looking up the Vue prop value of a DOM node, it will first look for a Vue 2 vue property, then fallback to __vueParentComponent.ctx for Vue 3.",1
[6.x] PHP 8 Support (#833),0.9576745,PHP 8 Support (#833)  Ôªø," Revert ""Revert ""PHP 8 Support (#831)""""  This reverts commit c005c11576daef5b955b6650b37aa3f403391039.   Bump php-webdriver   Exclude non compatible phpunit versions ",1
use static call,0.34003603,Add ProvidesBrowser::getCallerName() (#725),,0
make method static,0.35364017,Fix Call to undefined method (#750),,0
update check,0.5888522,Updated,,0
add support for sail,0.21992996,Add support for Mac ARM64 architecture (#876)Ôªø,,0
"Revert ""PHP 8 Support (#831)""",0.77972126,PHP 8 Support (#833)  Ôªø,This reverts commit 0736268d018d34421aa0c21fe9916ca599816ebe.,1
PHP 8 Support (#831),0.9974605,PHP 8 Support (#833)  Ôªø,,1
Update .gitattributes,0.25502193,Updated,,0
Update MakesAssertions.php (#830),0.49005055,Update Symfony dependencies to latest version (788e79c),,0
Merge pull request #828 from browner12/patch-1,0.37789,Updated,[6.x] add missing change for v6.8.0,0
add missing change for v6.8.0,0.38630524,Update jQuery file (#721),,0
Merge branch '6.x' into master,0.2487109,Update minimum Laravel version (fcb2226),Conflicts: CHANGELOG.md,0
fix logout() when using AuthenticateSession middleware (#826),1.0,Fix logout() when using AuthenticateSession middleware (#826)Ôªø,,1
Merge pull request #827 from pataar/patch-1,0.37180543,Updated,[6.x] Update the badges to use shields.io,0
[6.x] Update the badges to use shields.io,0.3297852,Updated,,0
"[6.x] Allow to utilise browser ""about:blank"" page (#824)",0.9579291,"Allow to utilise browser ""about:blank"" page  (#824)"," Allow to utilise browser ""about:blank"" page.  Tested: - Chrome - Firefox - Safari This would be useful to stop page to executing any ajax when completing each test. In my case, keep seeing page error between teardown and setup for next test when using chrome (with GUI). Signed-off-by: Mior Muhammad Zaki crynobone@gmail.com  Update Browser.php  Co-authored-by: Taylor Otwell taylor@laravel.com",1
added waitForTextIn Function (#823),0.62004143,Add waitUntilEnabled and waitUntilDisabled (#918)Ôªø,,0
Merge branch 'source-failures' into 6.x,0.33084157,"Capture source code on failure (#819, 3c59a5c)",,0
assertScript() with tests (#821),0.85137194,Add assertScript() (#821),,1
fix ->select()ing random elements (#822),0.816475,Fix choosing random elements on <select> (#822),only choose a random element from a <select> input if no second parameter is passed,1
automatically capture source code on failure,0.847384,"Capture source code on failure (#819, 3c59a5c)","if an assertion has been made against the source code, capture the source code for analysis",1
Update ChromeDriverCommand.php,0.71699274,"Implement ChromeDriverCommand (#643, 60339a5, #644) ",,1
style,0.2728705,Changed,,0
remove comment,0.46809298,Removed,,0
add Chrome driver auto detection,0.9398587,Add Chrome driver auto detection (#816)Ôªø,,1
fix the fitContent() method (#815),0.9999999,Fix the fitContent() method (#815)Ôªø,this conditional was basically blocking all content fitting from happening.,1
Merge pull request #811 from saulens22/patch-1,0.38861227,Updated,Update phpunit.xml stub to PHPUnit 9.3.0 format,0
Update phpunit.xml,0.7566037,Support PHPUnit 8 (788e79c),,1
Update phpunit.xml stub to PHPUnit 9.3.0 format,0.76717836,"PHPUnit 9 support (2770f25, 45ae210)","PHPUnit 9.3.0 changed coverage filtering from filter tag to coverage tag. This pull request adds coverage element to phpunit.xml stub, so that both older and newer versions of PHPUnit has valid coverage configuration. Once dependencies go past phpunit@^9.3, filter element can be removed. This change introduces 'element not expected' warnings on all PHPUnit versions.  I believe it's not harmful as PHPUnit ignores unrecognized tags. Of course, there should be a better way to gracefully deprecate older PHPUnit versions. I'd be glad if someone suggests one.",1
Using the assertSame to make assert equals strict (#808),0.71541154,Add assertNotPresent() assertion (#879)Ôªø,,1
Apply fixes from StyleCI (#807),0.41222394,Fix for class imports (#905)Ôªø,,0
fixed proxy for getting latest version (#805),0.9350003,Allow proxy for getting latest version (#805),,1
Merge pull request #806 from balu-lt/patch-1,0.3681952,Updated,Add missing parentheses,0
Add missing parentheses,0.29129273,Adds typeSlowly & appendSlowly (#748),,0
Add CookieValuePrefix detection for encrypted cookies in InteractsWithCookie (#804),0.86475515,Add CookieValuePrefix detection for encrypted cookies (#804),,1
Merge pull request #803 from snellingio/patch-1,0.32280916,Updated,Update phpdotenv requirement to ^5.0 for Laravel 8,0
Update phpdotenv requirement to ^5.0 for Laravel 8,0.75072145,Support Laravel 5.8 (5b2e9aa),"Laravel 8 includes  ""vlucas/phpdotenv"": ""^5.0"", We need to update this requirement",1
Merge pull request #800 from laravel/laravel8,0.69016814,Support Laravel 8 (#800),[6.x] Support Laravel 8,0
Apply fixes from StyleCI (#801),0.41659915,Fix for class imports (#905)Ôªø,,0
Support Laravel 8,0.8779368,Support Laravel 8 (#800),,1
Merge pull request #795 from laravel/driesvints-patch-1,0.53758943,Laravel 9 Support (#956),Update tests.yml,0
[6.x] Pass ssl-no-verify option into latestVersion of ChromeDriver install (#794),0.94286585,Pass ssl-no-verify option into latestVersion of ChromeDriver install (#794),  793 - Pass ssl-no-verify option into latestVersion   793 - Fix styleCI quotes   Update ChromeDriverCommand.php   Update ChromeDriverCommand.php   Co-authored-by: Dries Vints dries@vints.io,1
[6.x] Update docblocks to clarify the type of cookie: encrypted or unencrypted (#790),0.6487729,Add CookieValuePrefix detection for encrypted cookies (#804),  Update docblocks to clarify the type of cookie: unencrypted   Update docblocks to clarify the type of cookie: encrypted ,0
Support clicking the topmost element at a given pair of coordinates (#788),0.9999999,Support clicking the topmost element at a given pair of coordinates (#788),,1
Apply fixes from StyleCI (#785),0.41183466,Fix for class imports (#905)Ôªø,,0
Merge pull request #784 from Infamoustrey/break-selector-scope,0.4054633,Support executing closures outside of the current selector scope (#784),[6.x] Support executing closures outside of the current selector scope,0
add function to allow a closure to be executed outside of the current scope,0.72558546,Support executing closures outside of the current selector scope (#784),,1
Merge pull request #778 from funkjedi/fix-cookies,0.63357437,Fix for cookie assertions (#778),[6.x] Fix for cookie assertions,0
Catch NoSuchCookieException when getting cookie,0.5818449,Add CookieValuePrefix detection for encrypted cookies (#804),,0
Merge pull request #776 from crynobone/fix-route,0.3670327,Domain routing should only be optional (#776),[6.x] Domain routing should only be optional.,0
Update InteractsWithAuthentication.php,0.344929,Adds the missing import for InteractsWithMouse@clickAtXPath (#728),,0
[6.x] Domain routing should only be optional.,0.87017477,Domain routing should only be optional (#776),This fix failing test when running Dusk within Package Development environment. e.g: https://travis-ci.org/github/orchestral/testbench-dusk/builds/686544633 Signed-off-by: Mior Muhammad Zaki crynobone@gmail.com,1
clean up config,0.32698345,Add purge console command (#887),,0
style-ci,0.20273969,Add option to fullsize the browser (#655),,0
move common middleware web to group,0.27106318,Fix logout() when using AuthenticateSession middleware (#826)Ôªø,,0
Dusk config,0.6861793,"Allow Dusk route to be configurable (#774, 668289a)",,0
Add dusk route prefix,0.76332015,"Allow Dusk route to be configurable (#774, 668289a)",,1
Merge pull request #771 from nunomaduro/patch-1,0.37151206,Updated,[6.x] Uses Pest if available,0
Uses Pest if available,0.49757537,"Fix ""pest"" option does not exist on dusk:fails command (#921)Ôªø",,0
Merge pull request #769 from mr-feek/mr-feek-patch-1,0.32357615,Updated,chore: update docblock to valid docblock,0
chore: update docblock to valid docblock,0.34429315,Update fitContent() (#717),dynamic isn't a valid annotation. This breaks static analyzers. Found this: https://github.com/laravel/framework/issues/25061,0
Merge pull request #767 from u01jmg3/6.x,0.33284986,Updated,Support navigating forward in the browser,0
Closes #623 - support navigating forward in the browser,0.7638817,Support navigating forward in the browser (#767),,1
Merge pull request #766 from u01jmg3/6.x,0.33521053,Updated,[6.x] Support scrolling an element into view,0
Closes #765 - support scrolling an element into view,0.7909148,Support scrolling an element into view (#766),,1
Merge pull request #764 from laravel/trim-trailing-slash,0.5241469,Trim trailing slash (#764),[6.x] Trim trailing slash,0
Trim trailing slash,0.9081677,Trim trailing slash (#764),,1
Merge pull request #762 from laravel/drop-phpunit-7,0.72513235,Drop PHPUnit 7 by @driesvints in https://github.com/laravel/dusk/pull/762,[7.x] Drop PHPUnit 7,1
Drop PHPUnit 7 support,0.7803049,Support PHPUnit 8 (788e79c),,1
Update branch-alias,0.29582474,Fix updated Mac image name by @driesvints in https://github.com/laravel/dusk/pull/1001,,0
"Revert ""Remove Laravel 8 dependencies""",0.6136058,"Dropped support for Laravel 5.7 & 5.8 (98af698, e0c173a)",This reverts commit 72932c8502ff65017014c94cd36eee8561e746c4.,0
Remove Laravel 8 dependencies,0.6199896,Support Laravel 5.8 (5b2e9aa),,0
Merge branch '5.0',0.2885266,Support Laravel 5.8 (5b2e9aa),,0
Remove no-suggest,0.3660525,"Revert ""feat: add alternative tag for element selection"" by @driesvints in https://github.com/laravel/dusk/pull/1013",,0
Merge pull request #761 from laravel/fix-tests,0.5950263,Fix PHPUnit v10 stubs by @driesvints in https://github.com/laravel/dusk/pull/1024,[6.x] Fix tests,0
Fixes,0.370281,Updated,,0
Exlude php 7.2 and Laravel 8,0.7341218,Support Laravel 8 (#800),,1
Fix workflow syntax,0.31314635,Fix with() and page assertions (#625),,0
Merge pull request #760 from laravel/phpunit-9,0.7075645,Fix PHPUnit v10 stubs by @driesvints in https://github.com/laravel/dusk/pull/1024,[6.x] PHPUnit 9,1
Exclude tests,0.4320804,Add new assertion assertValueIsNot() (#929),,0
Remove --no-suggest,0.34146652,"Revert ""feat: add alternative tag for element selection"" by @driesvints in https://github.com/laravel/dusk/pull/1013",,0
PHPUnit 9 support,0.9329562,"PHPUnit 9 support (2770f25, 45ae210)",,1
Merge pull request #757 from crynobone/allow-laravel-8,0.6397039,Support Laravel 8 (#800),[6.x] Allow to install Laravel 8.,0
Merge branch 'master' into allow-laravel-8,0.56025016,Support Laravel 8 (#800),,0
[dev-master] Allow to install Laravel 7.,0.58995205,Drop PHP 7.2 by @driesvints in https://github.com/laravel/dusk/pull/860,Signed-off-by: Mior Muhammad Zaki crynobone@gmail.com,0
Update config.yml,0.36504573,Allow for Symfony 5 (#696),,0
Merge pull request #755 from crynobone/avoid-exception,0.3004498,Avoid throwing exception on production (#755),[5.x] Avoid throwing exception on production.,0
Remove unused exception.,0.5226966,Avoid throwing exception on production (#755),Signed-off-by: Mior Muhammad Zaki crynobone@gmail.com,0
[5.x] Avoid throwing exception on production.,0.81699073,Avoid throwing exception on production (#755),The risk of running Dusk in production revolve assigning unsecure routing to assist testing with Dusk. Signed-off-by: Mior Muhammad Zaki crynobone@gmail.com,1
Apply fixes from StyleCI (#752),0.4010359,Fix for class imports (#905)Ôªø,,0
Merge pull request #751 from troccoli/add-assert-attribute-methods,0.66528225,Add assert attribute methods (#751),[5.x] Add assert attribute methods,0
Add assertAriaAttribute method,0.8250142,Add assert attribute methods (#751),,1
Add assertDataAttribute method,0.7570224,Add assert attribute methods (#751),,1
Add assertAttribute method,0.851032,Add assert attribute methods (#751),,1
Merge pull request #750 from migueldamaso/patch-1,0.37861115,Updated,Fix Call to undefined method [appendWithPauses],0
Fix Call to undefined method [appendWithPauses],0.5911845,Fix Call to undefined method (#750),Currently the method typeSlowly throws a BadMethodCallException: Call to undefined method [appendWithPauses]. The cause of this is that the typeSlowly method should be calling the appendSlowly instead of appendWithPauses.,0
Merge pull request #748 from hivokas/patch-3,0.37887308,Updated,"[5.x] Adds typeWithPauses(), appendWithPauses() methods",0
Update InteractsWithElements.php,0.5246032,Bugfix quoting for InteractsWithElements::value (#735),,0
"add typeWithPauses(), appendWithPauses() methods",0.4279877,Adds typeSlowly & appendSlowly (#748),,0
Merge pull request #739 from laravel/github-actions,0.47636762,Support Laravel 8 (#800),[5.x] Switch to Github Actions,0
Switch to Github Actions,0.17804904,Adds the missing import for InteractsWithMouse@clickAtXPath (#728),,0
Merge pull request #737 from laravel/update-webdriver-version,0.5955096,Rename php-webdriver package (#720),[5.x] Update minimum webdriver version,0
Update minimum webdriver version,0.64614373,Add latest version of Facebook Webdriver (#654),,0
Merge pull request #735 from DasRed/5.0,0.33632535,Updated,[5.x] Bugfix quoting for InteractsWithElements::value,0
bugfix quoting for InteractsWithElements::value,0.9798942,Bugfix quoting for InteractsWithElements::value (#735),(cherry picked from commit 24be4cf6692f426ca4860aaf338c1ce898e2544f),1
Merge pull request #734 from DasRed/master,0.34619105,Updated,[6.x] Bugfix quoting for InteractsWithElements::value,0
Merge pull request #733 from laravel/lock-constraints,0.6652411,Update constraints for Laravel 6.0 (e4b4d63),[5.x] Lock php-webdriver constraints for now,0
Lock php-webdriver constraints for now,0.97051466,Lock php-webdriver constraints for now (#733),,1
Merge pull request #731 from browner12/conditionals,0.29242274,Refactor redundant purging methods (#886)Ôªø,[5.0] do not nest conditionals,0
do not nest conditionals,0.34849304,Add assertion checks if a button is disabled or enabled (#661),,0
Merge pull request #730 from RaZeR-RBI/add-fixContent-check,0.32758823,Update fitContent() (#717),Size sanity check at fitContent (fixes #729),0
Update Browser.php,0.47793692,Update jQuery file (#721),,0
Size sanity check at fitContent (fixes #729),0.88001025,Size sanity check at fitContent (#730),,1
Merge pull request #728 from hivokas/patch-2,0.3920923,Updated,[5.0] Adds the missing import for InteractsWithMouse@clickAtXPath,0
Update InteractsWithMouse.php,0.6377256,Adds the missing import for InteractsWithMouse@clickAtXPath (#728),,0
Merge pull request #726 from browner12/patch-1,0.38045195,Updated,[5.0] Fit content to <html> instead of <body>,0
fit content to <html> instead of <body>,0.94359064,Fit content to <html> instead of <body> (#726),"most browsers apply a margin of 8px to the <body> tag automatically. it's very common for most CSS frameworks to ""normalize"" this to zero, which is why for most people the  size and the  size are the same. since it's not the case for everyone, we can use the  size here instead.",1
Merge pull request #725 from crynobone/caller-2,0.28524148,Refactor redundant purging methods (#886)Ôªø,[5.x] Add ProvidesBrowser::getCallerName();,0
[5.x] Add ProvidesBrowser::getCallerName();,0.9508185,Add ProvidesBrowser::getCallerName() (#725),This would allow better support when we need to use laravel/dusk outside of PHPUnit\Framework\TestCase. Signed-off-by: Mior Muhammad Zaki crynobone@gmail.com,1
rename method,0.3130607,Fix Call to undefined method (#750),,0
Merge pull request #723 from hivokas/patch-1,0.3851982,Updated,[5.0] Add InteractsWithMouse@clickByXPath,0
InteractsWithMouse@clickByXPath,0.7591344,Adds the missing import for InteractsWithMouse@clickAtXPath (#728),,1
Merge pull request #721 from asbiin/update-jquery-version,0.54396474,Update jQuery file (#721),Update jQuery file,0
update jquery file,0.83051944,Update jQuery file (#721),,1
Merge pull request #720 from OndraM/patch-2,0.32504615,Updated,Rename php-webdriver package,0
Rename php-webdriver package (fixes #718),0.9360133,Rename php-webdriver package (#720),,1
Merge pull request #717 from browner12/patch-1,0.3770147,Updated,[5.0] update fitContent(),0
update fitContent(),0.9126758,Update fitContent() (#717),"if the user is in an iframe when a failure occurs, fitContent() will grab the dimensions of the iframe body, not the root body that we actually want. this change makes sure we switch back to the default scope before resizing the browser to fit the content.",1
Apply fixes from StyleCI (#714),0.3699085,Fix for class imports (#905)Ôªø,,0
Merge pull request #713 from browner12/patch-1,0.37765563,Updated,[5.0] Cast boolean values to appropriate string,0
Merge pull request #712 from iamgergo/5.0,0.30751994,Updated,[5.0] Add missing docblocks,0
Add missing docblocks,0.31294665,Automatically fit content on failures (#704),,0
Merge pull request #710 from browner12/resolve-order,0.30692017,Updated,[6.0] Update ElementResolver.php,0
Merge pull request #711 from browner12/patch-1,0.3793019,Updated,[5.0] use FQN,0
use FQN,0.24794097,Prefer stable dependencies (fdb2fd4),consistency,0
Update ElementResolver.php,0.397252,Update jQuery file (#721),move the generic $field selector to the end of our firstOrFail priority list,0
Merge pull request #709 from browner12/patch-1,0.37634975,Updated,use FQN in docblock,0
use FQN in docblock,0.22578181,Fix with() and page assertions (#625),,0
formatting and rename method,0.36364472,Fix Call to undefined method (#750),,0
Merge branch 'save-source' of https://github.com/browner12/dusk into browner12-save-source,0.45159924,Fix updated Mac image name by @driesvints in https://github.com/laravel/dusk/pull/1001,,0
Update docblock,0.3283812,Update fitContent() (#717),,0
add ability to store source from browser,0.94180065,"Add ability to store source from browser (#707, 9c90e2a, 1d5bc20)",,1
Merge pull request #706 from SjorsO/5.0,0.28510582,Fix for class imports (#905)Ôªø,"[5.x] add ""waitUntilMissingText""",0
add waitUntilMissingText,0.91011894,"Add ""waitUntilMissingText"" (#706)",,1
Merge pull request #704 from browner12/autofit,0.33344343,Automatically fit content on failures (#704),[5.0] automatically fit content on failures,0
styling,0.2434862,Changed,,0
automatically fit content on failures,0.9496635,Automatically fit content on failures (#704),this will automatically resize the browser to fit the content before taking screenshots on failures.,1
Merge pull request #703 from laravel/php74,0.56829256,Drop PHP 7.2 by @driesvints in https://github.com/laravel/dusk/pull/860,[5.x] Test on PHP 7.4,0
Test on PHP 7.4,0.48466074,Support PHPUnit 8 (788e79c),,0
Merge pull request #702 from iamgergo/5.0,0.30690256,Updated,"[5.0] Fix docs, import sorting in stubs",0
"docs, import sorting",0.3509771,Fix for class imports (#905)Ôªø,,0
Merge pull request #699 from GrahamCampbell/upgrade,0.37570363,Updated,[5.x] Support phpdotenv v4,0
Support phpdotenv v4,0.95978284,Support phpdotenv v4 (#699),,1
Merge pull request #697 from mbardelmeijer/patch-4,0.3882095,Updated,[5.x] scrollTo: add support for selectors with quotes,0
scrollTo: add support for selectors with quotes,0.9779083,scrollTo: add support for selectors with quotes (#697),,1
Merge pull request #696 from carusogabriel/feature/symfony-5,0.62850267,Allow for Symfony 5 (#696),[5.x] Allow Symfony 5.x,0
[5.x] Allow Symfony 5.x,0.8933219,Allow for Symfony 5 (#696),,1
Update link,0.61660373,Updated,,0
Remove emoji,0.3535369,Fix unicode support in appendSlowly method (#907),,0
Add extra issue links,0.2860685,"Add ability to store source from browser (#707, 9c90e2a, 1d5bc20)",,0
Update github templates and default files,0.25883567,Update Symfony dependencies to latest version (788e79c),,0
Merge pull request #693 from JunaidQadirB/patch-1,0.35434496,Updated,Escape single quotes,0
Escape single quotes ,0.34284317,scrollTo: add support for selectors with quotes (#697),"Note: This might be a rare use-case but it does break when someone passes single quote in the string. The value function does not escape the contents of  $value variable as a result if someone passes a string even with a escaped single quote, the code breaks because value is assigned using single quotes  on line 68 argument passed to executeScript, ""document.querySelector('{$selector}').value = '{$value}';"" php $browser->value('myField', ""Field\'s Name""); Current output of the script: js document.querySelector('myField').value = 'Field's Name'; Expected output of the script: js document.querySelector('{$selector}').value = 'Field\'s Name';"" Fixes #312",0
Merge pull request #692 from laravel/pcntl-update,0.58178127,Laravel 9 Support (#956),[5.x] Prevent using pcntl when not installed,0
Prevent using pcntl when not installed,0.9574039,Prevent using pcntl when not installed (#692),,1
Merge pull request #691 from petermein/5.0,0.34109652,Updated,Added missing return statement in withDuskEnvironment,0
Added missing return statement in withDuskEnvironment,0.4285187,Fix with() and page assertions (#625),,0
Merge pull request #687 from GrahamCampbell/patch-1,0.37029165,Updated,[5.0] Update .styleci.yml,0
Merge pull request #686 from laravel/update-scroll-to,0.5031465,Update constraints for Laravel 6.0 (e4b4d63),[5.x] Ensure jQuery for scrollTo,0
Ensure jQuery for scrollTo,0.9515544,Ensure jQuery for scrollTo (#686),,1
Merge pull request #684 from mbardelmeijer/feature/scroll-to,0.56773853,Add scrollTo method (#684),Add scrollTo method,0
Format selector,0.30060643,Add alternative tag for element selection by @pataar in https://github.com/laravel/dusk/pull/1012,,0
Use jQuery implementation as previous is not blocking,0.4417124,Update jQuery file (#721),,0
Add scrollTo method,0.92924285,Add scrollTo method (#684),,1
Use async signals instead of declare ticks,0.27243674,Add waitUntilEnabled and waitUntilDisabled (#918)Ôªø,,0
Use constant for SIGINT instead of magic variable,0.4206516,"Add graceful handler for SIGINT for .env restoration (#682, f843b8a)",,0
Require pcntl extension in composer.json,0.55295163,Prevent using pcntl when not installed (#692),,0
Update DuskCommand.php,0.6915501,Make DuskCommand compatible with Pest (#913),,0
Codestyle,0.29283267,Adds typeSlowly & appendSlowly (#748),,0
Add graceful handler for SIGINT,0.63733095,"Add graceful handler for SIGINT for .env restoration (#682, f843b8a)",,0
Merge pull request #677 from staudenmeir/chromedriver,0.5738339,Improve detection of latest stable ChromeDriver release (#677),[5.5] Improve detection of latest stable ChromeDriver release,0
Improve detection of latest stable ChromeDriver release,0.9550323,Improve detection of latest stable ChromeDriver release (#677),,1
Merge pull request #674 from kandarp26/patch-1,0.32785428,Updated,Update regular expression base on website changes,0
Update regular expression base on website changes ,0.93703604,Update regular expression base on website changes (#674),Some markup is updated on http://chromedriver.chromium.org/home website. which break this function  ErrorException  : Undefined offset: 1,1
Apply fixes from StyleCI (#670),0.39308834,Fix for class imports (#905)Ôªø,,0
Order imports alphabetically,0.34759036,Fix for class imports (#905)Ôªø,,0
Drop support for deprecated Carbon v1,0.76406944,Dropped support for Carbon v1 (0b880e9),,1
Bump Symfony dependencies,0.76148224,Update Symfony dependencies to latest version (788e79c),,1
Drop support for PHP 7.1,0.71197206,Dropped support for PHP 7.1 (210e03e),,1
Drop support for Laravel 5.8,0.7781806,Support Laravel 5.8 (5b2e9aa),,1
Merge pull request #668 from driesvints/prepare-for-release,0.3031807,Update Symfony dependencies to latest version (788e79c),[5.0] Prepare for 6.0 release,0
Prepare for 6.0 release,0.3211465,Update minimum Laravel version (fcb2226),,0
Merge pull request #662 from SjorsO/screenshots-in-subdir,0.5330336,Allow saving screenshots in a subdirectory (#662),[5.0] Allow saving screenshots in a subdirectory,0
allow saving screenshots in a subdirectory,0.94022673,Allow saving screenshots in a subdirectory (#662),,1
Rename readme.md to README.md,0.36999792,Fix updated Mac image name by @driesvints in https://github.com/laravel/dusk/pull/1001,,0
Update changelog,0.36736262,Updated,,0
Remove 5.7 from Travis,0.3125907,Improve detection of latest stable ChromeDriver release (#677),,0
Drop 5.7 support,0.4713046,"Dropped support for Laravel 5.7 & 5.8 (98af698, e0c173a)",,0
Merge pull request #661 from SjorsO/5.0,0.28611365,Fix for class imports (#905)Ôªø,Add assertion to check if a button is disabled,0
Update tests/MakesAssertionsTest.php,0.5132182,Fix assertVueContains and assertVueDoesNotContain (#638),Co-Authored-By: Jonas Staudenmeir mail@jonas-staudenmeir.de,0
rename assertion to be more consistent with others,0.48643398,"Add new assertions assertSeeAnythingIn() and assertSeeNothingIn() (#843, dc683ee)",,0
assert more specific exception,0.58033234,Add new assertion assertValueIsNot() (#929),,0
add assertion to check if a button is enabled,0.9228145,Add assertion checks if a button is disabled or enabled (#661),,1
Declare function argument type,0.32115787,Uses PHP Native Type Declarations üêò  by @nunomaduro in https://github.com/laravel/dusk/pull/1004,,0
Add @param to getUrl(),0.2849772,"Add clickAtXPath (#723, effe73d)",,0
Merge branch 'add-proxy-support' of https://github.com/aand18/dusk into add-proxy-support,0.7580161,Add proxy support to the dusk:install command (#659),,1
Update src/Console/InstallCommand.php,0.45187297,Add purge console command (#887),Co-Authored-By: Jonas Staudenmeir mail@jonas-staudenmeir.de,0
Rename function,0.24924213,Rename php-webdriver package (#720),,0
Update src/Console/ChromeDriverCommand.php,0.6896173,"Implement ChromeDriverCommand (#643, 60339a5, #644) ",Co-Authored-By: Jonas Staudenmeir mail@jonas-staudenmeir.de,0
Fix function name,0.34524292,Fix Call to undefined method (#750),,0
Fix StyleCI issues,0.30669096,Fix for class imports (#905)Ôªø,,0
Add proxy support to the 'install' command,0.66283077,Add proxy support to the dusk:install command (#659),"Currently 'php artisan dusk:install' fails if you are behind a proxy. This commit adds two new options:  --proxy= - e.g. ""--proxy=tcp://127.0.0.1:9000"" - is passed to file_get_contents() via stream context  --ssl-no-verify - skips SSL certificate verification; useful when the proxy replaces the original SSL certificate with it's own for HTTPS traffic inspection",0
add option to fullsize the browser,0.94980395,Add option to fullsize the browser (#655),this will calculate the size of the <body> and resize the browser to fit match it.,1
Merge pull request #654 from marcusmyers/add-latest-version-of-facebook-webdriver,0.7852,Add latest version of Facebook Webdriver (#654),[5.0] Add latest version of Facebook Webdriver,1
Add latest version of facebook WebDriver,0.96533203,Add latest version of Facebook Webdriver (#654),"Due to the latest version of the Chromedriver using W3C protocol by default, this commit requires the latest version of facebook/webdriver. The latest version forces the Chromedriver to not use the W3C protocol by default. This commit will fix issue #651.",1
Merge pull request #644 from staudenmeir/chromedriver,0.530561,Improve detection of latest stable ChromeDriver release (#677),[5.0] Adjust ChromeDriver command to beta releases,0
Adjust ChromeDriver command to beta releases,0.76059043,Improve detection of latest stable ChromeDriver release (#677),,1
Add .styleci.yml to .gitattributes,0.2360879,"Use custom DISPLAY variable when set on Linux (#613, 2480495)",,0
Add package url,0.37565702,Add source directory creation on install (#915)Ôªø,,0
Add copyright,0.24117121,Add source directory creation on install (#915)Ôªø,,0
Update LICENSE.md,0.27696383,Updated,,0
Make sure all option is executed,0.36125457,Add assertion checks if a button is disabled or enabled (#661),,0
Add ChromeDriver command,0.6740681,"Implement ChromeDriverCommand (#643, 60339a5, #644) ",This command will allow users to update their chrome driver for their OS. It has a flag that will also allow users to update every binary if they want. I've added this to the install command so the driver is updated whenever the install command is run. This means we don't have to update the docs. I wrote this as an install command so we can remove the binaries in a future version of Dusk and always have them installed with this command. This will save having them to be packaged with the repo. It's also written in such a way that it only installs the binary for the current OS. Fixes https://github.com/laravel/dusk/issues/641,0
Remove unnecessary construct override,0.3631517,Refactor redundant purging methods (#886)Ôªø,,0
Cleanup toProcess method,0.45069283,Refactor redundant purging methods (#886)Ôªø,,0
Merge pull request #642 from driesvints/update-js-checks,0.35570538,Update jQuery file (#721),[5.0] Simplify JS config,0
Simplify JS config,0.33357018,"Add ability to store source from browser (#707, 9c90e2a, 1d5bc20)",,0
Apply fixes from StyleCI (#640),0.34345764,Update fitContent() (#717),,0
Add styleci config,0.30716997,"Use custom DISPLAY variable when set on Linux (#613, 2480495)",,0
Simplify ignore,0.27438664,Do not resize to zero (#858),,0
Merge pull request #638 from driesvints/fix-vue-contains-assertiosn,0.6823476,Add Vue 3 support to the assertVue*() methods (#834)Ôªø,[5.0] Fix assertVueContains,0
Fix assertVueContains,0.8749276,Fix assertVueContains and assertVueDoesNotContain (#638),This fixes the assertVueContains and assertVueDoesNotContain methods to properly check for an array and what it contains instead of checking for a string. This got broken in https://github.com/laravel/dusk/commit/1985616f82b702f29f9a302657e6bf3f65c5e8de Fixes https://github.com/laravel/dusk/issues/637,1
Update gitattributes,0.25594652,Updated,,0
Add Github templates,0.26376814,"Add ability to store source from browser (#707, 9c90e2a, 1d5bc20)",,0
Replace helper,0.38417715,Fix Call to undefined method (#750),,0
Matrix build,0.22075987,Add source directory creation on install (#915)Ôªø,,0
Bump min phpunit version,0.7441053,Support PHPUnit 8 (788e79c),,1
Merge pull request #625 from staudenmeir/page-assert,0.5124235,Fix with() and page assertions (#625),[5.0] Fix with() and page assertions,0
Fix with() and page assertions,0.93217516,Fix with() and page assertions (#625),,1
Merge pull request #620 from mnabialek/5.0-phpunit-8,0.6984642,Support PHPUnit 8 (788e79c),Avoid deprecation messages on PHPUnit 8,0
"Revert ""Use proper PHPUnit assertions""",0.7251401,Avoid deprecation messages on PHPUnit 8 (#620),This reverts commit d48f9905b895c9ac252b1a855d843de2d0878b15.,1
Use proper PHPUnit assertions,0.7234601,Support PHPUnit 8 (788e79c),,1
Avoid deprecation messages on PHPUnit 8,0.98946786,Avoid deprecation messages on PHPUnit 8 (#620),,1
Merge pull request #617 from staudenmeir/cookie,0.5075076,Fix for cookie assertions (#778),[5.0] Fix cookies with falsey values,0
Fix cookies with falsey values,0.93548036,Fix cookies with falsey values (#617),,1
Fix installation broken Dotenv on Laravel 5.8,0.97474456,Fix installation of Dotenv on Laravel 5.8 (1f67bf2),Dotenv on Laravel 5.8 was bumped to a new version which changes the bootstrap process. This BC fix allows for both installs to be used. Fixes https://github.com/laravel/dusk/issues/614,1
Add missing dependencies,0.42168576,Prefer stable dependencies (fdb2fd4),,0
Ensure the DISPLAY variable is set when the env variable is empty,0.58834696,"Use custom DISPLAY variable when set on Linux (#613, 2480495)",,0
Use custom DISPLAY variable when set on Linux,0.9558701,"Use custom DISPLAY variable when set on Linux (#613, 2480495)","Use case: running Dusk on a server environment and using X11 forwarding via SSH to take a peek in the browser running the actions. This is particularity useful in combination with the https://github.com/nunomaduro/laravel-console-dusk package. We automate specific browser actions on the server side and it's handy to see why it's failing on the server (for instance, we ran into issues because the user agent of the headless browser was different). Am not aware of any side effects but happy to hear some thoughts about this.",1
fix #609: added support for 'phpunit.dusk.xml.dist',0.7428106,Fix PHPUnit v10 stubs by @driesvints in https://github.com/laravel/dusk/pull/1024,,1
Update UPGRADE.md,0.34183827,Updated,,0
Update upgrade guide,0.3310216,Updated,,0
Add Laravel 5.8 support,0.93873537,Support Laravel 5.8 (5b2e9aa),,1
Use same method visibilities as parent,0.2747987,Support executing closures outside of the current selector scope (#784),,0
Prefer stable dependencies,0.75585383,Prefer stable dependencies (fdb2fd4),,1
Replace array and string helpers,0.3226881,Update regular expression base on website changes (#674),,0
Add upgrade guide,0.2969996,Add source directory creation on install (#915)Ôªø,,0
Update dependencies,0.5798117,Update Symfony dependencies to latest version (788e79c),,0
Support Carbon 2,0.8137994,Support Carbon 2 (85cfc50),,1
Support PHPUnit 8,0.97010845,Support PHPUnit 8 (788e79c),,1
Sort packages,0.23348954,Rename php-webdriver package (#720),,0
Update minimum Laravel version,0.88644046,Update minimum Laravel version (fcb2226),,1
Use FQN,0.24794097,Prefer stable dependencies (fdb2fd4),,0
Merge branch '4.0',0.28457785,Update minimum Laravel version (fcb2226),,0
Cleanup gitignore,0.3748768,Add purge console command (#887),,0
Merge pull request #605 from chanaksha/4.0,0.32056004,Updated,[4.0] Fixes Support invocation of dusk testcases through phpdbg #530,0
Fixes Support invocation of dusk testcases through phpdbg #530,0.59017915,Fix PHPUnit v10 stubs by @driesvints in https://github.com/laravel/dusk/pull/1024,,0
Fix assertQueryStringHas method when the query parameters contain an array.,0.60653424,Add new assertion assertValueIsNot() (#929),,0
Fix branch-alias,0.34269378,Fix updated Mac image name by @driesvints in https://github.com/laravel/dusk/pull/1001,,0
Merge pull request #598 from kapi2289/wait-until-vue,0.4536507,Add Vue 3 support to the assertVue*() methods (#834)Ôªø,[5.0] Added waitUntilVue and waitUntilVueIsNot,0
Added waitUntilVue and waitUntilVueIsNot,0.77240664,Add waitUntilEnabled and waitUntilDisabled (#918)Ôªø,,1
Update .editorconfig,0.26986915,Adds the missing import for InteractsWithMouse@clickAtXPath (#728),,0
Rename .editerconfig to .editorconfig,0.29695943,Adds the missing import for InteractsWithMouse@clickAtXPath (#728),,0
Merge pull request #591 from driesvints/update-chromedriver,0.5823472,Improve detection of latest stable ChromeDriver release (#677),[4.0] Update Chromedriver,0
Fix failing build,0.3448274,"Capture source code on failure (#819, 3c59a5c)",,0
Update Chromedriver,0.7485235,Improve detection of latest stable ChromeDriver release (#677),,1
Add hyperlink to changelog version number,0.32958543,Allow proxy for getting latest version (#805),,0
Add .editorconfig,0.3136257,"Add ability to store source from browser (#707, 9c90e2a, 1d5bc20)",,0
Merge pull request #590 from driesvints/fix-multiple-select-bug,0.35772374,"Revert ""feat: add alternative tag for element selection"" by @driesvints in https://github.com/laravel/dusk/pull/1013",[4.0] Fix a big with asserting multiple selected options,0
Fix a big with asserting multiple selected options,0.5142769,Fix assertValue for select elements (#942),When testing a multiple select it wasn't possible asserting multiple options. Fixes https://github.com/laravel/dusk/issues/317,0
Merge pull request #589 from dkulyk/checkbox_without_name,0.31164622,Add assertIndeterminate assertion for checkbox. by @crynobone in https://github.com/laravel/dusk/pull/986,Allowed to check checkboxes without the name attribute.,0
Allowed to check checkboxes without the name attribute.,0.46275216,Add assertIndeterminate assertion for checkbox. by @crynobone in https://github.com/laravel/dusk/pull/986,,0
Merge pull request #587 from driesvints/unify-namespaces,0.3415469,Fix for class imports (#905)Ôªø,[4.0] Unify test namespaces,0
Unify namespaces,0.29699647,Fix for class imports (#905)Ôªø,,0
Merge pull request #582 from derekmd/fix-waitfor-timeout-sprintf-error,0.4187246,Support waiting for URLs with waitForLocation (#916)Ôªø,[4.0] Fix TimeOutException sprintf() error,0
Fix TimeOutException sprintf() error,0.42191,Add waitUntilEnabled and waitUntilDisabled (#918)Ôªø,"When an expected value contains a '%' character, waitFor*() timeouts cause an sprintf() error since this is consdered a parameter placeholder with a missing value.",0
Merge pull request #581 from laravel/test-7.3,0.5348015,Fix PHPUnit v10 stubs by @driesvints in https://github.com/laravel/dusk/pull/1024,[4.0] Test 7.3,0
Disable xdebug,0.30265468,Add purge console command (#887),,0
Test against PHP 7.3,0.53760976,PHP 8 Support (#833)  Ôªø,,0
Merge pull request #577 from staudenmeir/purge,0.4024249,Refactor redundant purging methods (#886)Ôªø,[4.0] Check directories before purging files,0
Check directories before purging files,0.44019353,Refactor redundant purging methods (#886)Ôªø,,0
Merge pull request #567 from browner12/patch-1,0.37694284,Updated,[4.0] update dusk test case stub,0
update dusk test case stub,0.44363827,Add Dusk command argument --browse (#870),add a default window size,0
add fails command,0.3345161,Adds typeSlowly & appendSlowly (#748),,0
Merge pull request #559 from browner12/patch-1,0.3688507,Updated,add missing period,0
add missing period,0.35503596,Trim trailing slash (#764),,0
Merge pull request #555 from browner12/url-assertions,0.40385246,Fix for cookie assertions (#778),"[4.0] add assertions for url scheme, host, and port",0
add assertions for url host and port,0.4919455,"Add new assertion assertAttributeContains() (#931, ab47680)"," add new method assertSchemeIsNot() to assert the scheme portion of a URL is not a specific value add new method assertHostIs() to assert the host portion of a URL is a specific value add new method assertHostIsNot() to assert the host portion of a URL is not a specific value add new method assertPortIs() to assert the port portion of a URL is a specific value add new method assertPortIsNot() to assert the port portion of a URL is not a specific value add tests for all new methods when using the parse_url function, pass through the 'component' parameter, rather than accessing via an array key. this allows us to use constants, and not unnecessarily retrieve info we don't need. some code cleanup for consistency, and removing some temporary variables.",0
Merge pull request #553 from browner12/assertions,0.43322375,Add assertInputPresent and assertInputMissing assertions (#914),[4.1] Assertions Cleanup,0
update assertions,0.5764706,"Add new assertions assertSeeAnythingIn() and assertSeeNothingIn() (#843, dc683ee)"," create new MakesUrlAssertions trait and pull out all of the URL assertions into this file, and remove them from MakesAssertions use the new trait in the Browser add new assertSchemeIs() method to MakesUrlAssertions to check the scheme of the URL separate assertions tests into new MakesUrlAssertionsTest and pull out all the URL assertions tests from MakesAssertionsTest add test for new assertSchemeIs() method",0
Merge pull request #551 from browner12/patch-1,0.3722562,Updated,use HTTPS links where appropriate,0
use HTTPS links where appropriate,0.25122437,Add Browser::elsewhereWhenAvailable() (#846)Ôªø,"this link redirect to an HTTPS site, so let's just send it directly there",0
Update WaitsForElements.php,0.452622,Add waitUntilEnabled and waitUntilDisabled (#918)Ôªø,"Allow the passing of an array or text since the underlying Str:contains call will take an array or string and will check for any of those text values. This allows a test to wait until any of the supplied text is visible. Example w/ Multiples: $browser->waitForText(['Success', 'Failure']); Output: Waited 5 seconds for text ['Success', 'Failure']. Example w/ single: $browser->waitForText('Success'); Output: Waited 5 seconds for text ['Success'].",0
fix order,0.2904548,Changed,,0
Merge pull request #549 from Wol/positionfix,0.32772216,Updated,Added 'move' to Browser to allow multiple browser windows to be positioned,0
Added 'move' to Browser to allow multiple browser windows to be placed on the screen in a particular order,0.47657484,Support navigating forward in the browser (#767),,0
Merge pull request #546 from derekmd/dont-serialize-cookies,0.55645823,Fix for cookie assertions (#778),[4.0] Don't serialize cookies when encrypting,0
Merge branch '3.0',0.25419635,Update minimum Laravel version (fcb2226),,0
Don't serialize cookies when encrypted,0.5999098,Add CookieValuePrefix detection for encrypted cookies (#804),laravel/framework >= 5.6.33 by default no longer calls serialize() & unserialize() on encrypted cookies.,0
add withinFrame,0.24619536,"Add clickAtXPath (#723, effe73d)",,0
add frame() method,0.30100077,Fix Call to undefined method (#750),"user can call the method, and pass a selector for a specific frame so they can interact with it. if you pass no selector, it will switch back to the default frame.",0
Additional assertion methods added for plain cookies.,0.7854855,Fix for cookie assertions (#778),,1
Merge pull request #536 from browner12/missing-throws,0.34511673,Refactor redundant purging methods (#886)Ôªø,add missing @throws to docblocks,0
add missing @throws to docblocks,0.41394806,Automatically fit content on failures (#704),additionally update to a FQN for an existing @throws line.,0
Merge pull request #533 from browner12/wait-for-route,0.46673518,Support waiting for URLs with waitForLocation (#916)Ôªø,[3.0] Fix waitForRoute(),0
Merge pull request #534 from browner12/error-messages,0.32974637,Updated,add better error messages,0
Merge pull request #535 from browner12/spelling,0.32878697,Updated,fix spelling errors,0
fix spelling errors,0.31920952,Fix for class imports (#905)Ôªø,,0
add better error messages,0.41204304,Automatically fit content on failures (#704), add custom error message for waitForLink() add custom error message for waitForLocation() pass a custom error message to waitUntil(),0
remove extra line break,0.30558062,Trim trailing slash (#764),,0
fix waitForRoute method,0.6324835,Support waiting for URLs with waitForLocation (#916)Ôªø,"pass false as the third parameter of waitForRoute() so it returns only the path info of the route, and not the absolute URL. we are comparing it to window.location.pathname which also only returns the path. also add some tests",0
Merge pull request #532 from danmichaelo/visible-links,0.29271185,Improve detection of latest stable ChromeDriver release (#677),Make clickLink() only select visible elements,0
Make clickLink() only select visible elements,0.4633724,Support clicking the topmost element at a given pair of coordinates (#788),,0
fixes,0.37028104,Updated,,0
Merge branch '3.0-allow-to-use-env' of https://github.com/mnabialek/dusk into mnabialek-3.0-allow-to-use-env,0.5373275,Bump dependencies by @driesvints in https://github.com/laravel/dusk/pull/874,,0
Merge pull request #528 from crhg/update-facebook-webdriver-version,0.693115,Add latest version of Facebook Webdriver (#654),Update the requested facebook/webdriver version to 1.3,0
Update the requested facebook/webdriver version to 1.3,0.8815615,Add latest version of Facebook Webdriver (#654),,1
Merge pull request #527 from Webparking/3.0,0.3627965,Add latest version of Facebook Webdriver (#654),Fixed Browser#visit docblock to include Page,0
fixed Browser#visit dockblock to include Page,0.47855374,Add Browser::elsewhereWhenAvailable() (#846)Ôªø,,0
Allow to use --env from command line,0.375991,"Add graceful handler for SIGINT for .env restoration (#682, f843b8a)",,0
Merge branch 'features/support-passing-arguments-to-chromedriver' of https://github.com/TomzxForks/dusk into TomzxForks-features/support-passing-arguments-to-chromedriver,0.54647577,Improve detection of latest stable ChromeDriver release (#677),,0
Merge pull request #522 from TomzxForks/fixes/tests-on-windows,0.4319669,Add assertInputPresent and assertInputMissing assertions (#914),Fix tests when running on Windows.,0
Fix tests when running on Windows.,0.496163,Fix assertVueContains and assertVueDoesNotContain (#638),"As the current logic in ChromeProcess::toProcess is to check if we're on Windows first, and the method not being overridden in ChromeProcessDarwin and ChromeProcessLinux, the onWindows method will true. The fix in this case is simply to override onWindows for both classes so it returns false.",0
Add support for passing arguments to the chromedriver process.,0.6832639,"Implement ChromeDriverCommand (#643, 60339a5, #644) ",,0
Merge pull request #520 from avrahamappel/patch-1,0.36412287,Updated,fix user phpDoc,0
fix user phpDoc,0.3872447,Remove php-webdriver constraints (#737),"Hi, I noticed the following: the phpDoc for the user method claims that the method is supposed to return a Closure. However, on line 32 this method call is itself wrapped in a closure, which means that when Browser::$userResolver is actually called, it will return an instance of Closure instead of a user, and it will not be able to login successfully, throwing an ErrorException: Object of class Closure could not be converted to string. I changed the phpDoc signature for this method, so when someone wants to override it in their project, they won't get confused. The other option of course would be to remove the closure from the setUp method, but I didn't think it prudent to muck around with actual functionality here.",0
Merge pull request #517 from jk3us/patch-2,0.35702777,Updated,select() excludes disabled options,0
select() excludes disabled options,0.50756127,Fix choosing random elements on <select> (#822),Disregard any disabled s when selecting drop down options.,0
Merge pull request #513 from staudenmeir/assertions,0.41466123,Add assertInputPresent and assertInputMissing assertions (#914),[3.0] Improve assertions and tests,0
Improve assertion tests,0.6561466,"Add new assertions assertSeeAnythingIn() and assertSeeNothingIn() (#843, dc683ee)",,0
Improve assertions,0.6973833,"Add new assertions assertSeeAnythingIn() and assertSeeNothingIn() (#843, dc683ee)",,0
Merge pull request #512 from avrahamappel/patch-1,0.38660216,Updated,Fix the page stub,0
Fix the page stub,0.53823817,Fix with() and page assertions (#625),"Hi, I submitted this pull request a couple weeks ago referencing Issue #496, but it seems that it was automatically rejected because I forgot to add a description. So here it is again. The stub as it is now extends Laravel\Dusk\Page instead of the abstract class Tests\Browser\Pages\Page included with a fresh installation of Dusk.  This means that any custom shortcuts defined in Tests\Browser\Pages\Page::siteElements() aren't available to tests. This has already broken one of my tests when I forgot to change the extends for a page.  So I'm submitting a PR changing the extends in this stub. Thanks for looking into this.",0
Merge pull request #511 from staudenmeir/assert-present,0.4725563,Add assertInputPresent and assertInputMissing assertions (#914),Fix assertPresent() with PHP 7.2,0
Fix assertPresent() with PHP 7.2,0.658432,Add assertNotPresent() assertion (#879)Ôªø,,0
ordering,0.26559424,Updated,,0
Merge branch '3.0' of https://github.com/staudenmeir/dusk into staudenmeir-3.0,0.44359896,Make DuskCommand compatible with Pest (#913),,0
Merge pull request #506 from browner12/title-messages,0.35699567,Updated,Customize title assertion error messages,0
Update MakesAssertions.php,0.4341628,Update Symfony dependencies to latest version (788e79c),,0
Merge pull request #507 from browner12/url-messages,0.3302469,Updated,Customize URL assertion error messages,0
Merge pull request #508 from browner12/input-value-messages,0.30388212,Updated,Customize input value assertion error messages,0
fix test,0.5156339,Fix assertValue for select elements (#942),,0
add custom assertion messages,0.5970953,"Add new assertions assertSeeAnythingIn() and assertSeeNothingIn() (#843, dc683ee)",and update the tests,0
add custom message for title assertion,0.4937964,Add new assertion assertValueIsNot() (#929),,0
add custom error messages,0.37922877,"Capture source code on failure (#819, 3c59a5c)",,0
Add assertions,0.75201464,"Add new assertions assertSeeAnythingIn() and assertSeeNothingIn() (#843, dc683ee)",,1
UserController getProvider guard,0.41787815,Fix logout() when using AuthenticateSession and default guard (#939)Ôªø,,0
add waitForRoute method,0.6077522,Support waiting for URLs with waitForLocation (#916)Ôªø,this is a convenience method to use routes instead of URLs,0
Use configured UserProvider instead of Eloquent to retrieve user instance,0.40642178,Support Laravel 8 (#800),,0
Merge pull request #487 from staudenmeir/3.0,0.3275814,Updated,Add assertion tests,0
Add assertion tests,0.6933213,"Add new assertions assertSeeAnythingIn() and assertSeeNothingIn() (#843, dc683ee)",,0
Merge pull request #477 from staudenmeir/3.0,0.33051243,Updated,Prevent breaking console and screenshot filenames and restore #472,0
Add tests for screenshot and console filenames,0.4037677,Allow saving screenshots in a subdirectory (#662),,0
Prevent screenshot and console filename collisions,0.5458423,Allow saving screenshots in a subdirectory (#662),,0
Prevent breaking filenames when using datasets,0.19142449,Allow saving screenshots in a subdirectory (#662),,0
Merge pull request #476 from laravel/revert-472-3.0,0.5590731,Laravel 9 Support (#956),"Revert ""Prevent screenshot and console filename collisions""",0
"Revert ""Prevent screenshot and console filename collisions""",0.56310445,Allow saving screenshots in a subdirectory (#662),,0
Merge pull request #472 from staudenmeir/3.0,0.3308084,Updated,Prevent screenshot and console filename collisions,0
Merge pull request #470 from staudenmeir/3.0,0.32868963,Updated,Fix PHPDoc and remove unused imports & parameters,0
Fix PHPDoc,0.4625879,Support phpdotenv v4 (#699),,0
Remove unused imports and parameters,0.4573742,Refactor redundant purging methods (#886)Ôªø,,0
Merge pull request #469 from themsaid/pr/10908,0.34250534,Updated,Update chrome binaries,0
update chrome binaries,0.57097054,Improve detection of latest stable ChromeDriver release (#677),,0
Merge pull request #462 from staudenmeir/3.0,0.3343108,Updated,Add assertQueryStringHas() tests,0
Add assertQueryStringHas() tests,0.61220306,Add new assertion assertValueIsNot() (#929),,0
Merge pull request #457 from staudenmeir/3.0,0.33234054,Updated,Revert fb67e61 and fix return type,0
Revert fb67e61 and fix return type,0.33344558,Refactor redundant purging methods (#886)Ôªø,Fixes https://github.com/laravel/dusk/issues/455,0
Merge pull request #453 from nesk/disable-safari-logs,0.4204348,Fix for cookie assertions (#778),Remove Safari from the browsers supporting remote logs,0
Remove Safari from the browsers supporting remote logs,0.3358711,Fix for cookie assertions (#778),,0
Merge branch '2.0' into 3.0,0.28078103,Update minimum Laravel version (fcb2226),,0
add new mouse actions,0.524034,"Add clickAtXPath (#723, effe73d)",,0
Fix bug with assertSelectHasOptions() and duplicate values,0.6545055,Fix assertValue for select elements (#942),Fixes https://github.com/laravel/dusk/issues/447,0
use phpunit 7,0.7763182,Support PHPUnit 8 (788e79c),,1
Merge pull request #445 from helmut/patch-1,0.38667387,Updated,Fix return value,0
Fix return value,0.30333573,Do not resize to zero (#858),Fixed typo forassertHasQueryStringParametermethod returning $output rather than $this.,0
Merge pull request #443 from crynobone/provides-browser,0.32949334,Add proxy support to the dusk:install command (#659),[2.0] Add missing import.,0
[2.0] Add missing import.,0.62598616,Fix for class imports (#905)Ôªø,Signed-off-by: Mior Muhammad Zaki crynobone@gmail.com,0
Merge pull request #442 from crynobone/provides-browser,0.3277653,Add proxy support to the dusk:install command (#659),[2.0] Add Laravel\Dusk\Concerns\ProvidesBrowser,0
[2.0] Add Laravel\Dusk\Concerns\ProvidesBrowser,0.79292667,Drop Laravel v6 & v7 support by @driesvints in https://github.com/laravel/dusk/pull/862,"Extract reusable code from Laravel\Dusk\TestCase to make it easily for user to either build standalone browser tests suite to test local or external web application. For my case, I'm using similar class to allow me to run application tests on production environment right after doing server/database maintenance. Signed-off-by: Mior Muhammad Zaki crynobone@gmail.com",1
Merge pull request #441 from duncan3dc/chrome-process-test,0.5188372,Improve detection of latest stable ChromeDriver release (#677),Ensure the chrome driver binary can be started,0
Ensure the chrome driver binary can be started,0.70858854,Add Chrome driver auto detection (#816)Ôªø,,1
fix conflicts,0.29971206,Fix for class imports (#905)Ôªø,,0
clean,0.37744978,Refactor redundant purging methods (#886)Ôªø,,0
revert port,0.27829307,Add purge console command (#887),,0
Merge branch '3.0' of github.com:laravel/dusk into 3.0,0.69767576,Drop old PHP and Laravel versions by @driesvints in https://github.com/laravel/dusk/pull/993,,0
add assertUrlIs,0.6375714,Add assertInputPresent and assertInputMissing assertions (#914),,0
Merge pull request #433 from moxx/patch-1,0.33915025,Updated,Update MakesAssertions add present assert,0
Update MakesAssertions add present assert,0.68157125,Add assertNotPresent() assertion (#879)Ôªø,Add assertion for check is a possible hidden element present in DOM,0
formatting and bug fixes,0.34618366,Fix with() and page assertions (#625),,0
Allow tests to be run on an alternative port,0.28506327,Allow proxy for getting latest version (#805),,0
Allow the ChromeProcess port to be specified,0.47799575,Remove extra Directory Separator from ChromeProcess by @GeoSot in https://github.com/laravel/dusk/pull/995,,0
Merge pull request #431 from staudenmeir/2.0,0.32823667,Updated,Improve PHPDoc return types for IDEs,0
Improve PHPDoc return types for IDEs,0.40676302,Avoid deprecation messages on PHPUnit 8 (#620),,0
Merge branch '2.0' of https://github.com/staudenmeir/dusk into staudenmeir-2.0,0.44359756,Bump dependencies by @driesvints in https://github.com/laravel/dusk/pull/874,,0
Merge pull request #429 from carusogabriel/phpstan,0.40699276,Support phpdotenv v4 (#699),[2.0] Missing type hinting,0
[2.0] Missing type hinting,0.32436627,Fix for class imports (#905)Ôªø,,0
Add methods for JavaScript dialog testing,0.48157278,Add assertScript() (#821),,0
fix merge,0.35491878,Updated,,0
update dusk command,0.6840507,Add Dusk command argument --browse (#870),,0
update branch alias,0.27890596,Fix updated Mac image name by @driesvints in https://github.com/laravel/dusk/pull/1001,,0
Merge branch '2.0',0.24207047,Update minimum Laravel version (fcb2226),,0
Merge pull request #426 from enflow-nl/wsl,0.26869413,Support phpdotenv v4 (#699),Run the Windows chrome driver for WSL,0
Run the Windows chrome driver for WSL,0.5801824,Add Chrome driver auto detection (#816)Ôªø,,0
 remove php70 from travis,0.49430037,Rename php-webdriver package (#720),,0
Merge pull request #425 from crynobone/update-process,0.33353043,Updated,Replace ProcessBuilder with Process and remove redundant method.,0
Replace ProcessBuilder with Process and remove redundant method.,0.35370186,Add purge console command (#887),Signed-off-by: Mior Muhammad Zaki crynobone@gmail.com,0
update deps,0.3795315,Update Symfony dependencies to latest version (788e79c),,0
formatting and spelling fixes,0.37942448,Fix with() and page assertions (#625),,0
Add asserts to validate URL fragments,0.4876727,"Add new assertion assertAttributeContains() (#931, ab47680)",,0
Merge pull request #420 from CatoMinor/2.0,0.30416363,Updated,clickLink empowered to click on elements beyond ,0
Merge pull request #1 from CatoMinor/CatoMinor-patch-1,0.30545375,Updated,clickLink empowered to click on elements beyond ,0
clickLink empowered to click on elements beyond ,0.58680165,Support clicking the topmost element at a given pair of coordinates (#788),Enables clickLink to support clicking on text-containing 'link-like' elements that do not have an anchor tag (likely because of Javascript usage).,0
Merge pull request #417 from carusogabriel/patch-1,0.34006542,Updated,Test against PHP 7.2,0
Test against PHP 7.2,0.5417541,Dropped support for PHP 7.1 (210e03e),,0
Merge pull request #406 from gabriel-caruso/composer,0.3555275,Rename php-webdriver package (#720),[2.0] Updated dev dependencies in composer.json,0
Use beStrictAboutTestsThatDoNotTestAnything in phpunit.xml,0.6548391,Support PHPUnit 8 (788e79c),,0
Updated dependencies in composer.json,0.63192904,Update Symfony dependencies to latest version (788e79c),,0
Merge pull request #397 from Shonetow/patch-1,0.36148658,Updated,Add $ to match the end of a line,0
Matches the end of a line,0.3868491,Trim trailing slash (#764),"Without the dollar sign, matching the /foo path will assert true for both /f and /foo Related issue: https://github.com/laravel/dusk/issues/386",0
Merge pull request #395 from themsaid/pr/13795,0.3439812,Updated,Update chrome binaries to 2.33,0
Merge branch 'disable-tty5' of https://github.com/antonioribeiro/dusk into antonioribeiro-disable-tty5,0.4447656,Remove chrome binaries by @driesvints in https://github.com/laravel/dusk/pull/873,,0
Add option to disable direct tty output,0.309461,"Use custom DISPLAY variable when set on Linux (#613, 2480495)",,0
Merge pull request #382 from calebporzio/2.0,0.3267204,Updated,Add helpful failure message to waitForReload,0
Add helpful failure message to waitForReload,0.53652996,Add waitUntilEnabled and waitUntilDisabled (#918)Ôªø,,0
Merge branch 'add-component-objects' of https://github.com/calebporzio/dusk into calebporzio-add-component-objects,0.53043675,Bump dependencies by @driesvints in https://github.com/laravel/dusk/pull/874,,0
Reverse order of parameters in vueAttribute() to match attribute(),0.39894062,Add Vue 3 support to the assertVue*() methods (#834)Ôªø,,0
Allow component selector to be specified as optional third parameter,0.37994787,Allow dusk attribute selectors to be chained by @JayBizzle in https://github.com/laravel/dusk/pull/1034,,0
Add assertions for attributes on Vue components,0.65139854,assertVue*() methods support Vue 3 composition API by @derekmd in https://github.com/laravel/dusk/pull/969,,0
Refactor out element alias conditionals,0.36096382,"throw an error if assertValue() is used with an element that does not support the value attribute (#936, 334c49f)",,0
"Add ""dusk:component"" command with stubs",0.5807326,Add Dusk command argument --browse (#870),,0
Fix assertion problem,0.7169058,Add assertNotPresent() assertion (#879)Ôªø,,1
Add Component objects,0.19952527,Adds typeSlowly & appendSlowly (#748),,0
Merge pull request #368 from alexbowers/2.0,0.36227942,Updated,Upgraded ChromeDriver to 2.32,0
Upgraded ChromeDriver to 2.32,0.70414597,Improve detection of latest stable ChromeDriver release (#677),,1
Merge pull request #365 from deleugpn/revert-364-2.0,0.3050391,Updated,"Revert ""extend base .env values instead of redefining in .env.dusk.local""",0
"Revert ""extend base .env values instead of redefining in .env.dusk.local""",0.48334366,Make DuskCommand compatible with Pest (#913),,0
rename varibale,0.3022664,Fix updated Mac image name by @driesvints in https://github.com/laravel/dusk/pull/1001,,0
Merge branch 'add-global-wait-time' of https://github.com/calebporzio/dusk into calebporzio-add-global-wait-time,0.5067578,Bump dependencies by @driesvints in https://github.com/laravel/dusk/pull/874,,0
Merge pull request #364 from austenc/2.0,0.33933026,Updated,extend base .env values instead of redefining in .env.dusk.local,0
extend base .env values instead of redefining in .env.dusk.local,0.4280492,"Allow Dusk route to be configurable (#774, 668289a)",,0
Merge branch '2.0' into add-global-wait-time,0.2813978,Add waitUntilEnabled and waitUntilDisabled (#918)Ôªø,,0
Merge pull request #362 from calebporzio/fix-tests,0.37350014,Fix PHPUnit v10 stubs by @driesvints in https://github.com/laravel/dusk/pull/1024,Fix broken console log tests,0
Remove useless test statement,0.5305406,Add new assertion assertValueIsNot() (#929),,0
Re-order use statements,0.35275438,Refactor redundant purging methods (#886)Ôªø,,0
Fix broken console log tests,0.44312194,Fix assertVueContains and assertVueDoesNotContain (#638),,0
Add global wait time default on Browser.php,0.67693317,Add $seconds options to Browser::elseWhenAvailable() (#865)Ôªø,,0
Merge pull request #354 from inxilpro/optional-logs,0.30011988,Add purge console command (#887),Handle case where GET_LOG is not supported,0
Whitelist Browsers,0.49011922,Add Browser::elsewhereWhenAvailable() (#846)Ôªø,,0
Merge branch '2.0' into optional-logs,0.22789486,Refactor redundant purging methods (#886)Ôªø,,0
Only run getLog in Chrome or if overridden,0.36760294,Add Browser::elsewhereWhenAvailable() (#846)Ôªø,,0
Merge pull request #355 from deleugpn/2.0,0.32717556,Updated,Let Firefox users disable console,0
Loosen up check even more,0.3064673,"Add new assertions assertSeeAnythingIn() and assertSeeNothingIn() (#843, dc683ee)",,0
Add Console tests,0.49599567,Add assertInputPresent and assertInputMissing assertions (#914),,0
Loose the checking,0.24589062,Changed,,0
Let Firefox users disable console,0.41931698,"Allow to utilise browser ""about:blank"" page  (#824)",,0
Handle case where GET_LOG is not supported,0.4082041,Avoid throwing exception on production (#755),,0
Add test for failure exception,0.52679217,Add new assertion assertValueIsNot() (#929),,0
Chrome Process refactored,0.45159996,"Implement ChromeDriverCommand (#643, 60339a5, #644) ",,0
Merge pull request #350 from balping/2.0,0.3340287,Refactor redundant purging methods (#886)Ôªø,Add missing cookie assertion,0
assert missing cookie,0.680745,Fix for cookie assertions (#778),,0
Merge branch 'add-dom-selector-hooks' of https://github.com/calebporzio/dusk into calebporzio-add-dom-selector-hooks,0.6104662,"Revert ""feat: add alternative tag for element selection"" by @driesvints in https://github.com/laravel/dusk/pull/1013",,0
Change data-dusk attribute to just 'dusk',0.5870668,"Allow Dusk route to be configurable (#774, 668289a)",,0
Merge pull request #342 from calebporzio/fix-javascript-error,0.39811015,Update jQuery file (#721),Fix error when using double quotes in selector‚Ä¶,0
Merge pull request #344 from calebporzio/make-assert-path-is-match-pattern,0.4529807,Add assertInputPresent and assertInputMissing assertions (#914),Make assertPathIs match a given pattern to allow for ids in urls,0
Make assertPathIs match a given pattern to allow for ids in urls,0.4986656,"Add new assertion assertAttributeContains() (#931, ab47680)",,0
Add data-dusk DOM hooks,0.4745712,Allow dusk attribute selectors to be chained by @JayBizzle in https://github.com/laravel/dusk/pull/1034,,0
Fix 'missing ) after argument list' error when using double quotes in selectors,0.5299643,scrollTo: add support for selectors with quotes (#697),,0
Merge pull request #340 from calebporzio/add-within-method,0.3855493,Add assert attribute methods (#751),Add 'within' method as alias for 'with' method,0
Add tests for 'within' alias method,0.5160825,Add assert attribute methods (#751),,0
Add 'within' method as alias for 'with' method,0.42185092,Fix with() and page assertions (#625),,0
Merge pull request #333 from hmazter/master,0.32366115,Updated,Use namespace when including PHPUnit,0
Use namespace when including PHPUnit,0.6657827,Support PHPUnit 8 (788e79c),,0
fix autoload,0.3187927,Fix for class imports (#905)Ôªø,,0
Merge pull request #323 from dbpolito/chromedriver-2-31,0.56590724,Improve detection of latest stable ChromeDriver release (#677),ChromeDriver 2.31,0
ChromeDriver 2.31,0.70401365,Improve detection of latest stable ChromeDriver release (#677),,1
add argument,0.3015567,Add assert attribute methods (#751),,0
Merge pull request #313 from Janiaje/patch-1,0.35459927,Updated,"Add type=""button"" to find",0
"Add type=""button"" to find",0.3966309,"Add clickAtXPath (#723, effe73d)",It did not find the buttons with HTML like.,0
update formatting,0.401586,Updated,,0
"Add $browser, $driver, $resolver and $page to tinker context.",0.48226678,Add Browser::elsewhereWhenAvailable() (#846)Ôªø,,0
Merge pull request #292 from deleugpn/patch-1,0.36483726,Updated,Stop supporting PHP 5.6 on Dusk 2.0,0
Stop supporting PHP 5.6 on Dusk 2.0,0.7065789,Drop old PHP and Laravel versions by @driesvints in https://github.com/laravel/dusk/pull/993,"Due to the partial dependencies on Laravel 5.5, Dusk should also stop supporting PHP 5.6 on 2.0 release.",1
update binaries,0.37056032,Update Symfony dependencies to latest version (788e79c),,0
update stubs,0.31226933,Updated,,0
Merge pull request #290 from browner12/patch-1,0.3881384,Updated,support auto-discovery coming in Laravel 5.5,0
support auto-discovery coming in Laravel 5.5,0.6100695,Support Laravel 5.8 (5b2e9aa),,0
Merge pull request #288 from nesk/fix-invalid-property,0.36699325,Fix for class imports (#905)Ôªø,Fix an invalid property name for the Chromedriver's path,0
Fix an invalid property name,0.3624407,Fix Call to undefined method (#750),,0
Merge pull request #286 from nicolasbeauvais/patch-1,0.36716607,Updated,Assert Page after resolving elements,0
Assert Page after resolving elements,0.5692053,"throw an error if assertValue() is used with an element that does not support the value attribute (#936, 334c49f)",,0
Merge pull request #282 from calebporzio/fix-wait-for-reload,0.43065426,Allow to click and wait [N] seconds for reload by @fabio-ivona in https://github.com/laravel/dusk/pull/998,Fix waitForReload() method,0
fix executeScript method call,0.47845778,Add assertScript() (#821),,0
Merge pull request #271 from masterwto/patch-1,0.35938033,Updated,Update access level for TestCase::setUp(),0
Update access level for TestCase::setUp(),0.35271433,Update constraints for Laravel 6.0 (e4b4d63),"The access level for setUp in phpunit is protected. Setup builds fixture before tests are conducted, it should NOT be visible to outside classes.",0
Merge pull request #266 from calebporzio/cp-tinker-method,0.2626006,Refactor redundant purging methods (#886)Ôªø,Add tinker method to pause and open Laravel Tinker,0
Merge pull request #263 from nesk/set-web-driver-timeouts,0.50884664,Add Chrome driver auto detection (#816)Ôªø,Define connection and request timeouts on RemoteWebDriver creation,0
Update DuskTestCase.stub,0.45764333,Make DuskCommand compatible with Pest (#913),,0
clean up a bunch,0.38250703,Refactor redundant purging methods (#886)Ôªø,,0
Add the ability to use a custom Chrome driver file,0.7453668,Add Chrome driver auto detection (#816)Ôªø,,1
Define connection and request timeouts on RemoteWebDriver creation,0.42869794,Lock php-webdriver constraints for now (#733),,0
fix variable,0.34930724,"Use custom DISPLAY variable when set on Linux (#613, 2480495)",,0
Add waitForReload method to wait for page reload to continue,0.46720266,Add waitUntilEnabled and waitUntilDisabled (#918)Ôªø,,0
Add tinker method to pause execution of test and be dropped in a tinker shell,0.28167444,Add pauseIf() / pauseUnless() by @u01jmg3 in https://github.com/laravel/dusk/pull/999,,0
Merge pull request #254 from alexgarrett/type-without-clearing,0.36194727,Refactor redundant purging methods (#886)Ôªø,Added new interaction to type without clearing,0
Renamed typeWithoutClearing method to append,0.5182203,Adds typeSlowly & appendSlowly (#748),,0
Added new interaction to type without clearing,0.34130228,Adds typeSlowly & appendSlowly (#748),,0
Merge pull request #246 from nrhvyc/master,0.31932297,Updated,added assertPathBeginsWith assertion,0
added assertPathBeginsWith assertion,0.70215845,Add assertNotPresent() assertion (#879)Ôªø,,1
Merge pull request #244 from deleugpn/phpunit-invoker,0.5907159,"PHPUnit 9 support (2770f25, 45ae210)",[1.0.15] Invoke php script from phpunit folder directly,0
invoke php script from phpunit directly,0.6315327,Support PHPUnit 8 (788e79c),,0
Merge pull request #243 from deleugpn/revert-240-fix_php_binary,0.45625228,Support phpdotenv v4 (#699),"Revert ""Adds back PHP_BINARY to phpunit process""",0
"Revert ""Adds back PHP_BINARY to phpunit process""",0.6339933,Avoid deprecation messages on PHPUnit 8 (#620),,0
Merge pull request #242 from deleugpn/changelog,0.3329022,Updated,Changelog,0
changelog,0.40388358,Changed,,0
Merge pull request #240 from jhoff/fix_php_binary,0.52029157,Support phpdotenv v4 (#699),Adds back PHP_BINARY to phpunit process,0
Adds back PHP_BINARY to phpunit process,0.6620859,Support PHPUnit 8 (788e79c),,0
Merge pull request #239 from deleugpn/selected,0.320931,Updated,[1.0.13] Cast option value to string for testing,0
Cast option to string for testing,0.5461116,Cast boolean values to appropriate string (#713),,0
Merge pull request #237 from alexgarrett/textarea-check,0.29719743,Update regular expression base on website changes (#674),Changed inputValue assertions to check textarea element,0
Changed input assertion to check textarea,0.5112009,"throw an error if assertValue() is used with an element that does not support the value attribute (#936, 334c49f)",,0
Merge pull request #235 from deleugpn/phpunit,0.56883997,"PHPUnit 9 support (2770f25, 45ae210)",[1.0.13] PHPUnit Namespace,0
PHPUnit Namespace,0.74559766,Support PHPUnit 8 (788e79c),,1
Merge pull request #229 from deleugpn/security-measure,0.30581582,Fix for cookie assertions (#778),[1.0.13] Throws exception if application is in production,0
Update DuskServiceProvider.php,0.59746474,Drop PHP 7.2 by @driesvints in https://github.com/laravel/dusk/pull/860,,0
Merge pull request #228 from deleugpn/single-quotes-on-links,0.33695602,scrollTo: add support for selectors with quotes (#697),[1.0.13] Let jQuery handle string selector,0
Merge pull request #232 from deleugpn/dependency,0.30795014,Update Symfony dependencies to latest version (788e79c),[1.0.13] Add Illuminate/Console as dependency,0
Merge pull request #233 from deleugpn/stub,0.30942908,Updated,[1.0.13] Add docblock for stub,0
Update HomePage.stub,0.34818417,Add latest version of Facebook Webdriver (#654),,0
Create page.stub,0.37123176,Fix with() and page assertions (#625),,0
Merge pull request #231 from deleugpn/changelog,0.33795536,Updated,[1.0.13] [WIP] CHANGELOG,0
Add docblock for stub,0.35065353,Add assertScript() (#821),,0
Add Illuminate/Console as dependency,0.47361577,Bump dependencies by @driesvints in https://github.com/laravel/dusk/pull/874,,0
Add more information to exception,0.41295433,Avoid throwing exception on production (#755),,0
Throws exception if application is in production,0.7847292,Avoid throwing exception on production (#755),,1
Let jQuery handle string selector,0.35867083,scrollTo: add support for selectors with quotes (#697),,0
Merge pull request #227 from deleugpn/PHPUnit-6,0.62957543,"PHPUnit 9 support (2770f25, 45ae210)",Compatibility with PHPUnit ~6.0,0
Compatibility with PHPUnit 6.0,0.86006486,Support PHPUnit 8 (788e79c),,1
Merge pull request #226 from deleugpn/revert-223-TTY,0.36945283,Add purge console command (#887),Supress Symphony exception when TTY is not available,0
"KISS - if on Windows, Symphony will throw exception anyway",0.23897561,Prevent using pcntl when not installed (#692),,0
Supress Syphone exception when TTY is not available,0.30735314,Avoid throwing exception on production (#755),,0
Merge pull request #225 from deleugpn/revert-223-TTY,0.37148112,Add purge console command (#887),"Revert ""Attempt to solve TTY issue"" / [WIP] Supress Symphony exception",0
"Revert ""Attempt to solve TTY issue""",0.38697952,Add purge console command (#887),,0
Merge pull request #223 from deleugpn/TTY,0.33018482,Add purge console command (#887),Attempt to solve TTY issue,0
Attempt to solve TTY issue,0.32870293,Move commands to boot method (#884),,0
Merge pull request #214 from duncan3dc/id-with-colon,0.32266206,Updated,Restore support for IDs containing a colon,0
Restore support for IDs containing a colon,0.3034342,"Add graceful handler for SIGINT for .env restoration (#682, f843b8a)",,0
Add a test for an ID containing a colon,0.39195353,"throw an error if assertValue() is used with an element that does not support the value attribute (#936, 334c49f)",,0
Merge pull request #201 from diegofelix/patch-1,0.38609153,Updated,Removed unused import,0
Removed unused import,0.45928776,Fix for class imports (#905)Ôªø,,0
Merge pull request #199 from bbashy/upgrade-chromedriver,0.601705,Improve detection of latest stable ChromeDriver release (#677),upgrade chromedriver versions,0
upgrade chromedriver versions,0.7840469,Improve detection of latest stable ChromeDriver release (#677),,1
fix method names,0.5253146,Fix Call to undefined method (#750),,0
Fix calling invalid method,0.72893435,Fix Call to undefined method (#750),,1
Merge pull request #196 from justinlopez0/patch-1,0.39066607,Updated,"Removed Extra ""The""",0
"Removed Extra ""The""",0.3569393,Removed,,0
Merge branch 'assert-options' of https://github.com/deleugpn/dusk into deleugpn-assert-options,0.47886297,Bump dependencies by @driesvints in https://github.com/laravel/dusk/pull/874,,0
kiss,0.22417903,Removed,,0
Allow assertion of available options on a given select element,0.5472294,Fix assertValue for select elements (#942),,0
Merge pull request #192 from deleugpn/doc-block,0.31453973,Updated,Fixing Doc Block,0
purge console logs,0.68563247,Add purge console command (#887),,0
Purging console files before starting tests,0.5326312,Add purge console command (#887),,0
Fixing Doc Block,0.33785188,Update fitContent() (#717),,0
Merge pull request #187 from adamthehutt/master,0.31440192,Updated,Support back button,0
Support back button,0.4701065,Support navigating forward in the browser (#767),,0
Merge pull request #183 from glowdemon1/master,0.3382262,Updated,Add assertPathIsNot function,0
Add assertPathisNot function,0.6931616,Add new assertion assertValueIsNot() (#929),,0
Merge pull request #181 from acidjazz/master,0.30143997,Updated,support for phpunit 6.x,0
support for phpunit 6.x,0.87478966,Support PHPUnit 8 (788e79c),,1
Merge pull request #178 from browner12/select-non-strings,0.31102186,"Revert ""feat: add alternative tag for element selection"" by @driesvints in https://github.com/laravel/dusk/pull/1013",cast both operands to string,0
cast both operands to string,0.63919854,Cast boolean values to appropriate string (#713),"getAttribute() returns a string or null, so we cast the left operand to a string to handle null. since we are using a strict comparison, we also cast the right operand to a string. the most common issue this solves is when the user tries to select an integer. fixes #134",0
Merge pull request #176 from sahibalejandro/master,0.34550673,Updated,Added method WaitsForElements::waitForLocation(),0
Merge pull request #177 from KKSzymanowski/master,0.33530653,Updated,Allow falsy values in InteractsWithElements::value,0
Allow falsy value,0.44145745,"throw an error if assertValue() is used with an element that does not support the value attribute (#936, 334c49f)",,0
Added method WaitsForElements::waitForLocation(),0.5258185,Add waitUntilEnabled and waitUntilDisabled (#918)Ôªø,,0
Merge pull request #174 from browner12/type-hint,0.30663607,Adds typeSlowly & appendSlowly (#748),typehint Browser in stub,0
typehint Browser in stub,0.42129934,Add Browser::elsewhereWhenAvailable() (#846)Ôªø,help with autocomplete and such,0
Merge branch 'master' of https://github.com/helmut/dusk into helmut-master,0.42622638,Make DuskCommand compatible with Pest (#913),,0
clean up formatting,0.27442384,Fit content to <html> instead of <body> (#726),,0
Forgot the local variable,0.40611857,Fix Call to undefined method (#750),,0
Don't store console log if there's nothing to be stored,0.38695294,"Capture source code on failure (#819, 3c59a5c)",,0
allow to run dusk:install as upgrade,0.60062766,Add proxy support to the dusk:install command (#659),,0
Added some more drag functionality,0.3533519,Add scrollTo method (#684),,0
Merge remote-tracking branch 'origin/master',0.19854343,"Add ability to store source from browser (#707, 9c90e2a, 1d5bc20)",,0
adjust formatting,0.30477694,Fit content to <html> instead of <body> (#726),,0
Merge branch 'console' of https://github.com/themsaid/dusk into themsaid-console,0.39539272,Add purge console command (#887),,0
Merge pull request #163 from JExperton/master,0.32528272,Updated,fix id selector matching,0
fix id selector matching,0.4437127,Fix choosing random elements on <select> (#822),,0
cleaning up formatting and method names,0.4084162,Refactor redundant purging methods (#886)Ôªø,,0
Merge branch 'patch-3' of https://github.com/devinfd/dusk into devinfd-patch-3,0.50401354,Make DuskCommand compatible with Pest (#913),,0
Merge pull request #159 from jaesung2061/patch-1,0.36102542,Updated,Fix unclosed parenthesis.,0
Fix unclosed parenthesis.,0.3570908,Fix with() and page assertions (#625),,0
Merge pull request #155 from bbashy/patch-1,0.36834946,Updated,Fix overriding original backup upon previous failure,0
Merge pull request #158 from duncan3dc/find-or-fail-with-id,0.30857015,"Add new assertion assertAttributeContains() (#931, ab47680)",Ensure findOrFail() recgonises ID selectors,0
Ensure findOrFail gives preference to id selectors,0.33352387,Add assertion checks if a button is disabled or enabled (#661),,0
Merge pull request #156 from themsaid/addStop,0.33892006,Updated,Add stop() to stop the PHPunit process but keep the browser open,0
tweak property name,0.25215006,"Use custom DISPLAY variable when set on Linux (#613, 2480495)",,0
Add stop() to stop the PHPunit process but keep the browser open,0.53286886,Support PHPUnit 8 (788e79c),,0
allow for a project-specific phpunit.dusk.xml file,0.6513303,Drop PHPUnit 7 by @driesvints in https://github.com/laravel/dusk/pull/762,closes #130,0
Remove extra ),0.4091247,Trim trailing slash (#764),,0
Only restore if .env.backup exists as well,0.45481157,"Add graceful handler for SIGINT for .env restoration (#682, f843b8a)",,0
Fix overriding original backup upon previous failure,0.3398049,"Capture source code on failure (#819, 3c59a5c)",,0
refactored query string assertions.,0.51797885,Fix with() and page assertions (#625),,0
Added query string assertions,0.5341985,Fix with() and page assertions (#625),"Added assertHasQueryStringParam, assertMissingQueryStringParam and assertQueryStringValue.",0
clean up code,0.4273765,Refactor redundant purging methods (#886)Ôªø,,0
Merge branch 'feature/guards' of https://github.com/tedslittlerobot/dusk into tedslittlerobot-feature/guards,0.4815289,Make DuskCommand compatible with Pest (#913),,0
fix formatting,0.3067997,Fix the fitContent() method (#815)Ôªø,,0
Rename to more intuitive rightClick(),0.4152359,"Add clickAtXPath (#723, effe73d)",,0
Support for contextClick (AKA right click) actions,0.46298283,"Add clickAtXPath (#723, effe73d)",,0
allow authentication actions for specific guards,0.4958518,Fix logout() when using AuthenticateSession and default guard (#939)Ôªø,,0
Merge pull request #140 from browner12/select-random,0.4163885,Fix choosing random elements on <select> (#822),allow user to select a random option from dropdown field,0
allow user to select a random option from dropdown field,0.6149977,Fix choosing random elements on <select> (#822),"if no value is passed, a random option will be picked.",0
Log console content into files,0.43298352,"Capture source code on failure (#819, 3c59a5c)",,0
Merge pull request #138 from devinfd/patch-1,0.40785787,Updated,Add assertions for radio selection,0
Add assertions for radio selection,0.4881939,Add assertion checks if a button is disabled or enabled (#661),Given the available assertions I could figure a way to assert that a radio input was selected (or not). That seems like an oversight to me so I hope this methods help with that. Otherwise how do you make that assertion?,0
Merge pull request #135 from themsaid/sortBeforeReplace,0.2901866,Refactor redundant purging methods (#886)Ôªø,Sort before replacing pages shorthand,0
Sort before replacing pages shorthand,0.36189872,Fix with() and page assertions (#625),,0
formatting and changes,0.41162223,Changed,,0
"Add assertAuthentication, assertGuest and assertIsAuthenticated methods",0.682367,Add assertInputPresent and assertInputMissing assertions (#914),,0
Merge pull request #122 from MightySCollins/master,0.32884538,Updated,Split Arguments for PHPUnit and merged with defaults,0
add doc block,0.3015477,Fit content to <html> instead of <body> (#726),,0
Get rid of makeLogoutAccessibleViaGet as it shouldn‚Äôt be necessary now.,0.55743486,Fix logout() when using AuthenticateSession and default guard (#939)Ôªø,,0
Provide Dusk logout route in order to avoid potential issues with the app‚Äôs logout route.,0.590889,"Allow Dusk route to be configurable (#774, 668289a)",,0
Merge pull request #123 from schreck84/fix-fluent-syntax,0.36282444,Fix for class imports (#905)Ôªø,Adding fluent syntax for new source assertions,0
Adding fluent syntax for new source assertions,0.5954493,"Add new assertions assertSeeAnythingIn() and assertSeeNothingIn() (#843, dc683ee)",,0
Split Arguments for PHPUnit and merged with defaults,0.6067915,Support PHPUnit 8 (788e79c),,0
Merge pull request #117 from sileence/browser_dump,0.3729034,"Add ability to store source from browser (#707, 9c90e2a, 1d5bc20)",Add a dump method to quickly debug a response in the console,0
Merge pull request #119 from sileence/extend_browser,0.37291682,"Add ability to store source from browser (#707, 9c90e2a, 1d5bc20)",Add the possibility to extend the browser class.,0
Add the possibility to extend the browser class.,0.57973135,Add Browser::elsewhereWhenAvailable() (#846)Ôªø,,0
Add a dump method to quickly debug a response in the console,0.48776907,"Capture source code on failure (#819, 3c59a5c)",,0
Merge pull request #113 from sileence/assert_route_is,0.37239617,"Add new assertion assertAttributeContains() (#931, ab47680)",Add the assert route is method.,0
fix,0.44481403,Changed,,0
Add assert source has and assert source missing methods,0.6818924,Add assert attribute methods (#751),,0
Add the assert route is method.,0.5882757,Add assertNotPresent() assertion (#879)Ôªø,,0
Merge pull request #111 from sileence/visit_route,0.30303153,"Allow Dusk route to be configurable (#774, 668289a)",Add visit route helper,0
Add visitRoute helper,0.4132605,Add Browser::elsewhereWhenAvailable() (#846)Ôªø,,0
Merge pull request #109 from sileence/rename_stubs,0.37132022,Rename php-webdriver package (#720),Rename stubs to avoid multiple class definition warning in PHPStorm,0
Rename stubs to avoid multiple class definition warning in PHPStorm,0.46647817,Avoid deprecation messages on PHPUnit 8 (#620),,0
order things correctly,0.19603215,Fix choosing random elements on <select> (#822),,0
tweak method,0.29290363,Fix Call to undefined method (#750),,0
Add InteractWithJavascript trait,0.346132,Bugfix quoting for InteractsWithElements::value (#735),,0
fix a bunch of stuff,0.28839523,Automatically fit content on failures (#704),,0
Merge branch 'master-js-dialogs' of https://github.com/mnabialek/dusk into mnabialek-master-js-dialogs,0.42237884,Bump dependencies by @driesvints in https://github.com/laravel/dusk/pull/874,,0
fixing silly test.,0.45629576,Fix assertValue for select elements (#942),,0
fix wording,0.35219377,Fix with() and page assertions (#625),,0
Merge branch 'check-radio-provided-with-value' of https://github.com/ockle/dusk into ockle-check-radio-provided-with-value,0.4324735,Bump dependencies by @driesvints in https://github.com/laravel/dusk/pull/874,,0
fix setup,0.30973187,Fix Call to undefined method (#750),,0
Exit code on test failure,0.5360042,"Capture source code on failure (#819, 3c59a5c)",See https://github.com/laravel/dusk/issues/85 I just returned the callback return from the ProcessBuilder.,0
Merge pull request #91 from ockle/multi-checkbox-support,0.32112575,Add assertIndeterminate assertion for checkbox. by @crynobone in https://github.com/laravel/dusk/pull/986,"Add ability to check/uncheck checkboxes by value, allowing multi checkboxes",0
Merge branch 'master' into multi-checkbox-support,0.28669587,Add assertIndeterminate assertion for checkbox. by @crynobone in https://github.com/laravel/dusk/pull/986,Conflicts:     src/ElementResolver.php,0
"add ability to check and uncheck checkboxes by value, allowing multi-checkbox support",0.41562384,Add assertIndeterminate assertion for checkbox. by @crynobone in https://github.com/laravel/dusk/pull/986,,0
Merge pull request #89 from ockle/quote-fields-and-values,0.29152367,Updated,Add quotes around values on computed selectors,0
fail earlier if no value is provided for radio when field is not an id,0.42662808,"throw an error if assertValue() is used with an element that does not support the value attribute (#936, 334c49f)",,0
add quotes around values on computed selectors,0.53053284,scrollTo: add support for selectors with quotes (#697),,0
Merge pull request #88 from rap2hpoutre/patch-1,0.35168445,Updated,Adding type hint in ExampleTest.php stub,0
Update ExampleTest.php,0.3802365,Update jQuery file (#721),,0
Adding type hint in ExampleTest.php stub,0.4096894,Uses PHP Native Type Declarations üêò  by @nunomaduro in https://github.com/laravel/dusk/pull/1004,"I think adding Browser type hint in ExampleTest.php stub will help in two ways:  Auto-completion for IDE Better understanding for users (""what is $browser variable?"", ""what method can I call on this variable?"")",0
clean up wording,0.3570648,Refactor redundant purging methods (#886)Ôªø,,0
Add meaningful messages when waiting for elements fails,0.42099884,"Add ""waitUntilMissingText"" (#706)",,0
Add missing resolveToDialog method and rename calls,0.45411193,Add ProvidesBrowser::getCallerName() (#725),,0
Add assertion and interaction for JavaScript dialogs,0.5113687,Add assertScript() (#821),,0
Merge branch 'mnabialek-master-reload-environment',0.30348843,Add purge console command (#887),,0
fix code,0.5025463,Fix Call to undefined method (#750),,0
Reload environment to use valid environment variables in tests,0.32988614,Fix assertVueContains and assertVueDoesNotContain (#638),,0
Merge pull request #74 from mnabialek/master-update-chromedriver-docblock,0.56416225,Improve detection of latest stable ChromeDriver release (#677),Use consistent name for Chromedriver in DocBlock,0
Merge pull request #75 from mnabialek/master-add-options-param-docblock,0.2869883,Updated,Add missing param to DocBlock,0
Merge pull request #76 from mnabialek/master-docblock-consistent-spacing,0.32284486,Automatically fit content on failures (#704),Add consistent parameters spacing in DocBlock,0
Add consistent parameters spacing in DocBlock,0.30726665,Automatically fit content on failures (#704),,0
Add missing param to DocBlock,0.25157064,Update fitContent() (#717),,0
Use consistent name for Chromedriver in DocBlock,0.55724454,"Implement ChromeDriverCommand (#643, 60339a5, #644) ",,0
Fix running tests on Linux,0.43950278,Fix assertVueContains and assertVueDoesNotContain (#638),,0
Merge pull request #67 from alex-LE/master,0.34807286,Updated,disabled process timeout,0
disabled process timeout,0.37473187,Add waitUntilEnabled and waitUntilDisabled (#918)Ôªø,set process timeout to 0 to disable it - see #63,0
clean-up all spacing and naming issues,0.32397732,Automatically fit content on failures (#704),,0
Merge branch 'windows' of https://github.com/spyric/dusk into spyric-windows,0.40832472,Make DuskCommand compatible with Pest (#913),,0
Merge pull request #62 from Janiaje/master,0.33312944,Updated,"fix ""assertSeeLink"" and ""assertDontSeeLink""",0
Laravel bugfix,0.69664955,Laravel 9 Support (#956),,0
Delete MakesAssertions.php,0.38681364,Remove php-webdriver constraints (#737),,0
Laravel dusk bugfix,0.8035466,Drop Laravel v6 & v7 support by @driesvints in https://github.com/laravel/dusk/pull/862,,1
Merge branch 'master' into windows,0.19054088,Add source directory creation on install (#915)Ôªø,,0
Merge pull request #51 from splatEric/master,0.3119389,Updated,Use consistent php binary for running dusk tests,0
Merge pull request #54 from sasin91/patch-1,0.37135625,Updated,Silly typo or was it on purpose?,0
Silly typo or was it on purpose?,0.30059466,Fix with() and page assertions (#625),St i rng,0
remove unnecessary whitespace,0.3465816,Trim trailing slash (#764),,0
simplify use of consistent PHP binary for command,0.4019939,Avoid deprecation messages on PHPUnit 8 (#620),,0
missing use statement,0.41848487,Fix Call to undefined method (#750),,0
ensure consistent use of php binary to trigger test,0.45718014,Support PHPUnit 8 (788e79c),,0
Merge pull request #49 from zgabievi/master,0.33651865,Updated,remove non-existing class,0
remove non-existing class,0.47810274,Fix for class imports (#905)Ôªø,Laravel\Dusk\Chrome is not used and does not exists.,0
Merge pull request #46 from sileence/spelling,0.3175025,Updated,Fix typo,0
Merge pull request #47 from sileence/docblock,0.30983764,Updated,Fix DocBlock,0
Fix DocBlock,0.3182417,Fix the fitContent() method (#815)Ôªø,,0
Fix typo,0.32112575,Changed,,0
Merge pull request #43 from tabennett/master,0.3214435,Updated,Make waitUntilMissing work as expected.,0
"Remove waitUntilHidden(), fix waitUntilMissing().",0.8629873,Add waitUntilEnabled and waitUntilDisabled (#918)Ôªø, Removed the waitUntilHidden() method. Updated the implementation of waitUntilMissing() to be similar to assertMissing().,1
Try to fix mac issue,0.25954187,Fix Call to undefined method (#750),,0
fix extension,0.36888036,Fix Call to undefined method (#750),,0
Add Windows support,0.24145034,PHP 8 Support (#833)  Ôªø,,0
rename vars,0.2265365,"Use custom DISPLAY variable when set on Linux (#613, 2480495)",,0
make screenshot dir configurable,0.7391932,Allow saving screenshots in a subdirectory (#662),,1
Make waitUntilMissing work as expected.,0.8107623,Add waitUntilEnabled and waitUntilDisabled (#918)Ôªø, Made the waitUntilMissing() method work as expected (i.e it now detects when an element has been removed). Implemented a waitUntilHidden() method that can be used to detect when an element has been hidden.,1
Merge pull request #41 from fetzi/master,0.3309785,Updated,use jQuery.find (sizzle),0
replace $ with jQuery.find,0.41855493,Update jQuery file (#721),,0
Merge pull request #39 from lkmadushan/use-jquery-explicitly,0.49375474,Update jQuery file (#721),Use jQuery insteadof $,0
Use jQuery insteadof $,0.3983674,Update jQuery file (#721),,0
Merge pull request #33 from trideout/master,0.3216157,Updated,Display Environmental variable fix for majority of Linux versions,0
Fix for majority of Linux versions,0.29528818,Dropped support for Carbon v1 (0b880e9),This fix will allow for most Linux versions to properly access the display to launch the chrome window.,0
Merge pull request #31 from spyric/patch-1,0.340176,Updated,Fix test for jquery,0
Fix test for jquery,0.5125818,Ensure jQuery for scrollTo (#686),,0
remove docs,0.31872135,Add purge console command (#887),,0
fix check,0.40489239,Fix with() and page assertions (#625),,0
working on jquery support,0.5304981,Update jQuery file (#721),,0
can make default assertion,0.6237752,"Add new assertions assertSeeAnythingIn() and assertSeeNothingIn() (#843, dc683ee)",,0
Merge branch 'app_url_note' of https://github.com/bobbybouwmann/dusk into bobbybouwmann-app_url_note,0.4487817,Bump dependencies by @driesvints in https://github.com/laravel/dusk/pull/874,,0
Merge pull request #23 from drawmyattention/fix-cookies,0.5608096,Fix for cookie assertions (#778),Add docblocks for cookie expiry and standardise expiry,0
Merge pull request #25 from drawmyattention/fix-remove-import,0.43994296,Fix for class imports (#905)Ôªø,Remove unused WebDriverBy class,0
Merge pull request #26 from drawmyattention/fix-code-style,0.30567774,Fix for class imports (#905)Ôªø,Fix code style,0
Add docblock for throws,0.41331106,Automatically fit content on failures (#704),,0
Remove fqn for Closure,0.33168563,Support executing closures outside of the current selector scope (#784),,0
Remove unused WebDriverBy class,0.54315186,Remove php-webdriver constraints (#737),,0
Add docblocks for cookie expiry and standardise,0.5447751,Add CookieValuePrefix detection for encrypted cookies (#804),,0
remove broken settings,0.30241755,Fix cookies with falsey values (#617),,0
Merge pull request #18 from rogervila/master,0.34723312,Updated,Avoid else,0
Merge pull request #19 from vinkla/patch-1,0.33615178,Updated,Sync license with framework,0
Merge pull request #20 from vinkla/patch-2,0.34347692,Updated,Test on php 7.1,0
Merge pull request #21 from vinkla/patch-3,0.341662,Add Vue 3 support to the assertVue*() methods (#834)Ôªø,Update and rename phpunit.xml to phpunit.xml.dist,0
Update .gitignore,0.3241706,Update jQuery file (#721),,0
Update and rename phpunit.xml to phpunit.xml.dist,0.6093494,Support PHPUnit 8 (788e79c),Added extra configuration and the package name.,0
Test on php 7.1,0.5210567,Dropped support for PHP 7.1 (210e03e),Add travis tests for PHP 7.1.,0
Sync license with framework,0.230439,Update Symfony dependencies to latest version (788e79c),Update the license file to sync with the framework repository.,0
avoid else,0.2679414,"Add new assertions assertSeeAnythingIn() and assertSeeNothingIn() (#843, dc683ee)",,0
Change APP_URI to APP_URL,0.29962122,Fix updated Mac image name by @driesvints in https://github.com/laravel/dusk/pull/1001,,0
Merge pull request #14 from laravel/fix-1,0.5894166,Laravel 9 Support (#956),Add url method to stub,0
Merge pull request #15 from laravel/fix-2-1,0.6026976,Laravel 9 Support (#956),Import Browser class,0
Merge pull request #17 from toniperic/abstract-page,0.33141658,Updated,Make url() method on Page mandatory,0
Make url() method on Page mandatory,0.38098556,Domain routing should only be optional (#776),,0
Add note for setting the APP_URI setting in .env,0.3337928,Add Chromium path for Debian 10 (#855),,0
Import Browser class,0.52130485,Fix for class imports (#905)Ôªø,,0
Add url method to stub,0.3712723,Add assert attribute methods (#751),,0
Merge pull request #9 from renedekat/patch-1,0.35519606,Updated,Fixed unused and incorrect cookie expiry variable,0
Merge pull request #11 from vinkla/patch-1,0.33588973,Updated,Update email address,0
Merge pull request #12 from vinkla/patch-2,0.34857088,Updated,Add --dev flag,0
Add --dev flag,0.36405706,Add source directory creation on install (#915)Ôªø,Since it is a testing framework we should install the package with the --dev flag.,0
Update email address,0.2898123,Updated,Switched from Gmail to Laravel address.,0
Fixed unused and incorrect cookie expiry variable,0.68062246,Fix cookies with falsey values (#617),More details: https://github.com/laravel/dusk/issues/8,0
Merge pull request #4 from JayBizzle/patch-1,0.31944194,Updated,Wrap path in quotes,0
Merge pull request #5 from JayBizzle/patch-2,0.32479894,Updated,Don't ignore /stubs/phpunit.xml,0
Don't ignore /stubs/phpunit.xml,0.73091686,Avoid deprecation messages on PHPUnit 8 (#620),Think this is ignoring the /stubs/phpunit.xml which is making the artisan dusk command fail,1
Wrap path in quotes,0.3835679,Trim trailing slash (#764),"My dev path has spaces in, so wouldn't work without the quotes",0
Merge pull request #2 from marcusmoore/patch-1,0.37863502,Updated,syntax highlighting?,0
add method to stub,0.5231817,Add assert attribute methods (#751),,0
syntax highlighting?,0.2311049,Adds typeSlowly & appendSlowly (#748),,0
update service provider reg docs,0.35719985,Update regular expression base on website changes (#674),,0
cleanup readme example,0.53984433,Refactor redundant purging methods (#886)Ôªø,,0
update readme,0.52659,Updated,,0
fix readme,0.39206293,Update fitContent() (#717),,0
page objects,0.33220863,Fix with() and page assertions (#625),,0
add lang highlighting,0.2757373,Add alternative tag for element selection by @pataar in https://github.com/laravel/dusk/pull/1012,,0
add windows note,0.16849469,Adds typeSlowly & appendSlowly (#748),,0
add readme,0.33264333,Updated,,0
tweak env handling,0.45238358,"Add graceful handler for SIGINT for .env restoration (#682, f843b8a)",,0
tweak testing env setup,0.35672256,Fix assertVueContains and assertVueDoesNotContain (#638),,0
Tweak stub.,0.3377929,Add assertNotPresent() assertion (#879)Ôªø,,0
Tweak how Chrome is used.,0.46948904,Add Chrome driver auto detection (#816)Ôªø,,0
tweak how browsers are initialized,0.48241428,Add Browser::elsewhereWhenAvailable() (#846)Ôªø,,0
Refactoring various pieces of Dusk.,0.43569708,Make DuskCommand compatible with Pest (#913),,0
refactor,0.3538334,Changed,,0
add wait tests,0.5267412,Add waitUntilEnabled and waitUntilDisabled (#918)Ôªø,,0
add helpers for pulling elements,0.31144065,Support executing closures outside of the current selector scope (#784),,0
browser and element resolver tests,0.43956226,"throw an error if assertValue() is used with an element that does not support the value attribute (#936, 334c49f)",,0
update composer file,0.54693973,Update minimum Laravel version (fcb2226),,0
first,0.27581015,Removed,,0
