Index,Commit Message Abstract,Score Abstract,Corresponding Changelog Sentence Abstract,Commit Desription Abstract,Label
1,Merge branch 'master' into allow-laravel-8,0.44190174,Fix unicode support in appendSlowly method (#907),,0
2,Update github templates and default files,0.4568479,Add source directory creation on install (#915)Ôªø,Allow dusk attribute selectors to be chained Add test,0
3,Merge pull request #776 from crynobone/fix-route,0.44502097,Fix assertVueContains and assertVueDoesNotContain (#638),,0
4,Merge pull request #590 from driesvints/fix-multiple-select-bug,0.520862,Bump dependencies by @driesvints in link,,0
5,add missing @throws to docblocks,0.56174195,Add hasStartMaximizedEnabled method by @roksprogar in link,,0
6,Merge branch 'disable-tty5' of link into antonioribeiro-disable-tty5,0.4815532,Adds the missing import for InteractsWithMouse@clickAtXPath (#728),Adds type checking Update .gitattributes Update static-analysis.yml,0
7,Fix 'missing ) after argument list' error when using double quotes in selectors,0.47511128,scrollTo: add support for selectors with quotes (#697),,0
8,Merge pull request #962 from stefanzweifel/patch-1,0.52365935,Fix PHPUnit v10 stubs by @driesvints in link,,0
9,Merge pull request #240 from jhoff/fix_php_binary,0.5778462,Fix PHPUnit v10 stubs by @driesvints in link,,0
10,Merge pull request #748 from hivokas/patch-3,0.4741956,Drop PHPUnit 7 by @driesvints in link,,0
11,order things correctly,0.26239783,Removed,,0
12,Update Chromedriver,0.7926824,Improve detection of latest stable ChromeDriver release (#677),,1
13,Drop PHPUnit v8 support (#861),0.8124862,Support PHPUnit 8 (788e79c),Use PHP 8.2 in stub tests Use PHPUnit v10 xml for Laravel v10 Update src/Console/DuskCommand.php Co-authored-by: Mior Muhammad Zaki crynobone@gmail.com Update src/Console/DuskCommand.php Co-authored-by: Mior Muhammad Zaki crynobone@gmail.com Co-authored-by: Mior Muhammad Zaki crynobone@gmail.com,1
14,clean up config,0.50145525,Refactor redundant purging methods (#886)Ôªø,,0
15,Update LICENSE.md,0.58570147,Updated,PHPUnit 10 Supports Signed-off-by: Mior Muhammad Zaki crynobone@gmail.com wip Signed-off-by: Mior Muhammad Zaki crynobone@gmail.com wip Signed-off-by: Mior Muhammad Zaki crynobone@gmail.com wip Re-use GHA job wip Signed-off-by: Mior Muhammad Zaki crynobone@gmail.com Co-authored-by: Dries Vints dries@vints.io,0
16,Rename function,0.47266185,Changed,,0
17,Merge pull request #354 from inxilpro/optional-logs,0.48189855,Adds the missing import for InteractsWithMouse@clickAtXPath (#728),,0
18,clean-up all spacing and naming issues,0.39916417,Refactor redundant purging methods (#886)Ôªø,Update tests.yml Update tests.yml Update tests.yml,0
19,Merge pull request #733 from laravel/lock-constraints,0.5768622,Lock php-webdriver constraints for now (#733),,0
20,Merge pull request #723 from hivokas/patch-1,0.48557502,Drop PHPUnit 7 by @driesvints in link,,0
21,Cast option to string for testing,0.57700694,Cast boolean values to appropriate string (#713),Update tests.yml Update composer.json Update tests.yml Update tests.yml,0
22,Merge branch 'master-js-dialogs' of link into mnabialek-master-js-dialogs,0.4347431,assertVue*() methods support Vue 3 composition API by @derekmd in link,,0
23,Do not test PHPUnit on PHP 7.4,0.68727916,Support PHPUnit 8 (788e79c),,0
24,Merge branch 'mnabialek-master-reload-environment',0.39469242,Bumped minimum Symfony dependencies to 4.3 (1ee28e1),Co-authored-by: Kravets Vadim kravets@kazinsys.kz,0
25,Merge branch '3.0' of github.com:laravel/dusk into 3.0,0.4231849,Update minimum Laravel version (fcb2226),,0
26,support for phpunit 6.x,0.48007095,Allow for Symfony 5 (#696),,0
27,Add Component objects,0.6372055,Add assert attribute methods (#751),This reverts commit eedf08c80106ac4983b77ec23197528bf90aaec2.,0
28,Fix for majority of Linux versions,0.52301306,Bumped minimum Symfony dependencies to 4.3 (1ee28e1),,0
29,[6.x] Fixed vueAttribute for older Vue 2.x projects (#970),0.6053317,Add Vue 3 support to the assertVue*() methods (#834)Ôªø,feat: add alternative tag for element selection formatting Co-authored-by: Taylor Otwell taylor@laravel.com,0
30,Escape single quotes ,0.3693384,scrollTo: add support for selectors with quotes (#697),,0
31,add clickAndWaitForReload (#953),0.77521145,Add clickAndWaitForReload by @SjorsO in link,,1
32,Avoid deprecation messages on PHPUnit 8,0.9731724,Avoid deprecation messages on PHPUnit 8 (#620),Add Stub Test Signed-off-by: Mior Muhammad Zaki crynobone@gmail.com wip Signed-off-by: Mior Muhammad Zaki crynobone@gmail.com wip Signed-off-by: Mior Muhammad Zaki crynobone@gmail.com wip Signed-off-by: Mior Muhammad Zaki crynobone@gmail.com wip Signed-off-by: Mior Muhammad Zaki crynobone@gmail.com wip Signed-off-by: Mior Muhammad Zaki crynobone@gmail.com Signed-off-by: Mior Muhammad Zaki crynobone@gmail.com,1
33,[6.x] Add Browser::elsewhereWhenAvailable(). (#846),0.9492547,Add Browser::elsewhereWhenAvailable() (#846)Ôªø,This reverts commit b9857c7f8bb87250e5230fd098ee9e0700c9a269.,1
34,Merge pull request #532 from danmichaelo/visible-links,0.55492556,Drop PHPUnit v8 by @driesvints in link,"Adds config file dusk.php Use configuration for install and exec path Fix test It seems PHPUnit\Framework\TestCase is not booting the Laravel app, so it doesn't find the config class. This solves it. Fix directory separator Create the chrome install directory if doesn't exists Delete dusk.php Update DuskServiceProvider.php Update ChromeProcess.php Update ChromeDriverCommand.php Co-authored-by: Taylor Otwell taylor@laravel.com",0
35,InteractsWithMouse@clickByXPath,0.71998274,Adds the missing import for InteractsWithMouse@clickAtXPath (#728),,1
36,Merge pull request #237 from alexgarrett/textarea-check,0.57235724,Allow passing mixed to assertVue and assertVueIsNot (#853)Ôªø,,0
37,Merge pull request #553 from browner12/assertions,0.5180649,Allow passing mixed to assertVue and assertVueIsNot (#853)Ôªø,,0
38,fail earlier if no value is provided for radio when field is not an id,0.5035181,"throw an error if assertValue() is used with an element that does not support the value attribute (#936, 334c49f)",,0
39,Support back button,0.46716642,Add assertion checks if a button is disabled or enabled (#661),,0
40,Ensure jQuery for scrollTo,0.9252989,Ensure jQuery for scrollTo (#686),Add pauseIf() Add pauseUnless(),1
41,Define connection and request timeouts on RemoteWebDriver creation,0.44721892,"Allow Dusk route to be configurable (#774, 668289a)",,0
42,Update phpdotenv requirement to ^5.0 for Laravel 8,0.68555355,Support phpdotenv v4 (#699),,0
43,add assertUrlIs,0.7537106,"Add new assertion assertAttributeContains() (#931, ab47680)",,1
44,Merge pull request #693 from JunaidQadirB/patch-1,0.4860239,Drop PHPUnit 7 by @driesvints in link,,0
45,fix wording,0.580183,Fix with() and page assertions (#625),,0
46,Remove extra ),0.6928992,Removed,Upgrade guide for 7.x Update UPGRADE.md Co-authored-by: Taylor Otwell taylor@laravel.com,0
47,"[6.x] Allow to utilise browser ""about:blank"" page (#824)",0.9535311,"Allow to utilise browser ""about:blank"" page  (#824)",Drop old PHP and Laravel versions wip,1
48,Require pcntl extension in composer.json,0.4855712,assertVue*() methods support Vue 3 composition API by @derekmd in link,,0
49,ensure consistent use of php binary to trigger test,0.498501,Avoid deprecation messages on PHPUnit 8 (#620),Conflicts: CHANGELOG.md,0
50,Merge branch 'feature/guards' of link into tedslittlerobot-feature/guards,0.46640122,Bump dependencies by @driesvints in link,,0
51,Added .env file existence check (#1014),0.439467,Add source directory creation on install (#915)Ôªø,attempt to click all elements before failing remove unused import Update InteractsWithMouse.php Co-authored-by: Taylor Otwell taylor@laravel.com,0
52,Update WaitsForElements.php,0.64912564,Support waiting for URLs with waitForLocation (#916)Ôªø,,0
53,update doc block,0.5760383,Updated,Add assertIndeterminate assertion for checkbox. Reference: link Signed-off-by: Mior Muhammad Zaki crynobone@gmail.com wip Signed-off-by: Mior Muhammad Zaki crynobone@gmail.com Update MakesAssertions.php Co-authored-by: Taylor Otwell taylor@laravel.com,0
54,add lang highlighting,0.4630247,Allow custom dusk selector by @taylorotwell in link,,0
55,"Revert ""feat: add alternative tag for element selection (#1012)"" (#1013)",0.84554994,"Revert ""feat: add alternative tag for element selection"" by @driesvints in link",Method uses some default screen sizes which can be altered,1
56,Merge pull request #677 from staudenmeir/chromedriver,0.5026581,Adds the missing import for InteractsWithMouse@clickAtXPath (#728),,0
57,Merge pull request #17 from toniperic/abstract-page,0.53632486,Automatically fit content on failures (#704),,0
58,Add middleware configuration (#888),0.5701262,Fix logout() when using AuthenticateSession middleware (#826)Ôªø,,0
59,Add Illuminate/Console as dependency,0.5059562,Prefer stable dependencies (fdb2fd4),Add hasStartMaximizedEnabled method. Fix formatting. Update DuskTestCase.stub Co-authored-by: Taylor Otwell taylor@laravel.com,0
60,Change APP_URI to APP_URL,0.46157765,Drop PHPUnit v8 by @driesvints in link,,0
61,fix: check if userId is an object (#922),0.52258664,Using loginAs with id (#922,,0
62,Tweak how Chrome is used.,0.6381413,"Implement ChromeDriverCommand (#643, 60339a5, #644) ",,0
63,Simplify JS config,0.37675112,Add hasStartMaximizedEnabled method by @roksprogar in link,"Add waitForEvent This commit adds a waitForEvent() method to the WaitsForElements trait, making it available to the Browser class. The waitForEvent() method pauses the test execution until a given event type occurs on a target element or object. It also adds a corresponding test case to WaitsForElementsTest. Fix syntax in exception message formatting Co-authored-by: Taylor Otwell taylor@laravel.com",0
64,Merge pull request #4 from JayBizzle/patch-1,0.50946444,Bump dependencies by @driesvints in link,,0
65,Merge pull request #721 from asbiin/update-jquery-version,0.5884612,Update jQuery file (#721),,0
66,"add typeWithPauses(), appendWithPauses() methods",0.7004939,Adds typeSlowly & appendSlowly (#748),,1
67,Don't serialize cookies when encrypted,0.740388,Add CookieValuePrefix detection for encrypted cookies (#804),Fixed vueAttribute for older Vue 2.X projects Update MakesAssertionsTest.php,1
68,Update MakesAssertions add present assert,0.6926045,"Add new assertion assertAttributeContains() (#931, ab47680)",,0
69,Merge pull request #703 from laravel/php74,0.65468246,Drop PHPUnit 7 by @driesvints in link,"If Vue's composition API used, reactive data and computed props cannot be inspected through these methods. When fetching a component prop, attempt these paths: el.vue.key Vue 2 el.__vueParentComponent.ctx.key Vue 3 options API Vue 3 composition API for definedProps() el.__vueParentComponent.setupState.key Vue 3 composition API reactive(), computed(), or any other",0
70,Fix calling invalid method,0.7744448,Fix Call to undefined method (#750),,1
71,Add Stub Test (#1009),0.534073,Add assertInputPresent and assertInputMissing assertions (#914),,0
72,Merge pull request #286 from nicolasbeauvais/patch-1,0.5404218,Bump dependencies by @driesvints in link,,0
73,add function to allow a closure to be executed outside of the current scope,0.8140321,Support executing closures outside of the current selector scope (#784),,1
74,add frame() method,0.5272287,Add assert attribute methods (#751),Fixes link assertion with single or double quote Signed-off-by: Mior Muhammad Zaki crynobone@gmail.com wip Signed-off-by: Mior Muhammad Zaki crynobone@gmail.com wip Signed-off-by: Mior Muhammad Zaki crynobone@gmail.com wip Signed-off-by: Mior Muhammad Zaki crynobone@gmail.com Update InteractsWithElements.php Update MakesAssertions.php Co-authored-by: Taylor Otwell taylor@laravel.com,0
75,Merge branch 'add-proxy-support' of link into add-proxy-support,0.4509357,Add proxy support to the dusk:install command (#659),[6.x] Use release target branch in changelog compare URL,0
76,Fix TimeOutException sprintf() error,0.39400142,Bugfix quoting for InteractsWithElements::value (#735),,0
77,Merge pull request #174 from browner12/type-hint,0.482417,Allow passing mixed to assertVue and assertVueIsNot (#853)Ôªø,,0
78,[7.x] Refactor PR to match changes to PR #876 (#877),0.5382557,Update regular expression base on website changes (#674),,0
79,fix logout() when using AuthenticateSession middleware (#826),0.99911326,Fix logout() when using AuthenticateSession middleware (#826)Ôªø,add waitForInput Update WaitsForElements.php Co-authored-by: Taylor Otwell taylor@laravel.com,1
80,Merge branch '5.0',0.3922072,Bumped minimum Symfony dependencies to 4.3 (1ee28e1),,0
81,Merge pull request #712 from iamgergo/5.0,0.5165492,Adds the missing import for InteractsWithMouse@clickAtXPath (#728),Merge into master,0
82,update deps,0.70936275,Updated,,1
83,Let jQuery handle string selector,0.5372076,Try clicking all elements before throwing ElementClickInterceptedException by @SjorsO in link,,0
84,[2.0] Add missing import.,0.6907426,Adds the missing import for InteractsWithMouse@clickAtXPath (#728),,0
85,Don't ignore /stubs/phpunit.xml,0.6635906,Fix PHPUnit v10 stubs by @driesvints in link,Laravel 9 wip,0
86,Use ubuntu-18.04,0.43760127,Allow proxy for getting latest version (#805),,0
87,Merge pull request #433 from moxx/patch-1,0.4541452,Adds the missing import for InteractsWithMouse@clickAtXPath (#728),,0
88,assert missing cookie,0.7019243,Fix for cookie assertions (#778),Conflicts: CHANGELOG.md,1
89,Update DuskServiceProvider.php,0.63457084,Rename php-webdriver package (#720),Update phpunit.xml.dist,0
90,Drop PHP 7.2 (#860),0.81371176,Dropped support for PHP 7.1 (210e03e),,1
91,Formatting (#938),0.5448797,Fit content to  instead of  (#726),,0
92,Drop Laravel v6 & v7 support (#862),0.8933306,"Dropped support for Laravel 5.7 & 5.8 (98af698, e0c173a)",Fix assertValue for select elements,1
93,Merge pull request #764 from laravel/trim-trailing-slash,0.48707032,Trim trailing slash (#764),,0
94,rename assertion to be more consistent with others,0.48975304,Add assertNotPresent() assertion (#879)Ôªø,Fix return types Update InteractsWithCookies.php Co-authored-by: Steve Bauman 6421846+stevebauman@users.noreply.github.com Co-authored-by: Taylor Otwell taylor@laravel.com,0
95,Declare function argument type,0.5407771,Add assertInputPresent and assertInputMissing assertions (#914),Conflicts: .github/workflows/tests.yml CHANGELOG.md,0
96,Only run getLog in Chrome or if overridden,0.57390565,"Implement ChromeDriverCommand (#643, 60339a5, #644) ",,0
97,added assertPathBeginsWith assertion,0.8092648,Add assertNotPresent() assertion (#879)Ôªø,"[6.x] Fix logout() when using AuthenticateSession and default guard Fix was attempted by #826, but the string concatenation is wrong and it never uses the default guard. Use local variable instead",1
98,Merge pull request #109 from sileence/rename_stubs,0.53523475,Refactor redundant purging methods (#886)Ôªø,Docblocks,0
99,Merge pull request #692 from laravel/pcntl-update,0.4806161,Fix PHPUnit v10 stubs by @driesvints in link,,0
100,update formatting,0.6686261,Updated,Provide test coverage for waitUntilMissing() Provide test coverage for waitForTextIn() Provide test coverage for waitForLink() Provide test coverage for waitUntilVue() / waitUntilVueIsNot() Provide test coverage for waitForDialog() Provide test coverage for waitForReload(),0
101,move common middleware web to group,0.42691088,Rename php-webdriver package (#720),,0
102,Merge branch '4.0',0.4664009,Bumped minimum Symfony dependencies to 4.3 (1ee28e1),,0
103,Update .editorconfig,0.63966125,Updated,,0
104,allow authentication actions for specific guards,0.5207572,Fix logout() when using AuthenticateSession and default guard (#939)Ôªø,,0
105,fix a bunch of stuff,0.42896613,Updated,Add PHP 8.1 support,0
106,Merge pull request #827 from pataar/patch-1,0.44415286,Adds the missing import for InteractsWithMouse@clickAtXPath (#728),,0
107,Rename stubs to avoid multiple class definition warning in PHPStorm,0.5651426,Avoid deprecation messages on PHPUnit 8 (#620),Correct docblocks Add new assertion assertValueIsNot(),0
108,Sync license with framework,0.43743742,Update Symfony dependencies to latest version (788e79c),,0
109,Support phpdotenv v4,0.93840784,Support phpdotenv v4 (#699),,1
110,Merge pull request #739 from laravel/github-actions,0.43469644,Bump dependencies by @driesvints in link,,0
111,Run the Windows chrome driver for WSL,0.59689546,"Implement ChromeDriverCommand (#643, 60339a5, #644) ",,0
112,Add Github templates,0.4615576,Add hasStartMaximizedEnabled method by @roksprogar in link,,0
113,Handle case where GET_LOG is not supported,0.37499183,Bugfix quoting for InteractsWithElements::value (#735),Fix logo for GitHub Dark Theme minor fix,0
114,Rename php-webdriver package (fixes #718),0.96100056,Rename php-webdriver package (#720),,1
115,Merge pull request #559 from browner12/patch-1,0.4371083,Fix assertVueContains and assertVueDoesNotContain (#638),Add Missing Type Hints and Fix some typos Add StyleCI Fixes,0
116,Merge branch 'patch-3' of link into devinfd-patch-3,0.48774326,Bump dependencies by @driesvints in link,Conflicts: CHANGELOG.md,0
117,Fix typo,0.44841146,Fix with() and page assertions (#625),,0
118,Fixes Support invocation of dusk testcases through phpdbg #530,0.6126485,"PHPUnit 9 support (2770f25, 45ae210)",,0
119,Allow passing mixed to assertVue() and assertVueIsNot() (#853),0.98113185,Allow passing mixed to assertVue and assertVueIsNot (#853)Ôªø,,1
120,Merge pull request #704 from browner12/autofit,0.5219924,Automatically fit content on failures (#704),Conflicts: CHANGELOG.md,0
121,"Add assertAuthentication, assertGuest and assertIsAuthenticated methods",0.71794665,Add assertInputPresent and assertInputMissing assertions (#914),,1
122,Merge pull request #686 from laravel/update-scroll-to,0.5106455,Drop old PHP and Laravel versions by @driesvints in link,add waitUntilEnabled and waitUntilDisabled Update WaitsForElements.php Co-authored-by: Taylor Otwell taylor@laravel.com,0
123,Merge pull request #74 from mnabialek/master-update-chromedriver-docblock,0.5170973,Adds the missing import for InteractsWithMouse@clickAtXPath (#728),"Set Component as possible variable type to phpdoc of methods with, within,elsewhere FQN",0
124,Merge branch 'assert-attribute-contains' into 6.x,0.50972354,"Add new assertion assertAttributeContains() (#931, ab47680)",Conflicts: CHANGELOG.md,0
125,Merge pull request #691 from petermein/5.0,0.48645183,Adds the missing import for InteractsWithMouse@clickAtXPath (#728),,0
126,Merge pull request #243 from deleugpn/revert-240-fix_php_binary,0.584705,Fix PHPUnit v10 stubs by @driesvints in link,,0
127,Add assertions,0.79024756,Add assertNotPresent() assertion (#879)Ôªø,,1
128,Refactoring various pieces of Dusk.,0.47881418,Allow custom dusk selector by @taylorotwell in link,,0
129,Merge branch '2.0' into 3.0,0.4467433,Bumped minimum Symfony dependencies to 4.3 (1ee28e1),add assertInputPresent and assertInputMissing assertions wip,0
130,clean up a bunch,0.36912465,Refactor redundant purging methods (#886)Ôªø,Conflicts: CHANGELOG.md src/Console/DuskCommand.php,0
131,Merge pull request #122 from MightySCollins/master,0.4928524,Fix assertVueContains and assertVueDoesNotContain (#638),,0
132,Update .gitattributes,0.59112144,Updated,Update DuskCommand.php Update DuskCommand.php Update DuskCommand.php Co-authored-by: Taylor Otwell taylor@laravel.com,0
133,Exit code on test failure,0.53217876,"Capture source code on failure (#819, 3c59a5c)","Authentication assert will require the browser to navigate to /_dusk/user/:id, if user visit a page and then use assertGuest() they need to remember to navigate back to previous page. Signed-off-by: Mior Muhammad Zaki crynobone@gmail.com",0
134,add custom message for title assertion,0.5677651,"Add new assertion assertAttributeContains() (#931, ab47680)",Replace str_split with preg_split for support unicode,0
135,remove php70 from travis,0.6616312,Remove php-webdriver constraints (#737),,0
136,Merge branch '6.x' into master,0.32491162,Add support for Mac ARM64 architecture (#876)Ôªø,Conflicts: CHANGELOG.md,0
137,Merge pull request #177 from KKSzymanowski/master,0.34490615,Bump dependencies by @driesvints in link,,0
138,Create page.stub,0.5024078,Add hasStartMaximizedEnabled method by @roksprogar in link,Allow to pass array for select multiple. Signed-off-by: Mior Muhammad Zaki crynobone@gmail.com Apply fixes from StyleCI Signed-off-by: Mior Muhammad Zaki crynobone@gmail.com Update InteractsWithElements.php Co-authored-by: Taylor Otwell taylor@laravel.com,0
139,Merge pull request #620 from mnabialek/5.0-phpunit-8,0.6221309,Drop PHPUnit 7 by @driesvints in link,Fixes for page import Update page.stub Co-authored-by: Taylor Otwell taylor@laravel.com,0
140,Allow tests to be run on an alternative port,0.37969995,"Allow Dusk route to be configurable (#774, 668289a)",,0
141,Merge pull request #266 from calebporzio/cp-tinker-method,0.46641368,Fix unicode support in appendSlowly method (#907),,0
142,Merge branch '2.0' into optional-logs,0.35273275,Bumped minimum Symfony dependencies to 4.3 (1ee28e1),,0
143,use phpunit 7,0.43720075,Prevent using pcntl when not installed (#692),Conflicts: CHANGELOG.md,0
144,UserController getProvider guard,0.44309583,Fix logout() when using AuthenticateSession and default guard (#939)Ôªø,,0
145,renaming methods,0.4862256,Refactor redundant purging methods (#886)Ôªø,,0
146,"Add ""dusk:component"" command with stubs",0.46431428,Add hasStartMaximizedEnabled method by @roksprogar in link,Conflicts: CHANGELOG.md,0
147,bugfix quoting for InteractsWithElements::value,0.952828,Bugfix quoting for InteractsWithElements::value (#735),,1
148,Let Firefox users disable console,0.37042123,"Allow to utilise browser ""about:blank"" page  (#824)",[6.x] Add purge console command Signed-off-by: Mior Muhammad Zaki crynobone@gmail.com Fixes CS Signed-off-by: Mior Muhammad Zaki crynobone@gmail.com Improve warn message on folder doesn't exists. Update PurgeCommand.php Co-authored-by: Derek derekmd@hotmail.com Co-authored-by: Taylor Otwell taylor@laravel.com,0
149,rename vars,0.51805586,Changed,[6.x] Refactor redundant purging methods. Signed-off-by: Mior Muhammad Zaki crynobone@gmail.com Fixes indent. Signed-off-by: Mior Muhammad Zaki crynobone@gmail.com,0
150,Added responsiveScreenShots method,0.52136993,Add hasStartMaximizedEnabled method by @roksprogar in link,,0
151,Fix workflow syntax,0.49826488,Bugfix quoting for InteractsWithElements::value (#735),,0
152,fixes,0.5870854,Ôªø,,0
153,Merge pull request #882 from laravel/ubuntu,0.4640854,Fix PHPUnit v10 stubs by @driesvints in link,,0
154,Ensure the chrome driver binary can be started,0.72474056,Add Chrome driver auto detection (#816)Ôªø,Use ubuntu-18.04,1
155,Update minimum Laravel version,0.936659,Update minimum Laravel version (fcb2226),,1
156,Merge pull request #138 from devinfd/patch-1,0.5350927,Drop PHPUnit 7 by @driesvints in link,Conflicts: CHANGELOG.md,0
157,missing use statement,0.49972332,Allow passing mixed to assertVue and assertVueIsNot (#853)Ôªø,,0
158,Try to fix mac issue,0.5906994,Fix updated Mac image name by @driesvints in link,,0
159,Merge pull request #445 from helmut/patch-1,0.4919943,Bump dependencies by @driesvints in link,add assertNotPresent() Fix code styling,0
160,PHPUnit 9 support,0.8655218,"PHPUnit 9 support (2770f25, 45ae210)",Conflicts: CHANGELOG.md,1
161,Fix StyleCI issues,0.48809922,Fix unicode support in appendSlowly method (#907),,0
162,Merge branch 'source-failures' into 6.x,0.4542274,Update Symfony dependencies to latest version (788e79c),,0
163,avoid else,0.4705553,Removed,Add support for Mac ARM64 architecture. Signed-off-by: Mior Muhammad Zaki crynobone@gmail.com Allow tests on Laravel 6. Signed-off-by: Mior Muhammad Zaki crynobone@gmail.com Fixes phpunit 7 support. Signed-off-by: Mior Muhammad Zaki crynobone@gmail.com Use include instead of exclude. Signed-off-by: Mior Muhammad Zaki crynobone@gmail.com,0
164,Merge branch 'app_url_note' of link into bobbybouwmann-app_url_note,0.46748185,Add hasStartMaximizedEnabled method by @roksprogar in link,Refactor PR to match changes to 6.x Signed-off-by: Mior Muhammad Zaki crynobone@gmail.com Allow tests on phpunit 10. Signed-off-by: Mior Muhammad Zaki crynobone@gmail.com Skip testbench 5. Signed-off-by: Mior Muhammad Zaki crynobone@gmail.com,0
165,Add docblock for stub,0.5231465,Add hasStartMaximizedEnabled method by @roksprogar in link,Add support for arm64 macOS Fix ChromeProcess::chromeEnvironment(),0
166,Add scrollTo method,0.93203247,Add scrollTo method (#684),Remove chrome binaries Ignore chrome binaries Apply fixes from StyleCI (#872) Only install OS binary Orchestra 7.0 Update testbench dependency Attempt at fixing tests Apply fixes from StyleCI (#875) Fix tests Fix tests,1
167,fix readme,0.51619667,Automatically fit content on failures (#704),,0
168,assert more specific exception,0.5216441,Add assertNotPresent() assertion (#879)Ôªø,,0
169,tweak how browsers are initialized,0.5111877,Add option to fullsize the browser (#655),[6.x] Fix DuskCommand syntax mistake,0
170,Drop support for deprecated Carbon v1,0.87389135,Dropped support for Carbon v1 (0b880e9),"No test coverage, you say.",1
171,add wait tests,0.61175084,Add waitUntilEnabled and waitUntilDisabled (#918)Ôªø,"Add Dusk command argument --browse Allow headless mode to be disabled by calling: php artisan dusk --browse This will instead show the browser window in the viewport while tests run. --browse cannot be used if CI=true is set in the local environment, which GitHub Actions, TravisCI, CircleCI, GitLab, etc. all configure. Update DuskCommand.php Update DuskFailsCommand.php Update DuskTestCase.stub Co-authored-by: Mior Muhammad Zaki crynobone@gmail.com Co-authored-by: Taylor Otwell taylor@laravel.com",0
172,Merge pull request #644 from staudenmeir/chromedriver,0.49501228,Adds the missing import for InteractsWithMouse@clickAtXPath (#728),Conflicts: CHANGELOG.md,0
173,Merge pull request #591 from driesvints/update-chromedriver,0.52951133,Bump dependencies by @driesvints in link,,0
174,added waitForTextIn Function (#823),0.8255347,"Add ""waitUntilMissingText"" (#706)",,1
175,chore: update docblock to valid docblock,0.4727236,Fix storing page source to disk when source assertions fail. by @calmdev in link,Signed-off-by: Mior Muhammad Zaki crynobone@gmail.com,0
176,styling,0.38753238,Ôªø,Signed-off-by: Mior Muhammad Zaki crynobone@gmail.com,0
177,Add missing tests for 16 existing assertions (#838),0.66064334,Add assertNotPresent() assertion (#879)Ôªø,,0
178,Add docblocks for cookie expiry and standardise,0.56302047,Add CookieValuePrefix detection for encrypted cookies (#804),,0
179,add windows note,0.40524495,Adds typeSlowly & appendSlowly (#748),,0
180,Make waitUntilMissing work as expected.,0.66031003,Add waitUntilEnabled and waitUntilDisabled (#918)Ôªø,,0
181,update branch alias,0.4423802,Updated,Conflicts: CHANGELOG.md,0
182,Supress Syphone exception when TTY is not available,0.44049606,Update Symfony dependencies to latest version (788e79c),,0
183,Merge pull request #395 from themsaid/pr/13795,0.43891722,Adds the missing import for InteractsWithMouse@clickAtXPath (#728),Fix the value generated when setting encrypted cookies Update InteractsWithCookies.php Co-authored-by: Taylor Otwell taylor@laravel.com,0
184,Merge pull request #263 from nesk/set-web-driver-timeouts,0.45425326,Remove php-webdriver constraints (#737),,0
185,formatting and rename method,0.45026773,Rename php-webdriver package (#720),"On my freshly installed Debian 10, apt install chromium create the executable in /usr/bin/chromium.",0
186,Merge pull request #91 from ockle/multi-checkbox-support,0.46960026,Try clicking all elements before throwing ElementClickInterceptedException by @SjorsO in link,Conflicts: CHANGELOG.md,0
187,Merge pull request #14 from laravel/fix-1,0.51848006,Fix PHPUnit v10 stubs by @driesvints in link,,0
188,PHPUnit Namespace,0.65503323,Uses PHP Native Type Declarations üêò  by @nunomaduro in link,,0
189,Drop 5.7 support,0.5894352,"Dropped support for Laravel 5.7 & 5.8 (98af698, e0c173a)",,0
190,Fix assertValue for select elements,0.904054,Fix assertValue for select elements (#942),Conflicts: CHANGELOG.md,1
191,Merge pull request #662 from SjorsO/screenshots-in-subdir,0.6747149,Allow saving screenshots in a subdirectory (#662),,0
192,use HTTPS links where appropriate,0.5480423,Drop PHP 7.2 by @driesvints in link,,0
193,Add assertPathisNot function,0.7148801,Add assertInputPresent and assertInputMissing assertions (#914),Use $browser given from closure to received scoped selector.,1
194,[7.x] Adds type checking (#1028),0.59351647,Adds typeSlowly & appendSlowly (#748),Additional fix to #846 PR. Signed-off-by: Mior Muhammad Zaki crynobone@gmail.com,0
195,Support Laravel 8,0.95108426,Support Laravel 8 (#800),Signed-off-by: Mior Muhammad Zaki crynobone@gmail.com,1
196,Improve assertions,0.633685,Add assertNotPresent() assertion (#879)Ôªø,Conflicts: CHANGELOG.md,0
197,Update CHANGELOG.md,0.73498976,Updated,,1
198,Apply fixes from StyleCI (#801),0.5959787,Fix unicode support in appendSlowly method (#907),,0
199,"Removed Extra ""The""",0.5808352,Removed,,0
200,Allow the ChromeProcess port to be specified,0.6157208,"Implement ChromeDriverCommand (#643, 60339a5, #644) ",,0
201,Add visitRoute helper,0.5688082,Add hasStartMaximizedEnabled method by @roksprogar in link,,0
202,Fix running tests on Linux,0.43978634,Bumped minimum Symfony dependencies to 4.3 (1ee28e1),,0
203,Merge pull request #9 from renedekat/patch-1,0.50709426,Drop PHPUnit 7 by @driesvints in link,,0
204,Merge pull request #2 from marcusmoore/patch-1,0.52429813,Bump dependencies by @driesvints in link,,0
205,update composer file,0.50256157,Updated,,0
206,Merge pull request #477 from staudenmeir/3.0,0.47445756,Drop PHPUnit 7 by @driesvints in link,,0
207,rename varibale,0.37124467,Allow for Symfony 5 (#696),,0
208,[6.x] Add purge console command (#887),0.95197564,Add purge console command (#887),Correctly order URL assertions and accompanying tests,1
209,Merge pull request #21 from vinkla/patch-3,0.46510068,Adds the missing import for InteractsWithMouse@clickAtXPath (#728),Correctly order assertions and accompanying tests,0
210,Merge pull request #760 from laravel/phpunit-9,0.64208114,Drop PHPUnit 7 by @driesvints in link,Formatting Add test for assertValue() Customise error message returned by assertValue() Formatting Add test for assertDialogOpened() Add tests for assertVue() /  assertVueIsNot() Customise error messages returned by assertVue() / assertVueIsNot() Add tests for assertInputValue() / assertInputValueIsNot(),0
211,Update dependencies,0.72512233,Update Symfony dependencies to latest version (788e79c),Formatting Add tests for assertChecked() /  assertNotChecked() Add tests for assertRadioSelected() /  assertRadioNotSelected() Add tests for assertSelected() /  assertNotSelected() Add tests for assertSelectHasOptions() /  assertSelectMissingOptions() Add tests for assertSelectHasOption() /  assertSelectMissingOption() Add tests for assertVisible() /  assertMissing() Add tests for assertSee() /  assertDontSee() Add tests for assertSourceHas() /  assertSourceMissing(),1
212,Merge pull request #711 from browner12/patch-1,0.475774,Adds the missing import for InteractsWithMouse@clickAtXPath (#728),,0
213,Merge pull request #737 from laravel/update-webdriver-version,0.5508994,Remove php-webdriver constraints (#737),,0
214,Merge pull request #192 from deleugpn/doc-block,0.4608066,Bump dependencies by @driesvints in link,Conflicts: CHANGELOG.md,0
215,Merge pull request #292 from deleugpn/patch-1,0.49805555,Drop PHPUnit 7 by @driesvints in link,,0
216,Merge pull request #365 from deleugpn/revert-364-2.0,0.47060236,Drop PHPUnit 7 by @driesvints in link,"Vue 3 no longer adds a vue property to DOM nodes to allow querying for props. Instead the __vueParentComponent must be inspected. Its 'ctx' property will return the: passed in component props data() computed props When Dusk is looking up the Vue prop value of a DOM node, it will first look for a Vue 2 vue property, then fallback to __vueParentComponent.ctx for Vue 3.",0
217,PHP 8 Support (#831),0.99127954,PHP 8 Support (#833)  Ôªø,Conflicts: .github/workflows/tests.yml CHANGELOG.md,1
218,make screenshot dir configurable,0.70435053,Allow saving screenshots in a subdirectory (#662),,1
219,formatting,0.44137546,Fit content to  instead of  (#726),"Revert ""Revert ""PHP 8 Support (#831)"""" This reverts commit c005c11576daef5b955b6650b37aa3f403391039. Bump php-webdriver Exclude non compatible phpunit versions",0
220,[7.x] Add support for arm64 macOS (#869),0.9212507,Add support for Mac ARM64 architecture (#876)Ôªø,Conflicts: CHANGELOG.md,1
221,Update minimum webdriver version,0.6067624,Update minimum Laravel version (fcb2226),,0
222,[6.x] Add assertNotPresent() assertion (#879),0.95989645,Add assertNotPresent() assertion (#879)Ôªø,,1
223,tweak testing env setup,0.4287899,Allow dotenv 5.0 to be installed (#803),,0
224,[6.x] Try clicking all elements before throwing ElementClickInterceptedException (#989),0.8519578,Try clicking all elements before throwing ElementClickInterceptedException by @SjorsO in link,,1
225,Add assertQueryStringHas() tests,0.6139616,Add assert attribute methods (#751),,0
226,Merge pull request #156 from themsaid/addStop,0.5543338,Fix assertVueContains and assertVueDoesNotContain (#638),This reverts commit 0736268d018d34421aa0c21fe9916ca599816ebe.,0
227,Provide test coverage for whenAvailable() (#930),0.40403682,Support waiting for URLs with waitForLocation (#916)Ôªø,,0
228,Update .gitignore,0.593919,Updated,,0
229,Update email address,0.62537706,Updated,,0
230,Merge pull request #75 from mnabialek/master-add-options-param-docblock,0.5069335,Adds the missing import for InteractsWithMouse@clickAtXPath (#728),,0
231,Add latest version of facebook WebDriver,0.9262674,Add latest version of Facebook Webdriver (#654),,1
232,remove unnecessary whitespace,0.50754666,Removed,[6.x] add missing change for v6.8.0,0
233,Remove useless test statement,0.46984154,Removed,,0
234,Removed unused import,0.619972,Removed,,0
235,Use same chrome driver as system chrome (#1010),0.7146642,"Implement ChromeDriverCommand (#643, 60339a5, #644) ",Conflicts: CHANGELOG.md,1
236,Remove unused WebDriverBy class,0.57921845,Remove php-webdriver constraints (#737),,0
237,Merge branch '3.0',0.43611598,Bumped minimum Symfony dependencies to 4.3 (1ee28e1),,0
238,Apply fixes from StyleCI (#902),0.6091397,Fix unicode support in appendSlowly method (#907),[6.x] Update the badges to use shields.io,0
239,clean up code,0.54911196,Refactor redundant purging methods (#886)Ôªø,,0
240,Create pull-requests.yml,0.4984901,Add clickAndWaitForReload by @SjorsO in link,"Allow to utilise browser ""about:blank"" page. Tested: - Chrome - Firefox - Safari This would be useful to stop page to executing any ajax when completing each test. In my case, keep seeing page error between teardown and setup for next test when using chrome (with GUI). Signed-off-by: Mior Muhammad Zaki crynobone@gmail.com Update Browser.php Co-authored-by: Taylor Otwell taylor@laravel.com",0
241,Size sanity check at fitContent (fixes #729),0.9756602,Size sanity check at fitContent (#730),,1
242,Ensure the DISPLAY variable is set when the env variable is empty,0.40095773,Fix assertValue for select elements (#942),,0
243,Merge pull request #117 from sileence/browser_dump,0.5109821,Drop PHPUnit v8 by @driesvints in link,,0
244,add assertions for url host and port,0.5185589,Domain routing should only be optional (#776),,0
245,Allow to pass array for select multiple. (#904),0.99364084,Allow to pass array for select multiple (#904),only choose a random element from a  input if no second parameter is passed,1
246,Merge pull request #767 from u01jmg3/6.x,0.45728114,Adds the missing import for InteractsWithMouse@clickAtXPath (#728),Conflicts: CHANGELOG.md,0
247,Exlude php 7.2 and Laravel 8,0.72708356,Drop old PHP and Laravel versions by @driesvints in link,,1
248,add doc block,0.45942736,"Add clickAtXPath (#723, effe73d)",,0
249,Merge pull request #18 from rogervila/master,0.49556372,Adds the missing import for InteractsWithMouse@clickAtXPath (#728),"if an assertion has been made against the source code, capture the source code for analysis",0
250,Merge pull request #828 from browner12/patch-1,0.4660277,Allow passing mixed to assertVue and assertVueIsNot (#853)Ôªø,,0
251,Merge pull request #800 from laravel/laravel8,0.50915307,Drop PHPUnit v8 by @driesvints in link,,0
252,"use selector to double click, and to click and hold (#848)",0.76332533,"Use selector to double click, and to click and hold by @rodrigopedra in link",,1
253,Merge branch 'check-radio-provided-with-value' of link into ockle-check-radio-provided-with-value,0.3877104,Add assertIndeterminate assertion for checkbox. by @crynobone in link,,0
254,Apply fixes from StyleCI (#807),0.616272,Fix unicode support in appendSlowly method (#907),,0
255,Re-order use statements,0.36063397,Add assertNotPresent() assertion (#879)Ôªø,Conflicts: CHANGELOG.md,0
256,Fixes,0.5902527,Updated,,0
257,Merge pull request #123 from schreck84/fix-fluent-syntax,0.55520236,Fix assertVueContains and assertVueDoesNotContain (#638),this conditional was basically blocking all content fitting from happening.,0
258,fixed proxy for getting latest version (#805),0.94843405,Allow proxy for getting latest version (#805),Conflicts: CHANGELOG.md,1
259,Use $browser given from closure to received scoped selector.,0.685055,Support executing closures outside of the current selector scope (#784),,0
260,Merge pull request #769 from mr-feek/mr-feek-patch-1,0.45478952,Adds the missing import for InteractsWithMouse@clickAtXPath (#728),Update phpunit.xml stub to PHPUnit 9.3.0 format,0
261,Update ElementResolver.php,0.63489974,Rename php-webdriver package (#720),,0
262,Provide Dusk logout route in order to avoid potential issues with the app‚Äôs logout route.,0.7125061,"Allow Dusk route to be configurable (#774, 668289a)","PHPUnit 9.3.0 changed coverage filtering from filter tag to coverage tag. This pull request adds coverage element to phpunit.xml stub, so that both older and newer versions of PHPUnit has valid coverage configuration. Once dependencies go past phpunit@^9.3, filter element can be removed. This change introduces 'element not expected' warnings on all PHPUnit versions.  I believe it's not harmful as PHPUnit ignores unrecognized tags. Of course, there should be a better way to gracefully deprecate older PHPUnit versions. I'd be glad if someone suggests one.",1
263,Fix storing page source to disk when source assertions fail. (#976),0.89872146,Fix storing page source to disk when source assertions fail. by @calmdev in link,,1
264,Merge pull request #67 from alex-LE/master,0.45776922,Bump dependencies by @driesvints in link,,0
265,Changed input assertion to check textarea,0.623955,"Add new assertion assertAttributeContains() (#931, ab47680)",,0
266,Merge pull request #51 from splatEric/master,0.4795968,Adds the missing import for InteractsWithMouse@clickAtXPath (#728),Add missing parentheses,0
267,Add Windows support,0.45225587,Add support for Mac ARM64 architecture (#876)Ôªø,,0
268,Add PHP 8.1 support,0.8475567,Support PHPUnit 8 (788e79c),,1
269,Uses Pest if available,0.71945083,Uses Pest if available by @nunomaduro in link,,1
270,Update phpunit.xml.dist,0.48266673,Updated,,0
271,Merge pull request #231 from deleugpn/changelog,0.4382156,Drop PHPUnit 7 by @driesvints in link,,0
272,Add Laravel 5.8 support,0.88357204,Support Laravel 5.8 (5b2e9aa),Update phpdotenv requirement to ^5.0 for Laravel 8,1
273,Update link,0.7331648,Updated,"Laravel 8 includes  ""vlucas/phpdotenv"": ""^5.0"", We need to update this requirement",1
274,Allow falsy value,0.52266276,Allow passing mixed to assertVue and assertVueIsNot (#853)Ôªø,,0
275,remove broken settings,0.52989864,Removed,Conflicts: .github/workflows/tests.yml CHANGELOG.md,0
276,Merge pull request #617 from staudenmeir/cookie,0.5793507,Fix cookies with falsey values (#617),[6.x] Support Laravel 8,0
277,Add Chromium path for Debian 10 (#855),1.0,Add Chromium path for Debian 10 (#855),,1
278,Catch NoSuchCookieException when getting cookie,0.6567874,Fix cookies with falsey values (#617),,0
279,Merge pull request #625 from staudenmeir/page-assert,0.53176785,Drop PHPUnit 7 by @driesvints in link,,0
280,Adds PHPUnit 10 support  (#1023),0.7915555,Adds PHPUnit 10 support  by @crynobone in link,Update tests.yml,1
281,allow user to select a random option from dropdown field,0.5387176,Fix choosing random elements on  (#822),,0
282,support auto-discovery coming in Laravel 5.5,0.67639947,Laravel 9 Support (#956),793 - Pass ssl-no-verify option into latestVersion 793 - Fix styleCI quotes Update ChromeDriverCommand.php Update ChromeDriverCommand.php Co-authored-by: Dries Vints dries@vints.io,0
283,Merge pull request #19 from vinkla/patch-1,0.47272596,Bump dependencies by @driesvints in link,Update docblocks to clarify the type of cookie: unencrypted Update docblocks to clarify the type of cookie: encrypted,0
284,Merge pull request #41 from fetzi/master,0.3893999,Refactor redundant purging methods (#886)Ôªø,Conflicts: CHANGELOG.md,0
285,Merge pull request #201 from diegofelix/patch-1,0.5541785,Adds the missing import for InteractsWithMouse@clickAtXPath (#728),,0
286,Add new assertion assertAttributeContains(),0.92295754,"Add new assertion assertAttributeContains() (#931, ab47680)",,1
287,simplify use of consistent PHP binary for command,0.484635,Avoid deprecation messages on PHPUnit 8 (#620),Conflicts: CHANGELOG.md,0
288,fit content to  instead of ,0.7971356,Fit content to  instead of  (#726),,1
289,[6.x] Add assertInputPresent and assertInputMissing assertions (#914),0.96296823,Add assertInputPresent and assertInputMissing assertions (#914),,1
290,Merge pull request #47 from sileence/docblock,0.4983476,Fix PHPUnit v10 stubs by @driesvints in link,[6.x] Support executing closures outside of the current selector scope,0
291,Merge pull request #766 from u01jmg3/6.x,0.4534111,Adds the missing import for InteractsWithMouse@clickAtXPath (#728),,0
292,Laravel bugfix,0.7529481,Support Laravel 5.8 (5b2e9aa),Conflicts: CHANGELOG.md,1
293,Merge branch '3.0-allow-to-use-env' of link into mnabialek-3.0-allow-to-use-env,0.44010335,Add hasStartMaximizedEnabled method by @roksprogar in link,,0
294,update readme,0.65304804,Updated,[6.x] Fix for cookie assertions,0
295,Add global wait time default on Browser.php,0.6095863,Support waiting for URLs with waitForLocation (#916)Ôªø,,0
296,Merge pull request #214 from duncan3dc/id-with-colon,0.51035136,Drop PHPUnit 7 by @driesvints in link,[6.x] Domain routing should only be optional.,0
297,add readme,0.45897108,"Add clickAtXPath (#723, effe73d)",,0
298,Merge pull request #778 from funkjedi/fix-cookies,0.611156,Fix cookies with falsey values (#617),This fix failing test when running Dusk within Package Development environment. e.g: link Signed-off-by: Mior Muhammad Zaki crynobone@gmail.com,0
299,Import Browser class,0.64878535,Fix for class imports (#905)Ôªø,,0
300,tweak env handling,0.5809673,"Add graceful handler for SIGINT for .env restoration (#682, f843b8a)",,0
301,assertVue*() methods support Vue 3 (#834),0.95290387,Add Vue 3 support to the assertVue*() methods (#834)Ôªø,,1
302,Add assertion tests,0.73578477,Add assertNotPresent() assertion (#879)Ôªø,,1
303,Use beStrictAboutTestsThatDoNotTestAnything in phpunit.xml,0.45611018,Add assertInputPresent and assertInputMissing assertions (#914),,0
304,Merge pull request #507 from browner12/url-messages,0.48010525,Drop PHPUnit 7 by @driesvints in link,,0
305,"Revert ""extend base .env values instead of redefining in .env.dusk.local""",0.40906802,"Add graceful handler for SIGINT for .env restoration (#682, f843b8a)",[6.x] Uses Pest if available,0
306,Unify namespaces,0.34374806,Uses PHP Native Type Declarations üêò  by @nunomaduro in link,,0
307,Merge pull request #76 from mnabialek/master-docblock-consistent-spacing,0.50437963,Automatically fit content on failures (#704),chore: update docblock to valid docblock,0
308,Update composer.json,0.48376566,Update jQuery file (#721),dynamic isn't a valid annotation. This breaks static analyzers. Found this: link,0
309,revert port,0.4659941,Redirect page to previous URL after asserting authentication (#912)Ôªø,Conflicts: CHANGELOG.md,0
310,Fix tests (#1021),0.5750181,Fix with() and page assertions (#625),,0
311,"Revert ""Allow custom chromedriver install path (#1007)"" (#1008)",0.69265795,"Implement ChromeDriverCommand (#643, 60339a5, #644) ",Support navigating forward in the browser,0
312,Remove unnecessary construct override,0.43464136,Add assertInputPresent and assertInputMissing assertions (#914),,0
313,assertVue*() methods support Vue 3 composition API (#969),0.86544746,assertVue*() methods support Vue 3 composition API by @derekmd in link,[6.x] Support scrolling an element into view,1
314,Merge pull request #581 from laravel/test-7.3,0.4548729,Bump dependencies by @driesvints in link,,0
315,Add missing param to DocBlock,0.5167101,Adds the missing import for InteractsWithMouse@clickAtXPath (#728),Conflicts: CHANGELOG.md,0
316,Create issues.yml,0.48510084,Fix assertVueContains and assertVueDoesNotContain (#638),,0
317,Cleanup toProcess method,0.62359464,Refactor redundant purging methods (#886)Ôªø,[6.x] Trim trailing slash,0
318,fix id selector matching,0.5554949,Fix assertValue for select elements (#942),,0
319,Add waitForReload method to wait for page reload to continue,0.66954213,Add waitUntilEnabled and waitUntilDisabled (#918)Ôªø,Conflicts: CHANGELOG.md,0
320,Merge branch '6.x',0.32433653,Add support for Mac ARM64 architecture (#876)Ôªø,,0
321,[6.x] Add $seconds options to Browser::elseWhenAvailable() (#865),0.9674783,Add $seconds options to Browser::elseWhenAvailable() (#865)Ôªø,[7.x] Drop PHPUnit 7,1
322,Update docblocks (#844),0.5304716,Updated,,0
323,Merge pull request #589 from dkulyk/checkbox_without_name,0.4134682,Adds the missing import for InteractsWithMouse@clickAtXPath (#728),,0
324,style-ci,0.39692178,Adds typeSlowly & appendSlowly (#748),,0
325,Merge pull request #12 from vinkla/patch-2,0.46122143,Bump dependencies by @driesvints in link,This reverts commit 72932c8502ff65017014c94cd36eee8561e746c4.,0
326,Upgraded ChromeDriver to 2.32,0.7630146,Improve detection of latest stable ChromeDriver release (#677),,1
327,Add option to disable direct tty output,0.46103066,"Use custom DISPLAY variable when set on Linux (#613, 2480495)",,0
328,fix extension,0.5389737,Fix unicode support in appendSlowly method (#907),,0
329,Merge pull request #720 from OndraM/patch-2,0.48198587,Adds the missing import for InteractsWithMouse@clickAtXPath (#728),,0
330,Make url() method on Page mandatory,0.5354773,assertVue*() methods support Vue 3 composition API by @derekmd in link,,0
331,Add the assert route is method.,0.5686183,Add assertNotPresent() assertion (#879)Ôªø,[6.x] Fix tests,0
332,Replace ProcessBuilder with Process and remove redundant method.,0.61064285,Refactor redundant purging methods (#886)Ôªø,,0
333,Codestyle,0.5450467,Adds typeSlowly & appendSlowly (#748),,0
334,Merge pull request #181 from acidjazz/master,0.44068918,Bump dependencies by @driesvints in link,,0
335,Move commands to boot method (#884),0.9999998,Move commands to boot method (#884),[6.x] PHPUnit 9,1
336,Fixed unused and incorrect cookie expiry variable,0.6694832,Fix cookies with falsey values (#617),,0
337,Merge pull request #587 from driesvints/unify-namespaces,0.54307365,Drop PHPUnit 7 by @driesvints in link,,0
338,Attempt to solve TTY issue,0.45407352,Fix assertVueContains and assertVueDoesNotContain (#638),,0
339,Add dusk route prefix,0.7458666,"Allow Dusk route to be configurable (#774, 668289a)",Conflicts: CHANGELOG.md,1
340,Add .editorconfig,0.4907496,Update fitContent() (#717),[6.x] Allow to install Laravel 8.,0
341,Add tests for screenshot and console filenames,0.5347111,Allow saving screenshots in a subdirectory (#662),,0
342,Add assert source has and assert source missing methods,0.61431634,Fix assertVueContains and assertVueDoesNotContain (#638),Signed-off-by: Mior Muhammad Zaki crynobone@gmail.com,0
343,Wrap path in quotes,0.49735606,scrollTo: add support for selectors with quotes (#697),,0
344,Fix the page stub,0.6677513,Fix with() and page assertions (#625),,0
345,Fix Call to undefined method [appendWithPauses],0.8522196,Fix Call to undefined method (#750),,1
346,Merge pull request #577 from staudenmeir/purge,0.51533544,Refactor redundant purging methods (#886)Ôªø,[5.x] Avoid throwing exception on production.,0
347,Fix DuskCommand syntax mistake,0.6324889,Make DuskCommand compatible with Pest (#913),Signed-off-by: Mior Muhammad Zaki crynobone@gmail.com,0
348,Merge pull request #271 from masterwto/patch-1,0.48014233,Adds the missing import for InteractsWithMouse@clickAtXPath (#728),The risk of running Dusk in production revolve assigning unsecure routing to assist testing with Dusk. Signed-off-by: Mior Muhammad Zaki crynobone@gmail.com,0
349,Merge pull request #228 from deleugpn/single-quotes-on-links,0.5233134,Drop PHPUnit 7 by @driesvints in link,,0
350,Merge pull request #368 from alexbowers/2.0,0.4824317,Fix assertVueContains and assertVueDoesNotContain (#638),[5.x] Add assert attribute methods,0
351,"Revert ""Use proper PHPUnit assertions""",0.6237699,Avoid deprecation messages on PHPUnit 8 (#620),,0
352,Use configured UserProvider instead of Eloquent to retrieve user instance,0.41553324,Add ProvidesBrowser::getCallerName() (#725),,0
353,[6.x] Tweak cookie() and plainCookie() return types (#941),0.5895355,Fix for cookie assertions (#778),,0
354,fix check,0.51468647,Fix with() and page assertions (#625),Fix Call to undefined method [appendWithPauses],0
355,PHPUnit v10 (#863),0.81960106,"PHPUnit 9 support (2770f25, 45ae210)",Currently the method typeSlowly throws a BadMethodCallException: Call to undefined method [appendWithPauses]. The cause of this is that the typeSlowly method should be calling the appendSlowly instead of appendWithPauses.,1
356,[6.x] Add waitUntilEnabled and waitUntilDisabled (#918),0.94377905,Add waitUntilEnabled and waitUntilDisabled (#918)Ôªø,,1
357,Purging console files before starting tests,0.59328556,Add purge console command (#887),Conflicts: CHANGELOG.md,0
358,browser and element resolver tests,0.47708,Support navigating forward in the browser (#767),,0
359,[6.x] Pass ssl-no-verify option into latestVersion of ChromeDriver install (#794),0.9821308,Pass ssl-no-verify option into latestVersion of ChromeDriver install (#794),"[5.x] Adds typeWithPauses(), appendWithPauses() methods",1
360,ordering,0.34339398,Ôªø,,0
361,Merge pull request #476 from laravel/revert-472-3.0,0.45853102,Drop PHPUnit 7 by @driesvints in link,,0
362,Matches the end of a line,0.43345988,Trim trailing slash (#764),,0
363,Fixes link assertion with single or double quote (#965),0.5553116,Fix with() and page assertions (#625),Conflicts: .travis.yml,0
364,Test against PHP 7.2,0.6323691,Support PHPUnit 8 (788e79c),[5.x] Switch to Github Actions,0
365,update assertions,0.7165149,Updated,,1
366,Cleanup gitignore,0.48011142,Refactor redundant purging methods (#886)Ôªø,Conflicts: CHANGELOG.md composer.json,0
367,Merge pull request #333 from hmazter/master,0.4548915,Adds the missing import for InteractsWithMouse@clickAtXPath (#728),,0
368,fix method names,0.58218634,Fix assertVueContains and assertVueDoesNotContain (#638),[5.x] Update minimum webdriver version,0
369,Adds back PHP_BINARY to phpunit process,0.4749998,"PHPUnit 9 support (2770f25, 45ae210)",,0
370,Test on PHP 8.2 (#1003),0.69940674,PHP 8 Support (#833)  Ôªø,[5.x] Bugfix quoting for InteractsWithElements::value,0
371,Fix broken console log tests,0.42925364,Add purge console command (#887),(cherry picked from commit 24be4cf6692f426ca4860aaf338c1ce898e2544f),0
372,first,0.3808513,Ôªø,(cherry picked from commit c2f665e508e02affc2e763f4f2dfb9445de49b29),0
373,update fitContent(),0.93029356,Update fitContent() (#717),(cherry picked from commit 348ac6c5d600a3089b380cda426e5c151253a6c2),1
374,Update gitattributes,0.60680115,Updated,Conflicts: CHANGELOG.md composer.json,0
375,Merge pull request #598 from kapi2289/wait-until-vue,0.5513013,Add waitUntilEnabled and waitUntilDisabled (#918)Ôªø,[6.x] Bugfix quoting for InteractsWithElements::value,0
376,Change data-dusk attribute to just 'dusk',0.36926115,"Revert ""feat: add alternative tag for element selection"" by @driesvints in link",,0
377,Merge pull request #25 from drawmyattention/fix-remove-import,0.6571983,Adds the missing import for InteractsWithMouse@clickAtXPath (#728),,0
378,Merge branch 'master' of link into helmut-master,0.3956176,Bump dependencies by @driesvints in link,,0
379,Add note for setting the APP_URI setting in .env,0.45634875,"Add graceful handler for SIGINT for .env restoration (#682, f843b8a)",,0
380,Merge pull request #429 from carusogabriel/phpstan,0.62337613,Drop PHPUnit 7 by @driesvints in link,[5.x] Lock php-webdriver constraints for now,0
381,fix formatting,0.48747963,Automatically fit content on failures (#704),,0
382,Merge pull request #546 from derekmd/dont-serialize-cookies,0.58388305,Fix cookies with falsey values (#617),[5.0] do not nest conditionals,0
383,Merge pull request #20 from vinkla/patch-2,0.4561751,Adds the missing import for InteractsWithMouse@clickAtXPath (#728),,0
384,Allow dusk attribute selectors to be chained (#1034),0.7948251,Allow dusk attribute selectors to be chained by @JayBizzle in link,Size sanity check at fitContent (fixes #729),1
385,Tweak stub.,0.51880145,Ôªø,,0
386,Merge pull request #513 from staudenmeir/assertions,0.5276387,Allow passing mixed to assertVue and assertVueIsNot (#853)Ôªø,,0
387,Add the possibility to extend the browser class.,0.6335746,Add option to fullsize the browser (#655),[5.0] Adds the missing import for InteractsWithMouse@clickAtXPath,0
388,Merge pull request #176 from sahibalejandro/master,0.47738045,Adds the missing import for InteractsWithMouse@clickAtXPath (#728),,0
389,update binaries,0.58219707,Updated,,0
390,"Revert ""Adds back PHP_BINARY to phpunit process""",0.47217816,Rename php-webdriver package (#720),Conflicts: CHANGELOG.md composer.json,0
391,add Chrome driver auto detection,0.951944,Add Chrome driver auto detection (#816)Ôªø,,1
392,Add .styleci.yml to .gitattributes,0.45378765,Adds typeSlowly & appendSlowly (#748),[5.0] Fit content to  instead of ,0
393,Merge pull request #517 from jk3us/patch-2,0.45306483,Adds the missing import for InteractsWithMouse@clickAtXPath (#728),"most browsers apply a margin of 8px to the  tag automatically. it's very common for most CSS frameworks to ""normalize"" this to zero, which is why for most people the  size and the  size are the same. since it's not the case for everyone, we can use the  size here instead.",0
394,add fails command,0.52409863,Fix assertVueContains and assertVueDoesNotContain (#638),[5.x] Add ProvidesBrowser::getCallerName();,0
395,Log console content into files,0.3979064,Add purge console command (#887),This would allow better support when we need to use laravel/dusk outside of PHPUnit\Framework\TestCase. Signed-off-by: Mior Muhammad Zaki crynobone@gmail.com,0
396,Merge pull request #199 from bbashy/upgrade-chromedriver,0.47223568,Add purge console command (#887),,0
397,Adjust ChromeDriver command to beta releases,0.7398466,Improve detection of latest stable ChromeDriver release (#677),[5.0] Add InteractsWithMouse@clickByXPath,1
398,Loose the checking,0.47770926,Refactor redundant purging methods (#886)Ôªø,,0
399,Add Missing Type Hints and Fix Some Typos (#927),0.5360285,Adds typeSlowly & appendSlowly (#748),,0
400,"Revert ""Remove Laravel 8 dependencies""",0.73083794,Drop Laravel v6 & v7 support by @driesvints in link,,1
401,Merge pull request #282 from calebporzio/fix-wait-for-reload,0.53351337,Fix assertVueContains and assertVueDoesNotContain (#638),Update jQuery file,0
402,Merge pull request #549 from Wol/positionfix,0.50872636,Automatically fit content on failures (#704),,0
403,Remove no-suggest,0.6117345,Removed,Rename php-webdriver package,0
404,Merge pull request #235 from deleugpn/phpunit,0.6343868,Drop PHPUnit 7 by @driesvints in link,,0
405,Test PHPUnit 10 (#1026),0.68665236,Support PHPUnit 8 (788e79c),[5.0] update fitContent(),0
406,Merge pull request #472 from staudenmeir/3.0,0.4675487,Drop PHPUnit 7 by @driesvints in link,"if the user is in an iframe when a failure occurs, fitContent() will grab the dimensions of the iframe body, not the root body that we actually want. this change makes sure we switch back to the default scope before resizing the browser to fit the content.",0
407,Merge pull request #89 from ockle/quote-fields-and-values,0.52769494,Bugfix quoting for InteractsWithElements::value (#735),Conflicts: CHANGELOG.md,0
408,[6.x] Domain routing should only be optional.,0.893231,Domain routing should only be optional (#776),,1
409,Add assertDataAttribute method,0.76754725,Add assert attribute methods (#751),,1
410,Merge pull request #242 from deleugpn/changelog,0.44067168,Drop PHPUnit 7 by @driesvints in link,[5.0] Cast boolean values to appropriate string,0
411,Fix PHPDoc,0.68734205,Fix PHPUnit v10 stubs by @driesvints in link,,0
412,kiss,0.290246,Ôªø,cast boolean value to their appropriate string integer value.,0
413,Rename .editerconfig to .editorconfig,0.44531992,Fix updated Mac image name by @driesvints in link,[5.0] Add missing docblocks,0
414,Merge pull request #847 from crynobone/elsewhere-when-available,0.48506287,Adds the missing import for InteractsWithMouse@clickAtXPath (#728),,0
415,Merge pull request #39 from lkmadushan/use-jquery-explicitly,0.5006172,assertVue*() methods support Vue 3 composition API by @derekmd in link,[6.0] Update ElementResolver.php,0
416,Improve assertion tests,0.5584961,Add assertNotPresent() assertion (#879)Ôªø,[5.0] use FQN,0
417,Update 1_Bug_report.md,0.5631068,Updated,consistency,0
418,Add package url,0.5462216,Adds PHPUnit 10 support  by @crynobone in link,move the generic $field selector to the end of our firstOrFail priority list,0
419,fix spelling errors,0.3778239,Fix logout() when using AuthenticateSession middleware (#826)Ôªø,Conflicts: CHANGELOG.md,0
420,Prevent screenshot and console filename collisions,0.55755496,Allow saving screenshots in a subdirectory (#662),,0
421,Merge pull request #31 from spyric/patch-1,0.50115585,Adds the missing import for InteractsWithMouse@clickAtXPath (#728),,0
422,fix order,0.36241573,Changed,use FQN in docblock,0
423,Update ExampleTest.php,0.5764413,PHP 8 Support (#833)  Ôªø,,0
424,Loosen up check even more,0.42898378,Updated,,0
425,Merge pull request #697 from mbardelmeijer/patch-4,0.47839764,Adds the missing import for InteractsWithMouse@clickAtXPath (#728),,0
426,Allowed to check checkboxes without the name attribute.,0.5431107,Add assertIndeterminate assertion for checkbox. by @crynobone in link,,0
427,working on jquery support,0.5790708,Add clickAndWaitForReload by @SjorsO in link,,0
428,[7.x] Remove chrome binaries (#873),0.77579206,Remove chrome binaries by @driesvints in link,,1
429,Make sure all option is executed,0.45028648,Add waitUntilEnabled and waitUntilDisabled (#918)Ôªø,,0
430,Merge pull request #661 from SjorsO/5.0,0.4837042,Add clickAndWaitForReload by @SjorsO in link,"[5.x] add ""waitUntilMissingText""",0
431,"Revert ""Attempt to solve TTY issue""",0.423695,Fix assertVueContains and assertVueDoesNotContain (#638),,0
432,Merge pull request #364 from austenc/2.0,0.46075317,Automatically fit content on failures (#704),,0
433,Merge pull request #111 from sileence/visit_route,0.47588712,Drop PHPUnit v8 by @driesvints in link,[5.0] automatically fit content on failures,0
434,Merge pull request #225 from deleugpn/revert-223-TTY,0.45391548,Drop PHPUnit 7 by @driesvints in link,,0
435,wip,0.36618233,"Add clickAtXPath (#723, effe73d)",,0
436,clean up formatting,0.43097967,Refactor redundant purging methods (#886)Ôªø,this will automatically resize the browser to fit the content before taking screenshots on failures.,0
437,Update ChromeDriverCommand.php,0.75143516,"Implement ChromeDriverCommand (#643, 60339a5, #644) ",,1
438,add missing period,0.395714,"Add ""waitUntilMissingText"" (#706)",[5.x] Test on PHP 7.4,0
439,Remove unused imports and parameters,0.57532203,Fix for class imports (#905)Ôªø,,0
440,Add extra issue links,0.61053514,Bump dependencies by @driesvints in link,"[5.0] Fix docs, import sorting in stubs",0
441,Update .styleci.yml,0.49161094,Update fitContent() (#717),,0
442,Merge pull request #226 from deleugpn/revert-223-TTY,0.46774086,Drop PHPUnit 7 by @driesvints in link,Conflicts: CHANGELOG.md composer.json,0
443,Redirect page to previous URL after asserting authentication (#912),0.9999999,Redirect page to previous URL after asserting authentication (#912)Ôªø,,1
444,Add missing docblocks,0.50760204,Adds the missing import for InteractsWithMouse@clickAtXPath (#728),[5.x] Support phpdotenv v4,0
445,Fix installation broken Dotenv on Laravel 5.8,0.948587,Fix installation of Dotenv on Laravel 5.8 (1f67bf2),,1
446,Add missing dependencies,0.58468425,Bump dependencies by @driesvints in link,[5.x] scrollTo: add support for selectors with quotes,0
447,update service provider reg docs,0.54519254,Update regular expression base on website changes (#674),,0
448,Merge pull request #642 from driesvints/update-js-checks,0.57005954,Update jQuery file (#721),,0
449,Use jQuery implementation as previous is not blocking,0.50469244,Ensure jQuery for scrollTo (#686),[5.x] Allow Symfony 5.x,0
450,Merge pull request #512 from avrahamappel/patch-1,0.52477133,Allow passing mixed to assertVue and assertVueIsNot (#853)Ôªø,,0
451,Merge branch '6.x' into 7.x,0.3662006,Add support for Mac ARM64 architecture (#876)Ôªø,,0
452,Update phpunit.xml stub to PHPUnit 9.3.0 format,0.6061385,Rename php-webdriver package (#720),,0
453,Merge pull request #687 from GrahamCampbell/patch-1,0.50880164,Fix assertVueContains and assertVueDoesNotContain (#638),,0
454,Add copyright,0.3936423,"Add new assertion assertAttributeContains() (#931, ab47680)",,0
455,Add styleci config,0.43134248,"Use custom DISPLAY variable when set on Linux (#613, 2480495)",,0
456,Merge pull request #62 from Janiaje/master,0.38598394,Adds the missing import for InteractsWithMouse@clickAtXPath (#728),,0
457,Renamed typeWithoutClearing method to append,0.66772,Adds typeSlowly & appendSlowly (#748),,0
458,style,0.40983117,Ôªø,Escape single quotes,0
459,[6.x] Fix logout() when using AuthenticateSession and default guard (#939),0.9696703,Fix logout() when using AuthenticateSession and default guard (#939)Ôªø,,1
460,Update update-changelog.yml,0.66790205,Updated,"Note: This might be a rare use-case but it does break when someone passes single quote in the string. The value function does not escape the contents of  $value variable as a result if someone passes a string even with a escaped single quote, the code breaks because value is assigned using single quotes  on line 68 argument passed to executeScript, ""document.querySelector('{$selector}').value = '{$value}';"" php $browser->value('myField', ""Field\'s Name""); Current output of the script: js document.querySelector('myField').value = 'Field's Name'; Expected output of the script: js document.querySelector('{$selector}').value = 'Field\'s Name';"" Fixes #312",0
461,Fix assertVueContains,0.8787429,Fix assertVueContains and assertVueDoesNotContain (#638),Conflicts: CHANGELOG.md,1
462,Update InteractsWithElements.php,0.6320355,Drop PHPUnit 7 by @driesvints in link,,0
463,fix user phpDoc,0.6671231,Fix PHPUnit v10 stubs by @driesvints in link,[5.x] Prevent using pcntl when not installed,0
464,clickLink empowered to click on elements beyond ,0.70397615,"Use selector to double click, and to click and hold by @rodrigopedra in link",,1
465,Merge pull request #674 from kandarp26/patch-1,0.4635773,Drop PHPUnit 7 by @driesvints in link,Added missing return statement in withDuskEnvironment,0
466,Update CHANGELOG,0.77655613,Updated,,1
467,Trim trailing slash,0.8866049,Trim trailing slash (#764),,1
468,Merge pull request #54 from sasin91/patch-1,0.45175028,Automatically fit content on failures (#704),[5.0] Update .styleci.yml,0
469,Merge pull request #535 from browner12/spelling,0.50537205,Allow passing mixed to assertVue and assertVueIsNot (#853)Ôªø,,0
470,changelog,0.56514025,Changed,[5.x] Ensure jQuery for scrollTo,0
471,Stop supporting PHP 5.6 on Dusk 2.0,0.74582475,Dropped support for PHP 7.1 (210e03e),,1
472,Add graceful handler for SIGINT,0.75884867,"Add graceful handler for SIGINT for .env restoration (#682, f843b8a)",Conflicts: CHANGELOG.md,1
473,Adding type hint in ExampleTest.php stub,0.52846926,Uses PHP Native Type Declarations üêò  by @nunomaduro in link,,0
474,Use async signals instead of declare ticks,0.39416772,Try clicking all elements before throwing ElementClickInterceptedException by @SjorsO in link,Add scrollTo method,0
475,Prevent using pcntl when not installed,0.9286535,Prevent using pcntl when not installed (#692),,1
476,Merge pull request #441 from duncan3dc/chrome-process-test,0.47626907,"Capture source code on failure (#819, 3c59a5c)",,0
477,use FQN in docblock,0.44594827,Bugfix quoting for InteractsWithElements::value (#735),,0
478,Support Carbon 2,0.8777098,Support Carbon 2 (85cfc50),,1
479,Added some more drag functionality,0.43280023,Add option to fullsize the browser (#655),,0
480,fixing silly test.,0.42488238,Fix with() and page assertions (#625),,0
481,Remove extra Directory Separator from ChromeProcess (#995),0.8666773,Remove extra Directory Separator from ChromeProcess by @GeoSot in link,,1
482,Revert fb67e61 and fix return type,0.49208266,Refactor redundant purging methods (#886)Ôªø,,0
483,refactor,0.6287265,Refactor redundant purging methods (#886)Ôªø,,0
484,Merge branch 'add-global-wait-time' of link into calebporzio-add-global-wait-time,0.44093332,Fix unicode support in appendSlowly method (#907),,0
485,Adds types to stubs (#1004),0.6229892,Adds typeSlowly & appendSlowly (#748),,0
486,fix,0.52966255,Fix with() and page assertions (#625),,0
487,Update DuskTestCase.stub,0.6366955,Make DuskCommand compatible with Pest (#913),Conflicts: CHANGELOG.md,0
488,Added new interaction to type without clearing,0.56675303,Adds typeSlowly & appendSlowly (#748),,0
489,Merge pull request #223 from deleugpn/TTY,0.46112138,Adds the missing import for InteractsWithMouse@clickAtXPath (#728),[5.5] Improve detection of latest stable ChromeDriver release,0
490,Only restore if .env.backup exists as well,0.45981032,"Add graceful handler for SIGINT for .env restoration (#682, f843b8a)",,0
491,Merge pull request #528 from crhg/update-facebook-webdriver-version,0.636904,Add latest version of Facebook Webdriver (#654),Conflicts: CHANGELOG.md,0
492,[7.x] Fix tests (#1024),0.5733559,Fix with() and page assertions (#625),,0
493,Merge pull request #362 from calebporzio/fix-tests,0.58591306,Fix assertVueContains and assertVueDoesNotContain (#638),Update regular expression base on website changes,0
494,Closes #623 - support navigating forward in the browser,0.86111885,Support navigating forward in the browser (#767),Some markup is updated on link website. which break this function  ErrorException  : Undefined offset: 1,1
495,[6.x] Fix the value generated when setting encrypted cookies (#857),0.96437114,Fix the value generated when setting encrypted cookies (#857),,1
496,Compatibility with PHPUnit 6.0,0.77714545,Support PHPUnit 8 (788e79c),,1
497,Merge pull request #159 from jaesung2061/patch-1,0.4388513,Bump dependencies by @driesvints in link,,0
498,tweak property name,0.48590985,Changed,,0
499,Fix branch-alias,0.5045487,Fix logout() when using AuthenticateSession and default guard (#939)Ôªø,,0
500,Add pauseIf() / pauseUnless() (#999),0.7448932,Add pauseIf() / pauseUnless() by @u01jmg3 in link,,1
501,Merge branch 'add-component-objects' of link into calebporzio-add-component-objects,0.45725787,Fix unicode support in appendSlowly method (#907),,0
502,Silly typo or was it on purpose?,0.24661958,Changed,,0
503,ChromeDriver 2.31,0.8246033,"Implement ChromeDriverCommand (#643, 60339a5, #644) ",Conflicts: composer.json,1
504,Update phpunit.xml,0.50312525,Updated,[5.0] Prepare for 6.0 release,0
505,Get rid of makeLogoutAccessibleViaGet as it shouldn‚Äôt be necessary now.,0.4931994,Remove chrome binaries by @driesvints in link,,0
506,[5.x] Add ProvidesBrowser::getCallerName();,0.88828075,Add ProvidesBrowser::getCallerName() (#725),Conflicts: CHANGELOG.md,1
507,Add InteractWithJavascript trait,0.59565413,Add assertScript() (#821),,0
508,Use release target branch in changelog compare URL,0.42844695,"Use selector to double click, and to click and hold by @rodrigopedra in link",[5.0] Allow saving screenshots in a subdirectory,0
509,can make default assertion,0.614111,Add assertNotPresent() assertion (#879)Ôªø,,0
510,Update pull-requests.yml,0.51661706,Update jQuery file (#721),,0
511,Merge pull request #717 from browner12/patch-1,0.47013438,Adds the missing import for InteractsWithMouse@clickAtXPath (#728),,0
512,Using the assertSame to make assert equals strict (#808),0.76550406,Add assertNotPresent() assertion (#879)Ôªø,,1
513,Merge pull request #355 from deleugpn/2.0,0.4561302,Drop PHPUnit 7 by @driesvints in link,,0
514,Merge branch 'assert-options' of link into deleugpn-assert-options,0.4224619,Adds PHPUnit 10 support  by @crynobone in link,,0
515,Merge pull request #443 from crynobone/provides-browser,0.5018473,Adds PHPUnit 10 support  by @crynobone in link,,0
516,Switch to Github Actions,0.3326857,Move commands to boot method (#884),,0
517,Remove 5.7 from Travis,0.4926357,Removed,,0
518,Update access level for TestCase::setUp(),0.4408766,Update minimum Laravel version (fcb2226),Add assertion to check if a button is disabled,0
519,Merge pull request #15 from laravel/fix-2-1,0.521972,Fix PHPUnit v10 stubs by @driesvints in link,Co-Authored-By: Jonas Staudenmeir mail@jonas-staudenmeir.de,0
520,Fix updated Mac image name (#1001),0.85796934,Fix updated Mac image name by @driesvints in link,Co-Authored-By: Jonas Staudenmeir mail@jonas-staudenmeir.de,1
521,Merge branch '2.0' of link into staudenmeir-2.0,0.46816927,Bump dependencies by @driesvints in link,,0
522,Merge pull request #233 from deleugpn/stub,0.47721824,Fix PHPUnit v10 stubs by @driesvints in link,,0
523,fix setup,0.44781315,Fix installation of Dotenv on Laravel 5.8 (1f67bf2),,0
524,fix code,0.5650183,"Capture source code on failure (#819, 3c59a5c)",,0
525,Allow component selector to be specified as optional third parameter,0.51872516,Fix assertValue for select elements (#942),,0
526,Add assertion and interaction for JavaScript dialogs,0.60863936,Add assertScript() (#821),,0
527,Merge pull request #551 from browner12/patch-1,0.44193637,Fix assertVueContains and assertVueDoesNotContain (#638),,0
528,Add missing parentheses,0.46917853,"Add new assertion assertAttributeContains() (#931, ab47680)",,0
529,Update InteractsWithAuthentication.php,0.65316975,Fix PHPUnit v10 stubs by @driesvints in link,,0
530,fix the fitContent() method (#815),0.9983796,Fix the fitContent() method (#815)Ôªø,Co-Authored-By: Jonas Staudenmeir mail@jonas-staudenmeir.de,1
531,Bump Symfony dependencies,0.7495717,Bumped minimum Symfony dependencies to 4.3 (1ee28e1),Co-Authored-By: Jonas Staudenmeir mail@jonas-staudenmeir.de,1
532,Update upgrade guide,0.7786294,Updated,,1
533,Support PHPUnit 8,0.93085843,Support PHPUnit 8 (788e79c),,1
534,Fix tests when running on Windows.,0.4156497,Fix logout() when using AuthenticateSession middleware (#826)Ôªø,Co-Authored-By: Jonas Staudenmeir mail@jonas-staudenmeir.de,0
535,Merge branch 'master' into 6.x,0.3375014,Refactor redundant purging methods (#886)Ôªø,,0
536,Add data-dusk DOM hooks,0.52135146,Add clickAndWaitForReload by @SjorsO in link,,0
537,Merge pull request #425 from crynobone/update-process,0.44801164,Add purge console command (#887),,0
538,Update tests/MakesAssertionsTest.php,0.49249515,Support phpdotenv v4 (#699),"Currently 'php artisan dusk:install' fails if you are behind a proxy. This commit adds two new options:  --proxy= - e.g. ""--proxy=tcp://127.0.0.1:9000"" - is passed to file_get_contents() via stream context  --ssl-no-verify - skips SSL certificate verification; useful when the proxy replaces the original SSL certificate with it's own for HTTPS traffic inspection",0
539,Use FQN,0.35295063,Add assert attribute methods (#751),,0
540,Merge pull request #751 from troccoli/add-assert-attribute-methods,0.5374587,"Revert ""feat: add alternative tag for element selection"" by @driesvints in link",,0
541,Use consistent name for Chromedriver in DocBlock,0.5937187,"Implement ChromeDriverCommand (#643, 60339a5, #644) ",,0
542,[6.x] Refactor redundant purging methods. (#886),0.969707,Refactor redundant purging methods (#886)Ôªø,this will calculate the size of the  and resize the browser to fit match it.,1
543,Format selector,0.45467058,Fix assertValue for select elements (#942),,0
544,Drop support for PHP 7.1,0.89045393,Dropped support for PHP 7.1 (210e03e),[5.0] Add latest version of Facebook Webdriver,1
545,use FQN,0.34779543,Add assert attribute methods (#751),"Due to the latest version of the Chromedriver using W3C protocol by default, this commit requires the latest version of facebook/webdriver. The latest version forces the Chromedriver to not use the W3C protocol by default. This commit will fix issue #651.",0
546,Update docblock,0.53999925,Updated,,0
547,[6.x] Update docblocks to clarify the type of cookie: encrypted or unencrypted (#790),0.7230031,Add CookieValuePrefix detection for encrypted cookies (#804),[5.0] Adjust ChromeDriver command to beta releases,1
548,Merge pull request #762 from laravel/drop-phpunit-7,0.70209765,Drop PHPUnit 7 by @driesvints in link,,1
549,Merge pull request #668 from driesvints/prepare-for-release,0.47471353,Bump dependencies by @driesvints in link,,0
550,Add asserts to validate URL fragments,0.55249447,Add assertIndeterminate assertion for checkbox. by @crynobone in link,,0
551,Merge pull request #567 from browner12/patch-1,0.453066,Fix assertVueContains and assertVueDoesNotContain (#638),,0
552,Merge pull request #135 from themsaid/sortBeforeReplace,0.4984569,Automatically fit content on failures (#704),,0
553,Merge pull request #43 from tabennett/master,0.4426723,"Add clickAtXPath (#723, effe73d)",,0
554,Replace helper,0.45057794,Removed,,0
555,Use constant for SIGINT instead of magic variable,0.49104717,"Add graceful handler for SIGINT for .env restoration (#682, f843b8a)",,0
556,Merge pull request #536 from browner12/missing-throws,0.49516383,Fix assertVueContains and assertVueDoesNotContain (#638),This command will allow users to update their chrome driver for their OS. It has a flag that will also allow users to update every binary if they want. I've added this to the install command so the driver is updated whenever the install command is run. This means we don't have to update the docs. I wrote this as an install command so we can remove the binaries in a future version of Dusk and always have them installed with this command. This will save having them to be packaged with the repo. It's also written in such a way that it only installs the binary for the current OS. Fixes link,0
557,formatting and spelling fixes,0.4079411,Adds typeSlowly & appendSlowly (#748),,0
558,[6.x] Improves docblock (#866),0.49047738,Fix unicode support in appendSlowly method (#907),,0
559,Bump min phpunit version,0.46792507,Bumped minimum Symfony dependencies to 4.3 (1ee28e1),[5.0] Simplify JS config,0
560,add option to fullsize the browser,0.915182,Add option to fullsize the browser (#655),,1
561,Merge pull request #417 from carusogabriel/patch-1,0.5242193,Fix assertVueContains and assertVueDoesNotContain (#638),,0
562,Sort before replacing pages shorthand,0.43981758,scrollTo: add support for selectors with quotes (#697),,0
563,Merge branch 'features/support-passing-arguments-to-chromedriver' of link into TomzxForks-features/support-passing-arguments-to-chromedriver,0.45713165,Fix unicode support in appendSlowly method (#907),,0
564,Merge pull request #442 from crynobone/provides-browser,0.4954051,Adds PHPUnit 10 support  by @crynobone in link,,0
565,Fixes for class imports (#905),0.98769087,Fix for class imports (#905)Ôªø,,1
566,[6.x] PHP 8 Support (#833),0.95931184,PHP 8 Support (#833)  Ôªø,,1
567,Merge pull request #26 from drawmyattention/fix-code-style,0.59470844,Fix assertVueContains and assertVueDoesNotContain (#638),,0
568,Merge pull request #426 from enflow-nl/wsl,0.4313256,Drop PHPUnit v8 by @driesvints in link,[5.0] Fix assertVueContains,0
569,add support for sail,0.39070857,Add support for Mac ARM64 architecture (#876)Ôªø,This fixes the assertVueContains and assertVueDoesNotContain methods to properly check for an array and what it contains instead of checking for a string. This got broken in link Fixes link,0
570,use static call,0.44115254,Fix Call to undefined method (#750),,0
571,"Remove waitUntilHidden(), fix waitUntilMissing().",0.8095875,Add waitUntilEnabled and waitUntilDisabled (#918)Ôªø,,1
572,Fix bug with assertSelectHasOptions() and duplicate values,0.67726815,Fix assertVueContains and assertVueDoesNotContain (#638),,0
573,Fix an invalid property name,0.5329533,Fix assertVueContains and assertVueDoesNotContain (#638),,0
574,allow for a project-specific phpunit.dusk.xml file,0.40311298,assertVue*() methods support Vue 3 composition API by @derekmd in link,,0
575,Laravel 9 (#956),0.9033154,Laravel 9 Support (#956),,1
576,use --headless=new (#1027),0.7271689,Use --headless=new by @SjorsO in link,,1
577,fixed Browser#visit dockblock to include Page,0.5990617,"Allow to utilise browser ""about:blank"" page  (#824)",,0
578,select() excludes disabled options,0.53783065,Fix assertValue for select elements (#942),,0
579,fix executeScript method call,0.655124,Fix Call to undefined method (#750),[5.0] Fix with() and page assertions,0
580,Allow assertion of available options on a given select element,0.56569237,Fix assertValue for select elements (#942),,0
581,add waitForRoute method,0.8034108,Add waitForEvent() method by @michaelhue in link,Avoid deprecation messages on PHPUnit 8,1
582,Add assertions for attributes on Vue components,0.66876626,"Add new assertion assertAttributeContains() (#931, ab47680)",This reverts commit d48f9905b895c9ac252b1a855d843de2d0878b15.,0
583,Merge pull request #183 from glowdemon1/master,0.47112578,Bump dependencies by @driesvints in link,,0
584,Merge pull request #871 from derekmd/fix-ci-typo,0.51190126,Fix assertVueContains and assertVueDoesNotContain (#638),,0
585,Fix unicode support in slowly send keys methods (#907),0.6221658,Fix unicode support in appendSlowly method (#907),[5.0] Fix cookies with falsey values,0
586,fix #609: added support for 'phpunit.dusk.xml.dist',0.6670518,Fix PHPUnit v10 stubs by @driesvints in link,,0
587,Merge pull request #431 from staudenmeir/2.0,0.47467226,Fix assertVueContains and assertVueDoesNotContain (#638),,0
588,allow waiting for full URL location (#916),0.80863726,Support waiting for URLs with waitForLocation (#916)Ôªø,,1
589,Matrix build,0.31913334,"Add new assertion assertAttributeContains() (#931, ab47680)",Dotenv on Laravel 5.8 was bumped to a new version which changes the bootstrap process. This BC fix allows for both installs to be used. Fixes link,0
590,fix merge,0.463553,Updated,,0
591,Fix DocBlock,0.5264145,Bump dependencies by @driesvints in link,,0
592,Update and rename 1_Bug_report.md to 1_Bug_report.yml,0.3919078,Updated,,0
593,Add 'within' method as alias for 'with' method,0.44997013,Add assertInputPresent and assertInputMissing assertions (#914),"Use case: running Dusk on a server environment and using X11 forwarding via SSH to take a peek in the browser running the actions. This is particularity useful in combination with the link package. We automate specific browser actions on the server side and it's handy to see why it's failing on the server (for instance, we ran into issues because the user agent of the headless browser was different). Am not aware of any side effects but happy to hear some thoughts about this.",0
594,"docs, import sorting",0.48231772,Fix for class imports (#905)Ôªø,,0
595,Add a dump method to quickly debug a response in the console,0.5364214,Add purge console command (#887),,0
596,Fix logo for GitHub Dark Theme (#928),0.5326548,Fix logout() when using AuthenticateSession and default guard (#939)Ôªø,,0
597,add custom assertion messages,0.7049893,"Add new assertion assertAttributeContains() (#931, ab47680)",,1
598,purge console logs,0.70509243,Add purge console command (#887),,1
599,Support clicking the topmost element at a given pair of coordinates (#788),1.0,Support clicking the topmost element at a given pair of coordinates (#788),,1
600,Merge pull request #811 from saulens22/patch-1,0.4904039,Fix assertVueContains and assertVueDoesNotContain (#638),,0
601,scrollTo: add support for selectors with quotes,0.9446008,scrollTo: add support for selectors with quotes (#697),,1
602,Remove unused exception.,0.66511804,Removed,,0
603,Improve test coverage (#937),0.40958643,Updated,,0
604,Restore support for IDs containing a colon,0.3845927,Fix assertVueContains and assertVueDoesNotContain (#638),,0
605,replace $ with jQuery.find,0.47311458,"Revert ""feat: add alternative tag for element selection"" by @driesvints in link",,0
606,page objects,0.564108,Fix with() and page assertions (#625),,0
607,Merge pull request #511 from staudenmeir/assert-present,0.53577954,Allow passing mixed to assertVue and assertVueIsNot (#853)Ôªø,,0
608,Make DuskCommand compatible with Pest (#913),1.0,Make DuskCommand compatible with Pest (#913),,1
609,add waitUntilMissingText,0.9069774,"Add ""waitUntilMissingText"" (#706)",,1
610,Merge pull request #288 from nesk/fix-invalid-property,0.49940032,Fix assertVueContains and assertVueDoesNotContain (#638),,0
611,Update DuskCommand.php,0.6124219,Rename php-webdriver package (#720),,0
612,Add proxy support to the 'install' command,0.8367053,Add proxy support to the dusk:install command (#659),,1
613,Allow custom chromedriver install path (#1007),0.69824827,"Implement ChromeDriverCommand (#643, 60339a5, #644) ",,0
614,Refactor out element alias conditionals,0.50671124,Refactor redundant purging methods (#886)Ôªø,,0
615,Merge pull request #46 from sileence/spelling,0.45637095,Allow passing mixed to assertVue and assertVueIsNot (#853)Ôªø,,0
616,Merge pull request #605 from chanaksha/4.0,0.45846522,Adds the missing import for InteractsWithMouse@clickAtXPath (#728),[4.0] Fixes Support invocation of dusk testcases through phpdbg #530,0
617,Merge pull request #487 from staudenmeir/3.0,0.46697715,Drop PHPUnit 7 by @driesvints in link,,0
618,Bump dependencies (#874),0.76272625,Bump dependencies by @driesvints in link,,1
619,Improve PHPDoc return types for IDEs,0.5610528,Support PHPUnit 8 (788e79c),,0
620,[7.x] Laravel v10 support (#1015),0.89725935,Laravel 9 Support (#956),,1
621,Merge pull request #654 from marcusmyers/add-latest-version-of-facebook-webdriver,0.7205484,Add latest version of Facebook Webdriver (#654),,1
622,Prevent breaking filenames when using datasets,0.34307936,Add ProvidesBrowser::getCallerName() (#725),,0
623,Merge pull request #755 from crynobone/avoid-exception,0.4905167,Avoid throwing exception on production (#755),[5.0] Added waitUntilVue and waitUntilVueIsNot,0
624,Don't store console log if there's nothing to be stored,0.43366092,Add purge console command (#887),,0
625,Add hasStartMaximizedEnabled method. (#978),0.75423485,Add hasStartMaximizedEnabled method by @roksprogar in link,,1
626,Merge pull request #555 from browner12/url-assertions,0.5155255,Drop PHPUnit 7 by @driesvints in link,,0
627,Whitelist Browsers,0.5032264,"Allow to utilise browser ""about:blank"" page  (#824)",,0
628,Merge pull request #88 from rap2hpoutre/patch-1,0.46744585,Adds the missing import for InteractsWithMouse@clickAtXPath (#728),[4.0] Update Chromedriver,0
629,update dusk command,0.65178895,Make DuskCommand compatible with Pest (#913),,0
630,Update MakesAssertions.php (#830),0.6219307,PHP 8 Support (#833)  Ôªø,,0
631,Merge pull request #761 from laravel/fix-tests,0.53614897,Fix PHPUnit v10 stubs by @driesvints in link,,0
632,Apply fixes from StyleCI (#670),0.59754825,Fix unicode support in appendSlowly method (#907),,0
633,Merge pull request #795 from laravel/driesvints-patch-1,0.555499,Bump dependencies by @driesvints in link,,0
634,Add assertAriaAttribute method,0.82030153,"Add new assertion assertAttributeContains() (#931, ab47680)",,1
635,Added missing return statement in withDuskEnvironment,0.58858514,Fix assertVueContains and assertVueDoesNotContain (#638),[4.0] Fix a big with asserting multiple selected options,0
636,add better error messages,0.54640996,Automatically fit content on failures (#704),When testing a multiple select it wasn't possible asserting multiple options. Fixes link,0
637,rename method,0.4929279,Changed,,0
638,fix conflicts,0.5113191,Fix assertVueContains and assertVueDoesNotContain (#638),Allowed to check checkboxes without the name attribute.,0
639,Update tests.yml (#973),0.4868916,Updated,,0
640,Laravel dusk bugfix,0.7260519,Support Laravel 5.8 (5b2e9aa),[4.0] Unify test namespaces,1
641,Fix function name,0.49618775,Fix assertVueContains and assertVueDoesNotContain (#638),,0
642,Add upgrade guide,0.67951643,Updated,[4.0] Fix TimeOutException sprintf() error,0
643,Merge pull request #462 from staudenmeir/3.0,0.4753909,Drop PHPUnit 7 by @driesvints in link,"When an expected value contains a '%' character, waitFor*() timeouts cause an sprintf() error since this is consdered a parameter placeholder with a missing value.",0
644,Test on php 7.1,0.6146004,Dropped support for PHP 7.1 (210e03e),[4.0] Test 7.3,0
645,Merge pull request #803 from snellingio/patch-1,0.51700395,Adds the missing import for InteractsWithMouse@clickAtXPath (#728),,0
646,Use namespace when including PHPUnit,0.65219367,Uses PHP Native Type Declarations üêò  by @nunomaduro in link,,0
647,Update config.yml,0.5568875,Update Symfony dependencies to latest version (788e79c),[4.0] Check directories before purging files,0
648,remove extra line break,0.46598676,Trim trailing slash (#764),,0
649,invoke php script from phpunit directly,0.45740703,Drop PHPUnit v8 by @driesvints in link,[4.0] update dusk test case stub,0
650,Merge branch '2.0',0.40732062,Bumped minimum Symfony dependencies to 4.3 (1ee28e1),add a default window size,0
651,Rename to more intuitive rightClick(),0.55971324,"Use selector to double click, and to click and hold by @rodrigopedra in link",,0
652,Sort packages,0.34039247,Refactor redundant purging methods (#886)Ôªø,add missing period,0
653,Merge pull request #750 from migueldamaso/patch-1,0.5662092,Adds the missing import for InteractsWithMouse@clickAtXPath (#728),,0
654,Add a test for an ID containing a colon,0.468415,Add assertIndeterminate assertion for checkbox. by @crynobone in link,"[4.0] add assertions for url scheme, host, and port",0
655,[5.x] Allow Symfony 5.x,0.8659721,Allow for Symfony 5 (#696),"add new method assertSchemeIsNot() to assert the scheme portion of a URL is not a specific value add new method assertHostIs() to assert the host portion of a URL is a specific value add new method assertHostIsNot() to assert the host portion of a URL is not a specific value add new method assertPortIs() to assert the port portion of a URL is a specific value add new method assertPortIsNot() to assert the port portion of a URL is not a specific value add tests for all new methods when using the parse_url function, pass through the 'component' parameter, rather than accessing via an array key. this allows us to use constants, and not unnecessarily retrieve info we don't need. some code cleanup for consistency, and removing some temporary variables.",1
656,Remove emoji,0.56033176,Removed,[4.1] Assertions Cleanup,0
657,Added method WaitsForElements::waitForLocation(),0.7668754,Add waitForEvent() method by @michaelhue in link,"create new MakesUrlAssertions trait and pull out all of the URL assertions into this file, and remove them from MakesAssertions use the new trait in the Browser add new assertSchemeIs() method to MakesUrlAssertions to check the scheme of the URL separate assertions tests into new MakesUrlAssertionsTest and pull out all the URL assertions tests from MakesAssertionsTest add test for new assertSchemeIs() method",1
658,Add hyperlink to changelog version number,0.49260706,Add hasStartMaximizedEnabled method by @roksprogar in link,use HTTPS links where appropriate,0
659,Add support for passing arguments to the chromedriver process.,0.5585582,"Implement ChromeDriverCommand (#643, 60339a5, #644) ","this link redirect to an HTTPS site, so let's just send it directly there",0
660,"[6.x] Set Component as possible variable type to phpdoc of methods with, within, elsewhere (#919)",0.58584213,Uses PHP Native Type Declarations üêò  by @nunomaduro in link,,0
661,934 - throw an error if assertValue() / assertValueIsNot() are used with an element that does not support the value attribute,0.92012537,"throw an error if assertValue() is used with an element that does not support the value attribute (#936, 334c49f)","Allow the passing of an array or text since the underlying Str:contains call will take an array or string and will check for any of those text values. This allows a test to wait until any of the supplied text is visible. Example w/ Multiples: $browser->waitForText(['Success', 'Failure']); Output: Waited 5 seconds for text ['Success', 'Failure']. Example w/ single: $browser->waitForText('Success'); Output: Waited 5 seconds for text ['Success'].",1
662,Update and rename phpunit.xml to phpunit.xml.dist,0.47725546,Rename php-webdriver package (#720),,0
663,Merge remote-tracking branch 'origin/master',0.37111396,Adds the missing import for InteractsWithMouse@clickAtXPath (#728),Added 'move' to Browser to allow multiple browser windows to be positioned,0
664,Merge pull request #158 from duncan3dc/find-or-fail-with-id,0.5015772,Fix assertVueContains and assertVueDoesNotContain (#638),,0
665,Apply fixes from StyleCI (#640),0.58187944,Fix unicode support in appendSlowly method (#907),,0
666,Merge pull request #713 from browner12/patch-1,0.47687256,Adds the missing import for InteractsWithMouse@clickAtXPath (#728),[4.0] Don't serialize cookies when encrypting,0
667,"add ability to check and uncheck checkboxes by value, allowing multi-checkbox support",0.5769641,Add assertion checks if a button is disabled or enabled (#661),,0
668,Use jQuery insteadof $,0.46473104,Add $seconds options to Browser::elseWhenAvailable() (#865)Ôªø,laravel/framework >= 5.6.33 by default no longer calls serialize() & unserialize() on encrypted cookies.,0
669,Add --dev flag,0.40104648,Rename php-webdriver package (#720),,0
670,make method static,0.425091,Fix Call to undefined method (#750),,0
671,Merge branch 'save-source' of link into browner12-save-source,0.4587144,"Add ability to store source from browser (#707, 9c90e2a, 1d5bc20)","user can call the method, and pass a selector for a specific frame so they can interact with it. if you pass no selector, it will switch back to the default frame.",0
672,typehint Browser in stub,0.48352224,Adds typeSlowly & appendSlowly (#748),,0
673,clean up wording,0.40827894,Changed,,0
674,Lock php-webdriver constraints for now,0.9628482,Lock php-webdriver constraints for now (#733),add missing @throws to docblocks,1
675,Merge pull request #699 from GrahamCampbell/upgrade,0.47093067,Bump dependencies by @driesvints in link,additionally update to a FQN for an existing @throws line.,0
676,Merge pull request #522 from TomzxForks/fixes/tests-on-windows,0.49237806,Fix assertVueContains and assertVueDoesNotContain (#638),[3.0] Fix waitForRoute(),0
677,Merge pull request #696 from carusogabriel/feature/symfony-5,0.54813194,Allow for Symfony 5 (#696),add better error messages,0
678,Remove Safari from the browsers supporting remote logs,0.6206171,Remove extra Directory Separator from ChromeProcess by @GeoSot in link,fix spelling errors,0
679,fix autoload,0.45521012,Automatically fit content on failures (#704),,0
680,Make assertPathIs match a given pattern to allow for ids in urls,0.5140493,Add alternative tag for element selection by @pataar in link,add custom error message for waitForLink() add custom error message for waitForLocation() pass a custom error message to waitUntil(),0
681,fix waitForRoute method,0.7390718,Add waitForEvent() method by @michaelhue in link,,1
682,Replace array and string helpers,0.45603344,Allow to pass array for select multiple (#904),"pass false as the third parameter of waitForRoute() so it returns only the path info of the route, and not the absolute URL. we are comparing it to window.location.pathname which also only returns the path. also add some tests",0
683,Add assertAttribute method,0.8305093,Add assert attribute methods (#751),Make clickLink() only select visible elements,1
684,add argument,0.63239217,Add assertNotPresent() assertion (#879)Ôªø,,0
685,"KISS - if on Windows, Symphony will throw exception anyway",0.48983225,Allow for Symfony 5 (#696),,0
686,Merge branch 'master' into windows,0.3263917,Add purge console command (#887),,0
687,Merge pull request #757 from crynobone/allow-laravel-8,0.5000663,Adds PHPUnit 10 support  by @crynobone in link,Update the requested facebook/webdriver version to 1.3,0
688,fix ->select()ing random elements (#822),0.95842993,Fix choosing random elements on  (#822),,1
689,Prefer stable dependencies,0.8137181,Prefer stable dependencies (fdb2fd4),Fixed Browser#visit docblock to include Page,1
690,Add @param to getUrl(),0.51646525,Add ProvidesBrowser::getCallerName() (#725),,0
691,Fix assertPresent() with PHP 7.2,0.6335192,Drop PHPUnit 7 by @driesvints in link,,0
692,Update Browser.php,0.67344487,Rename php-webdriver package (#720),,0
693,Throws exception if application is in production,0.7326906,Avoid throwing exception on production (#755),,1
694,Merge pull request #1 from CatoMinor/CatoMinor-patch-1,0.47662467,Adds the missing import for InteractsWithMouse@clickAtXPath (#728),,0
695,Order imports alphabetically,0.34280348,Fix for class imports (#905)Ôªø,Fix tests when running on Windows.,0
696,Check directories before purging files,0.5164693,Refactor redundant purging methods (#886)Ôªø,"As the current logic in ChromeProcess::toProcess is to check if we're on Windows first, and the method not being overridden in ChromeProcessDarwin and ChromeProcessLinux, the onWindows method will true. The fix in this case is simply to override onWindows for both classes so it returns false.",0
697,Drop PHPUnit 7 support,0.8502785,Dropped support for PHP 7.1 (210e03e),,1
698,Merge pull request #684 from mbardelmeijer/feature/scroll-to,0.49757636,Automatically fit content on failures (#704),fix user phpDoc,0
699,Merge branch 'add-dom-selector-hooks' of link into calebporzio-add-dom-selector-hooks,0.49835318,Fix unicode support in appendSlowly method (#907),"Hi, I noticed the following: the phpDoc for the user method claims that the method is supposed to return a Closure. However, on line 32 this method call is itself wrapped in a closure, which means that when Browser::$userResolver is actually called, it will return an instance of Closure instead of a user, and it will not be able to login successfully, throwing an ErrorException: Object of class Closure could not be converted to string. I changed the phpDoc signature for this method, so when someone wants to override it in their project, they won't get confused. The other option of course would be to remove the closure from the setUp method, but I didn't think it prudent to muck around with actual functionality here.",0
700,Merge pull request #728 from hivokas/patch-2,0.4779958,Drop PHPUnit 7 by @driesvints in link,select() excludes disabled options,0
701,Merge pull request #187 from adamthehutt/master,0.4871775,Adds the missing import for InteractsWithMouse@clickAtXPath (#728),Disregard any disabled s when selecting drop down options.,0
702,Fix unclosed parenthesis.,0.5435912,Fix with() and page assertions (#625),[3.0] Improve assertions and tests,0
703,Merge pull request #469 from themsaid/pr/10908,0.4555813,Adds the missing import for InteractsWithMouse@clickAtXPath (#728),,0
704,Merge pull request #731 from browner12/conditionals,0.5060694,Allow passing mixed to assertVue and assertVueIsNot (#853)Ôªø,,0
705,Merge pull request #726 from browner12/patch-1,0.46910468,Adds the missing import for InteractsWithMouse@clickAtXPath (#728),Fix the page stub,0
706,Merge pull request #119 from sileence/extend_browser,0.5175899,"Add ability to store source from browser (#707, 9c90e2a, 1d5bc20)","Hi, I submitted this pull request a couple weeks ago referencing Issue #496, but it seems that it was automatically rejected because I forgot to add a description. So here it is again. The stub as it is now extends Laravel\Dusk\Page instead of the abstract class Tests\Browser\Pages\Page included with a fresh installation of Dusk.  This means that any custom shortcuts defined in Tests\Browser\Pages\Page::siteElements() aren't available to tests. This has already broken one of my tests when I forgot to change the extends for a page.  So I'm submitting a PR changing the extends in this stub. Thanks for looking into this.",0
707,Merge pull request #957 from laravel/6.x,0.45832115,Drop PHPUnit 7 by @driesvints in link,Fix assertPresent() with PHP 7.2,0
708,[2.0] Missing type hinting,0.5005051,Adds typeSlowly & appendSlowly (#748),,0
709,Reload environment to use valid environment variables in tests,0.35299903,"Add new assertion assertAttributeContains() (#931, ab47680)",,0
710,Merge pull request #232 from deleugpn/dependency,0.45734075,Drop PHPUnit 7 by @driesvints in link,,0
711,Merge pull request #725 from crynobone/caller-2,0.4826623,Fix assertVueContains and assertVueDoesNotContain (#638),Customize title assertion error messages,0
712,Add Console tests,0.47635671,Add purge console command (#887),,0
713,Fixing Doc Block,0.4692098,Bump dependencies by @driesvints in link,Customize URL assertion error messages,0
714,Improve detection of latest stable ChromeDriver release,0.95292246,Improve detection of latest stable ChromeDriver release (#677),Customize input value assertion error messages,1
715,Update InteractsWithMouse.php,0.62206125,Fix PHPUnit v10 stubs by @driesvints in link,,0
716,Test against PHP 7.3,0.6428989,Support PHPUnit 8 (788e79c),and update the tests,0
717,Adding fluent syntax for new source assertions,0.6282625,"Add new assertion assertAttributeContains() (#931, ab47680)",,0
718,Update MakesAssertions.php,0.5611595,Support phpdotenv v4 (#699),,0
719,Merge pull request #533 from browner12/wait-for-route,0.51160085,Support waiting for URLs with waitForLocation (#916)Ôªø,,0
720,add ability to store source from browser,0.85871094,"Add ability to store source from browser (#707, 9c90e2a, 1d5bc20)",,1
721,Merge pull request #254 from alexgarrett/type-without-clearing,0.50816417,Allow passing mixed to assertVue and assertVueIsNot (#853)Ôªø,,0
722,dark mode logo,0.44100958,"Allow Dusk route to be configurable (#774, 668289a)",,0
723,add assertion to check if a button is enabled,0.87650514,Add assertion checks if a button is disabled or enabled (#661),this is a convenience method to use routes instead of URLs,1
724,Merge pull request #246 from nrhvyc/master,0.431437,Refactor redundant purging methods (#886)Ôªø,,0
725,Merge pull request #771 from nunomaduro/patch-1,0.5036799,Adds the missing import for InteractsWithMouse@clickAtXPath (#728),,0
726,Merge pull request #470 from staudenmeir/3.0,0.49505568,Drop PHPUnit 7 by @driesvints in link,Add assertion tests,0
727,Merge pull request #506 from browner12/title-messages,0.5207189,Fix assertVueContains and assertVueDoesNotContain (#638),,0
728,upgrade chromedriver versions,0.7378726,Improve detection of latest stable ChromeDriver release (#677),Prevent breaking console and screenshot filenames and restore #472,1
729,Merge pull request #784 from Infamoustrey/break-selector-scope,0.56605786,Support executing closures outside of the current selector scope (#784),,0
730,Fix failing build,0.50238144,"Capture source code on failure (#819, 3c59a5c)",,0
731,Merge pull request #350 from balping/2.0,0.46626157,Automatically fit content on failures (#704),,0
732,"Add type=""button"" to find",0.51813495,"Use selector to double click, and to click and hold by @rodrigopedra in link","Revert ""Prevent screenshot and console filename collisions""",0
733,disabled process timeout,0.5387694,Add waitUntilEnabled and waitUntilDisabled (#918)Ôªø,,0
734,Allow to use --env from command line,0.36032724,"Add graceful handler for SIGINT for .env restoration (#682, f843b8a)",Prevent screenshot and console filename collisions,0
735,assertScript() with tests (#821),0.777364,Add assertScript() (#821),,1
736,Merge pull request #702 from iamgergo/5.0,0.50449294,Adds the missing import for InteractsWithMouse@clickAtXPath (#728),Fix PHPDoc and remove unused imports & parameters,0
737,automatically fit content on failures,0.90900993,Automatically fit content on failures (#704),,1
738,[6.x] Add waitForInput (#960),0.72083765,Add waitUntilEnabled and waitUntilDisabled (#918)Ôªø,,1
739,remove comment,0.643142,Removed,Update chrome binaries,0
740,Apply fixes from StyleCI (#785),0.59808135,Fix unicode support in appendSlowly method (#907),,0
741,Add new assertion assertValueIsNot() (#929),1.0000002,Add new assertion assertValueIsNot() (#929),Add assertQueryStringHas() tests,1
742,Merge pull request #710 from browner12/resolve-order,0.50870955,Fix assertVueContains and assertVueDoesNotContain (#638),,0
743,formatting and changes,0.47860467,Changed,Revert fb67e61 and fix return type,0
744,Merge pull request #638 from driesvints/fix-vue-contains-assertiosn,0.66341704,Fix assertVueContains and assertVueDoesNotContain (#638),Fixes link,0
745,Merge pull request #942 from laravel/fix-assert-value-select,0.691321,Fix assertValue for select elements (#942),Remove Safari from the browsers supporting remote logs,0
746,Merge pull request #709 from browner12/patch-1,0.4632145,Fix assertVueContains and assertVueDoesNotContain (#638),,0
747,Chrome Process refactored,0.63036597,"Implement ChromeDriverCommand (#643, 60339a5, #644) ",,0
748,Add new assertions assertSeeEmptyTextIn() and assertDontSeeEmptyTextIn(),0.79179776,Add assertInputPresent and assertInputMissing assertions (#914),,1
749,Merge pull request #534 from browner12/error-messages,0.5101654,Fix assertVueContains and assertVueDoesNotContain (#638),,0
750,Add docblock for throws,0.5015204,Add hasStartMaximizedEnabled method by @roksprogar in link,,0
751,update stubs,0.726485,Updated,Fixes link,1
752,Add helpful failure message to waitForReload,0.6945785,Add waitUntilEnabled and waitUntilDisabled (#918)Ôªø,,0
753,Simplify ignore,0.44495332,Refactor redundant purging methods (#886)Ôªø,Fix return value,0
754,Apply fixes from StyleCI (#714),0.5925256,Fix unicode support in appendSlowly method (#907),Fixed typo forassertHasQueryStringParametermethod returning $output rather than $this.,0
755,formatting and bug fixes,0.55462694,Automatically fit content on failures (#704),,0
756,Merge pull request #163 from JExperton/master,0.48618168,Fix assertVueContains and assertVueDoesNotContain (#638),[2.0] Add missing import.,0
757,Added query string assertions,0.6824827,Add new assertion assertValueIsNot() (#929),Signed-off-by: Mior Muhammad Zaki crynobone@gmail.com,0
758,Apply fixes from StyleCI,0.5378407,Fix unicode support in appendSlowly method (#907),[2.0] Add Laravel\Dusk\Concerns\ProvidesBrowser,0
759,add helpers for pulling elements,0.5684798,"Revert ""feat: add alternative tag for element selection"" by @driesvints in link","Extract reusable code from Laravel\Dusk\TestCase to make it easily for user to either build standalone browser tests suite to test local or external web application. For my case, I'm using similar class to allow me to run application tests on production environment right after doing server/database maintenance. Signed-off-by: Mior Muhammad Zaki crynobone@gmail.com",0
760,Add assertions for radio selection,0.49144167,Add assertInputPresent and assertInputMissing assertions (#914),Ensure the chrome driver binary can be started,0
761,Update src/Console/InstallCommand.php,0.5803759,Rename php-webdriver package (#720),,0
762,Rename readme.md to README.md,0.36629742,Changed,,0
763,update dusk test case stub,0.5128387,Make DuskCommand compatible with Pest (#913),,0
764,Merge pull request #313 from Janiaje/patch-1,0.4673864,Adds the missing import for InteractsWithMouse@clickAtXPath (#728),,0
765,Merge pull request #340 from calebporzio/add-within-method,0.5371902,Fix assertVueContains and assertVueDoesNotContain (#638),,0
766,add quotes around values on computed selectors,0.6528876,scrollTo: add support for selectors with quotes (#697),,0
767,Additional assertion methods added for plain cookies.,0.718552,Fix for cookie assertions (#778),,1
768,Merge pull request #196 from justinlopez0/patch-1,0.54326826,Bump dependencies by @driesvints in link,Update MakesAssertions add present assert,0
769,Update regular expression base on website changes ,0.9452096,Update regular expression base on website changes (#674),,1
770,Merge pull request #178 from browner12/select-non-strings,0.5229609,Allow passing mixed to assertVue and assertVueIsNot (#853)Ôªø,Add assertion for check is a possible hidden element present in DOM,0
771,Add tests for 'within' alias method,0.51648647,Add assertInputPresent and assertInputMissing assertions (#914),,0
772,Merge pull request #735 from DasRed/5.0,0.43816257,Refactor redundant purging methods (#886)Ôªø,,0
773,Merge pull request #49 from zgabievi/master,0.4116934,Adds the missing import for InteractsWithMouse@clickAtXPath (#728),,0
774,Remove --no-suggest,0.698625,Removed,,0
775,Merge pull request #730 from RaZeR-RBI/add-fixContent-check,0.5410068,Refactor redundant purging methods (#886)Ôªø,,0
776,fix test,0.4789288,Fix with() and page assertions (#625),Improve PHPDoc return types for IDEs,0
777,Add waitForEvent() method (#972),0.7861899,Add waitForEvent() method by @michaelhue in link,,1
778,Merge pull request #406 from gabriel-caruso/composer,0.46727985,Fix assertVueContains and assertVueDoesNotContain (#638),,0
779,Update tests.yml,0.51730686,Updated,,0
780,Use proper PHPUnit assertions,0.5882746,Uses PHP Native Type Declarations üêò  by @nunomaduro in link,,0
781,Add tests for assertDontSeeIn() /  assertSeeIn() (#836),0.7257836,Add assertNotPresent() assertion (#879)Ôªø,[2.0] Missing type hinting,1
782,Fix cookies with falsey values,0.94027746,Fix cookies with falsey values (#617),,1
783,"Revert ""Prevent screenshot and console filename collisions""",0.54502785,Allow saving screenshots in a subdirectory (#662),,0
784,Update HomePage.stub,0.5602962,Updated,,0
785,Prepare for 6.0 release,0.4668817,Update minimum Laravel version (fcb2226),,0
786,add custom error messages,0.5102254,Automatically fit content on failures (#704),,0
787,remove docs,0.6143031,Removed,,0
788,update check,0.7881304,Updated,,1
789,Add stop() to stop the PHPunit process but keep the browser open,0.5696292,Lock php-webdriver constraints for now (#733),,0
790,Merge pull request #239 from deleugpn/selected,0.45883393,Drop PHPUnit 7 by @driesvints in link,,0
791,update chrome binaries,0.6613231,Remove chrome binaries by @driesvints in link,Run the Windows chrome driver for WSL,0
792,Forgot the local variable,0.4158001,Fix for class imports (#905)Ôªø,,0
793,cleaning up formatting and method names,0.51012224,Refactor redundant purging methods (#886)Ôªø,,0
794,Added waitUntilVue and waitUntilVueIsNot,0.7992459,Add waitUntilEnabled and waitUntilDisabled (#918)Ôªø,Replace ProcessBuilder with Process and remove redundant method.,1
795,Disable xdebug,0.44715342,Removed,Signed-off-by: Mior Muhammad Zaki crynobone@gmail.com,0
796,Updated dependencies in composer.json,0.5079734,Bump dependencies by @driesvints in link,,0
797,Merge pull request #508 from browner12/input-value-messages,0.52569544,Allow passing mixed to assertVue and assertVueIsNot (#853)Ôªø,,0
798,Add more information to exception,0.6336138,Add assertInputPresent and assertInputMissing assertions (#914),,0
799,Remove Laravel 8 dependencies,0.74748886,Drop Laravel v6 & v7 support by @driesvints in link,clickLink empowered to click on elements beyond ,1
800,Make clickLink() only select visible elements,0.70944035,"Use selector to double click, and to click and hold by @rodrigopedra in link",clickLink empowered to click on elements beyond ,1
801,Add assertIndeterminate assertion for checkbox. (#986),0.85974884,Add assertIndeterminate assertion for checkbox. by @crynobone in link,Enables clickLink to support clicking on text-containing 'link-like' elements that do not have an anchor tag (likely because of Javascript usage).,1
802,Merge pull request #113 from sileence/assert_route_is,0.5149659,Allow passing mixed to assertVue and assertVueIsNot (#853)Ôªø,Test against PHP 7.2,0
803,Update src/Console/ChromeDriverCommand.php,0.5873488,Rename php-webdriver package (#720),,0
804,Fix with() and page assertions,0.9380735,Fix with() and page assertions (#625),[2.0] Updated dev dependencies in composer.json,1
805,"Revert ""PHP 8 Support (#831)""",0.69844264,PHP 8 Support (#833)  Ôªø,,0
806,Use same method visibilities as parent,0.4727852,Add scrollTo method (#684),,0
807,add new mouse actions,0.48899224,"Add clickAtXPath (#723, effe73d)",Add $ to match the end of a line,0
808,extend base .env values instead of redefining in .env.dusk.local,0.40876383,"Add graceful handler for SIGINT for .env restoration (#682, f843b8a)","Without the dollar sign, matching the /foo path will assert true for both /f and /foo Related issue: link",0
809,Update 1_Bug_report.yml,0.47534657,Updated,Update chrome binaries to 2.33,0
810,Merge pull request #23 from drawmyattention/fix-cookies,0.5996365,Fix cookies with falsey values (#617),,0
811,allow saving screenshots in a subdirectory,0.93098605,Allow saving screenshots in a subdirectory (#662),,1
812,add missing change for v6.8.0,0.47722113,Allow dotenv 5.0 to be installed (#803),,0
813,Merge branch 'windows' of link into spyric-windows,0.34067237,Adds the missing import for InteractsWithMouse@clickAtXPath (#728),,0
814,Apply fixes from StyleCI (#752),0.59014404,Fix unicode support in appendSlowly method (#907),Add helpful failure message to waitForReload,0
815,Create update-changelog.yml,0.5690425,Updated,,0
816,tweak method,0.5367967,Updated,,0
817,[dev-master] Allow to install Laravel 7.,0.7217047,Support Laravel 8 (#800),,1
818,[5.x] Avoid throwing exception on production.,0.8156258,Avoid throwing exception on production (#755),,1
819,add method to stub,0.5586277,Add assertInputPresent and assertInputMissing assertions (#914),,0
820,Merge branch 'u01jmg3/6.x' into 6.x,0.3974262,Bumped minimum Symfony dependencies to 4.3 (1ee28e1),,0
821,Allow to click and wait [N] seconds for reload (#998),0.7658709,Allow to click and wait [N] seconds for reload by @fabio-ivona in link,,1
822,Update changelog,0.6973742,Updated,,0
823,Upgrade guide for 7.x (#994),0.55855906,Updated,,0
824,Add missing tests for 6 additional existing assertions (#839),0.6715559,Add assertNotPresent() assertion (#879)Ôªø,,0
825,Merge pull request #382 from calebporzio/2.0,0.52979636,Fix assertVueContains and assertVueDoesNotContain (#638),,0
826,Add CookieValuePrefix detection for encrypted cookies in InteractsWithCookie (#804),0.9505724,Add CookieValuePrefix detection for encrypted cookies (#804),Upgraded ChromeDriver to 2.32,1
827,Drop support for Laravel 5.8,0.89813423,"Dropped support for Laravel 5.7 & 5.8 (98af698, e0c173a)",,1
828,Add test for failure exception,0.50930136,"throw an error if assertValue() is used with an element that does not support the value attribute (#936, 334c49f)","Revert ""extend base .env values instead of redefining in .env.dusk.local""",0
829,Merge pull request #229 from deleugpn/security-measure,0.40746987,Bumped minimum Symfony dependencies to 4.3 (1ee28e1),,0
830,Remove fqn for Closure,0.47426933,Support executing closures outside of the current selector scope (#784),,0
831,"Add $browser, $driver, $resolver and $page to tinker context.",0.5228034,Add Browser::elsewhereWhenAvailable() (#846)Ôªø,,0
832,Merge pull request #290 from browner12/patch-1,0.45005372,Adds the missing import for InteractsWithMouse@clickAtXPath (#728),extend base .env values instead of redefining in .env.dusk.local,0
833,cast both operands to string,0.43755963,Cast boolean values to appropriate string (#713),,0
834,allow custom dusk selector,0.77685577,Allow custom dusk selector by @taylorotwell in link,,1
835,do not nest conditionals,0.46491644,Avoid throwing exception on production (#755),,0
836,Delete MakesAssertions.php,0.58948636,Avoid deprecation messages on PHPUnit 8 (#620),Fix broken console log tests,0
837,Merge pull request #11 from vinkla/patch-1,0.46529424,Adds the missing import for InteractsWithMouse@clickAtXPath (#728),,0
838,cleanup readme example,0.5035218,Refactor redundant purging methods (#886)Ôªø,,0
839,"Fix ""pest"" option does not exist on dusk:fails command (#921)",0.9999999,"Fix ""pest"" option does not exist on dusk:fails command (#921)Ôªø",,1
840,Merge pull request #932 from laravel/php81,0.62810457,Drop PHPUnit v8 by @driesvints in link,,0
841,Correct docblock spacing,0.43714732,Fit content to  instead of  (#726),Handle case where GET_LOG is not supported,0
842,Fix overriding original backup upon previous failure,0.36200348,Fix storing page source to disk when source assertions fail. by @calmdev in link,,0
843,Merge pull request #5 from JayBizzle/patch-2,0.4976886,Bump dependencies by @driesvints in link,,0
844,Reverse order of parameters in vueAttribute() to match attribute(),0.48056388,"Revert ""feat: add alternative tag for element selection"" by @driesvints in link",,0
845,Update the requested facebook/webdriver version to 1.3,0.817251,Add latest version of Facebook Webdriver (#654),,1
846,Added 'move' to Browser to allow multiple browser windows to be placed on the screen in a particular order,0.53438103,Add option to fullsize the browser (#655),Let Firefox users disable console,0
847,Add tinker method to pause execution of test and be dropped in a tinker shell,0.4511136,Add waitUntilEnabled and waitUntilDisabled (#918)Ôªø,,0
848,add withinFrame,0.535884,Add assert attribute methods (#751),,0
849,Fix assertQueryStringHas method when the query parameters contain an array.,0.61228156,Fix assertVueContains and assertVueDoesNotContain (#638),,0
850,allow to run dusk:install as upgrade,0.6063558,Add proxy support to the dusk:install command (#659),,0
851,Fix return value,0.5141305,Fix assertValue for select elements (#942),,0
852,[2.0] Add Laravel\Dusk\Concerns\ProvidesBrowser,0.74151456,Support Laravel 5.8 (5b2e9aa),,1
853,Merge pull request #244 from deleugpn/phpunit-invoker,0.6575841,Drop PHPUnit 7 by @driesvints in link,,0
854,refactored query string assertions.,0.56518763,Add assertNotPresent() assertion (#879)Ôªø,,0
855,Closes #765 - support scrolling an element into view,0.9332412,Support scrolling an element into view (#766),Add missing cookie assertion,1
856,Merge pull request #527 from Webparking/3.0,0.5184345,Remove php-webdriver constraints (#737),,0
857,Add missing resolveToDialog method and rename calls,0.65344214,Fix assertVueContains and assertVueDoesNotContain (#638),,0
858,feat: add alternative tag for element selection (#1012),0.79176515,"Revert ""feat: add alternative tag for element selection"" by @driesvints in link",,1
859,Do not resize to zero (#858),1.0,Do not resize to zero (#858),,1
860,Add methods for JavaScript dialog testing,0.48416597,Add assertIndeterminate assertion for checkbox. by @crynobone in link,Fix error when using double quotes in selector‚Ä¶,0
861,Merge branch 'master' into multi-checkbox-support,0.3652383,Refactor redundant purging methods (#886)Ôªø,Make assertPathIs match a given pattern to allow for ids in urls,0
862,Dusk config,0.6893598,"Allow Dusk route to be configurable (#774, 668289a)",,0
863,Add source directory creation on install (#915),1.0,Add source directory creation on install (#915)Ôªø,,1
864,Merge pull request #344 from calebporzio/make-assert-path-is-match-pattern,0.5004744,Automatically fit content on failures (#704),,0
865,Align docblocks with recent update to docs,0.43145445,Bump dependencies by @driesvints in link,Add 'within' method as alias for 'with' method,0
866,Merge pull request #806 from balu-lt/patch-1,0.45982024,Bump dependencies by @driesvints in link,,0
867,[6.x] Add support for Mac ARM64 architecture (#876),0.97618663,Add support for Mac ARM64 architecture (#876)Ôªø,,1
868,Update UPGRADE.md,0.77652764,Updated,Use namespace when including PHPUnit,1
869,Merge pull request #453 from nesk/disable-safari-logs,0.45721966,Remove extra Directory Separator from ChromeProcess by @GeoSot in link,,0
870,Update branch-alias,0.4725508,Updated,,0
871,Merge pull request #323 from dbpolito/chromedriver-2-31,0.52830005,Adds the missing import for InteractsWithMouse@clickAtXPath (#728),ChromeDriver 2.31,0
872,Merge pull request #140 from browner12/select-random,0.48803085,Fix choosing random elements on  (#822),,0
873,Exclude tests,0.44350123,Removed,,0
874,Merge pull request #420 from CatoMinor/2.0,0.45984143,Adds the missing import for InteractsWithMouse@clickAtXPath (#728),"Add type=""button"" to find",0
875,Merge branch '2.0' into add-global-wait-time,0.39423305,Add waitUntilEnabled and waitUntilDisabled (#918)Ôªø,It did not find the buttons with HTML like.,0
876,Split Arguments for PHPUnit and merged with defaults,0.5513059,Drop PHPUnit 7 by @driesvints in link,,0
877,Merge pull request #734 from DasRed/master,0.45107946,Refactor redundant purging methods (#886)Ôªø,,0
878,clean,0.43944865,Refactor redundant purging methods (#886)Ôªø,Stop supporting PHP 5.6 on Dusk 2.0,0
879,Merge pull request #397 from Shonetow/patch-1,0.48947746,Drop PHPUnit 7 by @driesvints in link,"Due to the partial dependencies on Laravel 5.5, Dusk should also stop supporting PHP 5.6 on 2.0 release.",0
880,Assert Page after resolving elements,0.7080041,Fix with() and page assertions (#625),,1
881,fix variable,0.55641186,Fix assertVueContains and assertVueDoesNotContain (#638),,0
882,Merge pull request #33 from trideout/master,0.50109357,Adds the missing import for InteractsWithMouse@clickAtXPath (#728),,0
883,Use custom DISPLAY variable when set on Linux,0.8816679,"Use custom DISPLAY variable when set on Linux (#613, 2480495)",,1
884,[6.x] Update the badges to use shields.io,0.45371467,Updated,,0
885,Support for contextClick (AKA right click) actions,0.60786426,"Use selector to double click, and to click and hold by @rodrigopedra in link",support auto-discovery coming in Laravel 5.5,0
886,Merge pull request #582 from derekmd/fix-waitfor-timeout-sprintf-error,0.5127045,Add waitUntilEnabled and waitUntilDisabled (#918)Ôªø,,0
887,Add the ability to use a custom Chrome driver file,0.69287163,Add Chrome driver auto detection (#816)Ôªø,,0
888,Fix a big with asserting multiple selected options,0.44382936,Fix assertValue for select elements (#942),Fix an invalid property name for the Chromedriver's path,0
889,Add url method to stub,0.57882226,Fix PHPUnit v10 stubs by @driesvints in link,,0
890,Merge pull request #155 from bbashy/patch-1,0.4724514,Bump dependencies by @driesvints in link,Assert Page after resolving elements,0
891,Merge pull request #943 from laravel/driesvints-patch-1,0.556376,Bump dependencies by @driesvints in link,,0
892,Add ChromeDriver command,0.80204517,"Implement ChromeDriverCommand (#643, 60339a5, #644) ",Fix waitForReload() method,1
893,Fix assertion problem,0.673004,Add assertNotPresent() assertion (#879)Ôªø,,0
894,Merge branch '3.0' of link into staudenmeir-3.0,0.4837561,Bumped minimum Symfony dependencies to 4.3 (1ee28e1),Update access level for TestCase::setUp(),0
895,[7.x] Drop old PHP and Laravel versions (#993),0.8681587,Drop old PHP and Laravel versions by @driesvints in link,"The access level for setUp in phpunit is protected. Setup builds fixture before tests are conducted, it should NOT be visible to outside classes.",1
896,Test on PHP 7.4,0.6156427,Dropped support for PHP 7.1 (210e03e),Add tinker method to pause and open Laravel Tinker,0
897,Ensure findOrFail gives preference to id selectors,0.5437707,Fix assertValue for select elements (#942),Define connection and request timeouts on RemoteWebDriver creation,0
898,Add meaningful messages when waiting for elements fails,0.673751,"Add ""waitUntilMissingText"" (#706)",,0
899,Merge pull request #342 from calebporzio/fix-javascript-error,0.5643579,Fix assertVueContains and assertVueDoesNotContain (#638),,0
900,Merge pull request #227 from deleugpn/PHPUnit-6,0.4864035,Drop PHPUnit 7 by @driesvints in link,,0
901,Merge pull request #706 from SjorsO/5.0,0.5004011,Add clickAndWaitForReload by @SjorsO in link,,0
902,Merge pull request #457 from staudenmeir/3.0,0.48417264,Drop PHPUnit 7 by @driesvints in link,,0
903,update jquery file,0.8505495,Update jQuery file (#721),,1
904,automatically capture source code on failure,0.80348647,"Capture source code on failure (#819, 3c59a5c)",,1
905,adjust formatting,0.47685915,Fit content to  instead of  (#726),Added new interaction to type without clearing,0
906,Add consistent parameters spacing in DocBlock,0.43302995,Fit content to  instead of  (#726),,0
907,remove non-existing class,0.5036814,Removed,,0
908,Merge pull request #520 from avrahamappel/patch-1,0.5094938,Allow passing mixed to assertVue and assertVueIsNot (#853)Ôªø,added assertPathBeginsWith assertion,0
909,syntax highlighting?,0.4462077,scrollTo: add support for selectors with quotes (#697),,0
910,Merge branch 'console' of link into themsaid-console,0.39331448,Add purge console command (#887),[1.0.15] Invoke php script from phpunit folder directly,0
911,Fix test for jquery,0.49886668,Fix assertValue for select elements (#942),,0
912,[6.x] Add Dusk command argument --browse (#870),0.95154446,Add Dusk command argument --browse (#870),"Revert ""Adds back PHP_BINARY to phpunit process""",1
